![Initial Stage] test mode: False
Initializing the training/testing slide matrices..., train slides: 10, test slides: 7, time: 0:00:00.882641
On-standby: g_Pool-0_ballooning_pct_lbl_bi algorithm, Network: GatedAttPool, train on -> cuda
automatically find CSV file: P62_ballooning_pct_lbl_bi.csv
![Training Stage]
In training...epoch [1/200], batch_loss-> 0.6744, train acc-> 0.6000, time: 0:00:09.6 sec
>>> In testing...>>> on attpool -> test acc: 0.5417, test auc: 0.5833
In training...epoch [2/200], batch_loss-> 0.6824, train acc-> 0.7000, time: 0:00:07.6 sec
>>> In testing...>>> on attpool -> test acc: 0.5000, test auc: 0.8333
In training...epoch [3/200], batch_loss-> 0.6721, train acc-> 0.7000, time: 0:00:07.7 sec
>>> In testing...>>> on attpool -> test acc: 0.7083, test auc: 0.6667
In training...epoch [4/200], batch_loss-> 0.6697, train acc-> 0.6000, time: 0:00:07.8 sec
>>> In testing...>>> on attpool -> test acc: 0.5833, test auc: 0.7500
In training...epoch [5/200], batch_loss-> 0.6596, train acc-> 0.7000, time: 0:00:08.1 sec
>>> In testing...>>> on attpool -> test acc: 0.8333, test auc: 0.8333
In training...epoch [6/200], batch_loss-> 0.6642, train acc-> 0.8000, time: 0:00:08.0 sec
>>> In testing...>>> on attpool -> test acc: 0.5000, test auc: 0.9167
In training...epoch [7/200], batch_loss-> 0.6664, train acc-> 0.7000, time: 0:00:08.0 sec
>>> In testing...>>> on attpool -> test acc: 0.5000, test auc: 0.8333
In training...epoch [8/200], batch_loss-> 0.6732, train acc-> 0.7000, time: 0:00:08.8 sec
>>> In testing...>>> on attpool -> test acc: 0.5000, test auc: 0.8333
In training...epoch [9/200], batch_loss-> 0.6522, train acc-> 0.7000, time: 0:00:08.6 sec
>>> In testing...>>> on attpool -> test acc: 0.5000, test auc: 0.8333
In training...epoch [10/200], batch_loss-> 0.6415, train acc-> 0.7000, time: 0:00:08.8 sec
>>> In testing...>>> on attpool -> test acc: 0.5000, test auc: 0.8333
In training...epoch [11/200], batch_loss-> 0.6514, train acc-> 0.5000, time: 0:00:08.8 sec
>>> In testing...>>> on attpool -> test acc: 0.5000, test auc: 0.8333
In training...epoch [12/200], batch_loss-> 0.6584, train acc-> 0.6000, time: 0:00:09.0 sec
>>> In testing...>>> on attpool -> test acc: 0.5000, test auc: 0.8333
In training...epoch [13/200], batch_loss-> 0.6556, train acc-> 0.6000, time: 0:00:09.9 sec
>>> In testing...>>> on attpool -> test acc: 0.5000, test auc: 0.8333
In training...epoch [14/200], batch_loss-> 0.6684, train acc-> 0.6000, time: 0:00:09.6 sec
>>> In testing...>>> on attpool -> test acc: 0.5000, test auc: 0.8333
In training...epoch [15/200], batch_loss-> 0.6206, train acc-> 0.6000, time: 0:00:09.7 sec
>>> In testing...>>> on attpool -> test acc: 0.5000, test auc: 0.8333
In training...epoch [16/200], batch_loss-> 0.6586, train acc-> 0.6000, time: 0:00:09.6 sec
>>> In testing...>>> on attpool -> test acc: 0.5000, test auc: 0.8333
In training...epoch [17/200], batch_loss-> 0.6895, train acc-> 0.6000, time: 0:00:09.3 sec
>>> In testing...>>> on attpool -> test acc: 0.5000, test auc: 0.8333
In training...epoch [18/200], batch_loss-> 0.6425, train acc-> 0.6000, time: 0:00:09.2 sec
>>> In testing...>>> on attpool -> test acc: 0.5000, test auc: 0.8333
In training...epoch [19/200], batch_loss-> 0.6741, train acc-> 0.6000, time: 0:00:11.2 sec
>>> In testing...>>> on attpool -> test acc: 0.5000, test auc: 0.8333
In training...epoch [20/200], batch_loss-> 0.6573, train acc-> 0.6000, time: 0:00:10.2 sec
>>> In testing...>>> on attpool -> test acc: 0.5000, test auc: 0.8333
In training...epoch [21/200], batch_loss-> 0.6378, train acc-> 0.6000, time: 0:00:08.8 sec
>>> In testing...>>> on attpool -> test acc: 0.5000, test auc: 0.8333
In training...epoch [22/200], batch_loss-> 0.6324, train acc-> 0.7000, time: 0:00:08.7 sec
>>> In testing...>>> on attpool -> test acc: 0.5000, test auc: 0.8333
In training...epoch [23/200], batch_loss-> 0.6429, train acc-> 0.6000, time: 0:00:09.3 sec
>>> In testing...>>> on attpool -> test acc: 0.5000, test auc: 0.8333
In training...epoch [24/200], batch_loss-> 0.6148, train acc-> 0.6000, time: 0:00:09.8 sec
>>> In testing...>>> on attpool -> test acc: 0.5000, test auc: 0.8333
In training...epoch [25/200], batch_loss-> 0.6584, train acc-> 0.6000, time: 0:00:09.6 sec
>>> In testing...>>> on attpool -> test acc: 0.5000, test auc: 0.8333
In training...epoch [26/200], batch_loss-> 0.6470, train acc-> 0.6000, time: 0:00:09.7 sec
>>> In testing...>>> on attpool -> test acc: 0.5000, test auc: 0.8333
In training...epoch [27/200], batch_loss-> 0.6294, train acc-> 0.6000, time: 0:00:09.4 sec
>>> In testing...>>> on attpool -> test acc: 0.5000, test auc: 0.8333
In training...epoch [28/200], batch_loss-> 0.6606, train acc-> 0.6000, time: 0:00:09.6 sec
>>> In testing...>>> on attpool -> test acc: 0.5000, test auc: 0.8333
In training...epoch [29/200], batch_loss-> 0.6590, train acc-> 0.6000, time: 0:00:09.6 sec
>>> In testing...>>> on attpool -> test acc: 0.5000, test auc: 0.8333
In training...epoch [30/200], batch_loss-> 0.5963, train acc-> 0.6000, time: 0:00:09.5 sec
>>> In testing...>>> on attpool -> test acc: 0.5000, test auc: 0.8333
In training...epoch [31/200], batch_loss-> 0.6036, train acc-> 0.6000, time: 0:00:09.5 sec
>>> In testing...>>> on attpool -> test acc: 0.5000, test auc: 0.8333
In training...epoch [32/200], batch_loss-> 0.6332, train acc-> 0.6000, time: 0:00:10.1 sec
>>> In testing...>>> on attpool -> test acc: 0.5000, test auc: 0.8333
In training...epoch [33/200], batch_loss-> 0.7011, train acc-> 0.6000, time: 0:00:10.0 sec
>>> In testing...>>> on attpool -> test acc: 0.5000, test auc: 0.8333
In training...epoch [34/200], batch_loss-> 0.6025, train acc-> 0.7000, time: 0:00:09.8 sec
>>> In testing...>>> on attpool -> test acc: 0.5000, test auc: 0.8333
In training...epoch [35/200], batch_loss-> 0.5947, train acc-> 0.6000, time: 0:00:09.7 sec
>>> In testing...>>> on attpool -> test acc: 0.5000, test auc: 0.8333
In training...epoch [36/200], batch_loss-> 0.6354, train acc-> 0.6000, time: 0:00:09.8 sec
>>> In testing...>>> on attpool -> test acc: 0.5000, test auc: 0.8333
In training...epoch [37/200], batch_loss-> 0.6978, train acc-> 0.6000, time: 0:00:09.4 sec
>>> In testing...>>> on attpool -> test acc: 0.5000, test auc: 0.8333
In training...epoch [38/200], batch_loss-> 0.6355, train acc-> 0.6000, time: 0:00:09.5 sec
>>> In testing...>>> on attpool -> test acc: 0.5000, test auc: 0.8333
In training...epoch [39/200], batch_loss-> 0.6591, train acc-> 0.6000, time: 0:00:09.6 sec
>>> In testing...>>> on attpool -> test acc: 0.5000, test auc: 0.8333
In training...epoch [40/200], batch_loss-> 0.5941, train acc-> 0.6000, time: 0:00:09.2 sec
>>> In testing...>>> on attpool -> test acc: 0.5000, test auc: 0.8333
In training...epoch [41/200], batch_loss-> 0.6077, train acc-> 0.6000, time: 0:00:09.6 sec
>>> In testing...>>> on attpool -> test acc: 0.5000, test auc: 0.8333
In training...epoch [42/200], batch_loss-> 0.6412, train acc-> 0.6000, time: 0:00:09.9 sec
>>> In testing...>>> on attpool -> test acc: 0.5000, test auc: 0.8333
In training...epoch [43/200], batch_loss-> 0.6018, train acc-> 0.6000, time: 0:00:09.6 sec
>>> In testing...>>> on attpool -> test acc: 0.5000, test auc: 0.8333
In training...epoch [44/200], batch_loss-> 0.6534, train acc-> 0.6000, time: 0:00:09.3 sec
>>> In testing...>>> on attpool -> test acc: 0.5000, test auc: 0.8333
In training...epoch [45/200], batch_loss-> 0.6135, train acc-> 0.6000, time: 0:00:09.7 sec
>>> In testing...>>> on attpool -> test acc: 0.5000, test auc: 0.8333
In training...epoch [46/200], batch_loss-> 0.5801, train acc-> 0.7000, time: 0:00:09.5 sec
>>> In testing...>>> on attpool -> test acc: 0.5000, test auc: 0.8333
In training...epoch [47/200], batch_loss-> 0.6167, train acc-> 0.6000, time: 0:00:09.7 sec
>>> In testing...>>> on attpool -> test acc: 0.5000, test auc: 0.8333
In training...epoch [48/200], batch_loss-> 0.5765, train acc-> 0.7000, time: 0:00:09.4 sec
>>> In testing...>>> on attpool -> test acc: 0.5000, test auc: 0.8333
In training...epoch [49/200], batch_loss-> 0.6404, train acc-> 0.6000, time: 0:00:09.5 sec
>>> In testing...>>> on attpool -> test acc: 0.5000, test auc: 0.8333
In training...epoch [50/200], batch_loss-> 0.6157, train acc-> 0.6000, time: 0:00:10.0 sec
>>> In testing...>>> on attpool -> test acc: 0.5000, test auc: 0.8333
In training...epoch [51/200], batch_loss-> 0.5717, train acc-> 0.6000, time: 0:00:09.3 sec
>>> In testing...>>> on attpool -> test acc: 0.5000, test auc: 0.8333
In training...epoch [52/200], batch_loss-> 0.5834, train acc-> 0.6000, time: 0:00:09.5 sec
>>> In testing...>>> on attpool -> test acc: 0.5000, test auc: 0.8333
In training...epoch [53/200], batch_loss-> 0.5684, train acc-> 0.6000, time: 0:00:09.9 sec
>>> In testing...>>> on attpool -> test acc: 0.5000, test auc: 0.8333
In training...epoch [54/200], batch_loss-> 0.6466, train acc-> 0.6000, time: 0:00:09.5 sec
>>> In testing...>>> on attpool -> test acc: 0.5000, test auc: 0.8333
In training...epoch [55/200], batch_loss-> 0.6237, train acc-> 0.6000, time: 0:00:09.7 sec
>>> In testing...>>> on attpool -> test acc: 0.5000, test auc: 0.8333
In training...epoch [56/200], batch_loss-> 0.5889, train acc-> 0.6000, time: 0:00:09.6 sec
>>> In testing...>>> on attpool -> test acc: 0.5000, test auc: 0.8333
In training...epoch [57/200], batch_loss-> 0.5665, train acc-> 0.7000, time: 0:00:09.4 sec
>>> In testing...>>> on attpool -> test acc: 0.5000, test auc: 0.8333
In training...epoch [58/200], batch_loss-> 0.6110, train acc-> 0.6000, time: 0:00:09.6 sec
>>> In testing...>>> on attpool -> test acc: 0.5000, test auc: 0.8333
In training...epoch [59/200], batch_loss-> 0.6507, train acc-> 0.6000, time: 0:00:09.9 sec
>>> In testing...>>> on attpool -> test acc: 0.5000, test auc: 0.8333
In training...epoch [60/200], batch_loss-> 0.6904, train acc-> 0.6000, time: 0:00:09.5 sec
>>> In testing...>>> on attpool -> test acc: 0.5000, test auc: 0.8333
In training...epoch [61/200], batch_loss-> 0.5583, train acc-> 0.6000, time: 0:00:09.3 sec
>>> In testing...>>> on attpool -> test acc: 0.5000, test auc: 0.8333
In training...epoch [62/200], batch_loss-> 0.5953, train acc-> 0.6000, time: 0:00:09.2 sec
>>> In testing...>>> on attpool -> test acc: 0.5000, test auc: 0.8333
In training...epoch [63/200], batch_loss-> 0.6228, train acc-> 0.6000, time: 0:00:09.5 sec
>>> In testing...>>> on attpool -> test acc: 0.6667, test auc: 0.9167
In training...epoch [64/200], batch_loss-> 0.5893, train acc-> 0.6000, time: 0:00:09.8 sec
>>> In testing...>>> on attpool -> test acc: 0.6667, test auc: 0.9167
In training...epoch [65/200], batch_loss-> 0.6010, train acc-> 0.7000, time: 0:00:09.5 sec
>>> In testing...>>> on attpool -> test acc: 0.5000, test auc: 0.9167
In training...epoch [66/200], batch_loss-> 0.6020, train acc-> 0.7000, time: 0:00:09.4 sec
>>> In testing...>>> on attpool -> test acc: 0.6667, test auc: 0.9167
In training...epoch [67/200], batch_loss-> 0.6067, train acc-> 0.7000, time: 0:00:09.5 sec
>>> In testing...>>> on attpool -> test acc: 0.6667, test auc: 0.9167
In training...epoch [68/200], batch_loss-> 0.6377, train acc-> 0.6000, time: 0:00:09.6 sec
>>> In testing...>>> on attpool -> test acc: 0.6667, test auc: 0.9167
In training...epoch [69/200], batch_loss-> 0.6079, train acc-> 0.6000, time: 0:00:09.3 sec
>>> In testing...>>> on attpool -> test acc: 0.7083, test auc: 0.9167
In training...epoch [70/200], batch_loss-> 0.6001, train acc-> 0.7000, time: 0:00:09.4 sec
>>> In testing...>>> on attpool -> test acc: 0.7083, test auc: 0.9167
In training...epoch [71/200], batch_loss-> 0.6587, train acc-> 0.6000, time: 0:00:09.4 sec
>>> In testing...>>> on attpool -> test acc: 0.7083, test auc: 0.9167
In training...epoch [72/200], batch_loss-> 0.5678, train acc-> 0.6000, time: 0:00:09.2 sec
>>> In testing...>>> on attpool -> test acc: 0.7083, test auc: 0.9167
In training...epoch [73/200], batch_loss-> 0.6136, train acc-> 0.7000, time: 0:00:09.3 sec
>>> In testing...>>> on attpool -> test acc: 0.7083, test auc: 0.9167
In training...epoch [74/200], batch_loss-> 0.5684, train acc-> 0.7000, time: 0:00:09.6 sec
>>> In testing...>>> on attpool -> test acc: 0.7083, test auc: 0.9167
In training...epoch [75/200], batch_loss-> 0.5790, train acc-> 0.7000, time: 0:00:09.3 sec
>>> In testing...>>> on attpool -> test acc: 0.7083, test auc: 0.9167
In training...epoch [76/200], batch_loss-> 0.5995, train acc-> 0.7000, time: 0:00:09.9 sec
>>> In testing...>>> on attpool -> test acc: 0.7083, test auc: 0.9167
In training...epoch [77/200], batch_loss-> 0.6258, train acc-> 0.7000, time: 0:00:09.5 sec
>>> In testing...>>> on attpool -> test acc: 0.7083, test auc: 0.9167
In training...epoch [78/200], batch_loss-> 0.5687, train acc-> 0.7000, time: 0:00:09.2 sec
>>> In testing...>>> on attpool -> test acc: 0.7083, test auc: 0.9167
In training...epoch [79/200], batch_loss-> 0.5831, train acc-> 0.7000, time: 0:00:09.5 sec
>>> In testing...>>> on attpool -> test acc: 0.7083, test auc: 0.9167
In training...epoch [80/200], batch_loss-> 0.5810, train acc-> 0.7000, time: 0:00:09.3 sec
>>> In testing...>>> on attpool -> test acc: 0.7083, test auc: 0.9167
In training...epoch [81/200], batch_loss-> 0.5644, train acc-> 0.8000, time: 0:00:09.7 sec
>>> In testing...>>> on attpool -> test acc: 0.7083, test auc: 0.9167
In training...epoch [82/200], batch_loss-> 0.5304, train acc-> 0.8000, time: 0:00:09.3 sec
>>> In testing...>>> on attpool -> test acc: 0.7083, test auc: 0.9167
In training...epoch [83/200], batch_loss-> 0.6160, train acc-> 0.5000, time: 0:00:09.5 sec
>>> In testing...>>> on attpool -> test acc: 0.7083, test auc: 0.9167
In training...epoch [84/200], batch_loss-> 0.6262, train acc-> 0.7000, time: 0:00:09.5 sec
>>> In testing...>>> on attpool -> test acc: 0.7083, test auc: 0.9167
In training...epoch [85/200], batch_loss-> 0.5864, train acc-> 0.7000, time: 0:00:09.7 sec
>>> In testing...>>> on attpool -> test acc: 0.7083, test auc: 0.9167
In training...epoch [86/200], batch_loss-> 0.6089, train acc-> 0.7000, time: 0:00:09.3 sec
>>> In testing...>>> on attpool -> test acc: 0.7083, test auc: 0.9167
In training...epoch [87/200], batch_loss-> 0.6339, train acc-> 0.7000, time: 0:00:09.4 sec
>>> In testing...>>> on attpool -> test acc: 0.7083, test auc: 0.9167
In training...epoch [88/200], batch_loss-> 0.5490, train acc-> 0.7000, time: 0:00:09.3 sec
>>> In testing...>>> on attpool -> test acc: 0.7083, test auc: 0.8333
In training...epoch [89/200], batch_loss-> 0.6137, train acc-> 0.6000, time: 0:00:09.4 sec
>>> In testing...>>> on attpool -> test acc: 0.7083, test auc: 0.8333
In training...epoch [90/200], batch_loss-> 0.5837, train acc-> 0.6000, time: 0:00:09.3 sec
>>> In testing...>>> on attpool -> test acc: 0.5833, test auc: 0.8333
In training...epoch [91/200], batch_loss-> 0.5798, train acc-> 0.8000, time: 0:00:09.6 sec
>>> In testing...>>> on attpool -> test acc: 0.5833, test auc: 0.8333
In training...epoch [92/200], batch_loss-> 0.6038, train acc-> 0.8000, time: 0:00:09.5 sec
>>> In testing...>>> on attpool -> test acc: 0.7083, test auc: 0.8333
In training...epoch [93/200], batch_loss-> 0.5749, train acc-> 0.7000, time: 0:00:09.1 sec
>>> In testing...>>> on attpool -> test acc: 0.5833, test auc: 0.7500
In training...epoch [94/200], batch_loss-> 0.5175, train acc-> 0.9000, time: 0:00:09.8 sec
>>> In testing...>>> on attpool -> test acc: 0.5833, test auc: 0.8333
In training...epoch [95/200], batch_loss-> 0.5773, train acc-> 0.8000, time: 0:00:09.6 sec
>>> In testing...>>> on attpool -> test acc: 0.7083, test auc: 0.8333
In training...epoch [96/200], batch_loss-> 0.6291, train acc-> 0.6000, time: 0:00:09.6 sec
>>> In testing...>>> on attpool -> test acc: 0.7083, test auc: 0.8333
In training...epoch [97/200], batch_loss-> 0.5276, train acc-> 0.9000, time: 0:00:09.8 sec
>>> In testing...>>> on attpool -> test acc: 0.7083, test auc: 0.8333
In training...epoch [98/200], batch_loss-> 0.5908, train acc-> 0.8000, time: 0:00:09.5 sec
>>> In testing...>>> on attpool -> test acc: 0.7083, test auc: 0.8333
In training...epoch [99/200], batch_loss-> 0.5796, train acc-> 0.8000, time: 0:00:09.3 sec
>>> In testing...>>> on attpool -> test acc: 0.7083, test auc: 0.8333
In training...epoch [100/200], batch_loss-> 0.6022, train acc-> 0.7000, time: 0:00:09.8 sec
>>> In testing...>>> on attpool -> test acc: 0.7083, test auc: 0.8333
In training...epoch [101/200], batch_loss-> 0.6105, train acc-> 0.6000, time: 0:00:09.7 sec
>>> In testing...>>> on attpool -> test acc: 0.5833, test auc: 0.8333
In training...epoch [102/200], batch_loss-> 0.5305, train acc-> 1.0000, time: 0:00:09.8 sec
>>> In testing...>>> on attpool -> test acc: 0.5833, test auc: 0.7500
In training...epoch [103/200], batch_loss-> 0.5662, train acc-> 0.9000, time: 0:00:09.3 sec
>>> In testing...>>> on attpool -> test acc: 0.5833, test auc: 0.7500
In training...epoch [104/200], batch_loss-> 0.5719, train acc-> 1.0000, time: 0:00:09.4 sec
>>> In testing...>>> on attpool -> test acc: 0.4583, test auc: 0.7500
In training...epoch [105/200], batch_loss-> 0.5368, train acc-> 1.0000, time: 0:00:09.8 sec
>>> In testing...>>> on attpool -> test acc: 0.4583, test auc: 0.7500
In training...epoch [106/200], batch_loss-> 0.5936, train acc-> 0.7000, time: 0:00:09.7 sec
>>> In testing...>>> on attpool -> test acc: 0.5833, test auc: 0.7500
In training...epoch [107/200], batch_loss-> 0.5612, train acc-> 0.9000, time: 0:00:08.8 sec
>>> In testing...>>> on attpool -> test acc: 0.5833, test auc: 0.7500
In training...epoch [108/200], batch_loss-> 0.5186, train acc-> 1.0000, time: 0:00:09.7 sec
>>> In testing...>>> on attpool -> test acc: 0.5833, test auc: 0.7500
In training...epoch [109/200], batch_loss-> 0.5493, train acc-> 0.9000, time: 0:00:09.9 sec
>>> In testing...>>> on attpool -> test acc: 0.5833, test auc: 0.7500
In training...epoch [110/200], batch_loss-> 0.5265, train acc-> 1.0000, time: 0:00:09.9 sec
>>> In testing...>>> on attpool -> test acc: 0.5833, test auc: 0.8333
In training...epoch [111/200], batch_loss-> 0.5245, train acc-> 1.0000, time: 0:00:09.2 sec
>>> In testing...>>> on attpool -> test acc: 0.7083, test auc: 0.8333
In training...epoch [112/200], batch_loss-> 0.5155, train acc-> 0.9000, time: 0:00:09.9 sec
>>> In testing...>>> on attpool -> test acc: 0.7083, test auc: 0.8333
In training...epoch [113/200], batch_loss-> 0.5527, train acc-> 0.9000, time: 0:00:09.9 sec
>>> In testing...>>> on attpool -> test acc: 0.7083, test auc: 0.8333
In training...epoch [114/200], batch_loss-> 0.5425, train acc-> 0.9000, time: 0:00:09.5 sec
>>> In testing...>>> on attpool -> test acc: 0.7083, test auc: 0.8333
In training...epoch [115/200], batch_loss-> 0.5216, train acc-> 0.9000, time: 0:00:09.3 sec
>>> In testing...>>> on attpool -> test acc: 0.7083, test auc: 0.8333
In training...epoch [116/200], batch_loss-> 0.5574, train acc-> 0.9000, time: 0:00:09.7 sec
>>> In testing...>>> on attpool -> test acc: 0.7083, test auc: 0.8333
In training...epoch [117/200], batch_loss-> 0.4869, train acc-> 0.9000, time: 0:00:09.7 sec
>>> In testing...>>> on attpool -> test acc: 0.7083, test auc: 0.8333
In training...epoch [118/200], batch_loss-> 0.5497, train acc-> 0.8000, time: 0:00:10.0 sec
>>> In testing...>>> on attpool -> test acc: 0.7083, test auc: 0.8333
In training...epoch [119/200], batch_loss-> 0.5188, train acc-> 0.8000, time: 0:00:09.9 sec
>>> In testing...>>> on attpool -> test acc: 0.7083, test auc: 0.8333
In training...epoch [120/200], batch_loss-> 0.5734, train acc-> 0.9000, time: 0:00:09.7 sec
>>> In testing...>>> on attpool -> test acc: 0.7083, test auc: 0.8333
In training...epoch [121/200], batch_loss-> 0.5108, train acc-> 0.9000, time: 0:00:09.7 sec
>>> In testing...>>> on attpool -> test acc: 0.7083, test auc: 0.8333
In training...epoch [122/200], batch_loss-> 0.5396, train acc-> 0.9000, time: 0:00:09.9 sec
>>> In testing...>>> on attpool -> test acc: 0.7083, test auc: 0.8333
In training...epoch [123/200], batch_loss-> 0.4657, train acc-> 1.0000, time: 0:00:10.0 sec
>>> In testing...>>> on attpool -> test acc: 0.7083, test auc: 0.8333
In training...epoch [124/200], batch_loss-> 0.4941, train acc-> 0.8000, time: 0:00:09.4 sec
>>> In testing...>>> on attpool -> test acc: 0.7083, test auc: 0.8333
In training...epoch [125/200], batch_loss-> 0.5250, train acc-> 0.9000, time: 0:00:09.8 sec
>>> In testing...>>> on attpool -> test acc: 0.7083, test auc: 0.7500
In training...epoch [126/200], batch_loss-> 0.4970, train acc-> 0.9000, time: 0:00:09.4 sec
>>> In testing...>>> on attpool -> test acc: 0.5833, test auc: 0.7500
In training...epoch [127/200], batch_loss-> 0.5706, train acc-> 0.7000, time: 0:00:09.6 sec
>>> In testing...>>> on attpool -> test acc: 0.5833, test auc: 0.7500
In training...epoch [128/200], batch_loss-> 0.4436, train acc-> 1.0000, time: 0:00:10.1 sec
>>> In testing...>>> on attpool -> test acc: 0.5833, test auc: 0.7500
In training...epoch [129/200], batch_loss-> 0.4259, train acc-> 1.0000, time: 0:00:09.6 sec
>>> In testing...>>> on attpool -> test acc: 0.5833, test auc: 0.7500
In training...epoch [130/200], batch_loss-> 0.5081, train acc-> 0.9000, time: 0:00:09.3 sec
>>> In testing...>>> on attpool -> test acc: 0.5833, test auc: 0.7500
In training...epoch [131/200], batch_loss-> 0.4331, train acc-> 1.0000, time: 0:00:09.4 sec
>>> In testing...>>> on attpool -> test acc: 0.5833, test auc: 0.7500
In training...epoch [132/200], batch_loss-> 0.5376, train acc-> 0.8000, time: 0:00:09.8 sec
>>> In testing...>>> on attpool -> test acc: 0.5833, test auc: 0.7500
In training...epoch [133/200], batch_loss-> 0.5553, train acc-> 0.8000, time: 0:00:10.1 sec
>>> In testing...>>> on attpool -> test acc: 0.5833, test auc: 0.7500
In training...epoch [134/200], batch_loss-> 0.4771, train acc-> 0.9000, time: 0:00:10.2 sec
>>> In testing...>>> on attpool -> test acc: 0.5833, test auc: 0.7500
In training...epoch [135/200], batch_loss-> 0.4686, train acc-> 1.0000, time: 0:00:09.8 sec
>>> In testing...>>> on attpool -> test acc: 0.5833, test auc: 0.7500
In training...epoch [136/200], batch_loss-> 0.5374, train acc-> 0.9000, time: 0:00:10.1 sec
>>> In testing...>>> on attpool -> test acc: 0.5833, test auc: 0.7500
In training...epoch [137/200], batch_loss-> 0.4826, train acc-> 0.8000, time: 0:00:09.6 sec
>>> In testing...>>> on attpool -> test acc: 0.5833, test auc: 0.7500
In training...epoch [138/200], batch_loss-> 0.4195, train acc-> 1.0000, time: 0:00:09.4 sec
>>> In testing...>>> on attpool -> test acc: 0.5833, test auc: 0.7500
In training...epoch [139/200], batch_loss-> 0.4734, train acc-> 1.0000, time: 0:00:10.1 sec
>>> In testing...>>> on attpool -> test acc: 0.7083, test auc: 0.7500
In training...epoch [140/200], batch_loss-> 0.4763, train acc-> 1.0000, time: 0:00:09.8 sec
>>> In testing...>>> on attpool -> test acc: 0.7083, test auc: 0.7500
In training...epoch [141/200], batch_loss-> 0.4749, train acc-> 0.9000, time: 0:00:09.4 sec
>>> In testing...>>> on attpool -> test acc: 0.7083, test auc: 0.7500
In training...epoch [142/200], batch_loss-> 0.4184, train acc-> 0.9000, time: 0:00:10.5 sec
>>> In testing...>>> on attpool -> test acc: 0.7083, test auc: 0.7500
In training...epoch [143/200], batch_loss-> 0.3894, train acc-> 1.0000, time: 0:00:09.6 sec
>>> In testing...>>> on attpool -> test acc: 0.7083, test auc: 0.7500
In training...epoch [144/200], batch_loss-> 0.5307, train acc-> 0.8000, time: 0:00:10.0 sec
>>> In testing...>>> on attpool -> test acc: 0.7083, test auc: 0.7500
In training...epoch [145/200], batch_loss-> 0.5080, train acc-> 0.8000, time: 0:00:09.8 sec
>>> In testing...>>> on attpool -> test acc: 0.7083, test auc: 0.7500
In training...epoch [146/200], batch_loss-> 0.3727, train acc-> 0.9000, time: 0:00:10.3 sec
>>> In testing...>>> on attpool -> test acc: 0.7083, test auc: 0.7500
In training...epoch [147/200], batch_loss-> 0.3754, train acc-> 0.9000, time: 0:00:09.6 sec
>>> In testing...>>> on attpool -> test acc: 0.7083, test auc: 0.7500
In training...epoch [148/200], batch_loss-> 0.4989, train acc-> 0.7000, time: 0:00:10.2 sec
>>> In testing...>>> on attpool -> test acc: 0.7083, test auc: 0.7500
In training...epoch [149/200], batch_loss-> 0.3679, train acc-> 1.0000, time: 0:00:09.9 sec
>>> In testing...>>> on attpool -> test acc: 0.7083, test auc: 0.7500
In training...epoch [150/200], batch_loss-> 0.4104, train acc-> 1.0000, time: 0:00:10.0 sec
>>> In testing...>>> on attpool -> test acc: 0.7083, test auc: 0.7500
In training...epoch [151/200], batch_loss-> 0.3580, train acc-> 1.0000, time: 0:00:10.0 sec
>>> In testing...>>> on attpool -> test acc: 0.7083, test auc: 0.7500
In training...epoch [152/200], batch_loss-> 0.3330, train acc-> 1.0000, time: 0:00:09.9 sec
>>> In testing...store the milestone point<D:/FLINC_dataset/slides/yang_p62\models\checkpoint_GatedAttPool-g_Pool-0_ballooning_pct_lbl_bi_[152]2024-02-15.pth>, >>> on attpool -> test acc: 0.7083, test auc: 0.7500
[0.7500000000000001]
### final evaluation on attpool -> average test auc: 0.7500
