![Initial Stage] test mode: False
Initializing the training/testing slide matrices..., remove the old dirs: ['D:/eclipse-workspace\\Novo-path-V10\\data/HE_steatosis_score_c2/encodes/256-0/train_encode'].
remove the old dirs: ['D:/eclipse-workspace\\Novo-path-V10\\data/HE_steatosis_score_c2/encodes/256-0/train_encode'].
train slides: 20, test slides: 20, time: 0:31:45.335436
On-standby: g_Pool_-0_steatosis_score_c2 algorithm, Network: GatedAttPool, train on -> cuda
automatically find CSV file: HE_steatosis_score_c2.csv
![Training Stage]
In training...epoch [1/80], batch_loss-> 0.6773, train acc-> 0.5500, time: 0:00:04.9 sec
>>> In testing...>>> on attpool -> test acc: 0.5000, test auc: 0.9412
In training...epoch [2/80], batch_loss-> 0.5583, train acc-> 0.8500, time: 0:00:04.9 sec
>>> In testing...>>> on attpool -> test acc: 0.5000, test auc: 0.9608
In training...epoch [3/80], batch_loss-> 0.4932, train acc-> 0.8500, time: 0:00:05.0 sec
>>> In testing...>>> on attpool -> test acc: 0.5000, test auc: 0.9412
In training...epoch [4/80], batch_loss-> 0.4171, train acc-> 0.8500, time: 0:00:04.8 sec
>>> In testing...>>> on attpool -> test acc: 0.5000, test auc: 0.9608
In training...epoch [5/80], batch_loss-> 0.3847, train acc-> 0.8500, time: 0:00:05.0 sec
>>> In testing...>>> on attpool -> test acc: 0.5000, test auc: 0.9608
In training...epoch [6/80], batch_loss-> 0.3499, train acc-> 0.8500, time: 0:00:04.9 sec
>>> In testing...>>> on attpool -> test acc: 0.5000, test auc: 0.9608
In training...epoch [7/80], batch_loss-> 0.3678, train acc-> 0.8500, time: 0:00:04.9 sec
>>> In testing...>>> on attpool -> test acc: 0.5000, test auc: 0.9608
In training...epoch [8/80], batch_loss-> 0.3474, train acc-> 0.8500, time: 0:00:04.8 sec
>>> In testing...>>> on attpool -> test acc: 0.5000, test auc: 0.9608
In training...epoch [9/80], batch_loss-> 0.3431, train acc-> 0.8500, time: 0:00:04.9 sec
>>> In testing...>>> on attpool -> test acc: 0.5000, test auc: 0.9608
In training...epoch [10/80], batch_loss-> 0.3554, train acc-> 0.8500, time: 0:00:04.8 sec
>>> In testing...store the milestone point<D:/FLINC_dataset/slides/yang_he_stea\models\checkpoint_GatedAttPool-g_Pool_-0_steatosis_score_c2_[10]2022-10-14.pth>, >>> on attpool -> test acc: 0.5000, test auc: 0.9608
[0.9607843137254902, 0.9607843137254902, 0.9607843137254902, 0.9607843137254902, 0.9607843137254902]
### final evaluation on attpool -> average test auc: 0.9608
