load model from: D:/FLINC_dataset/slides/yang_cd45_u\models\checkpoint_ViT-6-8-PT-Dino_unsupervised[250]2022-11-02.pth
![Initial Stage] clustering mode
Initialising the embedding of overall tile features...
load the exist tiles tuples from: D:/eclipse-workspace\Novo-path-V10\data/CD45_unsupervised/encodes/256-0/train_encode\ViT-6-8-encode_2022-11-23.pkl
data tuples loaded!
Using clustering: DBSCAN
In fitting...execute DBSCAN clustering on 15793 tiles with time: 0:00:02.940137 sec
store the clustering results at: D:/FLINC_dataset/slides/yang_cd45_u\models / clst-res_DBSCAN-encode_unsupervised2022-11-23.pkl
store the clustering model at: D:/FLINC_dataset/slides/yang_cd45_u\models / clst-model_DBSCAN-encode_unsupervised2022-11-23.pkl
clustering number of centres (-1 is noise): 0 [-1]
{-1: 15792}
load model from: D:/FLINC_dataset/slides/yang_cd45_u\models\checkpoint_ViT-6-8-PT-Dino_unsupervised[250]2022-11-02.pth
![Initial Stage] clustering mode
Initialising the embedding of overall tile features...
load the exist tiles tuples from: D:/eclipse-workspace\Novo-path-V10\data/CD45_unsupervised/encodes/256-0/train_encode\ViT-6-8-encode_2022-11-23.pkl
data tuples loaded!
Using clustering: DBSCAN
In fitting...execute DBSCAN clustering on 15793 tiles with time: 0:00:02.975074 sec
store the clustering results at: D:/FLINC_dataset/slides/yang_cd45_u\models / clst-res_DBSCAN-encode_unsupervised2022-11-23.pkl
store the clustering model at: D:/FLINC_dataset/slides/yang_cd45_u\models / clst-model_DBSCAN-encode_unsupervised2022-11-23.pkl
clustering number of centres (-1 is noise): 15 [2, -1, 0, 5, 14, 1, 8, 4, 9, 3, 11, 7, 10, 12, 6, 13]
{2: 40, -1: 15339, 0: 215, 5: 14, 14: 9, 1: 10, 8: 17, 4: 27, 9: 9, 3: 26, 11: 15, 7: 18, 10: 8, 12: 9, 6: 9, 13: 12}
load model from: D:/FLINC_dataset/slides/yang_cd45_u\models\checkpoint_ViT-6-8-PT-Dino_unsupervised[250]2022-11-02.pth
![Initial Stage] clustering mode
Initialising the embedding of overall tile features...
load the exist tiles tuples from: D:/eclipse-workspace\Novo-path-V10\data/CD45_unsupervised/encodes/256-0/train_encode\ViT-6-8-encode_2022-11-23.pkl
data tuples loaded!
Using clustering: DBSCAN
In fitting...execute DBSCAN clustering on 15793 tiles with time: 0:00:02.940247 sec
store the clustering results at: D:/FLINC_dataset/slides/yang_cd45_u\models / clst-res_DBSCAN-encode_unsupervised2022-11-23.pkl
store the clustering model at: D:/FLINC_dataset/slides/yang_cd45_u\models / clst-model_DBSCAN-encode_unsupervised2022-11-23.pkl
clustering number of centres (-1 is noise): 15 [2, -1, 0, 5, 14, 1, 8, 4, 9, 3, 11, 7, 10, 12, 6, 13]
{2: 40, -1: 15339, 0: 215, 5: 14, 14: 9, 1: 10, 8: 17, 4: 27, 9: 9, 3: 26, 11: 15, 7: 18, 10: 8, 12: 9, 6: 9, 13: 12}
load model from: D:/FLINC_dataset/slides/yang_cd45_u\models\checkpoint_ViT-6-8-PT-Dino_unsupervised[250]2022-11-02.pth
![Initial Stage] clustering mode
Initialising the embedding of overall tile features...
load the exist tiles tuples from: D:/eclipse-workspace\Novo-path-V10\data/CD45_unsupervised/encodes/256-0/train_encode\ViT-6-8-encode_2022-11-23.pkl
data tuples loaded!
Using clustering: DBSCAN
In fitting...execute DBSCAN clustering on 15793 tiles with time: 0:00:02.997127 sec
store the clustering results at: D:/FLINC_dataset/slides/yang_cd45_u\models / clst-res_DBSCAN-encode_unsupervised2022-11-23.pkl
store the clustering model at: D:/FLINC_dataset/slides/yang_cd45_u\models / clst-model_DBSCAN-encode_unsupervised2022-11-23.pkl
clustering number of centres (-1 is noise): 0 [-1]
{-1: 15792}
load model from: D:/FLINC_dataset/slides/yang_cd45_u\models\checkpoint_ViT-6-8-PT-Dino_unsupervised[250]2022-11-02.pth
![Initial Stage] clustering mode
Initialising the embedding of overall tile features...
load the exist tiles tuples from: D:/eclipse-workspace\Novo-path-V10\data/CD45_unsupervised/encodes/256-0/train_encode\ViT-6-8-encode_2022-11-23.pkl
data tuples loaded!
Using clustering: DBSCAN
In fitting...execute DBSCAN clustering on 15793 tiles with time: 0:00:02.914856 sec
store the clustering results at: D:/FLINC_dataset/slides/yang_cd45_u\models / clst-res_DBSCAN-encode_unsupervised2022-11-23.pkl
store the clustering model at: D:/FLINC_dataset/slides/yang_cd45_u\models / clst-model_DBSCAN-encode_unsupervised2022-11-23.pkl
clustering number of centres (-1 is noise): 6 [0, -1, 3, 1, 4, 2, 5]
{0: 13293, -1: 2449, 3: 6, 1: 12, 4: 8, 2: 8, 5: 10}
load model from: D:/FLINC_dataset/slides/yang_cd45_u\models\checkpoint_ViT-6-8-PT-Dino_unsupervised[250]2022-11-02.pth
![Initial Stage] clustering mode
Initialising the embedding of overall tile features...
load the exist tiles tuples from: D:/eclipse-workspace\Novo-path-V10\data/CD45_unsupervised/encodes/256-0/train_encode\ViT-6-8-encode_2022-11-23.pkl
data tuples loaded!
Using clustering: DBSCAN
In fitting...execute DBSCAN clustering on 15793 tiles with time: 0:00:03.128748 sec
store the clustering results at: D:/FLINC_dataset/slides/yang_cd45_u\models / clst-res_DBSCAN-encode_unsupervised2022-11-23.pkl
store the clustering model at: D:/FLINC_dataset/slides/yang_cd45_u\models / clst-model_DBSCAN-encode_unsupervised2022-11-23.pkl
clustering number of centres (-1 is noise): 1 [0, -1]
{0: 15359, -1: 432}
load model from: D:/FLINC_dataset/slides/yang_cd45_u\models\checkpoint_ViT-6-8-PT-Dino_unsupervised[250]2022-11-02.pth
![Initial Stage] clustering mode
Initialising the embedding of overall tile features...
load the exist tiles tuples from: D:/eclipse-workspace\Novo-path-V10\data/CD45_unsupervised/encodes/256-0/train_encode\ViT-6-8-encode_2022-11-23.pkl
data tuples loaded!
Using clustering: DBSCAN
In fitting...execute DBSCAN clustering on 15793 tiles with time: 0:00:02.939161 sec
store the clustering results at: D:/FLINC_dataset/slides/yang_cd45_u\models / clst-res_DBSCAN-encode_unsupervised2022-11-23.pkl
store the clustering model at: D:/FLINC_dataset/slides/yang_cd45_u\models / clst-model_DBSCAN-encode_unsupervised2022-11-23.pkl
clustering number of centres (-1 is noise): 1 [0, -1]
{0: 2676, -1: 13115}
load model from: D:/FLINC_dataset/slides/yang_cd45_u\models\checkpoint_ViT-6-8-PT-Dino_unsupervised[250]2022-11-02.pth
![Initial Stage] clustering mode
Initialising the embedding of overall tile features...
load the exist tiles tuples from: D:/eclipse-workspace\Novo-path-V10\data/CD45_unsupervised/encodes/256-0/train_encode\ViT-6-8-encode_2022-11-23.pkl
data tuples loaded!
Using clustering: DBSCAN
In fitting...execute DBSCAN clustering on 15793 tiles with time: 0:00:02.991023 sec
store the clustering results at: D:/FLINC_dataset/slides/yang_cd45_u\models / clst-res_DBSCAN-encode_unsupervised2022-11-23.pkl
store the clustering model at: D:/FLINC_dataset/slides/yang_cd45_u\models / clst-model_DBSCAN-encode_unsupervised2022-11-23.pkl
clustering number of centres (-1 is noise): 6 [0, -1, 3, 1, 4, 2, 5]
{0: 13293, -1: 2449, 3: 6, 1: 12, 4: 8, 2: 8, 5: 10}
