load model from: D:/FLINC_dataset/slides/yang_cd45_u\models\checkpoint_ViT-6-8-PT-Dino_unsupervised[250]2022-11-02.pth
![Initial Stage] clustering mode
Initialising the embedding of overall tile features...
load model from: D:/FLINC_dataset/slides/yang_cd45_u\models\checkpoint_ViT-6-8-PT-Dino_unsupervised[250]2022-11-02.pth
![Initial Stage] clustering mode
Initialising the embedding of overall tile features...
load the exist tiles tuples from: D:/eclipse-workspace\Novo-path-V10\data/CD45_unsupervised/encodes/256-0/train_encode\ViT-6-8-encode_2022-11-23.pkl
data tuples loaded!
Using clustering: Kmeans
In fitting...execute Kmeans clustering on 15793 tiles with time: 0:00:01.499990 sec
store the clustering results at: D:/FLINC_dataset/slides/yang_cd45_u\models / clst-res_Kmeans-encode_unsupervised2022-11-23.pkl
store the clustering model at: D:/FLINC_dataset/slides/yang_cd45_u\models / clst-model_Kmeans-encode_unsupervised2022-11-23.pkl
clustering number of centres: 5
{2: 3771, 4: 2364, 1: 4315, 0: 3824, 3: 1514}
load model from: D:/FLINC_dataset/slides/yang_cd45_u\models\checkpoint_ViT-6-8-PT-Dino_unsupervised[250]2022-11-02.pth
![Initial Stage] clustering mode
Initialising the embedding of overall tile features...
load the exist tiles tuples from: D:/eclipse-workspace\Novo-path-V10\data/CD45_unsupervised/encodes/256-0/train_encode\ViT-6-8-encode_2022-11-23.pkl
data tuples loaded!
Using clustering: Kmeans
In fitting...execute Kmeans clustering on 15793 tiles with time: 0:00:02.629947 sec
store the clustering results at: D:/FLINC_dataset/slides/yang_cd45_u\models / clst-res_Kmeans-encode_unsupervised2022-11-23.pkl
store the clustering model at: D:/FLINC_dataset/slides/yang_cd45_u\models / clst-model_Kmeans-encode_unsupervised2022-11-23.pkl
clustering number of centres: 8
{1: 2582, 5: 650, 6: 2813, 4: 2559, 3: 2599, 7: 1365, 2: 2016, 0: 1201}
