load model from: D:/FLINC_dataset/slides/yang_cd45_u\models\checkpoint_ViT-6-8-PT-Dino_unsupervised[250]2022-11-02.pth
![Initial Stage] clustering mode
Initialising the embedding of overall tile features...
load the exist tiles tuples from: D:/eclipse-workspace\Novo-path-V10\data/CD45_unsupervised/encodes/256-0/train_encode\ViT-6-8-encode_2022-11-18.pkl
data tuples loaded!
Using clustering: MeanShift
In fitting...load model from: D:/FLINC_dataset/slides/yang_cd45_u\models\checkpoint_ViT-6-8-PT-Dino_unsupervised[250]2022-11-02.pth
![Initial Stage] clustering mode
Initialising the embedding of overall tile features...
load the exist tiles tuples from: D:/eclipse-workspace\Novo-path-V10\data/CD45_unsupervised/encodes/256-0/train_encode\ViT-6-8-encode_2022-11-18.pkl
data tuples loaded!
Using clustering: MeanShift
In fitting...execute MeanShift clustering on 33311 tiles with time: 0:00:06.874618 sec
store the clustering results at: D:/FLINC_dataset/slides/yang_cd45_u\models / clst-res_MeanShift-encode_unsupervised2022-11-18.pkl
store the clustering model at: D:/FLINC_dataset/slides/yang_cd45_u\models / clst-model_MeanShift-encode_unsupervised2022-11-18.pkl
clustering number of centres: 1 [[-8.19786042e-02 -5.39678335e-02 -3.35835107e-02  5.13898805e-02
  -7.36257210e-02 -1.40933497e-02  8.30451176e-02 -9.71204758e-01
  -4.98311631e-02  5.42042330e-02  7.61334822e-02 -2.04799306e-02
   7.46530741e-02 -8.98704529e-02 -8.28894898e-02  9.19824168e-02
  -4.06411998e-02  1.49444649e-02  4.07023169e-02  5.10441065e-02
  -2.95079388e-02 -4.90621060e-01  2.05941834e-02  6.21975809e-02
   1.84577256e-02  5.06303087e-02 -3.68878134e-02  1.25506222e-01
   3.11576836e-02 -2.82172561e-02  9.24280360e-02  7.86209255e-02
  -1.20701484e-01 -8.12741816e-02 -7.14448653e-03  3.36028266e+00
  -1.63298938e-02  2.48352289e-02  1.75893331e+00 -7.32735336e-01
   1.32915964e-02  9.55547318e-02 -6.19315766e-02 -2.85181612e-01
   2.40932722e-02  2.56045139e-03 -2.27038279e-01 -2.26429235e-02
   3.49369235e-02 -2.90985350e-02  1.65881026e+00  1.51082531e-01
  -3.91709417e-01  8.88803959e-01 -5.98212369e-02  8.70312471e-03
  -4.35454659e-02  2.11150814e-02  3.99400480e-02 -1.18422322e-02
  -1.45980969e-01 -1.12577774e-01 -7.61694089e-02 -7.14452267e-02
  -9.26802084e-02 -7.52321118e-03 -7.00239232e-03  1.08272154e-02
  -3.00932303e-02 -9.43634845e-03  6.33168919e-03 -1.27063990e-01
   1.58448946e-02  1.13112628e-01 -6.97139084e-01  7.20852688e-02
  -1.93406758e-03  4.39640768e-02 -3.87699418e-02 -7.81769529e-02
   1.85609668e-01 -1.00340761e-01  9.09705833e-02  9.00710970e-02
  -3.32359052e+00  9.23103765e-02 -8.61958325e-01  4.63404227e-04
   7.25318268e-02 -1.65385772e-02 -1.93377063e-01 -4.82232422e-02
   1.63942426e-02  1.57632530e-02 -2.83724330e-02 -5.01725152e-02
   8.00322592e-02 -1.01338089e-01  3.38519877e-03  2.16050601e+00
   8.21931213e-02  2.77742986e-02  8.58472064e-02 -4.47643660e-02
   5.39498068e-02 -1.97646152e-02  4.95756641e-02 -1.65562294e-02
   1.30836740e-01 -5.23917228e-02  1.04437597e-01  9.44731850e-03
   3.45138423e-02 -2.88343057e-02 -2.03591119e-03  2.80150846e-02
  -3.82043351e-03 -4.63500559e-01 -6.50477931e-02  1.33710625e-02
   3.54325920e-02 -5.46162911e-02 -1.18476890e-01 -8.68047923e-02
  -1.26918495e-01  7.44505902e-04 -3.54454741e-02 -1.75088570e-02
   3.15622054e-02  1.49228321e-02 -1.03983935e-02 -3.49628069e-02
   1.76407211e-02  2.17603669e-02 -4.35468182e-02  2.53293179e-02
   1.03108957e-01 -1.37230186e-02 -4.77315374e-02 -2.26926170e-02
   7.63998404e-02 -3.13569546e-01 -7.44579434e-02  3.89664397e-02
   5.07963002e-02  5.13235554e-02  2.88024521e+00 -6.55009691e-03
   9.11414623e-02 -1.13965586e-01 -6.57073106e-04 -9.96516347e-02
  -6.01550238e-03 -1.34919316e-01 -1.92871932e-02 -4.83949576e-03
   6.49953008e-01 -2.82574836e-02  2.63993982e-02 -8.27653557e-02
   5.87251708e-02 -3.78347412e-02  9.62082669e-02 -3.40145588e+00
  -1.27010942e-01  1.03261268e+00 -7.36022815e-02 -2.20402777e-02
  -4.14888337e-02 -1.16717100e-01 -8.87373835e-02 -2.75185019e-01
   5.37451245e-02  9.43556242e-03  2.53732264e-01  3.67219839e-03
   2.21591350e-02 -1.62850600e-03 -4.95688468e-02 -3.74719799e-02
  -5.10548649e-04 -5.96350729e-02 -9.64190736e-02  2.21189912e-02
  -3.00463736e-02  6.49999753e-02 -1.90217346e-02  4.63693067e-02
  -9.50927258e-01 -1.56068960e-02  5.77071533e-02  1.92072421e-01
   4.86116558e-02 -7.74210840e-02 -6.20877855e-02 -7.49402344e-02
   6.45634979e-02 -1.27678975e-01  5.73261315e-03 -3.57066505e-02
  -9.22561064e-02 -5.62159456e-02  2.16057785e-02 -9.75913852e-02
  -5.86624779e-02  1.53529286e+00 -3.01107001e-02 -1.43964514e-01
  -6.26558764e-03  7.48889968e-02  7.73614738e-03  4.73406374e-01
  -2.41961002e-01  9.10700619e-01  2.40341742e-02 -1.61032572e-01
   1.15902992e-02 -4.91267666e-02 -6.37622654e-01 -1.67316403e-02
  -9.67754349e-02 -5.11425473e-02 -8.37312266e-02 -5.25976904e-02
  -9.54616606e-01  3.81118804e-02 -6.68553784e-02 -1.88838858e-02
   3.46140849e-04  1.03603036e-03 -4.45589200e-02  2.29618344e-02
   8.36715698e-02 -1.65494729e-03  4.07597758e-02 -1.78265557e-01
   2.72978675e-02  1.04177944e-01 -5.04416525e-01 -1.16217826e-02
  -1.16330065e-01 -2.26126406e-02 -1.95152593e+00  9.27341431e-02
  -3.42587195e-02 -3.34090963e-02 -1.36203557e-01  2.82598753e-02
   2.12740619e-02 -1.38870878e-02 -4.02686089e-01  1.55177191e-02
  -3.53597738e-02 -8.59875530e-02  1.86813902e-02 -1.03697337e-01]]
load model from: D:/FLINC_dataset/slides/yang_cd45_u\models\checkpoint_ViT-6-8-PT-Dino_unsupervised[250]2022-11-02.pth
![Initial Stage] clustering mode
Initialising the embedding of overall tile features...
load the exist tiles tuples from: D:/eclipse-workspace\Novo-path-V10\data/CD45_unsupervised/encodes/256-0/train_encode\ViT-6-8-encode_2022-11-18.pkl
data tuples loaded!
Using clustering: MeanShift
In fitting...execute MeanShift clustering on 33311 tiles with time: 0:10:45.019969 sec
store the clustering results at: D:/FLINC_dataset/slides/yang_cd45_u\models / clst-res_MeanShift-encode_unsupervised2022-11-18.pkl
store the clustering model at: D:/FLINC_dataset/slides/yang_cd45_u\models / clst-model_MeanShift-encode_unsupervised2022-11-18.pkl
clustering number of centres: 1 [[-8.25683251e-02 -4.03504036e-02 -2.74547581e-02  5.48017099e-02
  -8.95594209e-02 -1.79939978e-02  8.32476765e-02 -1.15436339e+00
  -5.48761413e-02  5.99236935e-02  6.78157359e-02 -7.92957935e-03
   7.67731518e-02 -9.70954821e-02 -8.81494433e-02  1.09945208e-01
  -4.92951460e-02  1.31605482e-02  4.53387499e-02  5.31710759e-02
  -3.77056710e-02 -5.08461110e-02  3.38101983e-02  6.86236620e-02
   1.36740683e-02  5.52777164e-02 -3.77228409e-02  1.28735527e-01
   3.69466469e-02 -2.23402418e-02  9.83973667e-02  9.04609039e-02
  -1.28602177e-01 -8.79168436e-02 -1.23108155e-03  3.90376925e+00
  -1.46807963e-02  2.97978502e-02  1.70316076e+00 -1.18948126e+00
  -3.24172759e-03  1.03975616e-01 -6.44713715e-02 -3.04160506e-01
   3.33684459e-02 -5.97207109e-03 -2.35516563e-01 -1.19084800e-02
   3.18011381e-02  3.28282639e-02  1.24892473e+00  1.46832034e-01
  -1.59973890e-01 -3.48277181e-01 -5.81526123e-02  1.21206203e-02
  -4.67540212e-02  3.65985781e-02  5.06227687e-02 -9.20817349e-03
  -1.60836443e-01 -1.09763741e-01 -7.60118589e-02 -6.60731792e-02
  -1.00513674e-01 -2.82271649e-03 -2.49443646e-03  2.39477269e-02
  -2.92523168e-02 -1.23133808e-02  1.55138141e-02 -1.27391636e-01
   1.68925337e-02  1.26064524e-01 -8.42059851e-01  6.61027506e-02
  -8.30380060e-03  4.27467339e-02 -5.22471331e-02 -7.62657449e-02
   1.80082783e-01 -9.53105837e-02  1.08910009e-01  9.92489979e-02
  -3.05349445e+00  1.03529051e-01 -2.05825284e-01 -8.24838586e-04
   7.71099776e-02 -3.13526057e-02 -1.84822828e-01 -4.49976847e-02
   2.47367565e-02  2.22854652e-02 -1.45857260e-02 -5.49367107e-02
   8.71048868e-02 -9.02794003e-02  1.71984565e-02  2.36803365e+00
   8.89826342e-02  3.32314149e-02  9.81270894e-02 -3.44857238e-02
   5.86218499e-02 -2.92951893e-02  6.56286925e-02 -1.46987531e-02
   1.11755297e-01 -6.88847452e-02  1.00650504e-01  1.24462135e-02
   2.13015806e-02 -1.65933501e-02 -4.91847866e-04  3.14777531e-02
   4.34125168e-03 -9.52832550e-02 -7.69320205e-02  2.35289056e-02
   2.39048135e-02 -4.93608974e-02 -1.20411433e-01 -8.64641219e-02
  -1.34337693e-01  2.72708992e-03 -2.95373239e-02 -1.52902184e-02
   3.77650559e-02  8.60900618e-03 -1.25618256e-03 -2.85703074e-02
   3.14930156e-02  2.86154673e-02 -6.09864406e-02  3.52079794e-02
   1.15747310e-01 -4.10837173e-01 -1.22228898e-01 -1.01413624e-02
   8.96195322e-02  3.30471955e-02 -6.69190362e-02  4.50945273e-02
   5.54607622e-02  4.30411436e-02  2.56748557e+00 -6.51175994e-03
   9.02113169e-02 -1.20520450e-01  5.00286883e-03 -1.05859600e-01
  -9.58553702e-03 -1.28943861e-01 -2.22567990e-02  4.47484292e-03
   3.48972142e-01 -2.09590364e-02  2.80164126e-02 -8.33086967e-02
   6.65676966e-02 -3.20843644e-02  9.70898047e-02 -3.33690858e+00
  -1.17544807e-01  1.79979074e+00 -7.65212476e-02 -3.74272875e-02
  -3.97666991e-02 -1.25290856e-01 -8.16195458e-02 -7.23619044e-01
   6.11126907e-02  1.40517186e-02 -1.20258100e-01  1.62654575e-02
   1.80720836e-02  6.30047871e-03 -5.56036048e-02 -2.77803484e-02
   1.44617269e-02 -7.10700825e-02 -1.03933595e-01  2.42215879e-02
  -1.13985017e-02  7.07708895e-02 -1.43306106e-02  4.08659354e-02
  -8.17186177e-01 -1.80886798e-02  5.83147369e-02  1.83779150e-01
   5.83809391e-02 -8.03263485e-02 -6.47824183e-02 -7.93392658e-02
   6.22240491e-02 -1.17277592e-01 -9.22062993e-03 -1.86192431e-02
  -7.34562427e-02 -6.25988021e-02  8.91590398e-03  3.32398564e-01
  -4.03826535e-02  1.47405314e+00 -3.84153873e-02 -1.68716580e-01
  -8.46927837e-02  7.55753368e-02  4.71141236e-03  2.26746753e-01
  -1.60143003e-01  7.50736475e-01  2.38281079e-02 -1.60443693e-01
   8.52862280e-03 -3.62654589e-02 -5.06125212e-01 -2.61015613e-02
  -9.95570272e-02 -5.38424924e-02 -3.28897208e-01 -5.56555502e-02
  -6.23591065e-01  2.74518598e-02 -7.04840869e-02 -1.57568809e-02
  -1.88844185e-02  9.58395074e-04 -4.73361649e-02  3.04240957e-02
   9.23589841e-02  6.12310180e-03  4.02361304e-02 -1.61617264e-01
   3.01564597e-02  1.09820753e-01 -1.53253019e-01 -1.47641376e-02
  -1.22808799e-01 -2.49763224e-02 -1.91805136e+00  9.84553844e-02
  -3.47682908e-02 -3.89430411e-02 -1.34572297e-01  7.52824917e-03
   7.31321285e-03 -2.32929848e-02  3.81570198e-02  1.68790258e-02
  -4.11210544e-02 -8.95116851e-02  1.60727017e-02 -7.92668536e-02]]
load model from: D:/FLINC_dataset/slides/yang_cd45_u\models\checkpoint_ViT-6-8-PT-Dino_unsupervised[250]2022-11-02.pth
![Initial Stage] clustering mode
Initialising the embedding of overall tile features...
load the exist tiles tuples from: D:/eclipse-workspace\Novo-path-V10\data/CD45_unsupervised/encodes/256-0/train_encode\ViT-6-8-encode_2022-11-18.pkl
data tuples loaded!
Using clustering: MeanShift
with bandwidth:  12.005093224472114
In fitting...execute MeanShift clustering on 33311 tiles with time: 0:00:04.582771 sec
store the clustering results at: D:/FLINC_dataset/slides/yang_cd45_u\models / clst-res_MeanShift-encode_unsupervised2022-11-18.pkl
store the clustering model at: D:/FLINC_dataset/slides/yang_cd45_u\models / clst-model_MeanShift-encode_unsupervised2022-11-18.pkl
clustering number of centres: 1 [[-7.91290551e-02 -4.64014821e-02 -2.98911911e-02  5.23151346e-02
  -7.84753636e-02 -1.54740522e-02  8.22089761e-02 -1.09595776e+00
  -5.05505204e-02  5.75466901e-02  7.46414438e-02 -1.25458455e-02
   7.54681975e-02 -9.31893140e-02 -8.35212395e-02  1.02260672e-01
  -4.36646864e-02  1.23688933e-02  4.39327136e-02  5.15725501e-02
  -3.37294824e-02 -3.42498541e-01  2.68767010e-02  6.57090843e-02
   1.93711482e-02  5.35818040e-02 -3.77444960e-02  1.27532870e-01
   3.46970521e-02 -2.52907239e-02  9.75490063e-02  8.36432800e-02
  -1.26104712e-01 -8.53545442e-02 -2.23208871e-03  3.55280066e+00
  -1.42278112e-02  2.76682395e-02  1.73972917e+00 -9.19292808e-01
   9.24400613e-03  1.00077137e-01 -6.17486387e-02 -2.99536824e-01
   2.75944117e-02 -2.12090570e-04 -2.30362654e-01 -1.54835526e-02
   3.45957205e-02  3.47419083e-03  1.49711835e+00  1.53766707e-01
  -3.12424034e-01  4.18793976e-01 -5.73162809e-02  8.48879293e-03
  -4.53064516e-02  2.70961802e-02  4.56967093e-02 -8.04898143e-03
  -1.52959734e-01 -1.11209549e-01 -7.38795102e-02 -6.65952936e-02
  -9.43532139e-02 -5.72037324e-03 -7.96561595e-03  1.63170975e-02
  -3.02738696e-02 -6.29078550e-03  1.42779723e-02 -1.26915559e-01
   1.89386457e-02  1.21241607e-01 -7.52921224e-01  7.36507401e-02
  -4.76761023e-03  4.50224876e-02 -4.30176593e-02 -7.84664154e-02
   1.86603650e-01 -9.88754481e-02  1.01030059e-01  9.61863026e-02
  -3.21755886e+00  9.70629081e-02 -5.57413399e-01  1.15411344e-03
   7.39023611e-02 -2.09261309e-02 -1.91416413e-01 -4.55253087e-02
   2.06825938e-02  1.90999433e-02 -2.31239274e-02 -5.22199646e-02
   8.14299509e-02 -9.55548286e-02  1.00804474e-02  2.22200060e+00
   8.55341032e-02  2.92019770e-02  9.16534439e-02 -3.97557355e-02
   6.00149669e-02 -2.20265184e-02  5.91840893e-02 -1.57161970e-02
   1.25328332e-01 -5.81604764e-02  1.02580167e-01  1.41254636e-02
   2.80919522e-02 -2.35203486e-02 -2.43325951e-04  3.03538945e-02
   3.59574473e-03 -3.38956714e-01 -6.82532713e-02  1.69523153e-02
   2.96553746e-02 -5.07192239e-02 -1.20304421e-01 -8.41753855e-02
  -1.31093830e-01  4.70480695e-03 -3.12848128e-02 -1.76595058e-02
   3.47292349e-02  1.40411146e-02 -3.37786227e-03 -3.22911255e-02
   2.61854231e-02  2.48153489e-02 -5.05195670e-02  2.86490079e-02
   1.07571833e-01 -1.41820610e-01 -8.34027678e-02 -1.67883486e-02
   8.27921554e-02 -1.94695383e-01 -7.15217665e-02  4.28382941e-02
   5.41424491e-02  4.99383882e-02  2.78646231e+00 -8.87040794e-03
   9.54780579e-02 -1.17656447e-01  5.51822409e-03 -1.01190343e-01
  -7.22616678e-03 -1.32734701e-01 -2.14152392e-02 -1.79368304e-03
   5.43378055e-01 -2.21702419e-02  2.94017475e-02 -8.20742920e-02
   6.07711226e-02 -3.64644043e-02  1.00290515e-01 -3.40033960e+00
  -1.23268887e-01  1.29315484e+00 -7.33609125e-02 -2.85730846e-02
  -3.91662642e-02 -1.18885972e-01 -8.33224431e-02 -4.29911852e-01
   5.93297556e-02  1.07271075e-02  1.18317142e-01  9.13919322e-03
   2.38997247e-02  6.41879160e-03 -5.25372736e-02 -3.28608528e-02
   8.50783382e-03 -6.65086955e-02 -1.00165531e-01  2.42717806e-02
  -1.81920417e-02  6.89054355e-02 -1.74664985e-02  4.54773232e-02
  -8.96193385e-01 -1.63435005e-02  5.50919920e-02  1.92392513e-01
   5.29341772e-02 -8.11152458e-02 -6.08454235e-02 -7.50180408e-02
   6.61242679e-02 -1.21185601e-01  1.02756370e-03 -3.10621653e-02
  -8.23565722e-02 -5.76944984e-02  1.58548541e-02  5.22066429e-02
  -4.91415486e-02  1.53650832e+00 -3.10591497e-02 -1.53555930e-01
  -3.51927504e-02  7.52072111e-02  8.44155531e-03  3.85436237e-01
  -2.00830281e-01  8.69629920e-01  2.28668340e-02 -1.60428375e-01
   1.15956524e-02 -4.58938032e-02 -5.71859896e-01 -2.19244584e-02
  -9.89907458e-02 -5.28871901e-02 -1.68651402e-01 -5.63158654e-02
  -7.88964331e-01  3.62203680e-02 -6.92437664e-02 -1.73440706e-02
  -6.32394431e-03  6.16364821e-04 -4.70441133e-02  2.60871649e-02
   8.72580633e-02  1.43043604e-03  4.06000912e-02 -1.74156219e-01
   2.94471495e-02  1.04592718e-01 -3.85110170e-01 -1.06040286e-02
  -1.21535182e-01 -2.39628274e-02 -1.97063720e+00  9.61487070e-02
  -3.15461494e-02 -3.32337357e-02 -1.34844884e-01  2.09671799e-02
   1.74460299e-02 -2.03106627e-02 -2.53050059e-01  1.58697721e-02
  -3.56318466e-02 -8.91308039e-02  1.62714534e-02 -9.10919979e-02]]
load model from: D:/FLINC_dataset/slides/yang_cd45_u\models\checkpoint_ViT-6-8-PT-Dino_unsupervised[250]2022-11-02.pth
![Initial Stage] clustering mode
Initialising the embedding of overall tile features...
load the exist tiles tuples from: D:/eclipse-workspace\Novo-path-V10\data/CD45_unsupervised/encodes/256-0/train_encode\ViT-6-8-encode_2022-11-18.pkl
data tuples loaded!
Using clustering: MeanShift
with bandwidth:  7.9704723893524285
In fitting...execute MeanShift clustering on 33311 tiles with time: 0:00:05.617010 sec
store the clustering results at: D:/FLINC_dataset/slides/yang_cd45_u\models / clst-res_MeanShift-encode_unsupervised2022-11-18.pkl
store the clustering model at: D:/FLINC_dataset/slides/yang_cd45_u\models / clst-model_MeanShift-encode_unsupervised2022-11-18.pkl
clustering number of centres: 2 [[-4.11944948e-02 -5.73080208e-04  1.65059827e-02  5.33187538e-02
  -1.14330448e-01 -4.47946675e-02  6.72493502e-02 -2.05195475e+00
  -5.64904772e-02  8.44753981e-02  7.36855343e-02  6.09170385e-02
   9.60846096e-02 -1.27312168e-01 -9.20532346e-02  1.97857872e-01
  -7.17725232e-02 -1.98623575e-02  6.75515607e-02  3.31204608e-02
  -6.79534748e-02  6.23043060e-01  9.37232077e-02  1.14064358e-01
   5.19628823e-02  7.68882856e-02 -5.23801818e-02  1.30625188e-01
   6.23696595e-02  2.08018906e-03  1.44174576e-01  1.24940358e-01
  -1.90177426e-01 -1.28873006e-01  5.01091219e-02  4.70516729e+00
   6.76738517e-03  6.32272065e-02  1.63977277e+00 -2.14157653e+00
   6.50191167e-03  1.39039785e-01 -5.73860444e-02 -3.00226003e-01
   5.97938299e-02 -1.83889102e-02 -2.54937857e-01  6.17280379e-02
   2.73180138e-02  2.31146976e-01  6.32201493e-01  2.03054383e-01
   1.98302895e-01 -2.06630254e+00 -2.97235250e-02  7.22622871e-03
  -6.14283644e-02  7.20889345e-02  1.12473637e-01  2.79956777e-02
  -2.13720456e-01 -1.27376646e-01 -3.91969495e-02 -3.17878574e-02
  -8.75623375e-02  1.05495919e-02 -3.82619128e-02  5.88399470e-02
  -3.09029184e-02  5.79323024e-02  1.04224361e-01 -1.39182761e-01
   6.17895350e-02  1.94939718e-01 -1.20151949e+00  1.13656454e-01
  -3.25681865e-02  5.72423227e-02 -6.49327785e-02 -8.27833340e-02
   2.21140221e-01 -1.01396739e-01  1.93797037e-01  1.49732485e-01
  -2.96316385e+00  1.45675406e-01  1.34298205e+00  2.57700868e-03
   7.50457868e-02 -4.00710702e-02 -1.93346411e-01 -1.30856484e-02
   7.10005835e-02  6.86307102e-02  4.02777281e-04 -8.55834261e-02
   7.19579384e-02 -3.99087779e-02  8.40538964e-02  2.72522640e+00
   1.25243664e-01  3.18372697e-02  1.47729531e-01  1.69489663e-02
   1.32395536e-01 -2.55763661e-02  1.48146346e-01  1.18825212e-02
   1.10533804e-01 -9.00681540e-02  1.08130708e-01  8.00120905e-02
  -1.43217174e-02  2.08017994e-02  3.24260667e-02  6.48972914e-02
   6.71865493e-02  4.44089204e-01 -8.37766379e-02  4.73911166e-02
  -2.18050312e-02 -1.29902093e-02 -1.35594934e-01 -5.83350398e-02
  -1.50584295e-01  6.39387593e-02 -5.36811585e-03 -1.73688587e-02
   6.68505877e-02  3.77856568e-02  7.74393603e-02 -2.57198024e-03
   1.04823202e-01  5.59974238e-02 -8.66036415e-02  6.61123320e-02
   1.19144037e-01 -9.14781153e-01 -3.48999143e-01  4.05528210e-02
   1.20549276e-01  5.58662653e-01 -4.42388542e-02  9.05389115e-02
   7.89796486e-02  4.25966978e-02  2.44655395e+00 -4.36269194e-02
   1.72438249e-01 -1.59735620e-01  7.94321150e-02 -1.08997449e-01
   7.05451705e-03 -1.15414366e-01 -4.82069142e-02  1.67399570e-02
  -1.32782325e-01  4.88050915e-02  7.38653988e-02 -8.74166787e-02
   7.43164495e-02 -2.20080260e-02  1.53507367e-01 -3.62259912e+00
  -9.73082483e-02  2.47585106e+00 -8.49077851e-02 -6.67383224e-02
  -6.27079932e-03 -1.14673913e-01 -3.55274342e-02 -1.47538733e+00
   1.11722291e-01  2.61503886e-02 -7.99558640e-01  4.71439064e-02
   5.37286699e-02  1.05163530e-01 -7.80448988e-02 -3.70982569e-03
   8.82256031e-02 -1.27355561e-01 -1.35611519e-01  4.66146842e-02
   8.06467533e-02  9.83820930e-02 -5.43377944e-04  4.44729254e-02
  -5.58426261e-01 -6.53644651e-03  4.12269048e-02  2.30744496e-01
   7.94378817e-02 -1.43339828e-01 -4.59495559e-02 -6.64877221e-02
   9.52270776e-02 -6.92532361e-02 -3.87848727e-02 -1.34036094e-02
  -2.82752905e-02 -7.41152465e-02 -3.29037057e-03  1.00685918e+00
   2.86118686e-02  1.84996605e+00 -3.21758911e-02 -2.16630265e-01
  -2.61500984e-01  6.89612180e-02  1.97450798e-02 -1.67297542e-01
   8.34892616e-02  5.68352461e-01  2.28775130e-03 -1.49627373e-01
   6.54586544e-03 -4.16644402e-02 -1.01470880e-01 -8.61465409e-02
  -1.18969105e-01 -8.12329128e-02 -7.91693211e-01 -1.06006108e-01
   3.78568649e-01  3.85342129e-02 -8.56210366e-02  4.68839332e-03
  -4.68340218e-02 -1.83698572e-02 -7.50917271e-02  6.13211393e-02
   1.22875571e-01  1.21942516e-02  2.91227624e-02 -1.68452114e-01
   4.40824516e-02  1.03659689e-01  3.50578278e-01  2.78796013e-02
  -1.79071411e-01 -4.60693836e-02 -2.44519353e+00  1.18114486e-01
   7.11212447e-03 -1.87681932e-02 -1.40325636e-01 -3.19988653e-02
   8.19686800e-03 -7.83566013e-02  6.30620122e-01  2.90434342e-02
  -8.05914123e-03 -1.17858134e-01 -1.54787553e-02 -5.62380115e-03]
 [-1.27881810e-01 -1.03266656e-01 -8.10221881e-02  5.30577376e-02
  -4.31149043e-02  1.39305824e-02  1.00443073e-01  9.55724567e-02
  -4.77029495e-02  2.53857747e-02  7.35754669e-02 -9.83498618e-02
   5.46396375e-02 -5.51526546e-02 -7.86463767e-02 -8.44547246e-03
  -1.40228504e-02  5.12619317e-02  1.50722917e-02  6.90094158e-02
   5.97131625e-03 -1.35125494e+00 -4.55053560e-02  1.40195051e-02
  -1.99479144e-02  2.51755584e-02 -2.07336918e-02  1.21204741e-01
   2.57815421e-03 -5.63738495e-02  4.18846309e-02  3.92752327e-02
  -5.39464988e-02 -3.52143981e-02 -6.33958057e-02  2.29744768e+00
  -4.03580479e-02 -1.08207734e-02  1.83592212e+00  4.60077614e-01
   9.08741821e-03  5.61285540e-02 -6.88315108e-02 -2.31692582e-01
  -6.91218907e-03  2.00430248e-02 -2.03656554e-01 -1.03637576e-01
   3.98092121e-02 -2.60701418e-01  2.52625561e+00  9.19882506e-02
  -8.45842004e-01  3.21505976e+00 -9.09735262e-02  1.40124653e-02
  -2.50384454e-02 -2.12894659e-02 -2.79591959e-02 -5.51665388e-02
  -8.49402696e-02 -9.71580967e-02 -1.14631325e-01 -1.12696819e-01
  -1.02221705e-01 -2.34079715e-02  3.06957271e-02 -3.01591065e-02
  -2.87893508e-02 -8.28018561e-02 -9.10638124e-02 -1.16316214e-01
  -3.35252695e-02  3.43483128e-02 -2.50722229e-01  2.43745260e-02
   2.62578316e-02  2.87454240e-02 -2.12580245e-02 -7.16326535e-02
   1.43581152e-01 -9.62168425e-02 -5.68061788e-03  3.32036056e-02
  -3.60532379e+00  4.58085127e-02 -2.84090376e+00 -4.50387131e-03
   7.41595551e-02 -2.12264759e-03 -1.87393650e-01 -8.20616558e-02
  -3.44680957e-02 -3.22842523e-02 -4.93402481e-02 -1.91318877e-02
   9.30730179e-02 -1.58713609e-01 -7.01696649e-02  1.73978949e+00
   4.28654850e-02  2.72950865e-02  2.98990477e-02 -1.01103127e-01
  -2.62847822e-02 -2.01595537e-02 -4.33439389e-02 -4.36974131e-02
   1.40210181e-01 -2.40448341e-02  1.01600230e-01 -6.30118102e-02
   7.96311572e-02 -7.26114288e-02 -3.65374498e-02 -6.81102229e-03
  -7.51336962e-02 -1.15892255e+00 -5.48700131e-02 -1.33242095e-02
   8.85329247e-02 -9.63947698e-02 -1.00475997e-01 -1.17806822e-01
  -1.06009878e-01 -6.52647391e-02 -6.60820380e-02 -1.26776658e-02
  -1.04972324e-03 -1.08843576e-02 -9.65156034e-02 -6.30875677e-02
  -6.62981048e-02 -8.91612004e-03 -9.07914527e-03 -7.53034186e-03
   9.25688148e-02  6.64009809e-01  2.15251476e-01 -8.05302635e-02
   3.82294580e-02 -9.95487869e-01 -9.98515338e-02 -9.96074919e-03
   2.34306604e-02  5.38987517e-02  3.12124991e+00  3.38988900e-02
   5.63407037e-03 -7.07839131e-02 -8.17632303e-02 -9.44065005e-02
  -2.01209746e-02 -1.50782347e-01  8.18249304e-03 -1.89017355e-02
   1.26065922e+00 -1.05165355e-01 -2.22931299e-02 -8.00149813e-02
   4.89184521e-02 -4.81497049e-02  3.44207883e-02 -3.13471174e+00
  -1.51663110e-01 -3.79894376e-02 -6.73987046e-02  1.52486367e-02
  -7.81643316e-02 -1.25016570e-01 -1.40168771e-01  7.96728551e-01
  -2.95966119e-03 -2.90401233e-03  1.10031331e+00 -3.43869328e-02
  -1.48214391e-02 -1.07787073e-01 -2.44863909e-02 -6.66443855e-02
  -8.52355361e-02  4.23213094e-03 -5.91772124e-02 -3.49440007e-03
  -1.36703655e-01  3.40028964e-02 -3.31673101e-02  4.39046472e-02
  -1.28216302e+00 -2.56121419e-02  8.17331821e-02  1.47094950e-01
   2.18148623e-02 -1.20780412e-02 -8.13043565e-02 -8.87542963e-02
   3.07964589e-02 -1.82913348e-01  3.95304896e-02 -4.60981801e-02
  -1.50909051e-01 -4.41762507e-02  4.28099036e-02 -9.70963717e-01
  -1.38512000e-01  1.16147256e+00 -3.68604846e-02 -8.44363719e-02
   1.94780380e-01  8.24000761e-02 -7.02994363e-03  9.69034255e-01
  -5.30669570e-01  1.15318549e+00  4.89628464e-02 -1.74373642e-01
   1.46962022e-02 -4.76705693e-02 -1.10967362e+00  4.80498038e-02
  -7.53813908e-02 -2.23222710e-02  4.78467315e-01  2.70747510e-03
  -2.14463663e+00  3.04391086e-02 -4.81059477e-02 -4.12789509e-02
   3.78046706e-02  1.97883267e-02 -1.33895474e-02 -1.10183349e-02
   4.91401218e-02 -1.12874592e-02  5.38641810e-02 -1.77531108e-01
   1.12534435e-02  1.09458670e-01 -1.16940832e+00 -5.41028492e-02
  -5.40034063e-02 -1.02872693e-03 -1.40618837e+00  7.10714012e-02
  -7.92028084e-02 -5.26832640e-02 -1.33260384e-01  7.71632940e-02
   2.52999645e-02  4.94878441e-02 -1.20367289e+00  3.87870194e-03
  -6.76118582e-02 -5.28872386e-02  5.21189943e-02 -1.93584666e-01]]
load model from: D:/FLINC_dataset/slides/yang_cd45_u\models\checkpoint_ViT-6-8-PT-Dino_unsupervised[250]2022-11-02.pth
![Initial Stage] clustering mode
Initialising the embedding of overall tile features...
load the exist tiles tuples from: D:/eclipse-workspace\Novo-path-V10\data/CD45_unsupervised/encodes/256-0/train_encode\ViT-6-8-encode_2022-11-18.pkl
data tuples loaded!
Using clustering: MeanShift
with bandwidth:  0.1
In fitting...