load model from: D:/FLINC_dataset/slides/yang_cd45_u\models\checkpoint_ViT-6-8-PT-Dino_unsupervised-16x16[50]2023-01-13.pth
>> copy layer: backbone.pos_embedding
>> copy layer: backbone.cls_token
>> copy layer: backbone.to_patch_embedding.1.bias
>> copy layer: backbone.transformer.layers.0.0.norm.weight
>> copy layer: backbone.transformer.layers.0.0.norm.bias
>> copy layer: backbone.transformer.layers.0.0.fn.to_qkv.weight
>> copy layer: backbone.transformer.layers.0.0.fn.to_out.0.weight
>> copy layer: backbone.transformer.layers.0.0.fn.to_out.0.bias
>> copy layer: backbone.transformer.layers.0.1.norm.weight
>> copy layer: backbone.transformer.layers.0.1.norm.bias
>> copy layer: backbone.transformer.layers.0.1.fn.net.0.weight
>> copy layer: backbone.transformer.layers.0.1.fn.net.0.bias
>> copy layer: backbone.transformer.layers.0.1.fn.net.3.weight
>> copy layer: backbone.transformer.layers.0.1.fn.net.3.bias
>> copy layer: backbone.transformer.layers.1.0.norm.weight
>> copy layer: backbone.transformer.layers.1.0.norm.bias
>> copy layer: backbone.transformer.layers.1.0.fn.to_qkv.weight
>> copy layer: backbone.transformer.layers.1.0.fn.to_out.0.weight
>> copy layer: backbone.transformer.layers.1.0.fn.to_out.0.bias
>> copy layer: backbone.transformer.layers.1.1.norm.weight
>> copy layer: backbone.transformer.layers.1.1.norm.bias
>> copy layer: backbone.transformer.layers.1.1.fn.net.0.weight
>> copy layer: backbone.transformer.layers.1.1.fn.net.0.bias
>> copy layer: backbone.transformer.layers.1.1.fn.net.3.weight
>> copy layer: backbone.transformer.layers.1.1.fn.net.3.bias
>> copy layer: backbone.transformer.layers.2.0.norm.weight
>> copy layer: backbone.transformer.layers.2.0.norm.bias
>> copy layer: backbone.transformer.layers.2.0.fn.to_qkv.weight
>> copy layer: backbone.transformer.layers.2.0.fn.to_out.0.weight
>> copy layer: backbone.transformer.layers.2.0.fn.to_out.0.bias
>> copy layer: backbone.transformer.layers.2.1.norm.weight
>> copy layer: backbone.transformer.layers.2.1.norm.bias
>> copy layer: backbone.transformer.layers.2.1.fn.net.0.weight
>> copy layer: backbone.transformer.layers.2.1.fn.net.0.bias
>> copy layer: backbone.transformer.layers.2.1.fn.net.3.weight
>> copy layer: backbone.transformer.layers.2.1.fn.net.3.bias
>> copy layer: backbone.transformer.layers.3.0.norm.weight
>> copy layer: backbone.transformer.layers.3.0.norm.bias
>> copy layer: backbone.transformer.layers.3.0.fn.to_qkv.weight
>> copy layer: backbone.transformer.layers.3.0.fn.to_out.0.weight
>> copy layer: backbone.transformer.layers.3.0.fn.to_out.0.bias
>> copy layer: backbone.transformer.layers.3.1.norm.weight
>> copy layer: backbone.transformer.layers.3.1.norm.bias
>> copy layer: backbone.transformer.layers.3.1.fn.net.0.weight
>> copy layer: backbone.transformer.layers.3.1.fn.net.0.bias
>> copy layer: backbone.transformer.layers.3.1.fn.net.3.weight
>> copy layer: backbone.transformer.layers.3.1.fn.net.3.bias
reuse model from: D:/FLINC_dataset/slides/yang_cd45_u\models\checkpoint_ViT-Region-4-6-PT-Dino_unsupervised-9x9[50]2023-04-04.pth
![Initial Stage] clustering mode
Initialising the embedding of overall tile features...
load region ctx for tile 23910-158_Sl251-C2-CD45 89 428 region_ctx_nd: (9, 9, 256)
[(85, 424), (85, 425), (85, 426), (85, 427), (85, 428), (85, 429), (85, 430), (85, 431), (86, 424), (86, 425), (86, 426), (86, 427), (86, 428), (86, 429), (86, 430), (86, 431), (87, 424), (87, 425), (87, 426), (87, 427), (87, 428), (87, 429), (87, 430), (87, 431), (88, 424), (88, 425), (88, 426), (88, 427), (88, 428), (88, 429), (88, 430), (88, 431), (89, 424), (89, 425), (89, 426), (89, 427), (89, 428), (89, 429), (89, 430), (89, 431), (90, 424), (90, 425), (90, 426), (90, 427), (90, 428), (90, 429), (90, 430), (90, 431), (91, 424), (91, 425), (91, 426), (91, 427), (91, 428), (91, 429), (91, 430), (91, 431), (92, 424), (92, 425), (92, 426), (92, 427), (92, 428), (92, 429), (92, 430), (92, 431)]
load model from: D:/FLINC_dataset/slides/yang_cd45_u\models\checkpoint_ViT-6-8-PT-Dino_unsupervised-16x16[50]2023-01-13.pth
>> copy layer: backbone.pos_embedding
>> copy layer: backbone.cls_token
>> copy layer: backbone.to_patch_embedding.1.bias
>> copy layer: backbone.transformer.layers.0.0.norm.weight
>> copy layer: backbone.transformer.layers.0.0.norm.bias
>> copy layer: backbone.transformer.layers.0.0.fn.to_qkv.weight
>> copy layer: backbone.transformer.layers.0.0.fn.to_out.0.weight
>> copy layer: backbone.transformer.layers.0.0.fn.to_out.0.bias
>> copy layer: backbone.transformer.layers.0.1.norm.weight
>> copy layer: backbone.transformer.layers.0.1.norm.bias
>> copy layer: backbone.transformer.layers.0.1.fn.net.0.weight
>> copy layer: backbone.transformer.layers.0.1.fn.net.0.bias
>> copy layer: backbone.transformer.layers.0.1.fn.net.3.weight
>> copy layer: backbone.transformer.layers.0.1.fn.net.3.bias
>> copy layer: backbone.transformer.layers.1.0.norm.weight
>> copy layer: backbone.transformer.layers.1.0.norm.bias
>> copy layer: backbone.transformer.layers.1.0.fn.to_qkv.weight
>> copy layer: backbone.transformer.layers.1.0.fn.to_out.0.weight
>> copy layer: backbone.transformer.layers.1.0.fn.to_out.0.bias
>> copy layer: backbone.transformer.layers.1.1.norm.weight
>> copy layer: backbone.transformer.layers.1.1.norm.bias
>> copy layer: backbone.transformer.layers.1.1.fn.net.0.weight
>> copy layer: backbone.transformer.layers.1.1.fn.net.0.bias
>> copy layer: backbone.transformer.layers.1.1.fn.net.3.weight
>> copy layer: backbone.transformer.layers.1.1.fn.net.3.bias
>> copy layer: backbone.transformer.layers.2.0.norm.weight
>> copy layer: backbone.transformer.layers.2.0.norm.bias
>> copy layer: backbone.transformer.layers.2.0.fn.to_qkv.weight
>> copy layer: backbone.transformer.layers.2.0.fn.to_out.0.weight
>> copy layer: backbone.transformer.layers.2.0.fn.to_out.0.bias
>> copy layer: backbone.transformer.layers.2.1.norm.weight
>> copy layer: backbone.transformer.layers.2.1.norm.bias
>> copy layer: backbone.transformer.layers.2.1.fn.net.0.weight
>> copy layer: backbone.transformer.layers.2.1.fn.net.0.bias
>> copy layer: backbone.transformer.layers.2.1.fn.net.3.weight
>> copy layer: backbone.transformer.layers.2.1.fn.net.3.bias
>> copy layer: backbone.transformer.layers.3.0.norm.weight
>> copy layer: backbone.transformer.layers.3.0.norm.bias
>> copy layer: backbone.transformer.layers.3.0.fn.to_qkv.weight
>> copy layer: backbone.transformer.layers.3.0.fn.to_out.0.weight
>> copy layer: backbone.transformer.layers.3.0.fn.to_out.0.bias
>> copy layer: backbone.transformer.layers.3.1.norm.weight
>> copy layer: backbone.transformer.layers.3.1.norm.bias
>> copy layer: backbone.transformer.layers.3.1.fn.net.0.weight
>> copy layer: backbone.transformer.layers.3.1.fn.net.0.bias
>> copy layer: backbone.transformer.layers.3.1.fn.net.3.weight
>> copy layer: backbone.transformer.layers.3.1.fn.net.3.bias
reuse model from: D:/FLINC_dataset/slides/yang_cd45_u\models\checkpoint_ViT-Region-4-6-PT-Dino_unsupervised-9x9[50]2023-04-04.pth
![Initial Stage] clustering mode
Initialising the embedding of overall tile features...
load region ctx for tile 23910-158_Sl251-C2-CD45 89 428 region_ctx_nd: (9, 9, 256)
torch.Size([1, 9, 9, 256])
load model from: D:/FLINC_dataset/slides/yang_cd45_u\models\checkpoint_ViT-6-8-PT-Dino_unsupervised-16x16[50]2023-01-13.pth
>> copy layer: backbone.pos_embedding
>> copy layer: backbone.cls_token
>> copy layer: backbone.to_patch_embedding.1.bias
>> copy layer: backbone.transformer.layers.0.0.norm.weight
>> copy layer: backbone.transformer.layers.0.0.norm.bias
>> copy layer: backbone.transformer.layers.0.0.fn.to_qkv.weight
>> copy layer: backbone.transformer.layers.0.0.fn.to_out.0.weight
>> copy layer: backbone.transformer.layers.0.0.fn.to_out.0.bias
>> copy layer: backbone.transformer.layers.0.1.norm.weight
>> copy layer: backbone.transformer.layers.0.1.norm.bias
>> copy layer: backbone.transformer.layers.0.1.fn.net.0.weight
>> copy layer: backbone.transformer.layers.0.1.fn.net.0.bias
>> copy layer: backbone.transformer.layers.0.1.fn.net.3.weight
>> copy layer: backbone.transformer.layers.0.1.fn.net.3.bias
>> copy layer: backbone.transformer.layers.1.0.norm.weight
>> copy layer: backbone.transformer.layers.1.0.norm.bias
>> copy layer: backbone.transformer.layers.1.0.fn.to_qkv.weight
>> copy layer: backbone.transformer.layers.1.0.fn.to_out.0.weight
>> copy layer: backbone.transformer.layers.1.0.fn.to_out.0.bias
>> copy layer: backbone.transformer.layers.1.1.norm.weight
>> copy layer: backbone.transformer.layers.1.1.norm.bias
>> copy layer: backbone.transformer.layers.1.1.fn.net.0.weight
>> copy layer: backbone.transformer.layers.1.1.fn.net.0.bias
>> copy layer: backbone.transformer.layers.1.1.fn.net.3.weight
>> copy layer: backbone.transformer.layers.1.1.fn.net.3.bias
>> copy layer: backbone.transformer.layers.2.0.norm.weight
>> copy layer: backbone.transformer.layers.2.0.norm.bias
>> copy layer: backbone.transformer.layers.2.0.fn.to_qkv.weight
>> copy layer: backbone.transformer.layers.2.0.fn.to_out.0.weight
>> copy layer: backbone.transformer.layers.2.0.fn.to_out.0.bias
>> copy layer: backbone.transformer.layers.2.1.norm.weight
>> copy layer: backbone.transformer.layers.2.1.norm.bias
>> copy layer: backbone.transformer.layers.2.1.fn.net.0.weight
>> copy layer: backbone.transformer.layers.2.1.fn.net.0.bias
>> copy layer: backbone.transformer.layers.2.1.fn.net.3.weight
>> copy layer: backbone.transformer.layers.2.1.fn.net.3.bias
>> copy layer: backbone.transformer.layers.3.0.norm.weight
>> copy layer: backbone.transformer.layers.3.0.norm.bias
>> copy layer: backbone.transformer.layers.3.0.fn.to_qkv.weight
>> copy layer: backbone.transformer.layers.3.0.fn.to_out.0.weight
>> copy layer: backbone.transformer.layers.3.0.fn.to_out.0.bias
>> copy layer: backbone.transformer.layers.3.1.norm.weight
>> copy layer: backbone.transformer.layers.3.1.norm.bias
>> copy layer: backbone.transformer.layers.3.1.fn.net.0.weight
>> copy layer: backbone.transformer.layers.3.1.fn.net.0.bias
>> copy layer: backbone.transformer.layers.3.1.fn.net.3.weight
>> copy layer: backbone.transformer.layers.3.1.fn.net.3.bias
reuse model from: D:/FLINC_dataset/slides/yang_cd45_u\models\checkpoint_ViT-Region-4-6-PT-Dino_unsupervised-9x9[50]2023-04-04.pth
![Initial Stage] clustering mode
Initialising the embedding of overall tile features...
load region ctx for tile 23910-158_Sl251-C2-CD45 89 428 region_ctx_nd: (9, 9, 256)
torch.Size([1, 9, 9, 256])
