load model from: D:/FLINC_dataset/slides/yang_cd45_u\models\checkpoint_ViT-6-8-PT-Dino_unsupervised[250]2022-11-02.pth
![Initial Stage] clustering mode
Initialising the embedding of overall tile features...
33311 tiles' encodes have been loaded, take 0:07:12.982417 sec
remove the old .pkl file, store 33311 tiles rich tuples at: D:/eclipse-workspace\Novo-path-V10\data/CD45_unsupervised/encodes/256-0/train_encode\ViT-6-8-encode_2022-11-21.pkl
data tuples loaded!
Using clustering: DBSCAN
In fitting...execute DBSCAN clustering on 33311 tiles with time: 0:00:14.338179 sec
store the clustering results at: D:/FLINC_dataset/slides/yang_cd45_u\models / clst-res_DBSCAN-encode_unsupervised2022-11-21.pkl
store the clustering model at: D:/FLINC_dataset/slides/yang_cd45_u\models / clst-model_DBSCAN-encode_unsupervised2022-11-21.pkl
clustering number of centres (-1 is noise): 2 [-1, 0, 1]
{-1: 25161, 0: 177, 1: 7970}
load model from: D:/FLINC_dataset/slides/yang_cd45_u\models\checkpoint_ViT-6-8-PT-Dino_unsupervised[250]2022-11-02.pth
![Initial Stage] clustering mode
Initialising the embedding of overall tile features...
load the exist tiles tuples from: D:/eclipse-workspace\Novo-path-V10\data/CD45_unsupervised/encodes/256-0/train_encode\ViT-6-8-encode_2022-11-21.pkl
data tuples loaded!
Using clustering: DBSCAN
In fitting...execute DBSCAN clustering on 33311 tiles with time: 0:00:15.367167 sec
store the clustering results at: D:/FLINC_dataset/slides/yang_cd45_u\models / clst-res_DBSCAN-encode_unsupervised2022-11-21.pkl
store the clustering model at: D:/FLINC_dataset/slides/yang_cd45_u\models / clst-model_DBSCAN-encode_unsupervised2022-11-21.pkl
clustering number of centres (-1 is noise): 1 [0, -1]
{0: 33163, -1: 146}
load model from: D:/FLINC_dataset/slides/yang_cd45_u\models\checkpoint_ViT-6-8-PT-Dino_unsupervised[250]2022-11-02.pth
![Initial Stage] clustering mode
Initialising the embedding of overall tile features...
load the exist tiles tuples from: D:/eclipse-workspace\Novo-path-V10\data/CD45_unsupervised/encodes/256-0/train_encode\ViT-6-8-encode_2022-11-21.pkl
data tuples loaded!
Using clustering: DBSCAN
In fitting...execute DBSCAN clustering on 33311 tiles with time: 0:00:14.886644 sec
store the clustering results at: D:/FLINC_dataset/slides/yang_cd45_u\models / clst-res_DBSCAN-encode_unsupervised2022-11-21.pkl
store the clustering model at: D:/FLINC_dataset/slides/yang_cd45_u\models / clst-model_DBSCAN-encode_unsupervised2022-11-21.pkl
clustering number of centres (-1 is noise): 1 [0, -1]
{0: 33241, -1: 68}
load model from: D:/FLINC_dataset/slides/yang_cd45_u\models\checkpoint_ViT-6-8-PT-Dino_unsupervised[250]2022-11-02.pth
![Initial Stage] clustering mode
Initialising the embedding of overall tile features...
load the exist tiles tuples from: D:/eclipse-workspace\Novo-path-V10\data/CD45_unsupervised/encodes/256-0/train_encode\ViT-6-8-encode_2022-11-21.pkl
data tuples loaded!
Using clustering: DBSCAN
In fitting...execute DBSCAN clustering on 33311 tiles with time: 0:00:15.236618 sec
store the clustering results at: D:/FLINC_dataset/slides/yang_cd45_u\models / clst-res_DBSCAN-encode_unsupervised2022-11-21.pkl
store the clustering model at: D:/FLINC_dataset/slides/yang_cd45_u\models / clst-model_DBSCAN-encode_unsupervised2022-11-21.pkl
clustering number of centres (-1 is noise): 1 [0, -1]
{0: 33272, -1: 37}
load model from: D:/FLINC_dataset/slides/yang_cd45_u\models\checkpoint_ViT-6-8-PT-Dino_unsupervised[250]2022-11-02.pth
![Initial Stage] clustering mode
Initialising the embedding of overall tile features...
load the exist tiles tuples from: D:/eclipse-workspace\Novo-path-V10\data/CD45_unsupervised/encodes/256-0/train_encode\ViT-6-8-encode_2022-11-21.pkl
data tuples loaded!
Using clustering: DBSCAN
In fitting...execute DBSCAN clustering on 33311 tiles with time: 0:00:14.848102 sec
store the clustering results at: D:/FLINC_dataset/slides/yang_cd45_u\models / clst-res_DBSCAN-encode_unsupervised2022-11-21.pkl
store the clustering model at: D:/FLINC_dataset/slides/yang_cd45_u\models / clst-model_DBSCAN-encode_unsupervised2022-11-21.pkl
clustering number of centres (-1 is noise): 7 [-1, 0, 1, 3, 4, 5, 2, 6]
{-1: 33060, 0: 162, 1: 18, 3: 17, 4: 16, 5: 7, 2: 18, 6: 5}
load model from: D:/FLINC_dataset/slides/yang_cd45_u\models\checkpoint_ViT-6-8-PT-Dino_unsupervised[250]2022-11-02.pth
![Initial Stage] clustering mode
Initialising the embedding of overall tile features...
load the exist tiles tuples from: D:/eclipse-workspace\Novo-path-V10\data/CD45_unsupervised/encodes/256-0/train_encode\ViT-6-8-encode_2022-11-21.pkl
data tuples loaded!
Using clustering: DBSCAN
In fitting...execute DBSCAN clustering on 33311 tiles with time: 0:00:13.833704 sec
store the clustering results at: D:/FLINC_dataset/slides/yang_cd45_u\models / clst-res_DBSCAN-encode_unsupervised2022-11-21.pkl
store the clustering model at: D:/FLINC_dataset/slides/yang_cd45_u\models / clst-model_DBSCAN-encode_unsupervised2022-11-21.pkl
clustering number of centres (-1 is noise): 0 [-1]
{-1: 33310}
load model from: D:/FLINC_dataset/slides/yang_cd45_u\models\checkpoint_ViT-6-8-PT-Dino_unsupervised[250]2022-11-02.pth
![Initial Stage] clustering mode
Initialising the embedding of overall tile features...
load the exist tiles tuples from: D:/eclipse-workspace\Novo-path-V10\data/CD45_unsupervised/encodes/256-0/train_encode\ViT-6-8-encode_2022-11-21.pkl
data tuples loaded!
Using clustering: DBSCAN
In fitting...execute DBSCAN clustering on 33311 tiles with time: 0:00:13.977046 sec
store the clustering results at: D:/FLINC_dataset/slides/yang_cd45_u\models / clst-res_DBSCAN-encode_unsupervised2022-11-21.pkl
store the clustering model at: D:/FLINC_dataset/slides/yang_cd45_u\models / clst-model_DBSCAN-encode_unsupervised2022-11-21.pkl
clustering number of centres (-1 is noise): 12 [0, -1, 1, 3, 9, 2, 10, 4, 5, 8, 6, 7, 11]
{0: 32189, -1: 1030, 1: 2, 3: 6, 9: 8, 2: 5, 10: 2, 4: 8, 5: 6, 8: 21, 6: 9, 7: 8, 11: 4}
load model from: D:/FLINC_dataset/slides/yang_cd45_u\models\checkpoint_ViT-6-8-PT-Dino_unsupervised[250]2022-11-02.pth
![Initial Stage] clustering mode
Initialising the embedding of overall tile features...
load the exist tiles tuples from: D:/eclipse-workspace\Novo-path-V10\data/CD45_unsupervised/encodes/256-0/train_encode\ViT-6-8-encode_2022-11-21.pkl
data tuples loaded!
Using clustering: DBSCAN
In fitting...execute DBSCAN clustering on 33311 tiles with time: 0:00:23.387013 sec
store the clustering results at: D:/FLINC_dataset/slides/yang_cd45_u\models / clst-res_DBSCAN-encode_unsupervised2022-11-21.pkl
store the clustering model at: D:/FLINC_dataset/slides/yang_cd45_u\models / clst-model_DBSCAN-encode_unsupervised2022-11-21.pkl
clustering number of centres (-1 is noise): 0 [0]
{0: 33310}
load model from: D:/FLINC_dataset/slides/yang_cd45_u\models\checkpoint_ViT-6-8-PT-Dino_unsupervised[250]2022-11-02.pth
![Initial Stage] clustering mode
Initialising the embedding of overall tile features...
load the exist tiles tuples from: D:/eclipse-workspace\Novo-path-V10\data/CD45_unsupervised/encodes/256-0/train_encode\ViT-6-8-encode_2022-11-21.pkl
data tuples loaded!
Using clustering: DBSCAN
In fitting...execute DBSCAN clustering on 33311 tiles with time: 0:00:18.722862 sec
store the clustering results at: D:/FLINC_dataset/slides/yang_cd45_u\models / clst-res_DBSCAN-encode_unsupervised2022-11-21.pkl
store the clustering model at: D:/FLINC_dataset/slides/yang_cd45_u\models / clst-model_DBSCAN-encode_unsupervised2022-11-21.pkl
clustering number of centres (-1 is noise): 0 [0]
{0: 33310}
load model from: D:/FLINC_dataset/slides/yang_cd45_u\models\checkpoint_ViT-6-8-PT-Dino_unsupervised[250]2022-11-02.pth
![Initial Stage] clustering mode
Initialising the embedding of overall tile features...
load the exist tiles tuples from: D:/eclipse-workspace\Novo-path-V10\data/CD45_unsupervised/encodes/256-0/train_encode\ViT-6-8-encode_2022-11-21.pkl
data tuples loaded!
Using clustering: DBSCAN
In fitting...execute DBSCAN clustering on 33311 tiles with time: 0:00:14.063459 sec
store the clustering results at: D:/FLINC_dataset/slides/yang_cd45_u\models / clst-res_DBSCAN-encode_unsupervised2022-11-21.pkl
store the clustering model at: D:/FLINC_dataset/slides/yang_cd45_u\models / clst-model_DBSCAN-encode_unsupervised2022-11-21.pkl
clustering number of centres (-1 is noise): 7 [-1, 0, 1, 3, 4, 5, 2, 6]
{-1: 33060, 0: 162, 1: 18, 3: 17, 4: 16, 5: 7, 2: 18, 6: 5}
load model from: D:/FLINC_dataset/slides/yang_cd45_u\models\checkpoint_ViT-6-8-PT-Dino_unsupervised[250]2022-11-02.pth
![Initial Stage] clustering mode
Initialising the embedding of overall tile features...
load the exist tiles tuples from: D:/eclipse-workspace\Novo-path-V10\data/CD45_unsupervised/encodes/256-0/train_encode\ViT-6-8-encode_2022-11-21.pkl
data tuples loaded!
Using clustering: DBSCAN
In fitting...execute DBSCAN clustering on 33311 tiles with time: 0:00:13.720004 sec
store the clustering results at: D:/FLINC_dataset/slides/yang_cd45_u\models / clst-res_DBSCAN-encode_unsupervised2022-11-21.pkl
store the clustering model at: D:/FLINC_dataset/slides/yang_cd45_u\models / clst-model_DBSCAN-encode_unsupervised2022-11-21.pkl
clustering number of centres (-1 is noise): 1 [-1, 0]
{-1: 28210, 0: 5099}
load model from: D:/FLINC_dataset/slides/yang_cd45_u\models\checkpoint_ViT-6-8-PT-Dino_unsupervised[250]2022-11-02.pth
![Initial Stage] clustering mode
Initialising the embedding of overall tile features...
load the exist tiles tuples from: D:/eclipse-workspace\Novo-path-V10\data/CD45_unsupervised/encodes/256-0/train_encode\ViT-6-8-encode_2022-11-21.pkl
data tuples loaded!
Using clustering: DBSCAN
In fitting...execute DBSCAN clustering on 33311 tiles with time: 0:00:14.158184 sec
store the clustering results at: D:/FLINC_dataset/slides/yang_cd45_u\models / clst-res_DBSCAN-encode_unsupervised2022-11-21.pkl
store the clustering model at: D:/FLINC_dataset/slides/yang_cd45_u\models / clst-model_DBSCAN-encode_unsupervised2022-11-21.pkl
clustering number of centres (-1 is noise): 0 [-1]
{-1: 33310}
load model from: D:/FLINC_dataset/slides/yang_cd45_u\models\checkpoint_ViT-6-8-PT-Dino_unsupervised[250]2022-11-02.pth
![Initial Stage] clustering mode
Initialising the embedding of overall tile features...
load the exist tiles tuples from: D:/eclipse-workspace\Novo-path-V10\data/CD45_unsupervised/encodes/256-0/train_encode\ViT-6-8-encode_2022-11-21.pkl
data tuples loaded!
Using clustering: DBSCAN
In fitting...execute DBSCAN clustering on 33311 tiles with time: 0:00:19.215523 sec
store the clustering results at: D:/FLINC_dataset/slides/yang_cd45_u\models / clst-res_DBSCAN-encode_unsupervised2022-11-21.pkl
store the clustering model at: D:/FLINC_dataset/slides/yang_cd45_u\models / clst-model_DBSCAN-encode_unsupervised2022-11-21.pkl
clustering number of centres (-1 is noise): 0 [0]
{0: 33310}
load model from: D:/FLINC_dataset/slides/yang_cd45_u\models\checkpoint_ViT-6-8-PT-Dino_unsupervised[250]2022-11-02.pth
![Initial Stage] clustering mode
Initialising the embedding of overall tile features...
load the exist tiles tuples from: D:/eclipse-workspace\Novo-path-V10\data/CD45_unsupervised/encodes/256-0/train_encode\ViT-6-8-encode_2022-11-21.pkl
data tuples loaded!
Using clustering: DBSCAN
In fitting...execute DBSCAN clustering on 33311 tiles with time: 0:00:19.318679 sec
store the clustering results at: D:/FLINC_dataset/slides/yang_cd45_u\models / clst-res_DBSCAN-encode_unsupervised2022-11-21.pkl
store the clustering model at: D:/FLINC_dataset/slides/yang_cd45_u\models / clst-model_DBSCAN-encode_unsupervised2022-11-21.pkl
clustering number of centres (-1 is noise): 0 [0]
{0: 33310}
load model from: D:/FLINC_dataset/slides/yang_cd45_u\models\checkpoint_ViT-6-8-PT-Dino_unsupervised[250]2022-11-02.pth
![Initial Stage] clustering mode
Initialising the embedding of overall tile features...
load the exist tiles tuples from: D:/eclipse-workspace\Novo-path-V10\data/CD45_unsupervised/encodes/256-0/train_encode\ViT-6-8-encode_2022-11-21.pkl
data tuples loaded!
Using clustering: DBSCAN
In fitting...execute DBSCAN clustering on 33311 tiles with time: 0:00:19.968998 sec
store the clustering results at: D:/FLINC_dataset/slides/yang_cd45_u\models / clst-res_DBSCAN-encode_unsupervised2022-11-21.pkl
store the clustering model at: D:/FLINC_dataset/slides/yang_cd45_u\models / clst-model_DBSCAN-encode_unsupervised2022-11-21.pkl
clustering number of centres (-1 is noise): 0 [0]
{0: 33310}
load model from: D:/FLINC_dataset/slides/yang_cd45_u\models\checkpoint_ViT-6-8-PT-Dino_unsupervised[250]2022-11-02.pth
![Initial Stage] clustering mode
Initialising the embedding of overall tile features...
load the exist tiles tuples from: D:/eclipse-workspace\Novo-path-V10\data/CD45_unsupervised/encodes/256-0/train_encode\ViT-6-8-encode_2022-11-21.pkl
data tuples loaded!
Using clustering: DBSCAN
In fitting...execute DBSCAN clustering on 33311 tiles with time: 0:00:22.730050 sec
store the clustering results at: D:/FLINC_dataset/slides/yang_cd45_u\models / clst-res_DBSCAN-encode_unsupervised2022-11-21.pkl
store the clustering model at: D:/FLINC_dataset/slides/yang_cd45_u\models / clst-model_DBSCAN-encode_unsupervised2022-11-21.pkl
clustering number of centres (-1 is noise): 0 [0]
{0: 33310}
load model from: D:/FLINC_dataset/slides/yang_cd45_u\models\checkpoint_ViT-6-8-PT-Dino_unsupervised[250]2022-11-02.pth
![Initial Stage] clustering mode
Initialising the embedding of overall tile features...
load the exist tiles tuples from: D:/eclipse-workspace\Novo-path-V10\data/CD45_unsupervised/encodes/256-0/train_encode\ViT-6-8-encode_2022-11-21.pkl
data tuples loaded!
Using clustering: DBSCAN
In fitting...execute DBSCAN clustering on 33311 tiles with time: 0:00:13.711929 sec
store the clustering results at: D:/FLINC_dataset/slides/yang_cd45_u\models / clst-res_DBSCAN-encode_unsupervised2022-11-21.pkl
store the clustering model at: D:/FLINC_dataset/slides/yang_cd45_u\models / clst-model_DBSCAN-encode_unsupervised2022-11-21.pkl
clustering number of centres (-1 is noise): 1 [-1, 0]
{-1: 33153, 0: 156}
