load model from: D:/FLINC_dataset/slides/yang_cd45_u\models\checkpoint_ViT-6-8-PT-Dino_unsupervised[250]2022-11-02.pth
![Initial Stage] clustering mode
Initialising the embedding of overall tile features...
33311 tiles' encodes have been loaded, take 0:07:08.006005 sec
store 33311 tiles rich tuples at: D:/eclipse-workspace\Novo-path-V10\data/CD45_unsupervised/encodes/256-0/train_encode\ViT-6-8-encode_2022-11-21.pkl
data tuples loaded!
Using clustering: DBSCAN
In fitting...execute DBSCAN clustering on 33311 tiles with time: 0:00:14.404254 sec
store the clustering results at: D:/FLINC_dataset/slides/yang_cd45_u\models / clst-res_DBSCAN-encode_unsupervised2022-11-21.pkl
store the clustering model at: D:/FLINC_dataset/slides/yang_cd45_u\models / clst-model_DBSCAN-encode_unsupervised2022-11-21.pkl
clustering number of centres (-1 is noise): 7 [-1, 0, 1, 3, 4, 5, 2, 6]
{-1: 33060, 0: 162, 1: 18, 3: 17, 4: 16, 5: 7, 2: 18, 6: 5}
load model from: D:/FLINC_dataset/slides/yang_cd45_u\models\checkpoint_ViT-6-8-PT-Dino_unsupervised[250]2022-11-02.pth
![Initial Stage] clustering mode
Initialising the embedding of overall tile features...
33311 tiles' encodes have been loaded, take 0:07:13.826486 sec
remove the old .pkl file, store 33311 tiles rich tuples at: D:/eclipse-workspace\Novo-path-V10\data/CD45_unsupervised/encodes/256-0/train_encode\ViT-6-8-encode_2022-11-21.pkl
data tuples loaded!
Using clustering: DBSCAN
In fitting...execute DBSCAN clustering on 33311 tiles with time: 0:00:14.092003 sec
store the clustering results at: D:/FLINC_dataset/slides/yang_cd45_u\models / clst-res_DBSCAN-encode_unsupervised2022-11-21.pkl
store the clustering model at: D:/FLINC_dataset/slides/yang_cd45_u\models / clst-model_DBSCAN-encode_unsupervised2022-11-21.pkl
clustering number of centres (-1 is noise): 17 [-1, 0, 1, 9, 8, 16, 2, 3, 14, 6, 4, 12, 11, 7, 15, 13, 5, 10]
{-1: 28250, 0: 172, 1: 4657, 9: 36, 8: 34, 16: 10, 2: 14, 3: 7, 14: 9, 6: 9, 4: 17, 12: 33, 11: 11, 7: 5, 15: 9, 13: 7, 5: 10, 10: 3}
