automatically find CSV file: P62_ballooning_score_bi.csv
get the tiles encoding matrix for slide: 23910-158_Sl001-C2-P62
Store slide tiles matrix at: D:/eclipse-workspace\Novo-path-V10\data/P62_unsupervised/encodes/128-0/train_encode\23910-158_Sl001-C2-P62-(tiles_encode).npy
get the tiles encoding matrix for slide: 23910-158_Sl002-C2-P62
Store slide tiles matrix at: D:/eclipse-workspace\Novo-path-V10\data/P62_unsupervised/encodes/128-0/train_encode\23910-158_Sl002-C2-P62-(tiles_encode).npy
get the tiles encoding matrix for slide: 23910-158_Sl003-C3-P62
Store slide tiles matrix at: D:/eclipse-workspace\Novo-path-V10\data/P62_unsupervised/encodes/128-0/train_encode\23910-158_Sl003-C3-P62-(tiles_encode).npy
get the tiles encoding matrix for slide: 23910-158_Sl004-C4-P62
Store slide tiles matrix at: D:/eclipse-workspace\Novo-path-V10\data/P62_unsupervised/encodes/128-0/train_encode\23910-158_Sl004-C4-P62-(tiles_encode).npy
get the tiles encoding matrix for slide: 23910-158_Sl005-C5-P62
Store slide tiles matrix at: D:/eclipse-workspace\Novo-path-V10\data/P62_unsupervised/encodes/128-0/train_encode\23910-158_Sl005-C5-P62-(tiles_encode).npy
get the tiles encoding matrix for slide: 23910-158_Sl006-C5-P62
Store slide tiles matrix at: D:/eclipse-workspace\Novo-path-V10\data/P62_unsupervised/encodes/128-0/train_encode\23910-158_Sl006-C5-P62-(tiles_encode).npy
get the tiles encoding matrix for slide: 23910-158_Sl007-C6-P62
Store slide tiles matrix at: D:/eclipse-workspace\Novo-path-V10\data/P62_unsupervised/encodes/128-0/train_encode\23910-158_Sl007-C6-P62-(tiles_encode).npy
get the tiles encoding matrix for slide: 23910-158_Sl008-C6-P62
Store slide tiles matrix at: D:/eclipse-workspace\Novo-path-V10\data/P62_unsupervised/encodes/128-0/train_encode\23910-158_Sl008-C6-P62-(tiles_encode).npy
get the tiles encoding matrix for slide: 23910-158_Sl009-C7-P62
Store slide tiles matrix at: D:/eclipse-workspace\Novo-path-V10\data/P62_unsupervised/encodes/128-0/train_encode\23910-158_Sl009-C7-P62-(tiles_encode).npy
get the tiles encoding matrix for slide: 23910-158_Sl010-C7-P62
Store slide tiles matrix at: D:/eclipse-workspace\Novo-path-V10\data/P62_unsupervised/encodes/128-0/train_encode\23910-158_Sl010-C7-P62-(tiles_encode).npy
get the tiles encoding matrix for slide: 23910-158_Sl011-C9-P62
Store slide tiles matrix at: D:/eclipse-workspace\Novo-path-V10\data/P62_unsupervised/encodes/128-0/train_encode\23910-158_Sl011-C9-P62-(tiles_encode).npy
get the tiles encoding matrix for slide: 23910-158_Sl012-C9-P62
Store slide tiles matrix at: D:/eclipse-workspace\Novo-path-V10\data/P62_unsupervised/encodes/128-0/train_encode\23910-158_Sl012-C9-P62-(tiles_encode).npy
get the tiles encoding matrix for slide: 23910-158_Sl013-C10-P62
Store slide tiles matrix at: D:/eclipse-workspace\Novo-path-V10\data/P62_unsupervised/encodes/128-0/train_encode\23910-158_Sl013-C10-P62-(tiles_encode).npy
get the tiles encoding matrix for slide: 23910-158_Sl014-C10-P62
Store slide tiles matrix at: D:/eclipse-workspace\Novo-path-V10\data/P62_unsupervised/encodes/128-0/train_encode\23910-158_Sl014-C10-P62-(tiles_encode).npy
get the tiles encoding matrix for slide: 23910-158_Sl015-C11-P62
Store slide tiles matrix at: D:/eclipse-workspace\Novo-path-V10\data/P62_unsupervised/encodes/128-0/train_encode\23910-158_Sl015-C11-P62-(tiles_encode).npy
get the tiles encoding matrix for slide: 23910-158_Sl016-C11-P62
Store slide tiles matrix at: D:/eclipse-workspace\Novo-path-V10\data/P62_unsupervised/encodes/128-0/train_encode\23910-158_Sl016-C11-P62-(tiles_encode).npy
get the tiles encoding matrix for slide: 23910-158_Sl017-C12-P62
Store slide tiles matrix at: D:/eclipse-workspace\Novo-path-V10\data/P62_unsupervised/encodes/128-0/train_encode\23910-158_Sl017-C12-P62-(tiles_encode).npy
get the tiles encoding matrix for slide: 23910-158_Sl018-C12-P62
Store slide tiles matrix at: D:/eclipse-workspace\Novo-path-V10\data/P62_unsupervised/encodes/128-0/train_encode\23910-158_Sl018-C12-P62-(tiles_encode).npy
get the tiles encoding matrix for slide: 23910-158_Sl019-C13-P62
Store slide tiles matrix at: D:/eclipse-workspace\Novo-path-V10\data/P62_unsupervised/encodes/128-0/train_encode\23910-158_Sl019-C13-P62-(tiles_encode).npy
get the tiles encoding matrix for slide: 23910-158_Sl020-C13-P62
Store slide tiles matrix at: D:/eclipse-workspace\Novo-path-V10\data/P62_unsupervised/encodes/128-0/train_encode\23910-158_Sl020-C13-P62-(tiles_encode).npy
get the tiles encoding matrix for slide: 23910-158_Sl021-C14-P62
Store slide tiles matrix at: D:/eclipse-workspace\Novo-path-V10\data/P62_unsupervised/encodes/128-0/train_encode\23910-158_Sl021-C14-P62-(tiles_encode).npy
get the tiles encoding matrix for slide: 23910-158_Sl022-C14-P62
Store slide tiles matrix at: D:/eclipse-workspace\Novo-path-V10\data/P62_unsupervised/encodes/128-0/train_encode\23910-158_Sl022-C14-P62-(tiles_encode).npy
get the tiles encoding matrix for slide: 23910-158_Sl023-C15-P62
Store slide tiles matrix at: D:/eclipse-workspace\Novo-path-V10\data/P62_unsupervised/encodes/128-0/train_encode\23910-158_Sl023-C15-P62-(tiles_encode).npy
get the tiles encoding matrix for slide: 23910-158_Sl024-C15-P62
Store slide tiles matrix at: D:/eclipse-workspace\Novo-path-V10\data/P62_unsupervised/encodes/128-0/train_encode\23910-158_Sl024-C15-P62-(tiles_encode).npy
get the tiles encoding matrix for slide: 23910-158_Sl025-C16-P62
Store slide tiles matrix at: D:/eclipse-workspace\Novo-path-V10\data/P62_unsupervised/encodes/128-0/train_encode\23910-158_Sl025-C16-P62-(tiles_encode).npy
get the tiles encoding matrix for slide: 23910-158_Sl026-C17-P62
Store slide tiles matrix at: D:/eclipse-workspace\Novo-path-V10\data/P62_unsupervised/encodes/128-0/train_encode\23910-158_Sl026-C17-P62-(tiles_encode).npy
get the tiles encoding matrix for slide: 23910-158_Sl027-C17-P62
Store slide tiles matrix at: D:/eclipse-workspace\Novo-path-V10\data/P62_unsupervised/encodes/128-0/train_encode\23910-158_Sl027-C17-P62-(tiles_encode).npy
get the tiles encoding matrix for slide: 23910-158_Sl028-C18-P62
Store slide tiles matrix at: D:/eclipse-workspace\Novo-path-V10\data/P62_unsupervised/encodes/128-0/train_encode\23910-158_Sl028-C18-P62-(tiles_encode).npy
get the tiles encoding matrix for slide: 23910-158_Sl029-C18-P62
Store slide tiles matrix at: D:/eclipse-workspace\Novo-path-V10\data/P62_unsupervised/encodes/128-0/train_encode\23910-158_Sl029-C18-P62-(tiles_encode).npy
get the tiles encoding matrix for slide: 23910-158_Sl030-C19-P62
Store slide tiles matrix at: D:/eclipse-workspace\Novo-path-V10\data/P62_unsupervised/encodes/128-0/train_encode\23910-158_Sl030-C19-P62-(tiles_encode).npy
get the tiles encoding matrix for slide: 23910-158_Sl031-C19-P62
Store slide tiles matrix at: D:/eclipse-workspace\Novo-path-V10\data/P62_unsupervised/encodes/128-0/train_encode\23910-158_Sl031-C19-P62-(tiles_encode).npy
get the tiles encoding matrix for slide: 23910-158_Sl032-C21-P62
Store slide tiles matrix at: D:/eclipse-workspace\Novo-path-V10\data/P62_unsupervised/encodes/128-0/train_encode\23910-158_Sl032-C21-P62-(tiles_encode).npy
get the tiles encoding matrix for slide: 23910-158_Sl033-C21-P62
Store slide tiles matrix at: D:/eclipse-workspace\Novo-path-V10\data/P62_unsupervised/encodes/128-0/train_encode\23910-158_Sl033-C21-P62-(tiles_encode).npy
get the tiles encoding matrix for slide: 23910-158_Sl034-C24-P62
Store slide tiles matrix at: D:/eclipse-workspace\Novo-path-V10\data/P62_unsupervised/encodes/128-0/train_encode\23910-158_Sl034-C24-P62-(tiles_encode).npy
get the tiles encoding matrix for slide: 23910-158_Sl035-C24-P62
Store slide tiles matrix at: D:/eclipse-workspace\Novo-path-V10\data/P62_unsupervised/encodes/128-0/train_encode\23910-158_Sl035-C24-P62-(tiles_encode).npy
get the tiles encoding matrix for slide: 23910-158_Sl036-C27-P62
Store slide tiles matrix at: D:/eclipse-workspace\Novo-path-V10\data/P62_unsupervised/encodes/128-0/train_encode\23910-158_Sl036-C27-P62-(tiles_encode).npy
get the tiles encoding matrix for slide: 23910-158_Sl037-C29-P62
Store slide tiles matrix at: D:/eclipse-workspace\Novo-path-V10\data/P62_unsupervised/encodes/128-0/train_encode\23910-158_Sl037-C29-P62-(tiles_encode).npy
get the tiles encoding matrix for slide: 23910-158_Sl038-C29-P62
Store slide tiles matrix at: D:/eclipse-workspace\Novo-path-V10\data/P62_unsupervised/encodes/128-0/train_encode\23910-158_Sl038-C29-P62-(tiles_encode).npy
get the tiles encoding matrix for slide: 23910-158_Sl039-C30-P62
Store slide tiles matrix at: D:/eclipse-workspace\Novo-path-V10\data/P62_unsupervised/encodes/128-0/train_encode\23910-158_Sl039-C30-P62-(tiles_encode).npy
get the tiles encoding matrix for slide: 23910-158_Sl041-C32-P62
Store slide tiles matrix at: D:/eclipse-workspace\Novo-path-V10\data/P62_unsupervised/encodes/128-0/train_encode\23910-158_Sl041-C32-P62-(tiles_encode).npy
get the tiles encoding matrix for slide: 23910-158_Sl042-C32-P62
Store slide tiles matrix at: D:/eclipse-workspace\Novo-path-V10\data/P62_unsupervised/encodes/128-0/train_encode\23910-158_Sl042-C32-P62-(tiles_encode).npy
get the tiles encoding matrix for slide: 23910-158_Sl043-C34-P62
Store slide tiles matrix at: D:/eclipse-workspace\Novo-path-V10\data/P62_unsupervised/encodes/128-0/train_encode\23910-158_Sl043-C34-P62-(tiles_encode).npy
get the tiles encoding matrix for slide: 23910-158_Sl044-C34-P62
Store slide tiles matrix at: D:/eclipse-workspace\Novo-path-V10\data/P62_unsupervised/encodes/128-0/train_encode\23910-158_Sl044-C34-P62-(tiles_encode).npy
get the tiles encoding matrix for slide: 23910-158_Sl045-C35-P62
Store slide tiles matrix at: D:/eclipse-workspace\Novo-path-V10\data/P62_unsupervised/encodes/128-0/train_encode\23910-158_Sl045-C35-P62-(tiles_encode).npy
get the tiles encoding matrix for slide: 23910-158_Sl046-C35-P62
Store slide tiles matrix at: D:/eclipse-workspace\Novo-path-V10\data/P62_unsupervised/encodes/128-0/train_encode\23910-158_Sl046-C35-P62-(tiles_encode).npy
get the tiles encoding matrix for slide: 23910-158_Sl047-C36-P62
Store slide tiles matrix at: D:/eclipse-workspace\Novo-path-V10\data/P62_unsupervised/encodes/128-0/train_encode\23910-158_Sl047-C36-P62-(tiles_encode).npy
get the tiles encoding matrix for slide: 23910-158_Sl048-C36-P62
Store slide tiles matrix at: D:/eclipse-workspace\Novo-path-V10\data/P62_unsupervised/encodes/128-0/train_encode\23910-158_Sl048-C36-P62-(tiles_encode).npy
get the tiles encoding matrix for slide: 23910-158_Sl049-C40-P62
Store slide tiles matrix at: D:/eclipse-workspace\Novo-path-V10\data/P62_unsupervised/encodes/128-0/train_encode\23910-158_Sl049-C40-P62-(tiles_encode).npy
get the tiles encoding matrix for slide: 23910-158_Sl050-C40-P62
Store slide tiles matrix at: D:/eclipse-workspace\Novo-path-V10\data/P62_unsupervised/encodes/128-0/train_encode\23910-158_Sl050-C40-P62-(tiles_encode).npy
get the tiles encoding matrix for slide: 23910-158_Sl052-C42-P62
Store slide tiles matrix at: D:/eclipse-workspace\Novo-path-V10\data/P62_unsupervised/encodes/128-0/train_encode\23910-158_Sl052-C42-P62-(tiles_encode).npy
get the tiles encoding matrix for slide: 23910-158_Sl053-C46-P62
Store slide tiles matrix at: D:/eclipse-workspace\Novo-path-V10\data/P62_unsupervised/encodes/128-0/train_encode\23910-158_Sl053-C46-P62-(tiles_encode).npy
get the tiles encoding matrix for slide: 23910-158_Sl054-C46-P62
Store slide tiles matrix at: D:/eclipse-workspace\Novo-path-V10\data/P62_unsupervised/encodes/128-0/train_encode\23910-158_Sl054-C46-P62-(tiles_encode).npy
get the tiles encoding matrix for slide: 23910-158_Sl055-C47-P62
Store slide tiles matrix at: D:/eclipse-workspace\Novo-path-V10\data/P62_unsupervised/encodes/128-0/train_encode\23910-158_Sl055-C47-P62-(tiles_encode).npy
get the tiles encoding matrix for slide: 23910-158_Sl056-C47-P62
Store slide tiles matrix at: D:/eclipse-workspace\Novo-path-V10\data/P62_unsupervised/encodes/128-0/train_encode\23910-158_Sl056-C47-P62-(tiles_encode).npy
get the tiles encoding matrix for slide: 23910-158_Sl057-C48-P62
Store slide tiles matrix at: D:/eclipse-workspace\Novo-path-V10\data/P62_unsupervised/encodes/128-0/train_encode\23910-158_Sl057-C48-P62-(tiles_encode).npy
get the tiles encoding matrix for slide: 23910-158_Sl058-C49-P62
Store slide tiles matrix at: D:/eclipse-workspace\Novo-path-V10\data/P62_unsupervised/encodes/128-0/train_encode\23910-158_Sl058-C49-P62-(tiles_encode).npy
get the tiles encoding matrix for slide: 23910-158_Sl059-C49-P62
Store slide tiles matrix at: D:/eclipse-workspace\Novo-path-V10\data/P62_unsupervised/encodes/128-0/train_encode\23910-158_Sl059-C49-P62-(tiles_encode).npy
get the tiles encoding matrix for slide: 23910-158_Sl060-C55-P62
Store slide tiles matrix at: D:/eclipse-workspace\Novo-path-V10\data/P62_unsupervised/encodes/128-0/train_encode\23910-158_Sl060-C55-P62-(tiles_encode).npy
load model from: D:/FLINC_dataset/slides/yang_p62\models\checkpoint_GatedAttPool-g_Pool-1_ballooning_score_bi_[114]2023-10-20.pth
<-- load the tiles' attention score for 58 slides -->
load model from: D:/FLINC_dataset/slides/yang_p62\models\checkpoint_GatedAttPool-g_Pool-2_ballooning_score_bi_[125]2023-10-20.pth
<-- load the tiles' attention score for 58 slides -->
load model from: D:/FLINC_dataset/slides/yang_p62\models\checkpoint_GatedAttPool-g_Pool-3_ballooning_score_bi_[153]2023-10-20.pth
<-- load the tiles' attention score for 58 slides -->
load model from: D:/FLINC_dataset/slides/yang_p62\models\checkpoint_GatedAttPool-g_Pool-4_ballooning_score_bi_[99]2023-10-20.pth
<-- load the tiles' attention score for 58 slides -->
load model from: D:/FLINC_dataset/slides/yang_p62\models\checkpoint_GatedAttPool-g_Pool-7_ballooning_score_bi_[149]2023-10-22.pth
<-- load the tiles' attention score for 58 slides -->
originally attention tiles: 1890 in slide: 23910-158_Sl001-C2-P62
fill surrounding tiles: 1247 in round: 1
fill surrounding tiles: 472 in round: 2
fill surrounding tiles: 98 in round: 3
all/k selection ratio in this slide: (7562 / 3707)
originally attention tiles: 1789 in slide: 23910-158_Sl002-C2-P62
fill surrounding tiles: 1035 in round: 1
fill surrounding tiles: 382 in round: 2
fill surrounding tiles: 75 in round: 3
all/k selection ratio in this slide: (10649 / 3281)
originally attention tiles: 866 in slide: 23910-158_Sl003-C3-P62
fill surrounding tiles: 409 in round: 1
fill surrounding tiles: 124 in round: 2
fill surrounding tiles: 19 in round: 3
all/k selection ratio in this slide: (4927 / 1418)
originally attention tiles: 4401 in slide: 23910-158_Sl004-C4-P62
fill surrounding tiles: 3014 in round: 1
fill surrounding tiles: 1126 in round: 2
fill surrounding tiles: 240 in round: 3
all/k selection ratio in this slide: (17606 / 8781)
originally attention tiles: 1409 in slide: 23910-158_Sl005-C5-P62
fill surrounding tiles: 899 in round: 1
fill surrounding tiles: 389 in round: 2
fill surrounding tiles: 64 in round: 3
all/k selection ratio in this slide: (7853 / 2761)
originally attention tiles: 1462 in slide: 23910-158_Sl006-C5-P62
fill surrounding tiles: 996 in round: 1
fill surrounding tiles: 442 in round: 2
fill surrounding tiles: 93 in round: 3
all/k selection ratio in this slide: (7256 / 2993)
originally attention tiles: 1901 in slide: 23910-158_Sl007-C6-P62
fill surrounding tiles: 1055 in round: 1
fill surrounding tiles: 335 in round: 2
fill surrounding tiles: 50 in round: 3
all/k selection ratio in this slide: (7606 / 3341)
originally attention tiles: 1156 in slide: 23910-158_Sl008-C6-P62
fill surrounding tiles: 397 in round: 1
fill surrounding tiles: 90 in round: 2
fill surrounding tiles: 7 in round: 3
all/k selection ratio in this slide: (4627 / 1650)
originally attention tiles: 1067 in slide: 23910-158_Sl009-C7-P62
fill surrounding tiles: 605 in round: 1
fill surrounding tiles: 210 in round: 2
fill surrounding tiles: 30 in round: 3
all/k selection ratio in this slide: (4271 / 1912)
originally attention tiles: 1765 in slide: 23910-158_Sl010-C7-P62
fill surrounding tiles: 1181 in round: 1
fill surrounding tiles: 477 in round: 2
fill surrounding tiles: 93 in round: 3
all/k selection ratio in this slide: (7571 / 3516)
originally attention tiles: 1915 in slide: 23910-158_Sl011-C9-P62
fill surrounding tiles: 1431 in round: 1
fill surrounding tiles: 575 in round: 2
fill surrounding tiles: 138 in round: 3
all/k selection ratio in this slide: (7662 / 4059)
originally attention tiles: 1500 in slide: 23910-158_Sl012-C9-P62
fill surrounding tiles: 873 in round: 1
fill surrounding tiles: 317 in round: 2
fill surrounding tiles: 64 in round: 3
all/k selection ratio in this slide: (10507 / 2754)
originally attention tiles: 1591 in slide: 23910-158_Sl013-C10-P62
fill surrounding tiles: 1104 in round: 1
fill surrounding tiles: 414 in round: 2
fill surrounding tiles: 77 in round: 3
all/k selection ratio in this slide: (6366 / 3186)
originally attention tiles: 566 in slide: 23910-158_Sl014-C10-P62
fill surrounding tiles: 230 in round: 1
fill surrounding tiles: 77 in round: 2
fill surrounding tiles: 11 in round: 3
all/k selection ratio in this slide: (6602 / 884)
originally attention tiles: 1747 in slide: 23910-158_Sl015-C11-P62
fill surrounding tiles: 1243 in round: 1
fill surrounding tiles: 472 in round: 2
fill surrounding tiles: 95 in round: 3
all/k selection ratio in this slide: (6991 / 3557)
originally attention tiles: 1992 in slide: 23910-158_Sl016-C11-P62
fill surrounding tiles: 1339 in round: 1
fill surrounding tiles: 456 in round: 2
fill surrounding tiles: 88 in round: 3
all/k selection ratio in this slide: (7970 / 3875)
originally attention tiles: 1181 in slide: 23910-158_Sl017-C12-P62
fill surrounding tiles: 714 in round: 1
fill surrounding tiles: 257 in round: 2
fill surrounding tiles: 46 in round: 3
all/k selection ratio in this slide: (6071 / 2198)
originally attention tiles: 419 in slide: 23910-158_Sl018-C12-P62
fill surrounding tiles: 168 in round: 1
fill surrounding tiles: 38 in round: 2
fill surrounding tiles: 8 in round: 3
all/k selection ratio in this slide: (1679 / 633)
originally attention tiles: 416 in slide: 23910-158_Sl019-C13-P62
fill surrounding tiles: 83 in round: 1
fill surrounding tiles: 15 in round: 2
fill surrounding tiles: 2 in round: 3
all/k selection ratio in this slide: (1666 / 516)
originally attention tiles: 1100 in slide: 23910-158_Sl020-C13-P62
fill surrounding tiles: 430 in round: 1
fill surrounding tiles: 90 in round: 2
fill surrounding tiles: 2 in round: 3
all/k selection ratio in this slide: (4400 / 1622)
originally attention tiles: 2024 in slide: 23910-158_Sl021-C14-P62
fill surrounding tiles: 1416 in round: 1
fill surrounding tiles: 609 in round: 2
fill surrounding tiles: 132 in round: 3
all/k selection ratio in this slide: (9453 / 4181)
originally attention tiles: 2338 in slide: 23910-158_Sl022-C14-P62
fill surrounding tiles: 1667 in round: 1
fill surrounding tiles: 740 in round: 2
fill surrounding tiles: 169 in round: 3
all/k selection ratio in this slide: (9355 / 4914)
originally attention tiles: 1858 in slide: 23910-158_Sl023-C15-P62
fill surrounding tiles: 1183 in round: 1
fill surrounding tiles: 442 in round: 2
fill surrounding tiles: 86 in round: 3
all/k selection ratio in this slide: (7435 / 3569)
originally attention tiles: 462 in slide: 23910-158_Sl024-C15-P62
fill surrounding tiles: 233 in round: 1
fill surrounding tiles: 80 in round: 2
fill surrounding tiles: 16 in round: 3
all/k selection ratio in this slide: (2325 / 791)
originally attention tiles: 808 in slide: 23910-158_Sl025-C16-P62
fill surrounding tiles: 137 in round: 1
fill surrounding tiles: 20 in round: 2
fill surrounding tiles: 2 in round: 3
all/k selection ratio in this slide: (3235 / 967)
originally attention tiles: 2604 in slide: 23910-158_Sl026-C17-P62
fill surrounding tiles: 1797 in round: 1
fill surrounding tiles: 644 in round: 2
fill surrounding tiles: 159 in round: 3
all/k selection ratio in this slide: (10416 / 5204)
originally attention tiles: 1000 in slide: 23910-158_Sl027-C17-P62
fill surrounding tiles: 605 in round: 1
fill surrounding tiles: 275 in round: 2
fill surrounding tiles: 48 in round: 3
all/k selection ratio in this slide: (7551 / 1928)
originally attention tiles: 1025 in slide: 23910-158_Sl028-C18-P62
fill surrounding tiles: 719 in round: 1
fill surrounding tiles: 272 in round: 2
fill surrounding tiles: 70 in round: 3
all/k selection ratio in this slide: (5869 / 2086)
originally attention tiles: 1628 in slide: 23910-158_Sl029-C18-P62
fill surrounding tiles: 1035 in round: 1
fill surrounding tiles: 348 in round: 2
fill surrounding tiles: 74 in round: 3
all/k selection ratio in this slide: (6513 / 3085)
originally attention tiles: 2134 in slide: 23910-158_Sl030-C19-P62
fill surrounding tiles: 1350 in round: 1
fill surrounding tiles: 432 in round: 2
fill surrounding tiles: 73 in round: 3
all/k selection ratio in this slide: (8539 / 3989)
originally attention tiles: 886 in slide: 23910-158_Sl031-C19-P62
fill surrounding tiles: 497 in round: 1
fill surrounding tiles: 184 in round: 2
fill surrounding tiles: 33 in round: 3
all/k selection ratio in this slide: (5945 / 1600)
originally attention tiles: 459 in slide: 23910-158_Sl032-C21-P62
fill surrounding tiles: 189 in round: 1
fill surrounding tiles: 66 in round: 2
fill surrounding tiles: 6 in round: 3
all/k selection ratio in this slide: (2726 / 720)
originally attention tiles: 799 in slide: 23910-158_Sl033-C21-P62
fill surrounding tiles: 376 in round: 1
fill surrounding tiles: 121 in round: 2
fill surrounding tiles: 13 in round: 3
all/k selection ratio in this slide: (4849 / 1309)
originally attention tiles: 2483 in slide: 23910-158_Sl034-C24-P62
fill surrounding tiles: 1714 in round: 1
fill surrounding tiles: 597 in round: 2
fill surrounding tiles: 113 in round: 3
all/k selection ratio in this slide: (9933 / 4907)
originally attention tiles: 2390 in slide: 23910-158_Sl035-C24-P62
fill surrounding tiles: 1575 in round: 1
fill surrounding tiles: 584 in round: 2
fill surrounding tiles: 138 in round: 3
all/k selection ratio in this slide: (9561 / 4687)
originally attention tiles: 1598 in slide: 23910-158_Sl036-C27-P62
fill surrounding tiles: 720 in round: 1
fill surrounding tiles: 251 in round: 2
fill surrounding tiles: 46 in round: 3
all/k selection ratio in this slide: (17487 / 2615)
originally attention tiles: 874 in slide: 23910-158_Sl037-C29-P62
fill surrounding tiles: 336 in round: 1
fill surrounding tiles: 104 in round: 2
fill surrounding tiles: 11 in round: 3
all/k selection ratio in this slide: (8309 / 1325)
originally attention tiles: 686 in slide: 23910-158_Sl038-C29-P62
fill surrounding tiles: 265 in round: 1
fill surrounding tiles: 75 in round: 2
fill surrounding tiles: 6 in round: 3
all/k selection ratio in this slide: (7628 / 1032)
originally attention tiles: 798 in slide: 23910-158_Sl039-C30-P62
fill surrounding tiles: 361 in round: 1
fill surrounding tiles: 93 in round: 2
fill surrounding tiles: 5 in round: 3
all/k selection ratio in this slide: (3194 / 1257)
originally attention tiles: 1429 in slide: 23910-158_Sl041-C32-P62
fill surrounding tiles: 655 in round: 1
fill surrounding tiles: 238 in round: 2
fill surrounding tiles: 37 in round: 3
all/k selection ratio in this slide: (11690 / 2359)
originally attention tiles: 1160 in slide: 23910-158_Sl042-C32-P62
fill surrounding tiles: 798 in round: 1
fill surrounding tiles: 301 in round: 2
fill surrounding tiles: 69 in round: 3
all/k selection ratio in this slide: (4640 / 2328)
originally attention tiles: 739 in slide: 23910-158_Sl043-C34-P62
fill surrounding tiles: 360 in round: 1
fill surrounding tiles: 112 in round: 2
fill surrounding tiles: 21 in round: 3
all/k selection ratio in this slide: (3365 / 1232)
originally attention tiles: 701 in slide: 23910-158_Sl044-C34-P62
fill surrounding tiles: 318 in round: 1
fill surrounding tiles: 116 in round: 2
fill surrounding tiles: 11 in round: 3
all/k selection ratio in this slide: (4642 / 1146)
originally attention tiles: 379 in slide: 23910-158_Sl045-C35-P62
fill surrounding tiles: 178 in round: 1
fill surrounding tiles: 48 in round: 2
fill surrounding tiles: 6 in round: 3
all/k selection ratio in this slide: (1588 / 611)
originally attention tiles: 919 in slide: 23910-158_Sl046-C35-P62
fill surrounding tiles: 512 in round: 1
fill surrounding tiles: 186 in round: 2
fill surrounding tiles: 34 in round: 3
all/k selection ratio in this slide: (4908 / 1651)
originally attention tiles: 1031 in slide: 23910-158_Sl047-C36-P62
fill surrounding tiles: 527 in round: 1
fill surrounding tiles: 200 in round: 2
fill surrounding tiles: 37 in round: 3
all/k selection ratio in this slide: (8065 / 1795)
originally attention tiles: 260 in slide: 23910-158_Sl048-C36-P62
fill surrounding tiles: 126 in round: 1
fill surrounding tiles: 44 in round: 2
fill surrounding tiles: 6 in round: 3
all/k selection ratio in this slide: (1149 / 436)
originally attention tiles: 317 in slide: 23910-158_Sl049-C40-P62
fill surrounding tiles: 107 in round: 1
fill surrounding tiles: 27 in round: 2
fill surrounding tiles: 2 in round: 3
all/k selection ratio in this slide: (3868 / 453)
originally attention tiles: 359 in slide: 23910-158_Sl050-C40-P62
fill surrounding tiles: 126 in round: 1
fill surrounding tiles: 29 in round: 2
fill surrounding tiles: 3 in round: 3
all/k selection ratio in this slide: (3273 / 517)
originally attention tiles: 864 in slide: 23910-158_Sl052-C42-P62
fill surrounding tiles: 505 in round: 1
fill surrounding tiles: 185 in round: 2
fill surrounding tiles: 50 in round: 3
all/k selection ratio in this slide: (3456 / 1604)
originally attention tiles: 1463 in slide: 23910-158_Sl053-C46-P62
fill surrounding tiles: 1009 in round: 1
fill surrounding tiles: 373 in round: 2
fill surrounding tiles: 91 in round: 3
all/k selection ratio in this slide: (5852 / 2936)
originally attention tiles: 1920 in slide: 23910-158_Sl054-C46-P62
fill surrounding tiles: 1374 in round: 1
fill surrounding tiles: 580 in round: 2
fill surrounding tiles: 135 in round: 3
all/k selection ratio in this slide: (7680 / 4009)
originally attention tiles: 1461 in slide: 23910-158_Sl055-C47-P62
fill surrounding tiles: 754 in round: 1
fill surrounding tiles: 209 in round: 2
fill surrounding tiles: 31 in round: 3
all/k selection ratio in this slide: (5844 / 2455)
originally attention tiles: 1213 in slide: 23910-158_Sl056-C47-P62
fill surrounding tiles: 701 in round: 1
fill surrounding tiles: 236 in round: 2
fill surrounding tiles: 49 in round: 3
all/k selection ratio in this slide: (4854 / 2199)
originally attention tiles: 2869 in slide: 23910-158_Sl057-C48-P62
fill surrounding tiles: 2033 in round: 1
fill surrounding tiles: 803 in round: 2
fill surrounding tiles: 196 in round: 3
all/k selection ratio in this slide: (11479 / 5901)
originally attention tiles: 1044 in slide: 23910-158_Sl058-C49-P62
fill surrounding tiles: 543 in round: 1
fill surrounding tiles: 210 in round: 2
fill surrounding tiles: 42 in round: 3
all/k selection ratio in this slide: (7876 / 1839)
originally attention tiles: 1428 in slide: 23910-158_Sl059-C49-P62
fill surrounding tiles: 952 in round: 1
fill surrounding tiles: 382 in round: 2
fill surrounding tiles: 80 in round: 3
all/k selection ratio in this slide: (5714 / 2842)
originally attention tiles: 2420 in slide: 23910-158_Sl060-C55-P62
fill surrounding tiles: 1723 in round: 1
fill surrounding tiles: 604 in round: 2
fill surrounding tiles: 131 in round: 3
all/k selection ratio in this slide: (9681 / 4878)
![Initial Stage] clustering mode
Initialising the embedding of overall tile features...
148001 tiles' encodes have been loaded, take 0:23:23.740236 sec
store 148001 tiles rich tuples at: D:/eclipse-workspace\Novo-path-V10\data/P62_unsupervised/encodes/128-0/train_encode\ResNet18-encode_2023-11-05.pkl
data tuples loaded!
Using clustering: Kmeans
In fitting...execute Kmeans clustering on 148001 tiles with time: 0:00:12.653124 sec
store the clustering results at: D:/FLINC_dataset/slides/yang_p62\models / clst-res_Kmeans-ResNet18-encode_unsupervised2023-11-05.pkl
store the clustering model at: D:/FLINC_dataset/slides/yang_p62\models / clst-model_Kmeans-ResNet18-encode_unsupervised2023-11-05.pkl
clustering number of centres: 3
{2: 73431, 0: 12566, 1: 62001}
