need to re-load clustering results first!
![Initial Stage] tiles assimilate
> Prepared tile_keys list of tiles which have been considered
have encodes of all sensitive tiles with shape (697373, 512)
need to re-load clustering results first!
![Initial Stage] tiles assimilate
> Prepared tile_keys list of tiles which have been considered for 246 slides
have encodes of all sensitive tiles with shape (697373, 512)
need to re-load clustering results first!
![Initial Stage] tiles assimilate
> Prepared tile_keys list of tiles which have been considered for 246 slides
have encodes of all sensitive tiles with shape (697373, 512)
need to load the embedding for 270946 not-yet-attention tiles...
270946 tiles' encodes have been loaded, take 0:40:11.591578 sec
> loaded 270946 remain tiles and their encodes.
prepare: 1. tiles with sensitive labels as similarity source 
                 2. tiles not in clustering as candidate tiles
prepare: 3. key -> tile dict for 60 slides
--- distance threshold for top 0.1: 6.804516315460205
> assimilated 27094 tiles with close distance.
We have 246 slides in list which contain hot-spot tiles
Warning!!! This slide: 23910-158_Sl079-C77-P62 is not in the slide list of local folder!
Warning!!! This slide: 23910-158_Sl241-CHV-40-P62 is not in the slide list of local folder!
Warning!!! This slide: 23910-158_Sl228-C363-P62 is not in the slide list of local folder!
Warning!!! This slide: 23910-158_Sl074-C67-P62 is not in the slide list of local folder!
Warning!!! This slide: 23910-158_Sl222-C344-P62 is not in the slide list of local folder!
Warning!!! This slide: 23910-158_Sl240-CHV-19-P62 is not in the slide list of local folder!
Warning!!! This slide: 23910-158_Sl226-C361-P62 is not in the slide list of local folder!
Warning!!! This slide: 23910-158_Sl127-C120-P62 is not in the slide list of local folder!
Warning!!! This slide: 23910-158_Sl233-C381-P62 is not in the slide list of local folder!
Warning!!! This slide: 23910-158_Sl219-C328-P62 is not in the slide list of local folder!
Warning!!! This slide: 23910-158_Sl174-C183-P62 is not in the slide list of local folder!
Warning!!! This slide: 23910-158_Sl167-C166-P62 is not in the slide list of local folder!
Warning!!! This slide: 23910-158_Sl132-C125-P62 is not in the slide list of local folder!
Warning!!! This slide: 23910-158_Sl224-C346-P62 is not in the slide list of local folder!
Warning!!! This slide: 23910-158_Sl215-C318-P62 is not in the slide list of local folder!
Warning!!! This slide: 23910-158_Sl121-C114-P62 is not in the slide list of local folder!
Warning!!! This slide: 23910-158_Sl181-C213-P62 is not in the slide list of local folder!
Warning!!! This slide: 23910-158_Sl085-C87-P62 is not in the slide list of local folder!
Warning!!! This slide: 23910-158_Sl177-C193-P62 is not in the slide list of local folder!
originally attention tiles: 828 in slide: 23910-158_Sl033-C21-P62
fill surrounding tiles: 283 in round: 1
fill surrounding tiles: 93 in round: 2
fill surrounding tiles: 18 in round: 3
Warning!!! This slide: 23910-158_Sl193-C245-P62 is not in the slide list of local folder!
Warning!!! This slide: 23910-158_Sl154-C152-P62 is not in the slide list of local folder!
Warning!!! This slide: 23910-158_Sl250-CHV-72-P62 is not in the slide list of local folder!
Warning!!! This slide: 23910-158_Sl184-C218-P62 is not in the slide list of local folder!
Warning!!! This slide: 23910-158_Sl244-CHV-48-P62 is not in the slide list of local folder!
originally attention tiles: 244 in slide: 23910-158_Sl048-C36-P62
fill surrounding tiles: 104 in round: 1
fill surrounding tiles: 26 in round: 2
fill surrounding tiles: 3 in round: 3
Warning!!! This slide: 23910-158_Sl084-C85-P62 is not in the slide list of local folder!
originally attention tiles: 1566 in slide: 23910-158_Sl041-C32-P62
fill surrounding tiles: 551 in round: 1
fill surrounding tiles: 213 in round: 2
fill surrounding tiles: 30 in round: 3
Warning!!! This slide: 23910-158_Sl109-C104-P62 is not in the slide list of local folder!
Warning!!! This slide: 23910-158_Sl083-C83-P62 is not in the slide list of local folder!
Warning!!! This slide: 23910-158_Sl179-C203-P62 is not in the slide list of local folder!
Warning!!! This slide: 23910-158_Sl070-C64-P62 is not in the slide list of local folder!
originally attention tiles: 2254 in slide: 23910-158_Sl021-C14-P62
fill surrounding tiles: 1047 in round: 1
fill surrounding tiles: 432 in round: 2
fill surrounding tiles: 77 in round: 3
originally attention tiles: 2586 in slide: 23910-158_Sl042-C32-P62
fill surrounding tiles: 1301 in round: 1
fill surrounding tiles: 381 in round: 2
fill surrounding tiles: 87 in round: 3
Warning!!! This slide: 23910-158_Sl153-C151-P62 is not in the slide list of local folder!
Warning!!! This slide: 23910-158_Sl205-C287-P62 is not in the slide list of local folder!
originally attention tiles: 2301 in slide: 23910-158_Sl009-C7-P62
fill surrounding tiles: 1119 in round: 1
fill surrounding tiles: 316 in round: 2
fill surrounding tiles: 52 in round: 3
originally attention tiles: 856 in slide: 23910-158_Sl039-C30-P62
fill surrounding tiles: 299 in round: 1
fill surrounding tiles: 74 in round: 2
fill surrounding tiles: 6 in round: 3
Warning!!! This slide: 23910-158_Sl156-C154-P62 is not in the slide list of local folder!
Warning!!! This slide: 23910-158_Sl151-C148-P62 is not in the slide list of local folder!
Warning!!! This slide: 23910-158_Sl158-C156-P62 is not in the slide list of local folder!
Warning!!! This slide: 23910-158_Sl108-C104-P62 is not in the slide list of local folder!
Warning!!! This slide: 23910-158_Sl168-C167-P62 is not in the slide list of local folder!
Warning!!! This slide: 23910-158_Sl110-C106-P62 is not in the slide list of local folder!
Warning!!! This slide: 23910-158_Sl189-C229-P62 is not in the slide list of local folder!
originally attention tiles: 1527 in slide: 23910-158_Sl006-C5-P62
fill surrounding tiles: 668 in round: 1
fill surrounding tiles: 289 in round: 2
fill surrounding tiles: 64 in round: 3
Warning!!! This slide: 23910-158_Sl163-C161-P62 is not in the slide list of local folder!
Warning!!! This slide: 23910-158_Sl195-C248-P62 is not in the slide list of local folder!
Warning!!! This slide: 23910-158_Sl091-C90-P62 is not in the slide list of local folder!
originally attention tiles: 3944 in slide: 23910-158_Sl030-C19-P62
fill surrounding tiles: 1740 in round: 1
fill surrounding tiles: 444 in round: 2
fill surrounding tiles: 80 in round: 3
Warning!!! This slide: 23910-158_Sl071-C65-P62 is not in the slide list of local folder!
originally attention tiles: 967 in slide: 23910-158_Sl046-C35-P62
fill surrounding tiles: 366 in round: 1
fill surrounding tiles: 131 in round: 2
fill surrounding tiles: 28 in round: 3
Warning!!! This slide: 23910-158_Sl243-CHV-47-P62 is not in the slide list of local folder!
Warning!!! This slide: 23910-158_Sl061-C55-P62 is not in the slide list of local folder!
Warning!!! This slide: 23910-158_Sl186-C220-P62 is not in the slide list of local folder!
Warning!!! This slide: 23910-158_Sl245-CHV-55-P62 is not in the slide list of local folder!
Warning!!! This slide: 23910-158_Sl207-C290-P62 is not in the slide list of local folder!
Warning!!! This slide: 23910-158_Sl125-C119-P62 is not in the slide list of local folder!
Warning!!! This slide: 23910-158_Sl149-C146-P62 is not in the slide list of local folder!
Warning!!! This slide: 23910-158_Sl173-C179-P62 is not in the slide list of local folder!
originally attention tiles: 555 in slide: 23910-158_Sl037-C29-P62
fill surrounding tiles: 112 in round: 1
fill surrounding tiles: 24 in round: 2
fill surrounding tiles: 5 in round: 3
Warning!!! This slide: 23910-158_Sl069-C64-P62 is not in the slide list of local folder!
Warning!!! This slide: 23910-158_Sl162-C160-P62 is not in the slide list of local folder!
Warning!!! This slide: 23910-158_Sl062-C56-P62 is not in the slide list of local folder!
originally attention tiles: 294 in slide: 23910-158_Sl050-C40-P62
fill surrounding tiles: 78 in round: 1
fill surrounding tiles: 16 in round: 2
fill surrounding tiles: 1 in round: 3
Warning!!! This slide: 23910-158_Sl113-C107-P62 is not in the slide list of local folder!
Warning!!! This slide: 23910-158_Sl229-C364-P62 is not in the slide list of local folder!
Warning!!! This slide: 23910-158_Sl122-C117-P62 is not in the slide list of local folder!
Warning!!! This slide: 23910-158_Sl111-C106-P62 is not in the slide list of local folder!
originally attention tiles: 2208 in slide: 23910-158_Sl058-C49-P62
fill surrounding tiles: 1182 in round: 1
fill surrounding tiles: 410 in round: 2
fill surrounding tiles: 76 in round: 3
originally attention tiles: 1368 in slide: 23910-158_Sl025-C16-P62
fill surrounding tiles: 379 in round: 1
fill surrounding tiles: 47 in round: 2
fill surrounding tiles: 2 in round: 3
Warning!!! This slide: 23910-158_Sl076-C71-P62 is not in the slide list of local folder!
Warning!!! This slide: 23910-158_Sl249-CHV-70-P62 is not in the slide list of local folder!
originally attention tiles: 1888 in slide: 23910-158_Sl020-C13-P62
fill surrounding tiles: 806 in round: 1
fill surrounding tiles: 225 in round: 2
fill surrounding tiles: 25 in round: 3
Warning!!! This slide: 23910-158_Sl131-C124-P62 is not in the slide list of local folder!
Warning!!! This slide: 23910-158_Sl210-C303-P62 is not in the slide list of local folder!
Warning!!! This slide: 23910-158_Sl204-C286-P62 is not in the slide list of local folder!
Warning!!! This slide: 23910-158_Sl116-C109-P62 is not in the slide list of local folder!
Warning!!! This slide: 23910-158_Sl200-C271-P62 is not in the slide list of local folder!
Warning!!! This slide: 23910-158_Sl141-C137-P62 is not in the slide list of local folder!
Warning!!! This slide: 23910-158_Sl147-C144-P62 is not in the slide list of local folder!
Warning!!! This slide: 23910-158_Sl230-C372-P62 is not in the slide list of local folder!
originally attention tiles: 3355 in slide: 23910-158_Sl053-C46-P62
fill surrounding tiles: 1604 in round: 1
fill surrounding tiles: 445 in round: 2
fill surrounding tiles: 97 in round: 3
Warning!!! This slide: 23910-158_Sl101-C97-P62 is not in the slide list of local folder!
Warning!!! This slide: 23910-158_Sl187-C221-P62 is not in the slide list of local folder!
Warning!!! This slide: 23910-158_Sl123-C117-P62 is not in the slide list of local folder!
Warning!!! This slide: 23910-158_Sl092-C91-P62 is not in the slide list of local folder!
originally attention tiles: 1973 in slide: 23910-158_Sl005-C5-P62
fill surrounding tiles: 1022 in round: 1
fill surrounding tiles: 379 in round: 2
fill surrounding tiles: 79 in round: 3
Warning!!! This slide: 23910-158_Sl182-C216-P62 is not in the slide list of local folder!
Warning!!! This slide: 23910-158_Sl098-C95-P62 is not in the slide list of local folder!
Warning!!! This slide: 23910-158_Sl144-C141-P62 is not in the slide list of local folder!
Warning!!! This slide: 23910-158_Sl140-C136-P62 is not in the slide list of local folder!
Warning!!! This slide: 23910-158_Sl126-C119-P62 is not in the slide list of local folder!
Warning!!! This slide: 23910-158_Sl209-C297-P62 is not in the slide list of local folder!
originally attention tiles: 522 in slide: 23910-158_Sl019-C13-P62
fill surrounding tiles: 102 in round: 1
fill surrounding tiles: 16 in round: 2
fill surrounding tiles: 1 in round: 3
Warning!!! This slide: 23910-158_Sl064-C57-P62 is not in the slide list of local folder!
Warning!!! This slide: 23910-158_Sl093-C91-P62 is not in the slide list of local folder!
Warning!!! This slide: 23910-158_Sl142-C139-P62 is not in the slide list of local folder!
Warning!!! This slide: 23910-158_Sl239-C413-P62 is not in the slide list of local folder!
Warning!!! This slide: 23910-158_Sl172-C173-P62 is not in the slide list of local folder!
Warning!!! This slide: 23910-158_Sl197-C265-P62 is not in the slide list of local folder!
originally attention tiles: 1925 in slide: 23910-158_Sl031-C19-P62
fill surrounding tiles: 930 in round: 1
fill surrounding tiles: 260 in round: 2
fill surrounding tiles: 41 in round: 3
Warning!!! This slide: 23910-158_Sl213-C315-P62 is not in the slide list of local folder!
originally attention tiles: 5909 in slide: 23910-158_Sl016-C11-P62
fill surrounding tiles: 2262 in round: 1
fill surrounding tiles: 364 in round: 2
fill surrounding tiles: 49 in round: 3
Warning!!! This slide: 23910-158_Sl171-C173-P62 is not in the slide list of local folder!
Warning!!! This slide: 23910-158_Sl201-C272-P62 is not in the slide list of local folder!
originally attention tiles: 2544 in slide: 23910-158_Sl008-C6-P62
fill surrounding tiles: 1085 in round: 1
fill surrounding tiles: 210 in round: 2
fill surrounding tiles: 22 in round: 3
Warning!!! This slide: 23910-158_Sl160-C158-P62 is not in the slide list of local folder!
Warning!!! This slide: 23910-158_Sl468-C318-P62 is not in the slide list of local folder!
Warning!!! This slide: 23910-158_Sl117-C111-P62 is not in the slide list of local folder!
Warning!!! This slide: 23910-158_Sl094-C92-P62 is not in the slide list of local folder!
Warning!!! This slide: 23910-158_Sl188-C227-P62 is not in the slide list of local folder!
Warning!!! This slide: 23910-158_Sl159-C157-P62 is not in the slide list of local folder!
Warning!!! This slide: 23910-158_Sl175-C189-P62 is not in the slide list of local folder!
Warning!!! This slide: 23910-158_Sl220-C330-P62 is not in the slide list of local folder!
Warning!!! This slide: 23910-158_Sl178-C200-P62 is not in the slide list of local folder!
Warning!!! This slide: 23910-158_Sl067-C63-P62 is not in the slide list of local folder!
Warning!!! This slide: 23910-158_Sl124-C118-P62 is not in the slide list of local folder!
Warning!!! This slide: 23910-158_Sl104-C99-P62 is not in the slide list of local folder!
Warning!!! This slide: 23910-158_Sl152-C149-P62 is not in the slide list of local folder!
Warning!!! This slide: 23910-158_Sl227-C362-P62 is not in the slide list of local folder!
Warning!!! This slide: 23910-158_Sl075-C67-P62 is not in the slide list of local folder!
Warning!!! This slide: 23910-158_Sl183-C217-P62 is not in the slide list of local folder!
Warning!!! This slide: 23910-158_Sl102-C97-P62 is not in the slide list of local folder!
Warning!!! This slide: 23910-158_Sl106-C101-P62 is not in the slide list of local folder!
Warning!!! This slide: 23910-158_Sl217-C321-P62 is not in the slide list of local folder!
Warning!!! This slide: 23910-158_Sl090-C90-P62 is not in the slide list of local folder!
Warning!!! This slide: 23910-158_Sl203-C281-P62 is not in the slide list of local folder!
Warning!!! This slide: 23910-158_Sl114-C108-P62 is not in the slide list of local folder!
originally attention tiles: 4322 in slide: 23910-158_Sl001-C2-P62
fill surrounding tiles: 2219 in round: 1
fill surrounding tiles: 554 in round: 2
fill surrounding tiles: 109 in round: 3
Warning!!! This slide: 23910-158_Sl196-C249-P62 is not in the slide list of local folder!
Warning!!! This slide: 23910-158_Sl136-C130-P62 is not in the slide list of local folder!
Warning!!! This slide: 23910-158_Sl112-C107-P62 is not in the slide list of local folder!
Warning!!! This slide: 23910-158_Sl138-C133-P62 is not in the slide list of local folder!
originally attention tiles: 3826 in slide: 23910-158_Sl026-C17-P62
fill surrounding tiles: 2040 in round: 1
fill surrounding tiles: 703 in round: 2
fill surrounding tiles: 172 in round: 3
originally attention tiles: 618 in slide: 23910-158_Sl047-C36-P62
fill surrounding tiles: 142 in round: 1
fill surrounding tiles: 21 in round: 2
fill surrounding tiles: 1 in round: 3
Warning!!! This slide: 23910-158_Sl097-C95-P62 is not in the slide list of local folder!
Warning!!! This slide: 23910-158_Sl211-C308-P62 is not in the slide list of local folder!
Warning!!! This slide: 23910-158_Sl134-C128-P62 is not in the slide list of local folder!
originally attention tiles: 2225 in slide: 23910-158_Sl052-C42-P62
fill surrounding tiles: 818 in round: 1
fill surrounding tiles: 200 in round: 2
fill surrounding tiles: 23 in round: 3
Warning!!! This slide: 23910-158_Sl077-C72-P62 is not in the slide list of local folder!
Warning!!! This slide: 23910-158_Sl185-C219-P62 is not in the slide list of local folder!
Warning!!! This slide: 23910-158_Sl165-C164-P62 is not in the slide list of local folder!
originally attention tiles: 735 in slide: 23910-158_Sl003-C3-P62
fill surrounding tiles: 259 in round: 1
fill surrounding tiles: 60 in round: 2
fill surrounding tiles: 6 in round: 3
originally attention tiles: 4407 in slide: 23910-158_Sl010-C7-P62
fill surrounding tiles: 2187 in round: 1
fill surrounding tiles: 563 in round: 2
fill surrounding tiles: 158 in round: 3
Warning!!! This slide: 23910-158_Sl119-C112-P62 is not in the slide list of local folder!
Warning!!! This slide: 23910-158_Sl115-C109-P62 is not in the slide list of local folder!
Warning!!! This slide: 23910-158_Sl225-C352-P62 is not in the slide list of local folder!
Warning!!! This slide: 23910-158_Sl129-C122-P62 is not in the slide list of local folder!
Warning!!! This slide: 23910-158_Sl107-C101-P62 is not in the slide list of local folder!
Warning!!! This slide: 23910-158_Sl068-C63-P62 is not in the slide list of local folder!
originally attention tiles: 300 in slide: 23910-158_Sl049-C40-P62
fill surrounding tiles: 81 in round: 1
fill surrounding tiles: 25 in round: 2
fill surrounding tiles: 4 in round: 3
Warning!!! This slide: 23910-158_Sl248-CHV-67-P62 is not in the slide list of local folder!
Warning!!! This slide: 23910-158_Sl238-C411-P62 is not in the slide list of local folder!
Warning!!! This slide: 23910-158_Sl078-C72-P62 is not in the slide list of local folder!
Warning!!! This slide: 23910-158_Sl099-C96-P62 is not in the slide list of local folder!
Warning!!! This slide: 23910-158_Sl206-C288-P62 is not in the slide list of local folder!
originally attention tiles: 4077 in slide: 23910-158_Sl035-C24-P62
fill surrounding tiles: 1965 in round: 1
fill surrounding tiles: 578 in round: 2
fill surrounding tiles: 121 in round: 3
originally attention tiles: 1309 in slide: 23910-158_Sl036-C27-P62
fill surrounding tiles: 417 in round: 1
fill surrounding tiles: 140 in round: 2
fill surrounding tiles: 28 in round: 3
Warning!!! This slide: 23910-158_Sl072-C65-P62 is not in the slide list of local folder!
Warning!!! This slide: 23910-158_Sl118-C111-P62 is not in the slide list of local folder!
originally attention tiles: 689 in slide: 23910-158_Sl018-C12-P62
fill surrounding tiles: 248 in round: 1
fill surrounding tiles: 44 in round: 2
fill surrounding tiles: 7 in round: 3
originally attention tiles: 390 in slide: 23910-158_Sl032-C21-P62
fill surrounding tiles: 139 in round: 1
fill surrounding tiles: 53 in round: 2
fill surrounding tiles: 4 in round: 3
Warning!!! This slide: 23910-158_Sl202-C273-P62 is not in the slide list of local folder!
Warning!!! This slide: 23910-158_Sl164-C162-P62 is not in the slide list of local folder!
originally attention tiles: 1546 in slide: 23910-158_Sl028-C18-P62
fill surrounding tiles: 851 in round: 1
fill surrounding tiles: 298 in round: 2
fill surrounding tiles: 56 in round: 3
originally attention tiles: 2906 in slide: 23910-158_Sl007-C6-P62
fill surrounding tiles: 1354 in round: 1
fill surrounding tiles: 388 in round: 2
fill surrounding tiles: 59 in round: 3
Warning!!! This slide: 23910-158_Sl223-C345-P62 is not in the slide list of local folder!
Warning!!! This slide: 23910-158_Sl235-C383-P62 is not in the slide list of local folder!
Warning!!! This slide: 23910-158_Sl212-C314-P62 is not in the slide list of local folder!
Warning!!! This slide: 23910-158_Sl247-CHV-59-P62 is not in the slide list of local folder!
Warning!!! This slide: 23910-158_Sl216-C319-P62 is not in the slide list of local folder!
Warning!!! This slide: 23910-158_Sl221-C343-P62 is not in the slide list of local folder!
Warning!!! This slide: 23910-158_Sl161-C159-P62 is not in the slide list of local folder!
originally attention tiles: 1184 in slide: 23910-158_Sl027-C17-P62
fill surrounding tiles: 583 in round: 1
fill surrounding tiles: 228 in round: 2
fill surrounding tiles: 29 in round: 3
Warning!!! This slide: 23910-158_Sl198-C266-P62 is not in the slide list of local folder!
Warning!!! This slide: 23910-158_Sl191-C238-P62 is not in the slide list of local folder!
originally attention tiles: 424 in slide: 23910-158_Sl024-C15-P62
fill surrounding tiles: 137 in round: 1
fill surrounding tiles: 31 in round: 2
fill surrounding tiles: 5 in round: 3
Warning!!! This slide: 23910-158_Sl232-C379-P62 is not in the slide list of local folder!
Warning!!! This slide: 23910-158_Sl145-C143-P62 is not in the slide list of local folder!
originally attention tiles: 2338 in slide: 23910-158_Sl013-C10-P62
fill surrounding tiles: 1257 in round: 1
fill surrounding tiles: 415 in round: 2
fill surrounding tiles: 92 in round: 3
Warning!!! This slide: 23910-158_Sl234-C382-P62 is not in the slide list of local folder!
Warning!!! This slide: 23910-158_Sl208-C291-P62 is not in the slide list of local folder!
originally attention tiles: 5024 in slide: 23910-158_Sl034-C24-P62
fill surrounding tiles: 2254 in round: 1
fill surrounding tiles: 544 in round: 2
fill surrounding tiles: 92 in round: 3
Warning!!! This slide: 23910-158_Sl103-C98-P62 is not in the slide list of local folder!
originally attention tiles: 120 in slide: 23910-158_Sl045-C35-P62
fill surrounding tiles: 27 in round: 1
fill surrounding tiles: 5 in round: 2
fill surrounding tiles: 0 in round: 3
originally attention tiles: 1769 in slide: 23910-158_Sl017-C12-P62
fill surrounding tiles: 869 in round: 1
fill surrounding tiles: 249 in round: 2
fill surrounding tiles: 43 in round: 3
Warning!!! This slide: 23910-158_Sl146-C144-P62 is not in the slide list of local folder!
Warning!!! This slide: 23910-158_Sl169-C170-P62 is not in the slide list of local folder!
Warning!!! This slide: 23910-158_Sl095-C93-P62 is not in the slide list of local folder!
Warning!!! This slide: 23910-158_Sl089-C89-P62 is not in the slide list of local folder!
Warning!!! This slide: 23910-158_Sl105-C100-P62 is not in the slide list of local folder!
Warning!!! This slide: 23910-158_Sl237-C401-P62 is not in the slide list of local folder!
originally attention tiles: 6632 in slide: 23910-158_Sl057-C48-P62
fill surrounding tiles: 3502 in round: 1
fill surrounding tiles: 950 in round: 2
fill surrounding tiles: 225 in round: 3
originally attention tiles: 439 in slide: 23910-158_Sl044-C34-P62
fill surrounding tiles: 94 in round: 1
fill surrounding tiles: 20 in round: 2
fill surrounding tiles: 5 in round: 3
Warning!!! This slide: 23910-158_Sl137-C132-P62 is not in the slide list of local folder!
originally attention tiles: 4160 in slide: 23910-158_Sl054-C46-P62
fill surrounding tiles: 2192 in round: 1
fill surrounding tiles: 621 in round: 2
fill surrounding tiles: 143 in round: 3
originally attention tiles: 3712 in slide: 23910-158_Sl002-C2-P62
fill surrounding tiles: 2201 in round: 1
fill surrounding tiles: 773 in round: 2
fill surrounding tiles: 171 in round: 3
Warning!!! This slide: 23910-158_Sl194-C246-P62 is not in the slide list of local folder!
originally attention tiles: 550 in slide: 23910-158_Sl014-C10-P62
fill surrounding tiles: 197 in round: 1
fill surrounding tiles: 63 in round: 2
fill surrounding tiles: 8 in round: 3
Warning!!! This slide: 23910-158_Sl190-C238-P62 is not in the slide list of local folder!
Warning!!! This slide: 23910-158_Sl065-C57-P62 is not in the slide list of local folder!
Warning!!! This slide: 23910-158_Sl135-C129-P62 is not in the slide list of local folder!
originally attention tiles: 2831 in slide: 23910-158_Sl055-C47-P62
fill surrounding tiles: 1367 in round: 1
fill surrounding tiles: 366 in round: 2
fill surrounding tiles: 89 in round: 3
originally attention tiles: 6629 in slide: 23910-158_Sl060-C55-P62
fill surrounding tiles: 2787 in round: 1
fill surrounding tiles: 533 in round: 2
fill surrounding tiles: 120 in round: 3
Warning!!! This slide: 23910-158_Sl214-C316-P62 is not in the slide list of local folder!
originally attention tiles: 6745 in slide: 23910-158_Sl004-C4-P62
fill surrounding tiles: 3451 in round: 1
fill surrounding tiles: 1153 in round: 2
fill surrounding tiles: 237 in round: 3
originally attention tiles: 706 in slide: 23910-158_Sl038-C29-P62
fill surrounding tiles: 230 in round: 1
fill surrounding tiles: 60 in round: 2
fill surrounding tiles: 12 in round: 3
Warning!!! This slide: 23910-158_Sl096-C94-P62 is not in the slide list of local folder!
Warning!!! This slide: 23910-158_Sl192-C242-P62 is not in the slide list of local folder!
Warning!!! This slide: 23910-158_Sl157-C155-P62 is not in the slide list of local folder!
Warning!!! This slide: 23910-158_Sl100-C96-P62 is not in the slide list of local folder!
Warning!!! This slide: 23910-158_Sl143-C140-P62 is not in the slide list of local folder!
Warning!!! This slide: 23910-158_Sl063-C56-P62 is not in the slide list of local folder!
originally attention tiles: 3007 in slide: 23910-158_Sl023-C15-P62
fill surrounding tiles: 1515 in round: 1
fill surrounding tiles: 488 in round: 2
fill surrounding tiles: 101 in round: 3
Warning!!! This slide: 23910-158_Sl130-C124-P62 is not in the slide list of local folder!
originally attention tiles: 2992 in slide: 23910-158_Sl029-C18-P62
fill surrounding tiles: 1292 in round: 1
fill surrounding tiles: 353 in round: 2
fill surrounding tiles: 70 in round: 3
Warning!!! This slide: 23910-158_Sl088-C89-P62 is not in the slide list of local folder!
Warning!!! This slide: 23910-158_Sl246-CHV-57-P62 is not in the slide list of local folder!
originally attention tiles: 3715 in slide: 23910-158_Sl011-C9-P62
fill surrounding tiles: 2064 in round: 1
fill surrounding tiles: 617 in round: 2
fill surrounding tiles: 124 in round: 3
originally attention tiles: 2357 in slide: 23910-158_Sl022-C14-P62
fill surrounding tiles: 995 in round: 1
fill surrounding tiles: 379 in round: 2
fill surrounding tiles: 62 in round: 3
originally attention tiles: 643 in slide: 23910-158_Sl043-C34-P62
fill surrounding tiles: 180 in round: 1
fill surrounding tiles: 57 in round: 2
fill surrounding tiles: 10 in round: 3
Warning!!! This slide: 23910-158_Sl133-C126-P62 is not in the slide list of local folder!
Warning!!! This slide: 23910-158_Sl073-C66-P62 is not in the slide list of local folder!
originally attention tiles: 4295 in slide: 23910-158_Sl059-C49-P62
fill surrounding tiles: 1546 in round: 1
fill surrounding tiles: 216 in round: 2
fill surrounding tiles: 28 in round: 3
Warning!!! This slide: 23910-158_Sl155-C153-P62 is not in the slide list of local folder!
Warning!!! This slide: 23910-158_Sl082-C82-P62 is not in the slide list of local folder!
Warning!!! This slide: 23910-158_Sl128-C121-P62 is not in the slide list of local folder!
originally attention tiles: 4591 in slide: 23910-158_Sl015-C11-P62
fill surrounding tiles: 2176 in round: 1
fill surrounding tiles: 428 in round: 2
fill surrounding tiles: 87 in round: 3
Warning!!! This slide: 23910-158_Sl139-C135-P62 is not in the slide list of local folder!
Warning!!! This slide: 23910-158_Sl199-C270-P62 is not in the slide list of local folder!
Warning!!! This slide: 23910-158_Sl148-C146-P62 is not in the slide list of local folder!
Warning!!! This slide: 23910-158_Sl170-C171-P62 is not in the slide list of local folder!
Warning!!! This slide: 23910-158_Sl081-C81-P62 is not in the slide list of local folder!
Warning!!! This slide: 23910-158_Sl120-C113-P62 is not in the slide list of local folder!
Warning!!! This slide: 23910-158_Sl066-C61-P62 is not in the slide list of local folder!
Warning!!! This slide: 23910-158_Sl150-C147-P62 is not in the slide list of local folder!
Warning!!! This slide: 23910-158_Sl180-C211-P62 is not in the slide list of local folder!
Warning!!! This slide: 23910-158_Sl086-C87-P62 is not in the slide list of local folder!
originally attention tiles: 2170 in slide: 23910-158_Sl012-C9-P62
fill surrounding tiles: 1065 in round: 1
fill surrounding tiles: 354 in round: 2
fill surrounding tiles: 66 in round: 3
Warning!!! This slide: 23910-158_Sl080-C78-P62 is not in the slide list of local folder!
Warning!!! This slide: 23910-158_Sl087-C88-P62 is not in the slide list of local folder!
Warning!!! This slide: 23910-158_Sl176-C191-P62 is not in the slide list of local folder!
Warning!!! This slide: 23910-158_Sl231-C373-P62 is not in the slide list of local folder!
Warning!!! This slide: 23910-158_Sl166-C165-P62 is not in the slide list of local folder!
originally attention tiles: 2655 in slide: 23910-158_Sl056-C47-P62
fill surrounding tiles: 1332 in round: 1
fill surrounding tiles: 308 in round: 2
fill surrounding tiles: 69 in round: 3
> filled void 84185 tiles
store the assimilate tiles at: D:/FLINC_dataset/slides/yang_p62\models / assimilate_ft_ass-encode-ResNet18_unsupervised2023-11-04.pkl
