plot correlation with frac-score for group: 
['0_0_0_0_0_0', '0_0_0_0_0_1', '0_0_0_1_1_0', '0_0_0_1_1_1', '0_0_1_0_0_0', '0_0_1_0_0_1', '0_0_1_0_1_1', '0_1_0_1_0_1', '0_1_0_1_1_0'] >>>
A: 0.59, p_value: 5.531567066341754e-25
clst-gp: A or sp-clst corr frac-score visualisation saved at D:/FLINC_dataset/slides/yang_p62\visualization/statistic\clst_gp-A_agt_corr_henning_frac.png
plot correlation with frac-score for group: 
['0_0_1_1_0_0', '0_0_1_1_1_1'] >>>
B: 0.54, p_value: 2.7540385933363447e-20
clst-gp: B or sp-clst corr frac-score visualisation saved at D:/FLINC_dataset/slides/yang_p62\visualization/statistic\clst_gp-B_agt_corr_henning_frac.png
plot correlation with frac-score for group: 
['1_0_0_0_1_0', '1_0_0_1_1_1', '1_0_1_0_0_0', '1_1_0_0_1_0'] >>>
C: 0.45, p_value: 8.183590425523001e-14
clst-gp: C or sp-clst corr frac-score visualisation saved at D:/FLINC_dataset/slides/yang_p62\visualization/statistic\clst_gp-C_agt_corr_henning_frac.png
plot correlation with frac-score for group: 
['3_0_0_0_0_1'] >>>
D: 0.44, p_value: 1.6496065206517525e-13
clst-gp: D or sp-clst corr frac-score visualisation saved at D:/FLINC_dataset/slides/yang_p62\visualization/statistic\clst_gp-D_agt_corr_henning_frac.png
plot correlation with frac-score for cluster: 
0_0_0_0_0_0 >>>
0_0_0_0_0_0: 0.39, p_value: 1.1823309413094577e-10
clst-gp: 0_0_0_0_0_0 or sp-clst corr frac-score visualisation saved at D:/FLINC_dataset/slides/yang_p62\visualization/statistic\clst_gp-0_0_0_0_0_0_agt_corr_henning_frac.png
plot correlation with frac-score for cluster: 
0_0_0_0_0_1 >>>
0_0_0_0_0_1: 0.36, p_value: 5.703905728647033e-09
clst-gp: 0_0_0_0_0_1 or sp-clst corr frac-score visualisation saved at D:/FLINC_dataset/slides/yang_p62\visualization/statistic\clst_gp-0_0_0_0_0_1_agt_corr_henning_frac.png
plot correlation with frac-score for cluster: 
0_0_0_1_1_0 >>>
0_0_0_1_1_0: 0.42, p_value: 3.637016863085384e-12
clst-gp: 0_0_0_1_1_0 or sp-clst corr frac-score visualisation saved at D:/FLINC_dataset/slides/yang_p62\visualization/statistic\clst_gp-0_0_0_1_1_0_agt_corr_henning_frac.png
plot correlation with frac-score for cluster: 
0_0_0_1_1_1 >>>
0_0_0_1_1_1: 0.43, p_value: 9.421020174376345e-13
clst-gp: 0_0_0_1_1_1 or sp-clst corr frac-score visualisation saved at D:/FLINC_dataset/slides/yang_p62\visualization/statistic\clst_gp-0_0_0_1_1_1_agt_corr_henning_frac.png
plot correlation with frac-score for cluster: 
0_0_1_0_0_0 >>>
0_0_1_0_0_0: 0.53, p_value: 1.6756957460893803e-19
clst-gp: 0_0_1_0_0_0 or sp-clst corr frac-score visualisation saved at D:/FLINC_dataset/slides/yang_p62\visualization/statistic\clst_gp-0_0_1_0_0_0_agt_corr_henning_frac.png
plot correlation with frac-score for cluster: 
0_0_1_0_0_1 >>>
0_0_1_0_0_1: 0.66, p_value: 3.910764518071717e-33
clst-gp: 0_0_1_0_0_1 or sp-clst corr frac-score visualisation saved at D:/FLINC_dataset/slides/yang_p62\visualization/statistic\clst_gp-0_0_1_0_0_1_agt_corr_henning_frac.png
plot correlation with frac-score for cluster: 
0_0_1_0_1_1 >>>
0_0_1_0_1_1: 0.38, p_value: 3.803653124387087e-10
clst-gp: 0_0_1_0_1_1 or sp-clst corr frac-score visualisation saved at D:/FLINC_dataset/slides/yang_p62\visualization/statistic\clst_gp-0_0_1_0_1_1_agt_corr_henning_frac.png
plot correlation with frac-score for cluster: 
0_1_0_1_0_1 >>>
0_1_0_1_0_1: 0.31, p_value: 6.635393508377385e-07
clst-gp: 0_1_0_1_0_1 or sp-clst corr frac-score visualisation saved at D:/FLINC_dataset/slides/yang_p62\visualization/statistic\clst_gp-0_1_0_1_0_1_agt_corr_henning_frac.png
plot correlation with frac-score for cluster: 
0_1_0_1_1_0 >>>
0_1_0_1_1_0: 0.55, p_value: 4.509440501371511e-21
clst-gp: 0_1_0_1_1_0 or sp-clst corr frac-score visualisation saved at D:/FLINC_dataset/slides/yang_p62\visualization/statistic\clst_gp-0_1_0_1_1_0_agt_corr_henning_frac.png
plot correlation with frac-score for cluster: 
0_0_1_1_0_0 >>>
0_0_1_1_0_0: 0.42, p_value: 4.792486610136925e-12
clst-gp: 0_0_1_1_0_0 or sp-clst corr frac-score visualisation saved at D:/FLINC_dataset/slides/yang_p62\visualization/statistic\clst_gp-0_0_1_1_0_0_agt_corr_henning_frac.png
plot correlation with frac-score for cluster: 
0_0_1_1_1_1 >>>
0_0_1_1_1_1: 0.57, p_value: 1.1023093334748504e-22
clst-gp: 0_0_1_1_1_1 or sp-clst corr frac-score visualisation saved at D:/FLINC_dataset/slides/yang_p62\visualization/statistic\clst_gp-0_0_1_1_1_1_agt_corr_henning_frac.png
plot correlation with frac-score for cluster: 
1_0_0_0_1_0 >>>
1_0_0_0_1_0: 0.26, p_value: 2.4832035017560214e-05
clst-gp: 1_0_0_0_1_0 or sp-clst corr frac-score visualisation saved at D:/FLINC_dataset/slides/yang_p62\visualization/statistic\clst_gp-1_0_0_0_1_0_agt_corr_henning_frac.png
plot correlation with frac-score for cluster: 
1_0_0_1_1_1 >>>
1_0_0_1_1_1: 0.47, p_value: 1.7784194920431867e-15
clst-gp: 1_0_0_1_1_1 or sp-clst corr frac-score visualisation saved at D:/FLINC_dataset/slides/yang_p62\visualization/statistic\clst_gp-1_0_0_1_1_1_agt_corr_henning_frac.png
plot correlation with frac-score for cluster: 
1_0_1_0_0_0 >>>
1_0_1_0_0_0: 0.20, p_value: 0.0011447701351290065
clst-gp: 1_0_1_0_0_0 or sp-clst corr frac-score visualisation saved at D:/FLINC_dataset/slides/yang_p62\visualization/statistic\clst_gp-1_0_1_0_0_0_agt_corr_henning_frac.png
plot correlation with frac-score for cluster: 
1_1_0_0_1_0 >>>
1_1_0_0_1_0: 0.40, p_value: 3.765165854481146e-11
clst-gp: 1_1_0_0_1_0 or sp-clst corr frac-score visualisation saved at D:/FLINC_dataset/slides/yang_p62\visualization/statistic\clst_gp-1_1_0_0_1_0_agt_corr_henning_frac.png
plot correlation with frac-score for cluster: 
3_0_0_0_0_1 >>>
3_0_0_0_0_1: 0.44, p_value: 1.6496065206517525e-13
clst-gp: 3_0_0_0_0_1 or sp-clst corr frac-score visualisation saved at D:/FLINC_dataset/slides/yang_p62\visualization/statistic\clst_gp-3_0_0_0_0_1_agt_corr_henning_frac.png
plot correlation with frac-score for group: 
['0_0_0_0_0_0', '0_0_0_0_0_1', '0_0_0_1_1_0', '0_0_0_1_1_1', '0_0_1_0_0_0', '0_0_1_0_0_1', '0_0_1_0_1_1', '0_1_0_1_0_1', '0_1_0_1_1_0'] >>>
A: 0.59, p_value: 5.531567066341754e-25
clst-gp: A or sp-clst corr frac-score visualisation saved at D:/FLINC_dataset/slides/yang_p62\visualization/statistic\clst_gp-A_agt_corr_henning_frac.png
plot correlation with frac-score for group: 
['0_0_1_1_0_0', '0_0_1_1_1_1'] >>>
B: 0.54, p_value: 2.7540385933363447e-20
clst-gp: B or sp-clst corr frac-score visualisation saved at D:/FLINC_dataset/slides/yang_p62\visualization/statistic\clst_gp-B_agt_corr_henning_frac.png
plot correlation with frac-score for group: 
['1_0_0_0_1_0', '1_0_0_1_1_1', '1_0_1_0_0_0', '1_1_0_0_1_0'] >>>
C: 0.45, p_value: 8.183590425523001e-14
clst-gp: C or sp-clst corr frac-score visualisation saved at D:/FLINC_dataset/slides/yang_p62\visualization/statistic\clst_gp-C_agt_corr_henning_frac.png
plot correlation with frac-score for group: 
['3_0_0_0_0_1'] >>>
D: 0.44, p_value: 1.6496065206517525e-13
clst-gp: D or sp-clst corr frac-score visualisation saved at D:/FLINC_dataset/slides/yang_p62\visualization/statistic\clst_gp-D_agt_corr_henning_frac.png
plot correlation with frac-score for cluster: 
0_0_0_0_0_0 >>>
0_0_0_0_0_0: 0.39, p_value: 1.1823309413094577e-10
clst-gp: 0_0_0_0_0_0 or sp-clst corr frac-score visualisation saved at D:/FLINC_dataset/slides/yang_p62\visualization/statistic\clst_gp-0_0_0_0_0_0_agt_corr_henning_frac.png
plot correlation with frac-score for cluster: 
0_0_0_0_0_1 >>>
0_0_0_0_0_1: 0.36, p_value: 5.703905728647033e-09
clst-gp: 0_0_0_0_0_1 or sp-clst corr frac-score visualisation saved at D:/FLINC_dataset/slides/yang_p62\visualization/statistic\clst_gp-0_0_0_0_0_1_agt_corr_henning_frac.png
plot correlation with frac-score for cluster: 
0_0_0_1_1_0 >>>
0_0_0_1_1_0: 0.42, p_value: 3.637016863085384e-12
clst-gp: 0_0_0_1_1_0 or sp-clst corr frac-score visualisation saved at D:/FLINC_dataset/slides/yang_p62\visualization/statistic\clst_gp-0_0_0_1_1_0_agt_corr_henning_frac.png
plot correlation with frac-score for cluster: 
0_0_0_1_1_1 >>>
0_0_0_1_1_1: 0.43, p_value: 9.421020174376345e-13
clst-gp: 0_0_0_1_1_1 or sp-clst corr frac-score visualisation saved at D:/FLINC_dataset/slides/yang_p62\visualization/statistic\clst_gp-0_0_0_1_1_1_agt_corr_henning_frac.png
plot correlation with frac-score for cluster: 
0_0_1_0_0_0 >>>
0_0_1_0_0_0: 0.53, p_value: 1.6756957460893803e-19
clst-gp: 0_0_1_0_0_0 or sp-clst corr frac-score visualisation saved at D:/FLINC_dataset/slides/yang_p62\visualization/statistic\clst_gp-0_0_1_0_0_0_agt_corr_henning_frac.png
plot correlation with frac-score for cluster: 
0_0_1_0_0_1 >>>
0_0_1_0_0_1: 0.66, p_value: 3.910764518071717e-33
clst-gp: 0_0_1_0_0_1 or sp-clst corr frac-score visualisation saved at D:/FLINC_dataset/slides/yang_p62\visualization/statistic\clst_gp-0_0_1_0_0_1_agt_corr_henning_frac.png
plot correlation with frac-score for cluster: 
0_0_1_0_1_1 >>>
0_0_1_0_1_1: 0.38, p_value: 3.803653124387087e-10
clst-gp: 0_0_1_0_1_1 or sp-clst corr frac-score visualisation saved at D:/FLINC_dataset/slides/yang_p62\visualization/statistic\clst_gp-0_0_1_0_1_1_agt_corr_henning_frac.png
plot correlation with frac-score for cluster: 
0_1_0_1_0_1 >>>
0_1_0_1_0_1: 0.31, p_value: 6.635393508377385e-07
clst-gp: 0_1_0_1_0_1 or sp-clst corr frac-score visualisation saved at D:/FLINC_dataset/slides/yang_p62\visualization/statistic\clst_gp-0_1_0_1_0_1_agt_corr_henning_frac.png
plot correlation with frac-score for cluster: 
0_1_0_1_1_0 >>>
0_1_0_1_1_0: 0.55, p_value: 4.509440501371511e-21
clst-gp: 0_1_0_1_1_0 or sp-clst corr frac-score visualisation saved at D:/FLINC_dataset/slides/yang_p62\visualization/statistic\clst_gp-0_1_0_1_1_0_agt_corr_henning_frac.png
plot correlation with frac-score for cluster: 
0_0_1_1_0_0 >>>
0_0_1_1_0_0: 0.42, p_value: 4.792486610136925e-12
clst-gp: 0_0_1_1_0_0 or sp-clst corr frac-score visualisation saved at D:/FLINC_dataset/slides/yang_p62\visualization/statistic\clst_gp-0_0_1_1_0_0_agt_corr_henning_frac.png
plot correlation with frac-score for cluster: 
0_0_1_1_1_1 >>>
0_0_1_1_1_1: 0.57, p_value: 1.1023093334748504e-22
clst-gp: 0_0_1_1_1_1 or sp-clst corr frac-score visualisation saved at D:/FLINC_dataset/slides/yang_p62\visualization/statistic\clst_gp-0_0_1_1_1_1_agt_corr_henning_frac.png
plot correlation with frac-score for cluster: 
1_0_0_0_1_0 >>>
1_0_0_0_1_0: 0.26, p_value: 2.4832035017560214e-05
clst-gp: 1_0_0_0_1_0 or sp-clst corr frac-score visualisation saved at D:/FLINC_dataset/slides/yang_p62\visualization/statistic\clst_gp-1_0_0_0_1_0_agt_corr_henning_frac.png
plot correlation with frac-score for cluster: 
1_0_0_1_1_1 >>>
1_0_0_1_1_1: 0.47, p_value: 1.7784194920431867e-15
clst-gp: 1_0_0_1_1_1 or sp-clst corr frac-score visualisation saved at D:/FLINC_dataset/slides/yang_p62\visualization/statistic\clst_gp-1_0_0_1_1_1_agt_corr_henning_frac.png
plot correlation with frac-score for cluster: 
1_0_1_0_0_0 >>>
1_0_1_0_0_0: 0.20, p_value: 0.0011447701351290065
clst-gp: 1_0_1_0_0_0 or sp-clst corr frac-score visualisation saved at D:/FLINC_dataset/slides/yang_p62\visualization/statistic\clst_gp-1_0_1_0_0_0_agt_corr_henning_frac.png
plot correlation with frac-score for cluster: 
1_1_0_0_1_0 >>>
1_1_0_0_1_0: 0.40, p_value: 3.765165854481146e-11
clst-gp: 1_1_0_0_1_0 or sp-clst corr frac-score visualisation saved at D:/FLINC_dataset/slides/yang_p62\visualization/statistic\clst_gp-1_1_0_0_1_0_agt_corr_henning_frac.png
plot correlation with frac-score for cluster: 
3_0_0_0_0_1 >>>
3_0_0_0_0_1: 0.44, p_value: 1.6496065206517525e-13
clst-gp: 3_0_0_0_0_1 or sp-clst corr frac-score visualisation saved at D:/FLINC_dataset/slides/yang_p62\visualization/statistic\clst_gp-3_0_0_0_0_1_agt_corr_henning_frac.png
plot correlation with frac-score for group: 
['0_0_0_0_0_0', '0_0_0_0_0_1', '0_0_0_1_1_0', '0_0_0_1_1_1', '0_0_1_0_0_0', '0_0_1_0_0_1', '0_0_1_0_1_1', '0_1_0_1_0_1', '0_1_0_1_1_0'] >>>
A: 0.59, p_value: 5.531567066341754e-25
clst-gp: A or sp-clst corr frac-score visualisation saved at D:/FLINC_dataset/slides/yang_p62\visualization/statistic\clst_gp-A_agt_corr_henning_frac.png
plot correlation with frac-score for group: 
['0_0_1_1_0_0', '0_0_1_1_1_1'] >>>
B: 0.54, p_value: 2.7540385933363447e-20
clst-gp: B or sp-clst corr frac-score visualisation saved at D:/FLINC_dataset/slides/yang_p62\visualization/statistic\clst_gp-B_agt_corr_henning_frac.png
plot correlation with frac-score for group: 
['1_0_0_0_1_0', '1_0_0_1_1_1', '1_0_1_0_0_0', '1_1_0_0_1_0'] >>>
C: 0.45, p_value: 8.183590425523001e-14
clst-gp: C or sp-clst corr frac-score visualisation saved at D:/FLINC_dataset/slides/yang_p62\visualization/statistic\clst_gp-C_agt_corr_henning_frac.png
plot correlation with frac-score for group: 
['3_0_0_0_0_1'] >>>
D: 0.44, p_value: 1.6496065206517525e-13
clst-gp: D or sp-clst corr frac-score visualisation saved at D:/FLINC_dataset/slides/yang_p62\visualization/statistic\clst_gp-D_agt_corr_henning_frac.png
plot correlation with frac-score for cluster: 
0_0_0_0_0_0 >>>
0_0_0_0_0_0: 0.39, p_value: 1.1823309413094577e-10
clst-gp: 0_0_0_0_0_0 or sp-clst corr frac-score visualisation saved at D:/FLINC_dataset/slides/yang_p62\visualization/statistic\clst_gp-0_0_0_0_0_0_agt_corr_henning_frac.png
plot correlation with frac-score for cluster: 
0_0_0_0_0_1 >>>
0_0_0_0_0_1: 0.36, p_value: 5.703905728647033e-09
clst-gp: 0_0_0_0_0_1 or sp-clst corr frac-score visualisation saved at D:/FLINC_dataset/slides/yang_p62\visualization/statistic\clst_gp-0_0_0_0_0_1_agt_corr_henning_frac.png
plot correlation with frac-score for cluster: 
0_0_0_1_1_0 >>>
0_0_0_1_1_0: 0.42, p_value: 3.637016863085384e-12
clst-gp: 0_0_0_1_1_0 or sp-clst corr frac-score visualisation saved at D:/FLINC_dataset/slides/yang_p62\visualization/statistic\clst_gp-0_0_0_1_1_0_agt_corr_henning_frac.png
plot correlation with frac-score for cluster: 
0_0_0_1_1_1 >>>
0_0_0_1_1_1: 0.43, p_value: 9.421020174376345e-13
clst-gp: 0_0_0_1_1_1 or sp-clst corr frac-score visualisation saved at D:/FLINC_dataset/slides/yang_p62\visualization/statistic\clst_gp-0_0_0_1_1_1_agt_corr_henning_frac.png
plot correlation with frac-score for cluster: 
0_0_1_0_0_0 >>>
0_0_1_0_0_0: 0.53, p_value: 1.6756957460893803e-19
clst-gp: 0_0_1_0_0_0 or sp-clst corr frac-score visualisation saved at D:/FLINC_dataset/slides/yang_p62\visualization/statistic\clst_gp-0_0_1_0_0_0_agt_corr_henning_frac.png
plot correlation with frac-score for cluster: 
0_0_1_0_0_1 >>>
0_0_1_0_0_1: 0.66, p_value: 3.910764518071717e-33
clst-gp: 0_0_1_0_0_1 or sp-clst corr frac-score visualisation saved at D:/FLINC_dataset/slides/yang_p62\visualization/statistic\clst_gp-0_0_1_0_0_1_agt_corr_henning_frac.png
plot correlation with frac-score for cluster: 
0_0_1_0_1_1 >>>
0_0_1_0_1_1: 0.38, p_value: 3.803653124387087e-10
clst-gp: 0_0_1_0_1_1 or sp-clst corr frac-score visualisation saved at D:/FLINC_dataset/slides/yang_p62\visualization/statistic\clst_gp-0_0_1_0_1_1_agt_corr_henning_frac.png
plot correlation with frac-score for cluster: 
0_1_0_1_0_1 >>>
0_1_0_1_0_1: 0.31, p_value: 6.635393508377385e-07
clst-gp: 0_1_0_1_0_1 or sp-clst corr frac-score visualisation saved at D:/FLINC_dataset/slides/yang_p62\visualization/statistic\clst_gp-0_1_0_1_0_1_agt_corr_henning_frac.png
plot correlation with frac-score for cluster: 
0_1_0_1_1_0 >>>
0_1_0_1_1_0: 0.55, p_value: 4.509440501371511e-21
clst-gp: 0_1_0_1_1_0 or sp-clst corr frac-score visualisation saved at D:/FLINC_dataset/slides/yang_p62\visualization/statistic\clst_gp-0_1_0_1_1_0_agt_corr_henning_frac.png
plot correlation with frac-score for cluster: 
0_0_1_1_0_0 >>>
0_0_1_1_0_0: 0.42, p_value: 4.792486610136925e-12
clst-gp: 0_0_1_1_0_0 or sp-clst corr frac-score visualisation saved at D:/FLINC_dataset/slides/yang_p62\visualization/statistic\clst_gp-0_0_1_1_0_0_agt_corr_henning_frac.png
plot correlation with frac-score for cluster: 
0_0_1_1_1_1 >>>
0_0_1_1_1_1: 0.57, p_value: 1.1023093334748504e-22
clst-gp: 0_0_1_1_1_1 or sp-clst corr frac-score visualisation saved at D:/FLINC_dataset/slides/yang_p62\visualization/statistic\clst_gp-0_0_1_1_1_1_agt_corr_henning_frac.png
plot correlation with frac-score for cluster: 
1_0_0_0_1_0 >>>
1_0_0_0_1_0: 0.26, p_value: 2.4832035017560214e-05
clst-gp: 1_0_0_0_1_0 or sp-clst corr frac-score visualisation saved at D:/FLINC_dataset/slides/yang_p62\visualization/statistic\clst_gp-1_0_0_0_1_0_agt_corr_henning_frac.png
plot correlation with frac-score for cluster: 
1_0_0_1_1_1 >>>
1_0_0_1_1_1: 0.47, p_value: 1.7784194920431867e-15
clst-gp: 1_0_0_1_1_1 or sp-clst corr frac-score visualisation saved at D:/FLINC_dataset/slides/yang_p62\visualization/statistic\clst_gp-1_0_0_1_1_1_agt_corr_henning_frac.png
plot correlation with frac-score for cluster: 
1_0_1_0_0_0 >>>
1_0_1_0_0_0: 0.20, p_value: 0.0011447701351290065
clst-gp: 1_0_1_0_0_0 or sp-clst corr frac-score visualisation saved at D:/FLINC_dataset/slides/yang_p62\visualization/statistic\clst_gp-1_0_1_0_0_0_agt_corr_henning_frac.png
plot correlation with frac-score for cluster: 
1_1_0_0_1_0 >>>
1_1_0_0_1_0: 0.40, p_value: 3.765165854481146e-11
clst-gp: 1_1_0_0_1_0 or sp-clst corr frac-score visualisation saved at D:/FLINC_dataset/slides/yang_p62\visualization/statistic\clst_gp-1_1_0_0_1_0_agt_corr_henning_frac.png
plot correlation with frac-score for cluster: 
3_0_0_0_0_1 >>>
3_0_0_0_0_1: 0.44, p_value: 1.6496065206517525e-13
clst-gp: 3_0_0_0_0_1 or sp-clst corr frac-score visualisation saved at D:/FLINC_dataset/slides/yang_p62\visualization/statistic\clst_gp-3_0_0_0_0_1_agt_corr_henning_frac.png
plot correlation with frac-score for group: 
['0_0_0_0_0_0', '0_0_0_0_0_1', '0_0_0_1_1_0', '0_0_0_1_1_1', '0_0_1_0_0_0', '0_0_1_0_0_1', '0_0_1_0_1_1', '0_1_0_1_0_1', '0_1_0_1_1_0'] >>>
A: 0.59, p_value: 5.531567066341754e-25
clst-gp: A or sp-clst corr frac-score visualisation saved at D:/FLINC_dataset/slides/yang_p62\visualization/statistic\clst_gp-A_agt_corr_henning_frac.png
plot correlation with frac-score for group: 
['0_0_1_1_0_0', '0_0_1_1_1_1'] >>>
B: 0.54, p_value: 2.7540385933363447e-20
clst-gp: B or sp-clst corr frac-score visualisation saved at D:/FLINC_dataset/slides/yang_p62\visualization/statistic\clst_gp-B_agt_corr_henning_frac.png
plot correlation with frac-score for group: 
['1_0_0_0_1_0', '1_0_0_1_1_1', '1_0_1_0_0_0', '1_1_0_0_1_0'] >>>
C: 0.45, p_value: 8.183590425523001e-14
clst-gp: C or sp-clst corr frac-score visualisation saved at D:/FLINC_dataset/slides/yang_p62\visualization/statistic\clst_gp-C_agt_corr_henning_frac.png
plot correlation with frac-score for group: 
['3_0_0_0_0_1'] >>>
D: 0.44, p_value: 1.6496065206517525e-13
clst-gp: D or sp-clst corr frac-score visualisation saved at D:/FLINC_dataset/slides/yang_p62\visualization/statistic\clst_gp-D_agt_corr_henning_frac.png
plot correlation with frac-score for cluster: 
0_0_0_0_0_0 >>>
0_0_0_0_0_0: 0.39, p_value: 1.1823309413094577e-10
clst-gp: 0_0_0_0_0_0 or sp-clst corr frac-score visualisation saved at D:/FLINC_dataset/slides/yang_p62\visualization/statistic\clst_gp-0_0_0_0_0_0_agt_corr_henning_frac.png
plot correlation with frac-score for cluster: 
0_0_0_0_0_1 >>>
0_0_0_0_0_1: 0.36, p_value: 5.703905728647033e-09
clst-gp: 0_0_0_0_0_1 or sp-clst corr frac-score visualisation saved at D:/FLINC_dataset/slides/yang_p62\visualization/statistic\clst_gp-0_0_0_0_0_1_agt_corr_henning_frac.png
plot correlation with frac-score for cluster: 
0_0_0_1_1_0 >>>
0_0_0_1_1_0: 0.42, p_value: 3.637016863085384e-12
clst-gp: 0_0_0_1_1_0 or sp-clst corr frac-score visualisation saved at D:/FLINC_dataset/slides/yang_p62\visualization/statistic\clst_gp-0_0_0_1_1_0_agt_corr_henning_frac.png
plot correlation with frac-score for cluster: 
0_0_0_1_1_1 >>>
0_0_0_1_1_1: 0.43, p_value: 9.421020174376345e-13
clst-gp: 0_0_0_1_1_1 or sp-clst corr frac-score visualisation saved at D:/FLINC_dataset/slides/yang_p62\visualization/statistic\clst_gp-0_0_0_1_1_1_agt_corr_henning_frac.png
plot correlation with frac-score for cluster: 
0_0_1_0_0_0 >>>
0_0_1_0_0_0: 0.53, p_value: 1.6756957460893803e-19
clst-gp: 0_0_1_0_0_0 or sp-clst corr frac-score visualisation saved at D:/FLINC_dataset/slides/yang_p62\visualization/statistic\clst_gp-0_0_1_0_0_0_agt_corr_henning_frac.png
plot correlation with frac-score for cluster: 
0_0_1_0_0_1 >>>
0_0_1_0_0_1: 0.66, p_value: 3.910764518071717e-33
clst-gp: 0_0_1_0_0_1 or sp-clst corr frac-score visualisation saved at D:/FLINC_dataset/slides/yang_p62\visualization/statistic\clst_gp-0_0_1_0_0_1_agt_corr_henning_frac.png
plot correlation with frac-score for cluster: 
0_0_1_0_1_1 >>>
0_0_1_0_1_1: 0.38, p_value: 3.803653124387087e-10
clst-gp: 0_0_1_0_1_1 or sp-clst corr frac-score visualisation saved at D:/FLINC_dataset/slides/yang_p62\visualization/statistic\clst_gp-0_0_1_0_1_1_agt_corr_henning_frac.png
plot correlation with frac-score for cluster: 
0_1_0_1_0_1 >>>
0_1_0_1_0_1: 0.31, p_value: 6.635393508377385e-07
clst-gp: 0_1_0_1_0_1 or sp-clst corr frac-score visualisation saved at D:/FLINC_dataset/slides/yang_p62\visualization/statistic\clst_gp-0_1_0_1_0_1_agt_corr_henning_frac.png
plot correlation with frac-score for cluster: 
0_1_0_1_1_0 >>>
0_1_0_1_1_0: 0.55, p_value: 4.509440501371511e-21
clst-gp: 0_1_0_1_1_0 or sp-clst corr frac-score visualisation saved at D:/FLINC_dataset/slides/yang_p62\visualization/statistic\clst_gp-0_1_0_1_1_0_agt_corr_henning_frac.png
plot correlation with frac-score for cluster: 
0_0_1_1_0_0 >>>
0_0_1_1_0_0: 0.42, p_value: 4.792486610136925e-12
clst-gp: 0_0_1_1_0_0 or sp-clst corr frac-score visualisation saved at D:/FLINC_dataset/slides/yang_p62\visualization/statistic\clst_gp-0_0_1_1_0_0_agt_corr_henning_frac.png
plot correlation with frac-score for cluster: 
0_0_1_1_1_1 >>>
0_0_1_1_1_1: 0.57, p_value: 1.1023093334748504e-22
clst-gp: 0_0_1_1_1_1 or sp-clst corr frac-score visualisation saved at D:/FLINC_dataset/slides/yang_p62\visualization/statistic\clst_gp-0_0_1_1_1_1_agt_corr_henning_frac.png
plot correlation with frac-score for cluster: 
1_0_0_0_1_0 >>>
1_0_0_0_1_0: 0.26, p_value: 2.4832035017560214e-05
clst-gp: 1_0_0_0_1_0 or sp-clst corr frac-score visualisation saved at D:/FLINC_dataset/slides/yang_p62\visualization/statistic\clst_gp-1_0_0_0_1_0_agt_corr_henning_frac.png
plot correlation with frac-score for cluster: 
1_0_0_1_1_1 >>>
1_0_0_1_1_1: 0.47, p_value: 1.7784194920431867e-15
clst-gp: 1_0_0_1_1_1 or sp-clst corr frac-score visualisation saved at D:/FLINC_dataset/slides/yang_p62\visualization/statistic\clst_gp-1_0_0_1_1_1_agt_corr_henning_frac.png
plot correlation with frac-score for cluster: 
1_0_1_0_0_0 >>>
1_0_1_0_0_0: 0.20, p_value: 0.0011447701351290065
clst-gp: 1_0_1_0_0_0 or sp-clst corr frac-score visualisation saved at D:/FLINC_dataset/slides/yang_p62\visualization/statistic\clst_gp-1_0_1_0_0_0_agt_corr_henning_frac.png
plot correlation with frac-score for cluster: 
1_1_0_0_1_0 >>>
1_1_0_0_1_0: 0.40, p_value: 3.765165854481146e-11
clst-gp: 1_1_0_0_1_0 or sp-clst corr frac-score visualisation saved at D:/FLINC_dataset/slides/yang_p62\visualization/statistic\clst_gp-1_1_0_0_1_0_agt_corr_henning_frac.png
plot correlation with frac-score for cluster: 
3_0_0_0_0_1 >>>
3_0_0_0_0_1: 0.44, p_value: 1.6496065206517525e-13
clst-gp: 3_0_0_0_0_1 or sp-clst corr frac-score visualisation saved at D:/FLINC_dataset/slides/yang_p62\visualization/statistic\clst_gp-3_0_0_0_0_1_agt_corr_henning_frac.png
plot correlation with frac-score for group: 
['0_0_0_0_0_0', '0_0_0_0_0_1', '0_0_0_1_1_0', '0_0_0_1_1_1', '0_0_1_0_0_0', '0_0_1_0_0_1', '0_0_1_0_1_1', '0_1_0_1_0_1', '0_1_0_1_1_0'] >>>
A: 0.59, p_value: 5.531567066341754e-25
clst-gp: A or sp-clst corr frac-score visualisation saved at D:/FLINC_dataset/slides/yang_p62\visualization/statistic\clst_gp-A_agt_corr_henning_frac.png
plot correlation with frac-score for group: 
['0_0_1_1_0_0', '0_0_1_1_1_1'] >>>
B: 0.54, p_value: 2.7540385933363447e-20
clst-gp: B or sp-clst corr frac-score visualisation saved at D:/FLINC_dataset/slides/yang_p62\visualization/statistic\clst_gp-B_agt_corr_henning_frac.png
plot correlation with frac-score for group: 
['1_0_0_0_1_0', '1_0_0_1_1_1', '1_0_1_0_0_0', '1_1_0_0_1_0'] >>>
C: 0.45, p_value: 8.183590425523001e-14
clst-gp: C or sp-clst corr frac-score visualisation saved at D:/FLINC_dataset/slides/yang_p62\visualization/statistic\clst_gp-C_agt_corr_henning_frac.png
plot correlation with frac-score for group: 
['3_0_0_0_0_1'] >>>
D: 0.44, p_value: 1.6496065206517525e-13
clst-gp: D or sp-clst corr frac-score visualisation saved at D:/FLINC_dataset/slides/yang_p62\visualization/statistic\clst_gp-D_agt_corr_henning_frac.png
plot correlation with frac-score for cluster: 
0_0_0_0_0_0 >>>
0_0_0_0_0_0: 0.39, p_value: 1.1823309413094577e-10
clst-gp: 0_0_0_0_0_0 or sp-clst corr frac-score visualisation saved at D:/FLINC_dataset/slides/yang_p62\visualization/statistic\clst_gp-0_0_0_0_0_0_agt_corr_henning_frac.png
plot correlation with frac-score for cluster: 
0_0_0_0_0_1 >>>
0_0_0_0_0_1: 0.36, p_value: 5.703905728647033e-09
clst-gp: 0_0_0_0_0_1 or sp-clst corr frac-score visualisation saved at D:/FLINC_dataset/slides/yang_p62\visualization/statistic\clst_gp-0_0_0_0_0_1_agt_corr_henning_frac.png
plot correlation with frac-score for cluster: 
0_0_0_1_1_0 >>>
0_0_0_1_1_0: 0.42, p_value: 3.637016863085384e-12
clst-gp: 0_0_0_1_1_0 or sp-clst corr frac-score visualisation saved at D:/FLINC_dataset/slides/yang_p62\visualization/statistic\clst_gp-0_0_0_1_1_0_agt_corr_henning_frac.png
plot correlation with frac-score for cluster: 
0_0_0_1_1_1 >>>
0_0_0_1_1_1: 0.43, p_value: 9.421020174376345e-13
clst-gp: 0_0_0_1_1_1 or sp-clst corr frac-score visualisation saved at D:/FLINC_dataset/slides/yang_p62\visualization/statistic\clst_gp-0_0_0_1_1_1_agt_corr_henning_frac.png
plot correlation with frac-score for cluster: 
0_0_1_0_0_0 >>>
0_0_1_0_0_0: 0.53, p_value: 1.6756957460893803e-19
clst-gp: 0_0_1_0_0_0 or sp-clst corr frac-score visualisation saved at D:/FLINC_dataset/slides/yang_p62\visualization/statistic\clst_gp-0_0_1_0_0_0_agt_corr_henning_frac.png
plot correlation with frac-score for cluster: 
0_0_1_0_0_1 >>>
0_0_1_0_0_1: 0.66, p_value: 3.910764518071717e-33
clst-gp: 0_0_1_0_0_1 or sp-clst corr frac-score visualisation saved at D:/FLINC_dataset/slides/yang_p62\visualization/statistic\clst_gp-0_0_1_0_0_1_agt_corr_henning_frac.png
plot correlation with frac-score for cluster: 
0_0_1_0_1_1 >>>
0_0_1_0_1_1: 0.38, p_value: 3.803653124387087e-10
clst-gp: 0_0_1_0_1_1 or sp-clst corr frac-score visualisation saved at D:/FLINC_dataset/slides/yang_p62\visualization/statistic\clst_gp-0_0_1_0_1_1_agt_corr_henning_frac.png
plot correlation with frac-score for cluster: 
0_1_0_1_0_1 >>>
0_1_0_1_0_1: 0.31, p_value: 6.635393508377385e-07
clst-gp: 0_1_0_1_0_1 or sp-clst corr frac-score visualisation saved at D:/FLINC_dataset/slides/yang_p62\visualization/statistic\clst_gp-0_1_0_1_0_1_agt_corr_henning_frac.png
plot correlation with frac-score for cluster: 
0_1_0_1_1_0 >>>
0_1_0_1_1_0: 0.55, p_value: 4.509440501371511e-21
clst-gp: 0_1_0_1_1_0 or sp-clst corr frac-score visualisation saved at D:/FLINC_dataset/slides/yang_p62\visualization/statistic\clst_gp-0_1_0_1_1_0_agt_corr_henning_frac.png
plot correlation with frac-score for cluster: 
0_0_1_1_0_0 >>>
0_0_1_1_0_0: 0.42, p_value: 4.792486610136925e-12
clst-gp: 0_0_1_1_0_0 or sp-clst corr frac-score visualisation saved at D:/FLINC_dataset/slides/yang_p62\visualization/statistic\clst_gp-0_0_1_1_0_0_agt_corr_henning_frac.png
plot correlation with frac-score for cluster: 
0_0_1_1_1_1 >>>
0_0_1_1_1_1: 0.57, p_value: 1.1023093334748504e-22
clst-gp: 0_0_1_1_1_1 or sp-clst corr frac-score visualisation saved at D:/FLINC_dataset/slides/yang_p62\visualization/statistic\clst_gp-0_0_1_1_1_1_agt_corr_henning_frac.png
plot correlation with frac-score for cluster: 
1_0_0_0_1_0 >>>
1_0_0_0_1_0: 0.26, p_value: 2.4832035017560214e-05
clst-gp: 1_0_0_0_1_0 or sp-clst corr frac-score visualisation saved at D:/FLINC_dataset/slides/yang_p62\visualization/statistic\clst_gp-1_0_0_0_1_0_agt_corr_henning_frac.png
plot correlation with frac-score for cluster: 
1_0_0_1_1_1 >>>
1_0_0_1_1_1: 0.47, p_value: 1.7784194920431867e-15
clst-gp: 1_0_0_1_1_1 or sp-clst corr frac-score visualisation saved at D:/FLINC_dataset/slides/yang_p62\visualization/statistic\clst_gp-1_0_0_1_1_1_agt_corr_henning_frac.png
plot correlation with frac-score for cluster: 
1_0_1_0_0_0 >>>
1_0_1_0_0_0: 0.20, p_value: 0.0011447701351290065
clst-gp: 1_0_1_0_0_0 or sp-clst corr frac-score visualisation saved at D:/FLINC_dataset/slides/yang_p62\visualization/statistic\clst_gp-1_0_1_0_0_0_agt_corr_henning_frac.png
plot correlation with frac-score for cluster: 
1_1_0_0_1_0 >>>
1_1_0_0_1_0: 0.40, p_value: 3.765165854481146e-11
clst-gp: 1_1_0_0_1_0 or sp-clst corr frac-score visualisation saved at D:/FLINC_dataset/slides/yang_p62\visualization/statistic\clst_gp-1_1_0_0_1_0_agt_corr_henning_frac.png
plot correlation with frac-score for cluster: 
3_0_0_0_0_1 >>>
3_0_0_0_0_1: 0.44, p_value: 1.6496065206517525e-13
clst-gp: 3_0_0_0_0_1 or sp-clst corr frac-score visualisation saved at D:/FLINC_dataset/slides/yang_p62\visualization/statistic\clst_gp-3_0_0_0_0_1_agt_corr_henning_frac.png
plot correlation with frac-score for group: 
['0_0_0_0_0_0', '0_0_0_0_0_1', '0_0_0_1_1_0', '0_0_0_1_1_1', '0_0_1_0_0_0', '0_0_1_0_0_1', '0_0_1_0_1_1', '0_1_0_1_0_1', '0_1_0_1_1_0'] >>>
A: 0.59, p_value: 5.531567066341754e-25
clst-gp: A or sp-clst corr frac-score visualisation saved at D:/FLINC_dataset/slides/yang_p62\visualization/statistic\clst_gp-A_agt_corr_henning_frac.png
plot correlation with frac-score for group: 
['0_0_1_1_0_0', '0_0_1_1_1_1'] >>>
B: 0.54, p_value: 2.7540385933363447e-20
clst-gp: B or sp-clst corr frac-score visualisation saved at D:/FLINC_dataset/slides/yang_p62\visualization/statistic\clst_gp-B_agt_corr_henning_frac.png
plot correlation with frac-score for group: 
['1_0_0_0_1_0', '1_0_0_1_1_1', '1_0_1_0_0_0', '1_1_0_0_1_0'] >>>
C: 0.45, p_value: 8.183590425523001e-14
clst-gp: C or sp-clst corr frac-score visualisation saved at D:/FLINC_dataset/slides/yang_p62\visualization/statistic\clst_gp-C_agt_corr_henning_frac.png
plot correlation with frac-score for group: 
['3_0_0_0_0_1'] >>>
D: 0.44, p_value: 1.6496065206517525e-13
clst-gp: D or sp-clst corr frac-score visualisation saved at D:/FLINC_dataset/slides/yang_p62\visualization/statistic\clst_gp-D_agt_corr_henning_frac.png
plot correlation with frac-score for cluster: 
0_0_0_0_0_0 >>>
0_0_0_0_0_0: 0.39, p_value: 1.1823309413094577e-10
clst-gp: 0_0_0_0_0_0 or sp-clst corr frac-score visualisation saved at D:/FLINC_dataset/slides/yang_p62\visualization/statistic\clst_gp-0_0_0_0_0_0_agt_corr_henning_frac.png
plot correlation with frac-score for cluster: 
0_0_0_0_0_1 >>>
0_0_0_0_0_1: 0.36, p_value: 5.703905728647033e-09
clst-gp: 0_0_0_0_0_1 or sp-clst corr frac-score visualisation saved at D:/FLINC_dataset/slides/yang_p62\visualization/statistic\clst_gp-0_0_0_0_0_1_agt_corr_henning_frac.png
plot correlation with frac-score for cluster: 
0_0_0_1_1_0 >>>
0_0_0_1_1_0: 0.42, p_value: 3.637016863085384e-12
clst-gp: 0_0_0_1_1_0 or sp-clst corr frac-score visualisation saved at D:/FLINC_dataset/slides/yang_p62\visualization/statistic\clst_gp-0_0_0_1_1_0_agt_corr_henning_frac.png
plot correlation with frac-score for cluster: 
0_0_0_1_1_1 >>>
0_0_0_1_1_1: 0.43, p_value: 9.421020174376345e-13
clst-gp: 0_0_0_1_1_1 or sp-clst corr frac-score visualisation saved at D:/FLINC_dataset/slides/yang_p62\visualization/statistic\clst_gp-0_0_0_1_1_1_agt_corr_henning_frac.png
plot correlation with frac-score for cluster: 
0_0_1_0_0_0 >>>
0_0_1_0_0_0: 0.53, p_value: 1.6756957460893803e-19
clst-gp: 0_0_1_0_0_0 or sp-clst corr frac-score visualisation saved at D:/FLINC_dataset/slides/yang_p62\visualization/statistic\clst_gp-0_0_1_0_0_0_agt_corr_henning_frac.png
plot correlation with frac-score for cluster: 
0_0_1_0_0_1 >>>
0_0_1_0_0_1: 0.66, p_value: 3.910764518071717e-33
clst-gp: 0_0_1_0_0_1 or sp-clst corr frac-score visualisation saved at D:/FLINC_dataset/slides/yang_p62\visualization/statistic\clst_gp-0_0_1_0_0_1_agt_corr_henning_frac.png
plot correlation with frac-score for cluster: 
0_0_1_0_1_1 >>>
0_0_1_0_1_1: 0.38, p_value: 3.803653124387087e-10
clst-gp: 0_0_1_0_1_1 or sp-clst corr frac-score visualisation saved at D:/FLINC_dataset/slides/yang_p62\visualization/statistic\clst_gp-0_0_1_0_1_1_agt_corr_henning_frac.png
plot correlation with frac-score for cluster: 
0_1_0_1_0_1 >>>
0_1_0_1_0_1: 0.31, p_value: 6.635393508377385e-07
clst-gp: 0_1_0_1_0_1 or sp-clst corr frac-score visualisation saved at D:/FLINC_dataset/slides/yang_p62\visualization/statistic\clst_gp-0_1_0_1_0_1_agt_corr_henning_frac.png
plot correlation with frac-score for cluster: 
0_1_0_1_1_0 >>>
0_1_0_1_1_0: 0.55, p_value: 4.509440501371511e-21
clst-gp: 0_1_0_1_1_0 or sp-clst corr frac-score visualisation saved at D:/FLINC_dataset/slides/yang_p62\visualization/statistic\clst_gp-0_1_0_1_1_0_agt_corr_henning_frac.png
plot correlation with frac-score for cluster: 
0_0_1_1_0_0 >>>
0_0_1_1_0_0: 0.42, p_value: 4.792486610136925e-12
clst-gp: 0_0_1_1_0_0 or sp-clst corr frac-score visualisation saved at D:/FLINC_dataset/slides/yang_p62\visualization/statistic\clst_gp-0_0_1_1_0_0_agt_corr_henning_frac.png
plot correlation with frac-score for cluster: 
0_0_1_1_1_1 >>>
0_0_1_1_1_1: 0.57, p_value: 1.1023093334748504e-22
clst-gp: 0_0_1_1_1_1 or sp-clst corr frac-score visualisation saved at D:/FLINC_dataset/slides/yang_p62\visualization/statistic\clst_gp-0_0_1_1_1_1_agt_corr_henning_frac.png
plot correlation with frac-score for cluster: 
1_0_0_0_1_0 >>>
1_0_0_0_1_0: 0.26, p_value: 2.4832035017560214e-05
clst-gp: 1_0_0_0_1_0 or sp-clst corr frac-score visualisation saved at D:/FLINC_dataset/slides/yang_p62\visualization/statistic\clst_gp-1_0_0_0_1_0_agt_corr_henning_frac.png
plot correlation with frac-score for cluster: 
1_0_0_1_1_1 >>>
1_0_0_1_1_1: 0.47, p_value: 1.7784194920431867e-15
clst-gp: 1_0_0_1_1_1 or sp-clst corr frac-score visualisation saved at D:/FLINC_dataset/slides/yang_p62\visualization/statistic\clst_gp-1_0_0_1_1_1_agt_corr_henning_frac.png
plot correlation with frac-score for cluster: 
1_0_1_0_0_0 >>>
1_0_1_0_0_0: 0.20, p_value: 0.0011447701351290065
clst-gp: 1_0_1_0_0_0 or sp-clst corr frac-score visualisation saved at D:/FLINC_dataset/slides/yang_p62\visualization/statistic\clst_gp-1_0_1_0_0_0_agt_corr_henning_frac.png
plot correlation with frac-score for cluster: 
1_1_0_0_1_0 >>>
1_1_0_0_1_0: 0.40, p_value: 3.765165854481146e-11
clst-gp: 1_1_0_0_1_0 or sp-clst corr frac-score visualisation saved at D:/FLINC_dataset/slides/yang_p62\visualization/statistic\clst_gp-1_1_0_0_1_0_agt_corr_henning_frac.png
plot correlation with frac-score for cluster: 
3_0_0_0_0_1 >>>
3_0_0_0_0_1: 0.44, p_value: 1.6496065206517525e-13
clst-gp: 3_0_0_0_0_1 or sp-clst corr frac-score visualisation saved at D:/FLINC_dataset/slides/yang_p62\visualization/statistic\clst_gp-3_0_0_0_0_1_agt_corr_henning_frac.png
plot correlation with frac-score for group: 
['0_0_0_0_0_0', '0_0_0_0_0_1', '0_0_0_1_1_0', '0_0_0_1_1_1', '0_0_1_0_0_0', '0_0_1_0_0_1', '0_0_1_0_1_1', '0_1_0_1_0_1', '0_1_0_1_1_0'] >>>
A: 0.59, p_value: 5.531567066341754e-25
clst-gp: A or sp-clst corr frac-score visualisation saved at D:/FLINC_dataset/slides/yang_p62\visualization/statistic\clst_gp-A_agt_corr_henning_frac.png
plot correlation with frac-score for group: 
['0_0_1_1_0_0', '0_0_1_1_1_1'] >>>
B: 0.54, p_value: 2.7540385933363447e-20
clst-gp: B or sp-clst corr frac-score visualisation saved at D:/FLINC_dataset/slides/yang_p62\visualization/statistic\clst_gp-B_agt_corr_henning_frac.png
plot correlation with frac-score for group: 
['1_0_0_0_1_0', '1_0_0_1_1_1', '1_0_1_0_0_0', '1_1_0_0_1_0'] >>>
C: 0.45, p_value: 8.183590425523001e-14
clst-gp: C or sp-clst corr frac-score visualisation saved at D:/FLINC_dataset/slides/yang_p62\visualization/statistic\clst_gp-C_agt_corr_henning_frac.png
plot correlation with frac-score for group: 
['3_0_0_0_0_1'] >>>
D: 0.44, p_value: 1.6496065206517525e-13
clst-gp: D or sp-clst corr frac-score visualisation saved at D:/FLINC_dataset/slides/yang_p62\visualization/statistic\clst_gp-D_agt_corr_henning_frac.png
plot correlation with frac-score for cluster: 
0_0_0_0_0_0 >>>
0_0_0_0_0_0: 0.39, p_value: 1.1823309413094577e-10
clst-gp: 0_0_0_0_0_0 or sp-clst corr frac-score visualisation saved at D:/FLINC_dataset/slides/yang_p62\visualization/statistic\clst_gp-0_0_0_0_0_0_agt_corr_henning_frac.png
plot correlation with frac-score for cluster: 
0_0_0_0_0_1 >>>
0_0_0_0_0_1: 0.36, p_value: 5.703905728647033e-09
clst-gp: 0_0_0_0_0_1 or sp-clst corr frac-score visualisation saved at D:/FLINC_dataset/slides/yang_p62\visualization/statistic\clst_gp-0_0_0_0_0_1_agt_corr_henning_frac.png
plot correlation with frac-score for cluster: 
0_0_0_1_1_0 >>>
0_0_0_1_1_0: 0.42, p_value: 3.637016863085384e-12
clst-gp: 0_0_0_1_1_0 or sp-clst corr frac-score visualisation saved at D:/FLINC_dataset/slides/yang_p62\visualization/statistic\clst_gp-0_0_0_1_1_0_agt_corr_henning_frac.png
plot correlation with frac-score for cluster: 
0_0_0_1_1_1 >>>
0_0_0_1_1_1: 0.43, p_value: 9.421020174376345e-13
clst-gp: 0_0_0_1_1_1 or sp-clst corr frac-score visualisation saved at D:/FLINC_dataset/slides/yang_p62\visualization/statistic\clst_gp-0_0_0_1_1_1_agt_corr_henning_frac.png
plot correlation with frac-score for cluster: 
0_0_1_0_0_0 >>>
0_0_1_0_0_0: 0.53, p_value: 1.6756957460893803e-19
clst-gp: 0_0_1_0_0_0 or sp-clst corr frac-score visualisation saved at D:/FLINC_dataset/slides/yang_p62\visualization/statistic\clst_gp-0_0_1_0_0_0_agt_corr_henning_frac.png
plot correlation with frac-score for cluster: 
0_0_1_0_0_1 >>>
0_0_1_0_0_1: 0.66, p_value: 3.910764518071717e-33
clst-gp: 0_0_1_0_0_1 or sp-clst corr frac-score visualisation saved at D:/FLINC_dataset/slides/yang_p62\visualization/statistic\clst_gp-0_0_1_0_0_1_agt_corr_henning_frac.png
plot correlation with frac-score for cluster: 
0_0_1_0_1_1 >>>
0_0_1_0_1_1: 0.38, p_value: 3.803653124387087e-10
clst-gp: 0_0_1_0_1_1 or sp-clst corr frac-score visualisation saved at D:/FLINC_dataset/slides/yang_p62\visualization/statistic\clst_gp-0_0_1_0_1_1_agt_corr_henning_frac.png
plot correlation with frac-score for cluster: 
0_1_0_1_0_1 >>>
0_1_0_1_0_1: 0.31, p_value: 6.635393508377385e-07
clst-gp: 0_1_0_1_0_1 or sp-clst corr frac-score visualisation saved at D:/FLINC_dataset/slides/yang_p62\visualization/statistic\clst_gp-0_1_0_1_0_1_agt_corr_henning_frac.png
plot correlation with frac-score for cluster: 
0_1_0_1_1_0 >>>
0_1_0_1_1_0: 0.55, p_value: 4.509440501371511e-21
clst-gp: 0_1_0_1_1_0 or sp-clst corr frac-score visualisation saved at D:/FLINC_dataset/slides/yang_p62\visualization/statistic\clst_gp-0_1_0_1_1_0_agt_corr_henning_frac.png
plot correlation with frac-score for cluster: 
0_0_1_1_0_0 >>>
0_0_1_1_0_0: 0.42, p_value: 4.792486610136925e-12
clst-gp: 0_0_1_1_0_0 or sp-clst corr frac-score visualisation saved at D:/FLINC_dataset/slides/yang_p62\visualization/statistic\clst_gp-0_0_1_1_0_0_agt_corr_henning_frac.png
plot correlation with frac-score for cluster: 
0_0_1_1_1_1 >>>
0_0_1_1_1_1: 0.57, p_value: 1.1023093334748504e-22
clst-gp: 0_0_1_1_1_1 or sp-clst corr frac-score visualisation saved at D:/FLINC_dataset/slides/yang_p62\visualization/statistic\clst_gp-0_0_1_1_1_1_agt_corr_henning_frac.png
plot correlation with frac-score for cluster: 
1_0_0_0_1_0 >>>
1_0_0_0_1_0: 0.26, p_value: 2.4832035017560214e-05
clst-gp: 1_0_0_0_1_0 or sp-clst corr frac-score visualisation saved at D:/FLINC_dataset/slides/yang_p62\visualization/statistic\clst_gp-1_0_0_0_1_0_agt_corr_henning_frac.png
plot correlation with frac-score for cluster: 
1_0_0_1_1_1 >>>
1_0_0_1_1_1: 0.47, p_value: 1.7784194920431867e-15
clst-gp: 1_0_0_1_1_1 or sp-clst corr frac-score visualisation saved at D:/FLINC_dataset/slides/yang_p62\visualization/statistic\clst_gp-1_0_0_1_1_1_agt_corr_henning_frac.png
plot correlation with frac-score for cluster: 
1_0_1_0_0_0 >>>
1_0_1_0_0_0: 0.20, p_value: 0.0011447701351290065
clst-gp: 1_0_1_0_0_0 or sp-clst corr frac-score visualisation saved at D:/FLINC_dataset/slides/yang_p62\visualization/statistic\clst_gp-1_0_1_0_0_0_agt_corr_henning_frac.png
plot correlation with frac-score for cluster: 
1_1_0_0_1_0 >>>
1_1_0_0_1_0: 0.40, p_value: 3.765165854481146e-11
clst-gp: 1_1_0_0_1_0 or sp-clst corr frac-score visualisation saved at D:/FLINC_dataset/slides/yang_p62\visualization/statistic\clst_gp-1_1_0_0_1_0_agt_corr_henning_frac.png
plot correlation with frac-score for cluster: 
3_0_0_0_0_1 >>>
3_0_0_0_0_1: 0.44, p_value: 1.6496065206517525e-13
clst-gp: 3_0_0_0_0_1 or sp-clst corr frac-score visualisation saved at D:/FLINC_dataset/slides/yang_p62\visualization/statistic\clst_gp-3_0_0_0_0_1_agt_corr_henning_frac.png
plot correlation with frac-score for group: 
['0_0_0_0_0_0', '0_0_0_0_0_1', '0_0_0_1_1_0', '0_0_0_1_1_1', '0_0_1_0_0_0', '0_0_1_0_0_1', '0_0_1_0_1_1', '0_1_0_1_0_1', '0_1_0_1_1_0'] >>>
A: 0.59, p_value: 5.531567066341754e-25
clst-gp: A or sp-clst corr frac-score visualisation saved at D:/FLINC_dataset/slides/yang_p62\visualization/statistic\clst_gp-A_agt_corr_henning_frac.png
plot correlation with frac-score for group: 
['0_0_1_1_0_0', '0_0_1_1_1_1'] >>>
B: 0.54, p_value: 2.7540385933363447e-20
clst-gp: B or sp-clst corr frac-score visualisation saved at D:/FLINC_dataset/slides/yang_p62\visualization/statistic\clst_gp-B_agt_corr_henning_frac.png
plot correlation with frac-score for group: 
['1_0_0_0_1_0', '1_0_0_1_1_1', '1_0_1_0_0_0', '1_1_0_0_1_0'] >>>
C: 0.45, p_value: 8.183590425523001e-14
clst-gp: C or sp-clst corr frac-score visualisation saved at D:/FLINC_dataset/slides/yang_p62\visualization/statistic\clst_gp-C_agt_corr_henning_frac.png
plot correlation with frac-score for group: 
['3_0_0_0_0_1'] >>>
D: 0.44, p_value: 1.6496065206517525e-13
clst-gp: D or sp-clst corr frac-score visualisation saved at D:/FLINC_dataset/slides/yang_p62\visualization/statistic\clst_gp-D_agt_corr_henning_frac.png
plot correlation with frac-score for cluster: 
0_0_0_0_0_0 >>>
0_0_0_0_0_0: 0.39, p_value: 1.1823309413094577e-10
clst-gp: 0_0_0_0_0_0 or sp-clst corr frac-score visualisation saved at D:/FLINC_dataset/slides/yang_p62\visualization/statistic\clst_gp-0_0_0_0_0_0_agt_corr_henning_frac.png
plot correlation with frac-score for cluster: 
0_0_0_0_0_1 >>>
0_0_0_0_0_1: 0.36, p_value: 5.703905728647033e-09
clst-gp: 0_0_0_0_0_1 or sp-clst corr frac-score visualisation saved at D:/FLINC_dataset/slides/yang_p62\visualization/statistic\clst_gp-0_0_0_0_0_1_agt_corr_henning_frac.png
plot correlation with frac-score for cluster: 
0_0_0_1_1_0 >>>
0_0_0_1_1_0: 0.42, p_value: 3.637016863085384e-12
clst-gp: 0_0_0_1_1_0 or sp-clst corr frac-score visualisation saved at D:/FLINC_dataset/slides/yang_p62\visualization/statistic\clst_gp-0_0_0_1_1_0_agt_corr_henning_frac.png
plot correlation with frac-score for cluster: 
0_0_0_1_1_1 >>>
0_0_0_1_1_1: 0.43, p_value: 9.421020174376345e-13
clst-gp: 0_0_0_1_1_1 or sp-clst corr frac-score visualisation saved at D:/FLINC_dataset/slides/yang_p62\visualization/statistic\clst_gp-0_0_0_1_1_1_agt_corr_henning_frac.png
plot correlation with frac-score for cluster: 
0_0_1_0_0_0 >>>
0_0_1_0_0_0: 0.53, p_value: 1.6756957460893803e-19
clst-gp: 0_0_1_0_0_0 or sp-clst corr frac-score visualisation saved at D:/FLINC_dataset/slides/yang_p62\visualization/statistic\clst_gp-0_0_1_0_0_0_agt_corr_henning_frac.png
plot correlation with frac-score for cluster: 
0_0_1_0_0_1 >>>
0_0_1_0_0_1: 0.66, p_value: 3.910764518071717e-33
clst-gp: 0_0_1_0_0_1 or sp-clst corr frac-score visualisation saved at D:/FLINC_dataset/slides/yang_p62\visualization/statistic\clst_gp-0_0_1_0_0_1_agt_corr_henning_frac.png
plot correlation with frac-score for cluster: 
0_0_1_0_1_1 >>>
0_0_1_0_1_1: 0.38, p_value: 3.803653124387087e-10
clst-gp: 0_0_1_0_1_1 or sp-clst corr frac-score visualisation saved at D:/FLINC_dataset/slides/yang_p62\visualization/statistic\clst_gp-0_0_1_0_1_1_agt_corr_henning_frac.png
plot correlation with frac-score for cluster: 
0_1_0_1_0_1 >>>
0_1_0_1_0_1: 0.31, p_value: 6.635393508377385e-07
clst-gp: 0_1_0_1_0_1 or sp-clst corr frac-score visualisation saved at D:/FLINC_dataset/slides/yang_p62\visualization/statistic\clst_gp-0_1_0_1_0_1_agt_corr_henning_frac.png
plot correlation with frac-score for cluster: 
0_1_0_1_1_0 >>>
0_1_0_1_1_0: 0.55, p_value: 4.509440501371511e-21
clst-gp: 0_1_0_1_1_0 or sp-clst corr frac-score visualisation saved at D:/FLINC_dataset/slides/yang_p62\visualization/statistic\clst_gp-0_1_0_1_1_0_agt_corr_henning_frac.png
plot correlation with frac-score for cluster: 
0_0_1_1_0_0 >>>
0_0_1_1_0_0: 0.42, p_value: 4.792486610136925e-12
clst-gp: 0_0_1_1_0_0 or sp-clst corr frac-score visualisation saved at D:/FLINC_dataset/slides/yang_p62\visualization/statistic\clst_gp-0_0_1_1_0_0_agt_corr_henning_frac.png
plot correlation with frac-score for cluster: 
0_0_1_1_1_1 >>>
0_0_1_1_1_1: 0.57, p_value: 1.1023093334748504e-22
clst-gp: 0_0_1_1_1_1 or sp-clst corr frac-score visualisation saved at D:/FLINC_dataset/slides/yang_p62\visualization/statistic\clst_gp-0_0_1_1_1_1_agt_corr_henning_frac.png
plot correlation with frac-score for cluster: 
1_0_0_0_1_0 >>>
1_0_0_0_1_0: 0.26, p_value: 2.4832035017560214e-05
clst-gp: 1_0_0_0_1_0 or sp-clst corr frac-score visualisation saved at D:/FLINC_dataset/slides/yang_p62\visualization/statistic\clst_gp-1_0_0_0_1_0_agt_corr_henning_frac.png
plot correlation with frac-score for cluster: 
1_0_0_1_1_1 >>>
1_0_0_1_1_1: 0.47, p_value: 1.7784194920431867e-15
clst-gp: 1_0_0_1_1_1 or sp-clst corr frac-score visualisation saved at D:/FLINC_dataset/slides/yang_p62\visualization/statistic\clst_gp-1_0_0_1_1_1_agt_corr_henning_frac.png
plot correlation with frac-score for cluster: 
1_0_1_0_0_0 >>>
1_0_1_0_0_0: 0.20, p_value: 0.0011447701351290065
clst-gp: 1_0_1_0_0_0 or sp-clst corr frac-score visualisation saved at D:/FLINC_dataset/slides/yang_p62\visualization/statistic\clst_gp-1_0_1_0_0_0_agt_corr_henning_frac.png
plot correlation with frac-score for cluster: 
1_1_0_0_1_0 >>>
1_1_0_0_1_0: 0.40, p_value: 3.765165854481146e-11
clst-gp: 1_1_0_0_1_0 or sp-clst corr frac-score visualisation saved at D:/FLINC_dataset/slides/yang_p62\visualization/statistic\clst_gp-1_1_0_0_1_0_agt_corr_henning_frac.png
plot correlation with frac-score for cluster: 
3_0_0_0_0_1 >>>
3_0_0_0_0_1: 0.44, p_value: 1.6496065206517525e-13
clst-gp: 3_0_0_0_0_1 or sp-clst corr frac-score visualisation saved at D:/FLINC_dataset/slides/yang_p62\visualization/statistic\clst_gp-3_0_0_0_0_1_agt_corr_henning_frac.png
plot correlation with frac-score for group: 
['0_0_0_0_0_0', '0_0_0_0_0_1', '0_0_0_1_1_0', '0_0_0_1_1_1', '0_0_1_0_0_0', '0_0_1_0_0_1', '0_0_1_0_1_1', '0_1_0_1_0_1', '0_1_0_1_1_0'] >>>
A: 0.59, p_value: 5.531567066341754e-25
clst-gp: A or sp-clst corr frac-score visualisation saved at D:/FLINC_dataset/slides/yang_p62\visualization/statistic\clst_gp-A_agt_corr_henning_frac.png
plot correlation with frac-score for group: 
['0_0_1_1_0_0', '0_0_1_1_1_1'] >>>
B: 0.54, p_value: 2.7540385933363447e-20
clst-gp: B or sp-clst corr frac-score visualisation saved at D:/FLINC_dataset/slides/yang_p62\visualization/statistic\clst_gp-B_agt_corr_henning_frac.png
plot correlation with frac-score for group: 
['1_0_0_0_1_0', '1_0_0_1_1_1', '1_0_1_0_0_0', '1_1_0_0_1_0'] >>>
C: 0.45, p_value: 8.183590425523001e-14
clst-gp: C or sp-clst corr frac-score visualisation saved at D:/FLINC_dataset/slides/yang_p62\visualization/statistic\clst_gp-C_agt_corr_henning_frac.png
plot correlation with frac-score for group: 
['3_0_0_0_0_1'] >>>
D: 0.44, p_value: 1.6496065206517525e-13
clst-gp: D or sp-clst corr frac-score visualisation saved at D:/FLINC_dataset/slides/yang_p62\visualization/statistic\clst_gp-D_agt_corr_henning_frac.png
plot correlation with frac-score for cluster: 
0_0_0_0_0_0 >>>
0_0_0_0_0_0: 0.39, p_value: 1.1823309413094577e-10
clst-gp: 0_0_0_0_0_0 or sp-clst corr frac-score visualisation saved at D:/FLINC_dataset/slides/yang_p62\visualization/statistic\clst_gp-0_0_0_0_0_0_agt_corr_henning_frac.png
plot correlation with frac-score for cluster: 
0_0_0_0_0_1 >>>
0_0_0_0_0_1: 0.36, p_value: 5.703905728647033e-09
clst-gp: 0_0_0_0_0_1 or sp-clst corr frac-score visualisation saved at D:/FLINC_dataset/slides/yang_p62\visualization/statistic\clst_gp-0_0_0_0_0_1_agt_corr_henning_frac.png
plot correlation with frac-score for cluster: 
0_0_0_1_1_0 >>>
0_0_0_1_1_0: 0.42, p_value: 3.637016863085384e-12
clst-gp: 0_0_0_1_1_0 or sp-clst corr frac-score visualisation saved at D:/FLINC_dataset/slides/yang_p62\visualization/statistic\clst_gp-0_0_0_1_1_0_agt_corr_henning_frac.png
plot correlation with frac-score for cluster: 
0_0_0_1_1_1 >>>
0_0_0_1_1_1: 0.43, p_value: 9.421020174376345e-13
clst-gp: 0_0_0_1_1_1 or sp-clst corr frac-score visualisation saved at D:/FLINC_dataset/slides/yang_p62\visualization/statistic\clst_gp-0_0_0_1_1_1_agt_corr_henning_frac.png
plot correlation with frac-score for cluster: 
0_0_1_0_0_0 >>>
0_0_1_0_0_0: 0.53, p_value: 1.6756957460893803e-19
clst-gp: 0_0_1_0_0_0 or sp-clst corr frac-score visualisation saved at D:/FLINC_dataset/slides/yang_p62\visualization/statistic\clst_gp-0_0_1_0_0_0_agt_corr_henning_frac.png
plot correlation with frac-score for cluster: 
0_0_1_0_0_1 >>>
0_0_1_0_0_1: 0.66, p_value: 3.910764518071717e-33
clst-gp: 0_0_1_0_0_1 or sp-clst corr frac-score visualisation saved at D:/FLINC_dataset/slides/yang_p62\visualization/statistic\clst_gp-0_0_1_0_0_1_agt_corr_henning_frac.png
plot correlation with frac-score for cluster: 
0_0_1_0_1_1 >>>
0_0_1_0_1_1: 0.38, p_value: 3.803653124387087e-10
clst-gp: 0_0_1_0_1_1 or sp-clst corr frac-score visualisation saved at D:/FLINC_dataset/slides/yang_p62\visualization/statistic\clst_gp-0_0_1_0_1_1_agt_corr_henning_frac.png
plot correlation with frac-score for cluster: 
0_1_0_1_0_1 >>>
0_1_0_1_0_1: 0.31, p_value: 6.635393508377385e-07
clst-gp: 0_1_0_1_0_1 or sp-clst corr frac-score visualisation saved at D:/FLINC_dataset/slides/yang_p62\visualization/statistic\clst_gp-0_1_0_1_0_1_agt_corr_henning_frac.png
plot correlation with frac-score for cluster: 
0_1_0_1_1_0 >>>
0_1_0_1_1_0: 0.55, p_value: 4.509440501371511e-21
clst-gp: 0_1_0_1_1_0 or sp-clst corr frac-score visualisation saved at D:/FLINC_dataset/slides/yang_p62\visualization/statistic\clst_gp-0_1_0_1_1_0_agt_corr_henning_frac.png
plot correlation with frac-score for cluster: 
0_0_1_1_0_0 >>>
0_0_1_1_0_0: 0.42, p_value: 4.792486610136925e-12
clst-gp: 0_0_1_1_0_0 or sp-clst corr frac-score visualisation saved at D:/FLINC_dataset/slides/yang_p62\visualization/statistic\clst_gp-0_0_1_1_0_0_agt_corr_henning_frac.png
plot correlation with frac-score for cluster: 
0_0_1_1_1_1 >>>
0_0_1_1_1_1: 0.57, p_value: 1.1023093334748504e-22
clst-gp: 0_0_1_1_1_1 or sp-clst corr frac-score visualisation saved at D:/FLINC_dataset/slides/yang_p62\visualization/statistic\clst_gp-0_0_1_1_1_1_agt_corr_henning_frac.png
plot correlation with frac-score for cluster: 
1_0_0_0_1_0 >>>
1_0_0_0_1_0: 0.26, p_value: 2.4832035017560214e-05
clst-gp: 1_0_0_0_1_0 or sp-clst corr frac-score visualisation saved at D:/FLINC_dataset/slides/yang_p62\visualization/statistic\clst_gp-1_0_0_0_1_0_agt_corr_henning_frac.png
plot correlation with frac-score for cluster: 
1_0_0_1_1_1 >>>
1_0_0_1_1_1: 0.47, p_value: 1.7784194920431867e-15
clst-gp: 1_0_0_1_1_1 or sp-clst corr frac-score visualisation saved at D:/FLINC_dataset/slides/yang_p62\visualization/statistic\clst_gp-1_0_0_1_1_1_agt_corr_henning_frac.png
plot correlation with frac-score for cluster: 
1_0_1_0_0_0 >>>
1_0_1_0_0_0: 0.20, p_value: 0.0011447701351290065
clst-gp: 1_0_1_0_0_0 or sp-clst corr frac-score visualisation saved at D:/FLINC_dataset/slides/yang_p62\visualization/statistic\clst_gp-1_0_1_0_0_0_agt_corr_henning_frac.png
plot correlation with frac-score for cluster: 
1_1_0_0_1_0 >>>
1_1_0_0_1_0: 0.40, p_value: 3.765165854481146e-11
clst-gp: 1_1_0_0_1_0 or sp-clst corr frac-score visualisation saved at D:/FLINC_dataset/slides/yang_p62\visualization/statistic\clst_gp-1_1_0_0_1_0_agt_corr_henning_frac.png
plot correlation with frac-score for cluster: 
3_0_0_0_0_1 >>>
3_0_0_0_0_1: 0.44, p_value: 1.6496065206517525e-13
clst-gp: 3_0_0_0_0_1 or sp-clst corr frac-score visualisation saved at D:/FLINC_dataset/slides/yang_p62\visualization/statistic\clst_gp-3_0_0_0_0_1_agt_corr_henning_frac.png
plot correlation with frac-score for group: 
['0_0_0_0_0_0', '0_0_0_0_0_1', '0_0_0_1_1_0', '0_0_0_1_1_1', '0_0_1_0_0_0', '0_0_1_0_0_1', '0_0_1_0_1_1', '0_1_0_1_0_1', '0_1_0_1_1_0'] >>>
A: 0.59, p_value: 5.531567066341754e-25
clst-gp: A or sp-clst corr frac-score visualisation saved at D:/FLINC_dataset/slides/yang_p62\visualization/statistic\clst_gp-A_agt_corr_henning_frac.png
plot correlation with frac-score for group: 
['0_0_1_1_0_0', '0_0_1_1_1_1'] >>>
B: 0.54, p_value: 2.7540385933363447e-20
clst-gp: B or sp-clst corr frac-score visualisation saved at D:/FLINC_dataset/slides/yang_p62\visualization/statistic\clst_gp-B_agt_corr_henning_frac.png
plot correlation with frac-score for group: 
['1_0_0_0_1_0', '1_0_0_1_1_1', '1_0_1_0_0_0', '1_1_0_0_1_0'] >>>
C: 0.45, p_value: 8.183590425523001e-14
clst-gp: C or sp-clst corr frac-score visualisation saved at D:/FLINC_dataset/slides/yang_p62\visualization/statistic\clst_gp-C_agt_corr_henning_frac.png
plot correlation with frac-score for group: 
['3_0_0_0_0_1'] >>>
D: 0.44, p_value: 1.6496065206517525e-13
clst-gp: D or sp-clst corr frac-score visualisation saved at D:/FLINC_dataset/slides/yang_p62\visualization/statistic\clst_gp-D_agt_corr_henning_frac.png
plot correlation with frac-score for cluster: 
0_0_0_0_0_0 >>>
0_0_0_0_0_0: 0.39, p_value: 1.1823309413094577e-10
clst-gp: 0_0_0_0_0_0 or sp-clst corr frac-score visualisation saved at D:/FLINC_dataset/slides/yang_p62\visualization/statistic\clst_gp-0_0_0_0_0_0_agt_corr_henning_frac.png
plot correlation with frac-score for cluster: 
0_0_0_0_0_1 >>>
0_0_0_0_0_1: 0.36, p_value: 5.703905728647033e-09
clst-gp: 0_0_0_0_0_1 or sp-clst corr frac-score visualisation saved at D:/FLINC_dataset/slides/yang_p62\visualization/statistic\clst_gp-0_0_0_0_0_1_agt_corr_henning_frac.png
plot correlation with frac-score for cluster: 
0_0_0_1_1_0 >>>
0_0_0_1_1_0: 0.42, p_value: 3.637016863085384e-12
clst-gp: 0_0_0_1_1_0 or sp-clst corr frac-score visualisation saved at D:/FLINC_dataset/slides/yang_p62\visualization/statistic\clst_gp-0_0_0_1_1_0_agt_corr_henning_frac.png
plot correlation with frac-score for cluster: 
0_0_0_1_1_1 >>>
0_0_0_1_1_1: 0.43, p_value: 9.421020174376345e-13
clst-gp: 0_0_0_1_1_1 or sp-clst corr frac-score visualisation saved at D:/FLINC_dataset/slides/yang_p62\visualization/statistic\clst_gp-0_0_0_1_1_1_agt_corr_henning_frac.png
plot correlation with frac-score for cluster: 
0_0_1_0_0_0 >>>
0_0_1_0_0_0: 0.53, p_value: 1.6756957460893803e-19
clst-gp: 0_0_1_0_0_0 or sp-clst corr frac-score visualisation saved at D:/FLINC_dataset/slides/yang_p62\visualization/statistic\clst_gp-0_0_1_0_0_0_agt_corr_henning_frac.png
plot correlation with frac-score for cluster: 
0_0_1_0_0_1 >>>
0_0_1_0_0_1: 0.66, p_value: 3.910764518071717e-33
clst-gp: 0_0_1_0_0_1 or sp-clst corr frac-score visualisation saved at D:/FLINC_dataset/slides/yang_p62\visualization/statistic\clst_gp-0_0_1_0_0_1_agt_corr_henning_frac.png
plot correlation with frac-score for cluster: 
0_0_1_0_1_1 >>>
0_0_1_0_1_1: 0.38, p_value: 3.803653124387087e-10
clst-gp: 0_0_1_0_1_1 or sp-clst corr frac-score visualisation saved at D:/FLINC_dataset/slides/yang_p62\visualization/statistic\clst_gp-0_0_1_0_1_1_agt_corr_henning_frac.png
plot correlation with frac-score for cluster: 
0_1_0_1_0_1 >>>
0_1_0_1_0_1: 0.31, p_value: 6.635393508377385e-07
clst-gp: 0_1_0_1_0_1 or sp-clst corr frac-score visualisation saved at D:/FLINC_dataset/slides/yang_p62\visualization/statistic\clst_gp-0_1_0_1_0_1_agt_corr_henning_frac.png
plot correlation with frac-score for cluster: 
0_1_0_1_1_0 >>>
0_1_0_1_1_0: 0.55, p_value: 4.509440501371511e-21
clst-gp: 0_1_0_1_1_0 or sp-clst corr frac-score visualisation saved at D:/FLINC_dataset/slides/yang_p62\visualization/statistic\clst_gp-0_1_0_1_1_0_agt_corr_henning_frac.png
plot correlation with frac-score for cluster: 
0_0_1_1_0_0 >>>
0_0_1_1_0_0: 0.42, p_value: 4.792486610136925e-12
clst-gp: 0_0_1_1_0_0 or sp-clst corr frac-score visualisation saved at D:/FLINC_dataset/slides/yang_p62\visualization/statistic\clst_gp-0_0_1_1_0_0_agt_corr_henning_frac.png
plot correlation with frac-score for cluster: 
0_0_1_1_1_1 >>>
0_0_1_1_1_1: 0.57, p_value: 1.1023093334748504e-22
clst-gp: 0_0_1_1_1_1 or sp-clst corr frac-score visualisation saved at D:/FLINC_dataset/slides/yang_p62\visualization/statistic\clst_gp-0_0_1_1_1_1_agt_corr_henning_frac.png
plot correlation with frac-score for cluster: 
1_0_0_0_1_0 >>>
1_0_0_0_1_0: 0.26, p_value: 2.4832035017560214e-05
clst-gp: 1_0_0_0_1_0 or sp-clst corr frac-score visualisation saved at D:/FLINC_dataset/slides/yang_p62\visualization/statistic\clst_gp-1_0_0_0_1_0_agt_corr_henning_frac.png
plot correlation with frac-score for cluster: 
1_0_0_1_1_1 >>>
1_0_0_1_1_1: 0.47, p_value: 1.7784194920431867e-15
clst-gp: 1_0_0_1_1_1 or sp-clst corr frac-score visualisation saved at D:/FLINC_dataset/slides/yang_p62\visualization/statistic\clst_gp-1_0_0_1_1_1_agt_corr_henning_frac.png
plot correlation with frac-score for cluster: 
1_0_1_0_0_0 >>>
1_0_1_0_0_0: 0.20, p_value: 0.0011447701351290065
clst-gp: 1_0_1_0_0_0 or sp-clst corr frac-score visualisation saved at D:/FLINC_dataset/slides/yang_p62\visualization/statistic\clst_gp-1_0_1_0_0_0_agt_corr_henning_frac.png
plot correlation with frac-score for cluster: 
1_1_0_0_1_0 >>>
1_1_0_0_1_0: 0.40, p_value: 3.765165854481146e-11
clst-gp: 1_1_0_0_1_0 or sp-clst corr frac-score visualisation saved at D:/FLINC_dataset/slides/yang_p62\visualization/statistic\clst_gp-1_1_0_0_1_0_agt_corr_henning_frac.png
plot correlation with frac-score for cluster: 
3_0_0_0_0_1 >>>
3_0_0_0_0_1: 0.44, p_value: 1.6496065206517525e-13
clst-gp: 3_0_0_0_0_1 or sp-clst corr frac-score visualisation saved at D:/FLINC_dataset/slides/yang_p62\visualization/statistic\clst_gp-3_0_0_0_0_1_agt_corr_henning_frac.png
