{'Sl079': 'P_77', 'Sl241': 'HV_40', 'Sl228': 'P_363', 'Sl236': 'P_398', 'Sl074': 'P_67', 'Sl222': 'P_344', 'Sl240': 'HV_19', 'Sl226': 'P_361', 'Sl127': 'P_120', 'Sl233': 'P_381', 'Sl219': 'P_328', 'Sl174': 'P_183', 'Sl167': 'P_166', 'Sl132': 'P_125', 'Sl224': 'P_346', 'Sl215': 'P_318', 'Sl121': 'P_114', 'Sl181': 'P_213', 'Sl085': 'P_87', 'Sl177': 'P_193', 'Sl033': 'P_21', 'Sl193': 'P_245', 'Sl154': 'P_152', 'Sl250': 'HV_72', 'Sl184': 'P_218', 'Sl244': 'HV_48', 'Sl048': 'P_36', 'Sl084': 'P_85', 'Sl041': 'P_32', 'Sl109': 'P_104', 'Sl083': 'P_83', 'Sl179': 'P_203', 'Sl070': 'P_64', 'Sl021': 'P_14', 'Sl042': 'P_32', 'Sl153': 'P_151', 'Sl205': 'P_287', 'Sl009': 'P_7', 'Sl039': 'P_30', 'Sl156': 'P_154', 'Sl151': 'P_148', 'Sl158': 'P_156', 'Sl108': 'P_104', 'Sl168': 'P_167', 'Sl110': 'P_106', 'Sl189': 'P_229', 'Sl006': 'P_5', 'Sl163': 'P_161', 'Sl195': 'P_248', 'Sl091': 'P_90', 'Sl030': 'P_19', 'Sl071': 'P_65', 'Sl046': 'P_35', 'Sl243': 'HV_47', 'Sl061': 'P_55', 'Sl186': 'P_220', 'Sl245': 'HV_55', 'Sl207': 'P_290', 'Sl125': 'P_119', 'Sl149': 'P_146', 'Sl173': 'P_179', 'Sl037': 'P_29', 'Sl069': 'P_64', 'Sl162': 'P_160', 'Sl062': 'P_56', 'Sl050': 'P_40', 'Sl113': 'P_107', 'Sl229': 'P_364', 'Sl122': 'P_117', 'Sl111': 'P_106', 'Sl058': 'P_49', 'Sl025': 'P_16', 'Sl076': 'P_71', 'Sl249': 'HV_70', 'Sl020': 'P_13', 'Sl131': 'P_124', 'Sl210': 'P_303', 'Sl204': 'P_286', 'Sl116': 'P_109', 'Sl200': 'P_271', 'Sl141': 'P_137', 'Sl147': 'P_144', 'Sl230': 'P_372', 'Sl053': 'P_46', 'Sl101': 'P_97', 'Sl187': 'P_221', 'Sl123': 'P_117', 'Sl092': 'P_91', 'Sl005': 'P_5', 'Sl182': 'P_216', 'Sl098': 'P_95', 'Sl144': 'P_141', 'Sl140': 'P_136', 'Sl126': 'P_119', 'Sl209': 'P_297', 'Sl019': 'P_13', 'Sl064': 'P_57', 'Sl093': 'P_91', 'Sl142': 'P_139', 'Sl239': 'P_413', 'Sl172': 'P_173', 'Sl197': 'P_265', 'Sl031': 'P_19', 'Sl213': 'P_315', 'Sl016': 'P_11', 'Sl171': 'P_173', 'Sl201': 'P_272', 'Sl008': 'P_6', 'Sl160': 'P_158', 'Sl468': 'P_318', 'Sl117': 'P_111', 'Sl094': 'P_92', 'Sl188': 'P_227', 'Sl159': 'P_157', 'Sl175': 'P_189', 'Sl220': 'P_330', 'Sl178': 'P_200', 'Sl067': 'P_63', 'Sl124': 'P_118', 'Sl104': 'P_99', 'Sl152': 'P_149', 'Sl227': 'P_362', 'Sl075': 'P_67', 'Sl183': 'P_217', 'Sl102': 'P_97', 'Sl106': 'P_101', 'Sl217': 'P_321', 'Sl090': 'P_90', 'Sl203': 'P_281', 'Sl114': 'P_108', 'Sl001': 'P_2', 'Sl196': 'P_249', 'Sl136': 'P_130', 'Sl112': 'P_107', 'Sl040': 'P_30', 'Sl138': 'P_133', 'Sl026': 'P_17', 'Sl047': 'P_36', 'Sl097': 'P_95', 'Sl211': 'P_308', 'Sl134': 'P_128', 'Sl052': 'P_42', 'Sl077': 'P_72', 'Sl185': 'P_219', 'Sl165': 'P_164', 'Sl003': 'P_3', 'Sl010': 'P_7', 'Sl119': 'P_112', 'Sl115': 'P_109', 'Sl225': 'P_352', 'Sl129': 'P_122', 'Sl107': 'P_101', 'Sl068': 'P_63', 'Sl049': 'P_40', 'Sl248': 'HV_67', 'Sl238': 'P_411', 'Sl078': 'P_72', 'Sl099': 'P_96', 'Sl206': 'P_288', 'Sl035': 'P_24', 'Sl036': 'P_27', 'Sl072': 'P_65', 'Sl118': 'P_111', 'Sl018': 'P_12', 'Sl032': 'P_21', 'Sl202': 'P_273', 'Sl164': 'P_162', 'Sl028': 'P_18', 'Sl007': 'P_6', 'Sl223': 'P_345', 'Sl235': 'P_383', 'Sl212': 'P_314', 'Sl247': 'HV_59', 'Sl216': 'P_319', 'Sl221': 'P_343', 'Sl161': 'P_159', 'Sl027': 'P_17', 'Sl198': 'P_266', 'Sl191': 'P_238', 'Sl024': 'P_15', 'Sl232': 'P_379', 'Sl145': 'P_143', 'Sl013': 'P_10', 'Sl234': 'P_382', 'Sl208': 'P_291', 'Sl034': 'P_24', 'Sl103': 'P_98', 'Sl045': 'P_35', 'Sl017': 'P_12', 'Sl146': 'P_144', 'Sl169': 'P_170', 'Sl095': 'P_93', 'Sl089': 'P_89', 'Sl105': 'P_100', 'Sl237': 'P_401', 'Sl057': 'P_48', 'Sl044': 'P_34', 'Sl137': 'P_132', 'Sl054': 'P_46', 'Sl002': 'P_2', 'Sl194': 'P_246', 'Sl014': 'P_10', 'Sl190': 'P_238', 'Sl242': 'HV_45', 'Sl065': 'P_57', 'Sl135': 'P_129', 'Sl055': 'P_47', 'Sl060': 'P_55', 'Sl214': 'P_316', 'Sl004': 'P_4', 'Sl038': 'P_29', 'Sl096': 'P_94', 'Sl192': 'P_242', 'Sl157': 'P_155', 'Sl100': 'P_96', 'Sl143': 'P_140', 'Sl063': 'P_56', 'Sl023': 'P_15', 'Sl130': 'P_124', 'Sl029': 'P_18', 'Sl218': 'P_322', 'Sl088': 'P_89', 'Sl246': 'HV_57', 'Sl011': 'P_9', 'Sl022': 'P_14', 'Sl043': 'P_34', 'Sl133': 'P_126', 'Sl073': 'P_66', 'Sl059': 'P_49', 'Sl155': 'P_153', 'Sl051': 'P_42', 'Sl082': 'P_82', 'Sl128': 'P_121', 'Sl015': 'P_11', 'Sl139': 'P_135', 'Sl199': 'P_270', 'Sl148': 'P_146', 'Sl170': 'P_171', 'Sl081': 'P_81', 'Sl120': 'P_113', 'Sl066': 'P_61', 'Sl150': 'P_147', 'Sl180': 'P_211', 'Sl086': 'P_87', 'Sl012': 'P_9', 'Sl080': 'P_78', 'Sl087': 'P_88', 'Sl176': 'P_191', 'Sl231': 'P_373', 'Sl166': 'P_165', 'Sl056': 'P_47'}
found NaN, skip...
0      0.001322
1      0.000751
2      0.002639
3      0.008917
4      0.002929
         ...   
237    0.000000
238    0.000000
239    0.000000
240    0.000000
241    0.080703
Name: A, Length: 242, dtype: float64
0      0.073587
1      0.073587
2      0.110855
3      0.028476
4      0.006993
         ...   
237    0.002033
238    0.000000
239    0.000000
240    0.005299
241    0.006937
Name: 5, Length: 242, dtype: float64
Pearson correlation coefficient: -0.03407012973881163
correlation of P62-group-A and Fibrosis-cluster_5 visualisation saved at D:/FLINC_dataset/slides/yang_p62\visualization/statistic\corr_P62-group-A-to-Fibrosis-cluster_5.png
{'Sl079': 'P_77', 'Sl241': 'HV_40', 'Sl228': 'P_363', 'Sl236': 'P_398', 'Sl074': 'P_67', 'Sl222': 'P_344', 'Sl240': 'HV_19', 'Sl226': 'P_361', 'Sl127': 'P_120', 'Sl233': 'P_381', 'Sl219': 'P_328', 'Sl174': 'P_183', 'Sl167': 'P_166', 'Sl132': 'P_125', 'Sl224': 'P_346', 'Sl215': 'P_318', 'Sl121': 'P_114', 'Sl181': 'P_213', 'Sl085': 'P_87', 'Sl177': 'P_193', 'Sl033': 'P_21', 'Sl193': 'P_245', 'Sl154': 'P_152', 'Sl250': 'HV_72', 'Sl184': 'P_218', 'Sl244': 'HV_48', 'Sl048': 'P_36', 'Sl084': 'P_85', 'Sl041': 'P_32', 'Sl109': 'P_104', 'Sl083': 'P_83', 'Sl179': 'P_203', 'Sl070': 'P_64', 'Sl021': 'P_14', 'Sl042': 'P_32', 'Sl153': 'P_151', 'Sl205': 'P_287', 'Sl009': 'P_7', 'Sl039': 'P_30', 'Sl156': 'P_154', 'Sl151': 'P_148', 'Sl158': 'P_156', 'Sl108': 'P_104', 'Sl168': 'P_167', 'Sl110': 'P_106', 'Sl189': 'P_229', 'Sl006': 'P_5', 'Sl163': 'P_161', 'Sl195': 'P_248', 'Sl091': 'P_90', 'Sl030': 'P_19', 'Sl071': 'P_65', 'Sl046': 'P_35', 'Sl243': 'HV_47', 'Sl061': 'P_55', 'Sl186': 'P_220', 'Sl245': 'HV_55', 'Sl207': 'P_290', 'Sl125': 'P_119', 'Sl149': 'P_146', 'Sl173': 'P_179', 'Sl037': 'P_29', 'Sl069': 'P_64', 'Sl162': 'P_160', 'Sl062': 'P_56', 'Sl050': 'P_40', 'Sl113': 'P_107', 'Sl229': 'P_364', 'Sl122': 'P_117', 'Sl111': 'P_106', 'Sl058': 'P_49', 'Sl025': 'P_16', 'Sl076': 'P_71', 'Sl249': 'HV_70', 'Sl020': 'P_13', 'Sl131': 'P_124', 'Sl210': 'P_303', 'Sl204': 'P_286', 'Sl116': 'P_109', 'Sl200': 'P_271', 'Sl141': 'P_137', 'Sl147': 'P_144', 'Sl230': 'P_372', 'Sl053': 'P_46', 'Sl101': 'P_97', 'Sl187': 'P_221', 'Sl123': 'P_117', 'Sl092': 'P_91', 'Sl005': 'P_5', 'Sl182': 'P_216', 'Sl098': 'P_95', 'Sl144': 'P_141', 'Sl140': 'P_136', 'Sl126': 'P_119', 'Sl209': 'P_297', 'Sl019': 'P_13', 'Sl064': 'P_57', 'Sl093': 'P_91', 'Sl142': 'P_139', 'Sl239': 'P_413', 'Sl172': 'P_173', 'Sl197': 'P_265', 'Sl031': 'P_19', 'Sl213': 'P_315', 'Sl016': 'P_11', 'Sl171': 'P_173', 'Sl201': 'P_272', 'Sl008': 'P_6', 'Sl160': 'P_158', 'Sl468': 'P_318', 'Sl117': 'P_111', 'Sl094': 'P_92', 'Sl188': 'P_227', 'Sl159': 'P_157', 'Sl175': 'P_189', 'Sl220': 'P_330', 'Sl178': 'P_200', 'Sl067': 'P_63', 'Sl124': 'P_118', 'Sl104': 'P_99', 'Sl152': 'P_149', 'Sl227': 'P_362', 'Sl075': 'P_67', 'Sl183': 'P_217', 'Sl102': 'P_97', 'Sl106': 'P_101', 'Sl217': 'P_321', 'Sl090': 'P_90', 'Sl203': 'P_281', 'Sl114': 'P_108', 'Sl001': 'P_2', 'Sl196': 'P_249', 'Sl136': 'P_130', 'Sl112': 'P_107', 'Sl040': 'P_30', 'Sl138': 'P_133', 'Sl026': 'P_17', 'Sl047': 'P_36', 'Sl097': 'P_95', 'Sl211': 'P_308', 'Sl134': 'P_128', 'Sl052': 'P_42', 'Sl077': 'P_72', 'Sl185': 'P_219', 'Sl165': 'P_164', 'Sl003': 'P_3', 'Sl010': 'P_7', 'Sl119': 'P_112', 'Sl115': 'P_109', 'Sl225': 'P_352', 'Sl129': 'P_122', 'Sl107': 'P_101', 'Sl068': 'P_63', 'Sl049': 'P_40', 'Sl248': 'HV_67', 'Sl238': 'P_411', 'Sl078': 'P_72', 'Sl099': 'P_96', 'Sl206': 'P_288', 'Sl035': 'P_24', 'Sl036': 'P_27', 'Sl072': 'P_65', 'Sl118': 'P_111', 'Sl018': 'P_12', 'Sl032': 'P_21', 'Sl202': 'P_273', 'Sl164': 'P_162', 'Sl028': 'P_18', 'Sl007': 'P_6', 'Sl223': 'P_345', 'Sl235': 'P_383', 'Sl212': 'P_314', 'Sl247': 'HV_59', 'Sl216': 'P_319', 'Sl221': 'P_343', 'Sl161': 'P_159', 'Sl027': 'P_17', 'Sl198': 'P_266', 'Sl191': 'P_238', 'Sl024': 'P_15', 'Sl232': 'P_379', 'Sl145': 'P_143', 'Sl013': 'P_10', 'Sl234': 'P_382', 'Sl208': 'P_291', 'Sl034': 'P_24', 'Sl103': 'P_98', 'Sl045': 'P_35', 'Sl017': 'P_12', 'Sl146': 'P_144', 'Sl169': 'P_170', 'Sl095': 'P_93', 'Sl089': 'P_89', 'Sl105': 'P_100', 'Sl237': 'P_401', 'Sl057': 'P_48', 'Sl044': 'P_34', 'Sl137': 'P_132', 'Sl054': 'P_46', 'Sl002': 'P_2', 'Sl194': 'P_246', 'Sl014': 'P_10', 'Sl190': 'P_238', 'Sl242': 'HV_45', 'Sl065': 'P_57', 'Sl135': 'P_129', 'Sl055': 'P_47', 'Sl060': 'P_55', 'Sl214': 'P_316', 'Sl004': 'P_4', 'Sl038': 'P_29', 'Sl096': 'P_94', 'Sl192': 'P_242', 'Sl157': 'P_155', 'Sl100': 'P_96', 'Sl143': 'P_140', 'Sl063': 'P_56', 'Sl023': 'P_15', 'Sl130': 'P_124', 'Sl029': 'P_18', 'Sl218': 'P_322', 'Sl088': 'P_89', 'Sl246': 'HV_57', 'Sl011': 'P_9', 'Sl022': 'P_14', 'Sl043': 'P_34', 'Sl133': 'P_126', 'Sl073': 'P_66', 'Sl059': 'P_49', 'Sl155': 'P_153', 'Sl051': 'P_42', 'Sl082': 'P_82', 'Sl128': 'P_121', 'Sl015': 'P_11', 'Sl139': 'P_135', 'Sl199': 'P_270', 'Sl148': 'P_146', 'Sl170': 'P_171', 'Sl081': 'P_81', 'Sl120': 'P_113', 'Sl066': 'P_61', 'Sl150': 'P_147', 'Sl180': 'P_211', 'Sl086': 'P_87', 'Sl012': 'P_9', 'Sl080': 'P_78', 'Sl087': 'P_88', 'Sl176': 'P_191', 'Sl231': 'P_373', 'Sl166': 'P_165', 'Sl056': 'P_47'}
found NaN, skip...
0      0.001322
1      0.000751
2      0.002639
3      0.008917
4      0.002929
         ...   
237    0.000000
238    0.000000
239    0.000000
240    0.000000
241    0.080703
Name: A, Length: 242, dtype: float64
0      0.001314
1      0.001314
2      0.000000
3      0.016750
4      0.005245
         ...   
237    0.005081
238    0.003401
239    0.002347
240    0.007225
241    0.003735
Name: 0, Length: 242, dtype: float64
Pearson correlation coefficient: -0.06500742504140611
correlation of P62-group-A and Fibrosis-cluster_0 visualisation saved at D:/FLINC_dataset/slides/yang_p62\visualization/statistic\corr_P62-group-A-to-Fibrosis-cluster_0.png
{'Sl079': 'P_77', 'Sl241': 'HV_40', 'Sl228': 'P_363', 'Sl236': 'P_398', 'Sl074': 'P_67', 'Sl222': 'P_344', 'Sl240': 'HV_19', 'Sl226': 'P_361', 'Sl127': 'P_120', 'Sl233': 'P_381', 'Sl219': 'P_328', 'Sl174': 'P_183', 'Sl167': 'P_166', 'Sl132': 'P_125', 'Sl224': 'P_346', 'Sl215': 'P_318', 'Sl121': 'P_114', 'Sl181': 'P_213', 'Sl085': 'P_87', 'Sl177': 'P_193', 'Sl033': 'P_21', 'Sl193': 'P_245', 'Sl154': 'P_152', 'Sl250': 'HV_72', 'Sl184': 'P_218', 'Sl244': 'HV_48', 'Sl048': 'P_36', 'Sl084': 'P_85', 'Sl041': 'P_32', 'Sl109': 'P_104', 'Sl083': 'P_83', 'Sl179': 'P_203', 'Sl070': 'P_64', 'Sl021': 'P_14', 'Sl042': 'P_32', 'Sl153': 'P_151', 'Sl205': 'P_287', 'Sl009': 'P_7', 'Sl039': 'P_30', 'Sl156': 'P_154', 'Sl151': 'P_148', 'Sl158': 'P_156', 'Sl108': 'P_104', 'Sl168': 'P_167', 'Sl110': 'P_106', 'Sl189': 'P_229', 'Sl006': 'P_5', 'Sl163': 'P_161', 'Sl195': 'P_248', 'Sl091': 'P_90', 'Sl030': 'P_19', 'Sl071': 'P_65', 'Sl046': 'P_35', 'Sl243': 'HV_47', 'Sl061': 'P_55', 'Sl186': 'P_220', 'Sl245': 'HV_55', 'Sl207': 'P_290', 'Sl125': 'P_119', 'Sl149': 'P_146', 'Sl173': 'P_179', 'Sl037': 'P_29', 'Sl069': 'P_64', 'Sl162': 'P_160', 'Sl062': 'P_56', 'Sl050': 'P_40', 'Sl113': 'P_107', 'Sl229': 'P_364', 'Sl122': 'P_117', 'Sl111': 'P_106', 'Sl058': 'P_49', 'Sl025': 'P_16', 'Sl076': 'P_71', 'Sl249': 'HV_70', 'Sl020': 'P_13', 'Sl131': 'P_124', 'Sl210': 'P_303', 'Sl204': 'P_286', 'Sl116': 'P_109', 'Sl200': 'P_271', 'Sl141': 'P_137', 'Sl147': 'P_144', 'Sl230': 'P_372', 'Sl053': 'P_46', 'Sl101': 'P_97', 'Sl187': 'P_221', 'Sl123': 'P_117', 'Sl092': 'P_91', 'Sl005': 'P_5', 'Sl182': 'P_216', 'Sl098': 'P_95', 'Sl144': 'P_141', 'Sl140': 'P_136', 'Sl126': 'P_119', 'Sl209': 'P_297', 'Sl019': 'P_13', 'Sl064': 'P_57', 'Sl093': 'P_91', 'Sl142': 'P_139', 'Sl239': 'P_413', 'Sl172': 'P_173', 'Sl197': 'P_265', 'Sl031': 'P_19', 'Sl213': 'P_315', 'Sl016': 'P_11', 'Sl171': 'P_173', 'Sl201': 'P_272', 'Sl008': 'P_6', 'Sl160': 'P_158', 'Sl468': 'P_318', 'Sl117': 'P_111', 'Sl094': 'P_92', 'Sl188': 'P_227', 'Sl159': 'P_157', 'Sl175': 'P_189', 'Sl220': 'P_330', 'Sl178': 'P_200', 'Sl067': 'P_63', 'Sl124': 'P_118', 'Sl104': 'P_99', 'Sl152': 'P_149', 'Sl227': 'P_362', 'Sl075': 'P_67', 'Sl183': 'P_217', 'Sl102': 'P_97', 'Sl106': 'P_101', 'Sl217': 'P_321', 'Sl090': 'P_90', 'Sl203': 'P_281', 'Sl114': 'P_108', 'Sl001': 'P_2', 'Sl196': 'P_249', 'Sl136': 'P_130', 'Sl112': 'P_107', 'Sl040': 'P_30', 'Sl138': 'P_133', 'Sl026': 'P_17', 'Sl047': 'P_36', 'Sl097': 'P_95', 'Sl211': 'P_308', 'Sl134': 'P_128', 'Sl052': 'P_42', 'Sl077': 'P_72', 'Sl185': 'P_219', 'Sl165': 'P_164', 'Sl003': 'P_3', 'Sl010': 'P_7', 'Sl119': 'P_112', 'Sl115': 'P_109', 'Sl225': 'P_352', 'Sl129': 'P_122', 'Sl107': 'P_101', 'Sl068': 'P_63', 'Sl049': 'P_40', 'Sl248': 'HV_67', 'Sl238': 'P_411', 'Sl078': 'P_72', 'Sl099': 'P_96', 'Sl206': 'P_288', 'Sl035': 'P_24', 'Sl036': 'P_27', 'Sl072': 'P_65', 'Sl118': 'P_111', 'Sl018': 'P_12', 'Sl032': 'P_21', 'Sl202': 'P_273', 'Sl164': 'P_162', 'Sl028': 'P_18', 'Sl007': 'P_6', 'Sl223': 'P_345', 'Sl235': 'P_383', 'Sl212': 'P_314', 'Sl247': 'HV_59', 'Sl216': 'P_319', 'Sl221': 'P_343', 'Sl161': 'P_159', 'Sl027': 'P_17', 'Sl198': 'P_266', 'Sl191': 'P_238', 'Sl024': 'P_15', 'Sl232': 'P_379', 'Sl145': 'P_143', 'Sl013': 'P_10', 'Sl234': 'P_382', 'Sl208': 'P_291', 'Sl034': 'P_24', 'Sl103': 'P_98', 'Sl045': 'P_35', 'Sl017': 'P_12', 'Sl146': 'P_144', 'Sl169': 'P_170', 'Sl095': 'P_93', 'Sl089': 'P_89', 'Sl105': 'P_100', 'Sl237': 'P_401', 'Sl057': 'P_48', 'Sl044': 'P_34', 'Sl137': 'P_132', 'Sl054': 'P_46', 'Sl002': 'P_2', 'Sl194': 'P_246', 'Sl014': 'P_10', 'Sl190': 'P_238', 'Sl242': 'HV_45', 'Sl065': 'P_57', 'Sl135': 'P_129', 'Sl055': 'P_47', 'Sl060': 'P_55', 'Sl214': 'P_316', 'Sl004': 'P_4', 'Sl038': 'P_29', 'Sl096': 'P_94', 'Sl192': 'P_242', 'Sl157': 'P_155', 'Sl100': 'P_96', 'Sl143': 'P_140', 'Sl063': 'P_56', 'Sl023': 'P_15', 'Sl130': 'P_124', 'Sl029': 'P_18', 'Sl218': 'P_322', 'Sl088': 'P_89', 'Sl246': 'HV_57', 'Sl011': 'P_9', 'Sl022': 'P_14', 'Sl043': 'P_34', 'Sl133': 'P_126', 'Sl073': 'P_66', 'Sl059': 'P_49', 'Sl155': 'P_153', 'Sl051': 'P_42', 'Sl082': 'P_82', 'Sl128': 'P_121', 'Sl015': 'P_11', 'Sl139': 'P_135', 'Sl199': 'P_270', 'Sl148': 'P_146', 'Sl170': 'P_171', 'Sl081': 'P_81', 'Sl120': 'P_113', 'Sl066': 'P_61', 'Sl150': 'P_147', 'Sl180': 'P_211', 'Sl086': 'P_87', 'Sl012': 'P_9', 'Sl080': 'P_78', 'Sl087': 'P_88', 'Sl176': 'P_191', 'Sl231': 'P_373', 'Sl166': 'P_165', 'Sl056': 'P_47'}
found NaN, skip...
0      0.001322
1      0.000751
2      0.002639
3      0.008917
4      0.002929
         ...   
237    0.000000
238    0.000000
239    0.000000
240    0.000000
241    0.080703
Name: A, Length: 242, dtype: float64
0      0.028909
1      0.028909
2      0.000000
3      0.374372
4      0.597902
         ...   
237    0.459350
238    0.263605
239    0.620892
240    0.389210
241    0.543757
Name: 1, Length: 242, dtype: float64
Pearson correlation coefficient: -0.21647576615136527
correlation of P62-group-A and Fibrosis-cluster_1 visualisation saved at D:/FLINC_dataset/slides/yang_p62\visualization/statistic\corr_P62-group-A-to-Fibrosis-cluster_1.png
{'Sl079': 'P_77', 'Sl241': 'HV_40', 'Sl228': 'P_363', 'Sl236': 'P_398', 'Sl074': 'P_67', 'Sl222': 'P_344', 'Sl240': 'HV_19', 'Sl226': 'P_361', 'Sl127': 'P_120', 'Sl233': 'P_381', 'Sl219': 'P_328', 'Sl174': 'P_183', 'Sl167': 'P_166', 'Sl132': 'P_125', 'Sl224': 'P_346', 'Sl215': 'P_318', 'Sl121': 'P_114', 'Sl181': 'P_213', 'Sl085': 'P_87', 'Sl177': 'P_193', 'Sl033': 'P_21', 'Sl193': 'P_245', 'Sl154': 'P_152', 'Sl250': 'HV_72', 'Sl184': 'P_218', 'Sl244': 'HV_48', 'Sl048': 'P_36', 'Sl084': 'P_85', 'Sl041': 'P_32', 'Sl109': 'P_104', 'Sl083': 'P_83', 'Sl179': 'P_203', 'Sl070': 'P_64', 'Sl021': 'P_14', 'Sl042': 'P_32', 'Sl153': 'P_151', 'Sl205': 'P_287', 'Sl009': 'P_7', 'Sl039': 'P_30', 'Sl156': 'P_154', 'Sl151': 'P_148', 'Sl158': 'P_156', 'Sl108': 'P_104', 'Sl168': 'P_167', 'Sl110': 'P_106', 'Sl189': 'P_229', 'Sl006': 'P_5', 'Sl163': 'P_161', 'Sl195': 'P_248', 'Sl091': 'P_90', 'Sl030': 'P_19', 'Sl071': 'P_65', 'Sl046': 'P_35', 'Sl243': 'HV_47', 'Sl061': 'P_55', 'Sl186': 'P_220', 'Sl245': 'HV_55', 'Sl207': 'P_290', 'Sl125': 'P_119', 'Sl149': 'P_146', 'Sl173': 'P_179', 'Sl037': 'P_29', 'Sl069': 'P_64', 'Sl162': 'P_160', 'Sl062': 'P_56', 'Sl050': 'P_40', 'Sl113': 'P_107', 'Sl229': 'P_364', 'Sl122': 'P_117', 'Sl111': 'P_106', 'Sl058': 'P_49', 'Sl025': 'P_16', 'Sl076': 'P_71', 'Sl249': 'HV_70', 'Sl020': 'P_13', 'Sl131': 'P_124', 'Sl210': 'P_303', 'Sl204': 'P_286', 'Sl116': 'P_109', 'Sl200': 'P_271', 'Sl141': 'P_137', 'Sl147': 'P_144', 'Sl230': 'P_372', 'Sl053': 'P_46', 'Sl101': 'P_97', 'Sl187': 'P_221', 'Sl123': 'P_117', 'Sl092': 'P_91', 'Sl005': 'P_5', 'Sl182': 'P_216', 'Sl098': 'P_95', 'Sl144': 'P_141', 'Sl140': 'P_136', 'Sl126': 'P_119', 'Sl209': 'P_297', 'Sl019': 'P_13', 'Sl064': 'P_57', 'Sl093': 'P_91', 'Sl142': 'P_139', 'Sl239': 'P_413', 'Sl172': 'P_173', 'Sl197': 'P_265', 'Sl031': 'P_19', 'Sl213': 'P_315', 'Sl016': 'P_11', 'Sl171': 'P_173', 'Sl201': 'P_272', 'Sl008': 'P_6', 'Sl160': 'P_158', 'Sl468': 'P_318', 'Sl117': 'P_111', 'Sl094': 'P_92', 'Sl188': 'P_227', 'Sl159': 'P_157', 'Sl175': 'P_189', 'Sl220': 'P_330', 'Sl178': 'P_200', 'Sl067': 'P_63', 'Sl124': 'P_118', 'Sl104': 'P_99', 'Sl152': 'P_149', 'Sl227': 'P_362', 'Sl075': 'P_67', 'Sl183': 'P_217', 'Sl102': 'P_97', 'Sl106': 'P_101', 'Sl217': 'P_321', 'Sl090': 'P_90', 'Sl203': 'P_281', 'Sl114': 'P_108', 'Sl001': 'P_2', 'Sl196': 'P_249', 'Sl136': 'P_130', 'Sl112': 'P_107', 'Sl040': 'P_30', 'Sl138': 'P_133', 'Sl026': 'P_17', 'Sl047': 'P_36', 'Sl097': 'P_95', 'Sl211': 'P_308', 'Sl134': 'P_128', 'Sl052': 'P_42', 'Sl077': 'P_72', 'Sl185': 'P_219', 'Sl165': 'P_164', 'Sl003': 'P_3', 'Sl010': 'P_7', 'Sl119': 'P_112', 'Sl115': 'P_109', 'Sl225': 'P_352', 'Sl129': 'P_122', 'Sl107': 'P_101', 'Sl068': 'P_63', 'Sl049': 'P_40', 'Sl248': 'HV_67', 'Sl238': 'P_411', 'Sl078': 'P_72', 'Sl099': 'P_96', 'Sl206': 'P_288', 'Sl035': 'P_24', 'Sl036': 'P_27', 'Sl072': 'P_65', 'Sl118': 'P_111', 'Sl018': 'P_12', 'Sl032': 'P_21', 'Sl202': 'P_273', 'Sl164': 'P_162', 'Sl028': 'P_18', 'Sl007': 'P_6', 'Sl223': 'P_345', 'Sl235': 'P_383', 'Sl212': 'P_314', 'Sl247': 'HV_59', 'Sl216': 'P_319', 'Sl221': 'P_343', 'Sl161': 'P_159', 'Sl027': 'P_17', 'Sl198': 'P_266', 'Sl191': 'P_238', 'Sl024': 'P_15', 'Sl232': 'P_379', 'Sl145': 'P_143', 'Sl013': 'P_10', 'Sl234': 'P_382', 'Sl208': 'P_291', 'Sl034': 'P_24', 'Sl103': 'P_98', 'Sl045': 'P_35', 'Sl017': 'P_12', 'Sl146': 'P_144', 'Sl169': 'P_170', 'Sl095': 'P_93', 'Sl089': 'P_89', 'Sl105': 'P_100', 'Sl237': 'P_401', 'Sl057': 'P_48', 'Sl044': 'P_34', 'Sl137': 'P_132', 'Sl054': 'P_46', 'Sl002': 'P_2', 'Sl194': 'P_246', 'Sl014': 'P_10', 'Sl190': 'P_238', 'Sl242': 'HV_45', 'Sl065': 'P_57', 'Sl135': 'P_129', 'Sl055': 'P_47', 'Sl060': 'P_55', 'Sl214': 'P_316', 'Sl004': 'P_4', 'Sl038': 'P_29', 'Sl096': 'P_94', 'Sl192': 'P_242', 'Sl157': 'P_155', 'Sl100': 'P_96', 'Sl143': 'P_140', 'Sl063': 'P_56', 'Sl023': 'P_15', 'Sl130': 'P_124', 'Sl029': 'P_18', 'Sl218': 'P_322', 'Sl088': 'P_89', 'Sl246': 'HV_57', 'Sl011': 'P_9', 'Sl022': 'P_14', 'Sl043': 'P_34', 'Sl133': 'P_126', 'Sl073': 'P_66', 'Sl059': 'P_49', 'Sl155': 'P_153', 'Sl051': 'P_42', 'Sl082': 'P_82', 'Sl128': 'P_121', 'Sl015': 'P_11', 'Sl139': 'P_135', 'Sl199': 'P_270', 'Sl148': 'P_146', 'Sl170': 'P_171', 'Sl081': 'P_81', 'Sl120': 'P_113', 'Sl066': 'P_61', 'Sl150': 'P_147', 'Sl180': 'P_211', 'Sl086': 'P_87', 'Sl012': 'P_9', 'Sl080': 'P_78', 'Sl087': 'P_88', 'Sl176': 'P_191', 'Sl231': 'P_373', 'Sl166': 'P_165', 'Sl056': 'P_47'}
found NaN, skip...
0      0.001322
1      0.000751
2      0.002639
3      0.008917
4      0.002929
         ...   
237    0.000000
238    0.000000
239    0.000000
240    0.000000
241    0.080703
Name: A, Length: 242, dtype: float64
0      0.349540
1      0.349540
2      0.196305
3      0.293132
4      0.215035
         ...   
237    0.406504
238    0.593537
239    0.292254
240    0.496628
241    0.302028
Name: 2, Length: 242, dtype: float64
Pearson correlation coefficient: 0.21427503303784287
correlation of P62-group-A and Fibrosis-cluster_2 visualisation saved at D:/FLINC_dataset/slides/yang_p62\visualization/statistic\corr_P62-group-A-to-Fibrosis-cluster_2.png
{'Sl079': 'P_77', 'Sl241': 'HV_40', 'Sl228': 'P_363', 'Sl236': 'P_398', 'Sl074': 'P_67', 'Sl222': 'P_344', 'Sl240': 'HV_19', 'Sl226': 'P_361', 'Sl127': 'P_120', 'Sl233': 'P_381', 'Sl219': 'P_328', 'Sl174': 'P_183', 'Sl167': 'P_166', 'Sl132': 'P_125', 'Sl224': 'P_346', 'Sl215': 'P_318', 'Sl121': 'P_114', 'Sl181': 'P_213', 'Sl085': 'P_87', 'Sl177': 'P_193', 'Sl033': 'P_21', 'Sl193': 'P_245', 'Sl154': 'P_152', 'Sl250': 'HV_72', 'Sl184': 'P_218', 'Sl244': 'HV_48', 'Sl048': 'P_36', 'Sl084': 'P_85', 'Sl041': 'P_32', 'Sl109': 'P_104', 'Sl083': 'P_83', 'Sl179': 'P_203', 'Sl070': 'P_64', 'Sl021': 'P_14', 'Sl042': 'P_32', 'Sl153': 'P_151', 'Sl205': 'P_287', 'Sl009': 'P_7', 'Sl039': 'P_30', 'Sl156': 'P_154', 'Sl151': 'P_148', 'Sl158': 'P_156', 'Sl108': 'P_104', 'Sl168': 'P_167', 'Sl110': 'P_106', 'Sl189': 'P_229', 'Sl006': 'P_5', 'Sl163': 'P_161', 'Sl195': 'P_248', 'Sl091': 'P_90', 'Sl030': 'P_19', 'Sl071': 'P_65', 'Sl046': 'P_35', 'Sl243': 'HV_47', 'Sl061': 'P_55', 'Sl186': 'P_220', 'Sl245': 'HV_55', 'Sl207': 'P_290', 'Sl125': 'P_119', 'Sl149': 'P_146', 'Sl173': 'P_179', 'Sl037': 'P_29', 'Sl069': 'P_64', 'Sl162': 'P_160', 'Sl062': 'P_56', 'Sl050': 'P_40', 'Sl113': 'P_107', 'Sl229': 'P_364', 'Sl122': 'P_117', 'Sl111': 'P_106', 'Sl058': 'P_49', 'Sl025': 'P_16', 'Sl076': 'P_71', 'Sl249': 'HV_70', 'Sl020': 'P_13', 'Sl131': 'P_124', 'Sl210': 'P_303', 'Sl204': 'P_286', 'Sl116': 'P_109', 'Sl200': 'P_271', 'Sl141': 'P_137', 'Sl147': 'P_144', 'Sl230': 'P_372', 'Sl053': 'P_46', 'Sl101': 'P_97', 'Sl187': 'P_221', 'Sl123': 'P_117', 'Sl092': 'P_91', 'Sl005': 'P_5', 'Sl182': 'P_216', 'Sl098': 'P_95', 'Sl144': 'P_141', 'Sl140': 'P_136', 'Sl126': 'P_119', 'Sl209': 'P_297', 'Sl019': 'P_13', 'Sl064': 'P_57', 'Sl093': 'P_91', 'Sl142': 'P_139', 'Sl239': 'P_413', 'Sl172': 'P_173', 'Sl197': 'P_265', 'Sl031': 'P_19', 'Sl213': 'P_315', 'Sl016': 'P_11', 'Sl171': 'P_173', 'Sl201': 'P_272', 'Sl008': 'P_6', 'Sl160': 'P_158', 'Sl468': 'P_318', 'Sl117': 'P_111', 'Sl094': 'P_92', 'Sl188': 'P_227', 'Sl159': 'P_157', 'Sl175': 'P_189', 'Sl220': 'P_330', 'Sl178': 'P_200', 'Sl067': 'P_63', 'Sl124': 'P_118', 'Sl104': 'P_99', 'Sl152': 'P_149', 'Sl227': 'P_362', 'Sl075': 'P_67', 'Sl183': 'P_217', 'Sl102': 'P_97', 'Sl106': 'P_101', 'Sl217': 'P_321', 'Sl090': 'P_90', 'Sl203': 'P_281', 'Sl114': 'P_108', 'Sl001': 'P_2', 'Sl196': 'P_249', 'Sl136': 'P_130', 'Sl112': 'P_107', 'Sl040': 'P_30', 'Sl138': 'P_133', 'Sl026': 'P_17', 'Sl047': 'P_36', 'Sl097': 'P_95', 'Sl211': 'P_308', 'Sl134': 'P_128', 'Sl052': 'P_42', 'Sl077': 'P_72', 'Sl185': 'P_219', 'Sl165': 'P_164', 'Sl003': 'P_3', 'Sl010': 'P_7', 'Sl119': 'P_112', 'Sl115': 'P_109', 'Sl225': 'P_352', 'Sl129': 'P_122', 'Sl107': 'P_101', 'Sl068': 'P_63', 'Sl049': 'P_40', 'Sl248': 'HV_67', 'Sl238': 'P_411', 'Sl078': 'P_72', 'Sl099': 'P_96', 'Sl206': 'P_288', 'Sl035': 'P_24', 'Sl036': 'P_27', 'Sl072': 'P_65', 'Sl118': 'P_111', 'Sl018': 'P_12', 'Sl032': 'P_21', 'Sl202': 'P_273', 'Sl164': 'P_162', 'Sl028': 'P_18', 'Sl007': 'P_6', 'Sl223': 'P_345', 'Sl235': 'P_383', 'Sl212': 'P_314', 'Sl247': 'HV_59', 'Sl216': 'P_319', 'Sl221': 'P_343', 'Sl161': 'P_159', 'Sl027': 'P_17', 'Sl198': 'P_266', 'Sl191': 'P_238', 'Sl024': 'P_15', 'Sl232': 'P_379', 'Sl145': 'P_143', 'Sl013': 'P_10', 'Sl234': 'P_382', 'Sl208': 'P_291', 'Sl034': 'P_24', 'Sl103': 'P_98', 'Sl045': 'P_35', 'Sl017': 'P_12', 'Sl146': 'P_144', 'Sl169': 'P_170', 'Sl095': 'P_93', 'Sl089': 'P_89', 'Sl105': 'P_100', 'Sl237': 'P_401', 'Sl057': 'P_48', 'Sl044': 'P_34', 'Sl137': 'P_132', 'Sl054': 'P_46', 'Sl002': 'P_2', 'Sl194': 'P_246', 'Sl014': 'P_10', 'Sl190': 'P_238', 'Sl242': 'HV_45', 'Sl065': 'P_57', 'Sl135': 'P_129', 'Sl055': 'P_47', 'Sl060': 'P_55', 'Sl214': 'P_316', 'Sl004': 'P_4', 'Sl038': 'P_29', 'Sl096': 'P_94', 'Sl192': 'P_242', 'Sl157': 'P_155', 'Sl100': 'P_96', 'Sl143': 'P_140', 'Sl063': 'P_56', 'Sl023': 'P_15', 'Sl130': 'P_124', 'Sl029': 'P_18', 'Sl218': 'P_322', 'Sl088': 'P_89', 'Sl246': 'HV_57', 'Sl011': 'P_9', 'Sl022': 'P_14', 'Sl043': 'P_34', 'Sl133': 'P_126', 'Sl073': 'P_66', 'Sl059': 'P_49', 'Sl155': 'P_153', 'Sl051': 'P_42', 'Sl082': 'P_82', 'Sl128': 'P_121', 'Sl015': 'P_11', 'Sl139': 'P_135', 'Sl199': 'P_270', 'Sl148': 'P_146', 'Sl170': 'P_171', 'Sl081': 'P_81', 'Sl120': 'P_113', 'Sl066': 'P_61', 'Sl150': 'P_147', 'Sl180': 'P_211', 'Sl086': 'P_87', 'Sl012': 'P_9', 'Sl080': 'P_78', 'Sl087': 'P_88', 'Sl176': 'P_191', 'Sl231': 'P_373', 'Sl166': 'P_165', 'Sl056': 'P_47'}
found NaN, skip...
0      0.001322
1      0.000751
2      0.002639
3      0.008917
4      0.002929
         ...   
237    0.000000
238    0.000000
239    0.000000
240    0.000000
241    0.080703
Name: A, Length: 242, dtype: float64
0      0.335085
1      0.335085
2      0.339492
3      0.163317
4      0.127622
         ...   
237    0.098577
238    0.120748
239    0.076291
240    0.080925
241    0.108858
Name: 3, Length: 242, dtype: float64
Pearson correlation coefficient: 0.24627249337068657
correlation of P62-group-A and Fibrosis-cluster_3 visualisation saved at D:/FLINC_dataset/slides/yang_p62\visualization/statistic\corr_P62-group-A-to-Fibrosis-cluster_3.png
{'Sl079': 'P_77', 'Sl241': 'HV_40', 'Sl228': 'P_363', 'Sl236': 'P_398', 'Sl074': 'P_67', 'Sl222': 'P_344', 'Sl240': 'HV_19', 'Sl226': 'P_361', 'Sl127': 'P_120', 'Sl233': 'P_381', 'Sl219': 'P_328', 'Sl174': 'P_183', 'Sl167': 'P_166', 'Sl132': 'P_125', 'Sl224': 'P_346', 'Sl215': 'P_318', 'Sl121': 'P_114', 'Sl181': 'P_213', 'Sl085': 'P_87', 'Sl177': 'P_193', 'Sl033': 'P_21', 'Sl193': 'P_245', 'Sl154': 'P_152', 'Sl250': 'HV_72', 'Sl184': 'P_218', 'Sl244': 'HV_48', 'Sl048': 'P_36', 'Sl084': 'P_85', 'Sl041': 'P_32', 'Sl109': 'P_104', 'Sl083': 'P_83', 'Sl179': 'P_203', 'Sl070': 'P_64', 'Sl021': 'P_14', 'Sl042': 'P_32', 'Sl153': 'P_151', 'Sl205': 'P_287', 'Sl009': 'P_7', 'Sl039': 'P_30', 'Sl156': 'P_154', 'Sl151': 'P_148', 'Sl158': 'P_156', 'Sl108': 'P_104', 'Sl168': 'P_167', 'Sl110': 'P_106', 'Sl189': 'P_229', 'Sl006': 'P_5', 'Sl163': 'P_161', 'Sl195': 'P_248', 'Sl091': 'P_90', 'Sl030': 'P_19', 'Sl071': 'P_65', 'Sl046': 'P_35', 'Sl243': 'HV_47', 'Sl061': 'P_55', 'Sl186': 'P_220', 'Sl245': 'HV_55', 'Sl207': 'P_290', 'Sl125': 'P_119', 'Sl149': 'P_146', 'Sl173': 'P_179', 'Sl037': 'P_29', 'Sl069': 'P_64', 'Sl162': 'P_160', 'Sl062': 'P_56', 'Sl050': 'P_40', 'Sl113': 'P_107', 'Sl229': 'P_364', 'Sl122': 'P_117', 'Sl111': 'P_106', 'Sl058': 'P_49', 'Sl025': 'P_16', 'Sl076': 'P_71', 'Sl249': 'HV_70', 'Sl020': 'P_13', 'Sl131': 'P_124', 'Sl210': 'P_303', 'Sl204': 'P_286', 'Sl116': 'P_109', 'Sl200': 'P_271', 'Sl141': 'P_137', 'Sl147': 'P_144', 'Sl230': 'P_372', 'Sl053': 'P_46', 'Sl101': 'P_97', 'Sl187': 'P_221', 'Sl123': 'P_117', 'Sl092': 'P_91', 'Sl005': 'P_5', 'Sl182': 'P_216', 'Sl098': 'P_95', 'Sl144': 'P_141', 'Sl140': 'P_136', 'Sl126': 'P_119', 'Sl209': 'P_297', 'Sl019': 'P_13', 'Sl064': 'P_57', 'Sl093': 'P_91', 'Sl142': 'P_139', 'Sl239': 'P_413', 'Sl172': 'P_173', 'Sl197': 'P_265', 'Sl031': 'P_19', 'Sl213': 'P_315', 'Sl016': 'P_11', 'Sl171': 'P_173', 'Sl201': 'P_272', 'Sl008': 'P_6', 'Sl160': 'P_158', 'Sl468': 'P_318', 'Sl117': 'P_111', 'Sl094': 'P_92', 'Sl188': 'P_227', 'Sl159': 'P_157', 'Sl175': 'P_189', 'Sl220': 'P_330', 'Sl178': 'P_200', 'Sl067': 'P_63', 'Sl124': 'P_118', 'Sl104': 'P_99', 'Sl152': 'P_149', 'Sl227': 'P_362', 'Sl075': 'P_67', 'Sl183': 'P_217', 'Sl102': 'P_97', 'Sl106': 'P_101', 'Sl217': 'P_321', 'Sl090': 'P_90', 'Sl203': 'P_281', 'Sl114': 'P_108', 'Sl001': 'P_2', 'Sl196': 'P_249', 'Sl136': 'P_130', 'Sl112': 'P_107', 'Sl040': 'P_30', 'Sl138': 'P_133', 'Sl026': 'P_17', 'Sl047': 'P_36', 'Sl097': 'P_95', 'Sl211': 'P_308', 'Sl134': 'P_128', 'Sl052': 'P_42', 'Sl077': 'P_72', 'Sl185': 'P_219', 'Sl165': 'P_164', 'Sl003': 'P_3', 'Sl010': 'P_7', 'Sl119': 'P_112', 'Sl115': 'P_109', 'Sl225': 'P_352', 'Sl129': 'P_122', 'Sl107': 'P_101', 'Sl068': 'P_63', 'Sl049': 'P_40', 'Sl248': 'HV_67', 'Sl238': 'P_411', 'Sl078': 'P_72', 'Sl099': 'P_96', 'Sl206': 'P_288', 'Sl035': 'P_24', 'Sl036': 'P_27', 'Sl072': 'P_65', 'Sl118': 'P_111', 'Sl018': 'P_12', 'Sl032': 'P_21', 'Sl202': 'P_273', 'Sl164': 'P_162', 'Sl028': 'P_18', 'Sl007': 'P_6', 'Sl223': 'P_345', 'Sl235': 'P_383', 'Sl212': 'P_314', 'Sl247': 'HV_59', 'Sl216': 'P_319', 'Sl221': 'P_343', 'Sl161': 'P_159', 'Sl027': 'P_17', 'Sl198': 'P_266', 'Sl191': 'P_238', 'Sl024': 'P_15', 'Sl232': 'P_379', 'Sl145': 'P_143', 'Sl013': 'P_10', 'Sl234': 'P_382', 'Sl208': 'P_291', 'Sl034': 'P_24', 'Sl103': 'P_98', 'Sl045': 'P_35', 'Sl017': 'P_12', 'Sl146': 'P_144', 'Sl169': 'P_170', 'Sl095': 'P_93', 'Sl089': 'P_89', 'Sl105': 'P_100', 'Sl237': 'P_401', 'Sl057': 'P_48', 'Sl044': 'P_34', 'Sl137': 'P_132', 'Sl054': 'P_46', 'Sl002': 'P_2', 'Sl194': 'P_246', 'Sl014': 'P_10', 'Sl190': 'P_238', 'Sl242': 'HV_45', 'Sl065': 'P_57', 'Sl135': 'P_129', 'Sl055': 'P_47', 'Sl060': 'P_55', 'Sl214': 'P_316', 'Sl004': 'P_4', 'Sl038': 'P_29', 'Sl096': 'P_94', 'Sl192': 'P_242', 'Sl157': 'P_155', 'Sl100': 'P_96', 'Sl143': 'P_140', 'Sl063': 'P_56', 'Sl023': 'P_15', 'Sl130': 'P_124', 'Sl029': 'P_18', 'Sl218': 'P_322', 'Sl088': 'P_89', 'Sl246': 'HV_57', 'Sl011': 'P_9', 'Sl022': 'P_14', 'Sl043': 'P_34', 'Sl133': 'P_126', 'Sl073': 'P_66', 'Sl059': 'P_49', 'Sl155': 'P_153', 'Sl051': 'P_42', 'Sl082': 'P_82', 'Sl128': 'P_121', 'Sl015': 'P_11', 'Sl139': 'P_135', 'Sl199': 'P_270', 'Sl148': 'P_146', 'Sl170': 'P_171', 'Sl081': 'P_81', 'Sl120': 'P_113', 'Sl066': 'P_61', 'Sl150': 'P_147', 'Sl180': 'P_211', 'Sl086': 'P_87', 'Sl012': 'P_9', 'Sl080': 'P_78', 'Sl087': 'P_88', 'Sl176': 'P_191', 'Sl231': 'P_373', 'Sl166': 'P_165', 'Sl056': 'P_47'}
found NaN, skip...
0      0.001322
1      0.000751
2      0.002639
3      0.008917
4      0.002929
         ...   
237    0.000000
238    0.000000
239    0.000000
240    0.000000
241    0.080703
Name: A, Length: 242, dtype: float64
0      0.155059
1      0.155059
2      0.304850
3      0.074539
4      0.047203
         ...   
237    0.028455
238    0.018707
239    0.008216
240    0.016378
241    0.034685
Name: 4, Length: 242, dtype: float64
Pearson correlation coefficient: 0.024694451070242176
correlation of P62-group-A and Fibrosis-cluster_4 visualisation saved at D:/FLINC_dataset/slides/yang_p62\visualization/statistic\corr_P62-group-A-to-Fibrosis-cluster_4.png
{'Sl079': 'P_77', 'Sl241': 'HV_40', 'Sl228': 'P_363', 'Sl236': 'P_398', 'Sl074': 'P_67', 'Sl222': 'P_344', 'Sl240': 'HV_19', 'Sl226': 'P_361', 'Sl127': 'P_120', 'Sl233': 'P_381', 'Sl219': 'P_328', 'Sl174': 'P_183', 'Sl167': 'P_166', 'Sl132': 'P_125', 'Sl224': 'P_346', 'Sl215': 'P_318', 'Sl121': 'P_114', 'Sl181': 'P_213', 'Sl085': 'P_87', 'Sl177': 'P_193', 'Sl033': 'P_21', 'Sl193': 'P_245', 'Sl154': 'P_152', 'Sl250': 'HV_72', 'Sl184': 'P_218', 'Sl244': 'HV_48', 'Sl048': 'P_36', 'Sl084': 'P_85', 'Sl041': 'P_32', 'Sl109': 'P_104', 'Sl083': 'P_83', 'Sl179': 'P_203', 'Sl070': 'P_64', 'Sl021': 'P_14', 'Sl042': 'P_32', 'Sl153': 'P_151', 'Sl205': 'P_287', 'Sl009': 'P_7', 'Sl039': 'P_30', 'Sl156': 'P_154', 'Sl151': 'P_148', 'Sl158': 'P_156', 'Sl108': 'P_104', 'Sl168': 'P_167', 'Sl110': 'P_106', 'Sl189': 'P_229', 'Sl006': 'P_5', 'Sl163': 'P_161', 'Sl195': 'P_248', 'Sl091': 'P_90', 'Sl030': 'P_19', 'Sl071': 'P_65', 'Sl046': 'P_35', 'Sl243': 'HV_47', 'Sl061': 'P_55', 'Sl186': 'P_220', 'Sl245': 'HV_55', 'Sl207': 'P_290', 'Sl125': 'P_119', 'Sl149': 'P_146', 'Sl173': 'P_179', 'Sl037': 'P_29', 'Sl069': 'P_64', 'Sl162': 'P_160', 'Sl062': 'P_56', 'Sl050': 'P_40', 'Sl113': 'P_107', 'Sl229': 'P_364', 'Sl122': 'P_117', 'Sl111': 'P_106', 'Sl058': 'P_49', 'Sl025': 'P_16', 'Sl076': 'P_71', 'Sl249': 'HV_70', 'Sl020': 'P_13', 'Sl131': 'P_124', 'Sl210': 'P_303', 'Sl204': 'P_286', 'Sl116': 'P_109', 'Sl200': 'P_271', 'Sl141': 'P_137', 'Sl147': 'P_144', 'Sl230': 'P_372', 'Sl053': 'P_46', 'Sl101': 'P_97', 'Sl187': 'P_221', 'Sl123': 'P_117', 'Sl092': 'P_91', 'Sl005': 'P_5', 'Sl182': 'P_216', 'Sl098': 'P_95', 'Sl144': 'P_141', 'Sl140': 'P_136', 'Sl126': 'P_119', 'Sl209': 'P_297', 'Sl019': 'P_13', 'Sl064': 'P_57', 'Sl093': 'P_91', 'Sl142': 'P_139', 'Sl239': 'P_413', 'Sl172': 'P_173', 'Sl197': 'P_265', 'Sl031': 'P_19', 'Sl213': 'P_315', 'Sl016': 'P_11', 'Sl171': 'P_173', 'Sl201': 'P_272', 'Sl008': 'P_6', 'Sl160': 'P_158', 'Sl468': 'P_318', 'Sl117': 'P_111', 'Sl094': 'P_92', 'Sl188': 'P_227', 'Sl159': 'P_157', 'Sl175': 'P_189', 'Sl220': 'P_330', 'Sl178': 'P_200', 'Sl067': 'P_63', 'Sl124': 'P_118', 'Sl104': 'P_99', 'Sl152': 'P_149', 'Sl227': 'P_362', 'Sl075': 'P_67', 'Sl183': 'P_217', 'Sl102': 'P_97', 'Sl106': 'P_101', 'Sl217': 'P_321', 'Sl090': 'P_90', 'Sl203': 'P_281', 'Sl114': 'P_108', 'Sl001': 'P_2', 'Sl196': 'P_249', 'Sl136': 'P_130', 'Sl112': 'P_107', 'Sl040': 'P_30', 'Sl138': 'P_133', 'Sl026': 'P_17', 'Sl047': 'P_36', 'Sl097': 'P_95', 'Sl211': 'P_308', 'Sl134': 'P_128', 'Sl052': 'P_42', 'Sl077': 'P_72', 'Sl185': 'P_219', 'Sl165': 'P_164', 'Sl003': 'P_3', 'Sl010': 'P_7', 'Sl119': 'P_112', 'Sl115': 'P_109', 'Sl225': 'P_352', 'Sl129': 'P_122', 'Sl107': 'P_101', 'Sl068': 'P_63', 'Sl049': 'P_40', 'Sl248': 'HV_67', 'Sl238': 'P_411', 'Sl078': 'P_72', 'Sl099': 'P_96', 'Sl206': 'P_288', 'Sl035': 'P_24', 'Sl036': 'P_27', 'Sl072': 'P_65', 'Sl118': 'P_111', 'Sl018': 'P_12', 'Sl032': 'P_21', 'Sl202': 'P_273', 'Sl164': 'P_162', 'Sl028': 'P_18', 'Sl007': 'P_6', 'Sl223': 'P_345', 'Sl235': 'P_383', 'Sl212': 'P_314', 'Sl247': 'HV_59', 'Sl216': 'P_319', 'Sl221': 'P_343', 'Sl161': 'P_159', 'Sl027': 'P_17', 'Sl198': 'P_266', 'Sl191': 'P_238', 'Sl024': 'P_15', 'Sl232': 'P_379', 'Sl145': 'P_143', 'Sl013': 'P_10', 'Sl234': 'P_382', 'Sl208': 'P_291', 'Sl034': 'P_24', 'Sl103': 'P_98', 'Sl045': 'P_35', 'Sl017': 'P_12', 'Sl146': 'P_144', 'Sl169': 'P_170', 'Sl095': 'P_93', 'Sl089': 'P_89', 'Sl105': 'P_100', 'Sl237': 'P_401', 'Sl057': 'P_48', 'Sl044': 'P_34', 'Sl137': 'P_132', 'Sl054': 'P_46', 'Sl002': 'P_2', 'Sl194': 'P_246', 'Sl014': 'P_10', 'Sl190': 'P_238', 'Sl242': 'HV_45', 'Sl065': 'P_57', 'Sl135': 'P_129', 'Sl055': 'P_47', 'Sl060': 'P_55', 'Sl214': 'P_316', 'Sl004': 'P_4', 'Sl038': 'P_29', 'Sl096': 'P_94', 'Sl192': 'P_242', 'Sl157': 'P_155', 'Sl100': 'P_96', 'Sl143': 'P_140', 'Sl063': 'P_56', 'Sl023': 'P_15', 'Sl130': 'P_124', 'Sl029': 'P_18', 'Sl218': 'P_322', 'Sl088': 'P_89', 'Sl246': 'HV_57', 'Sl011': 'P_9', 'Sl022': 'P_14', 'Sl043': 'P_34', 'Sl133': 'P_126', 'Sl073': 'P_66', 'Sl059': 'P_49', 'Sl155': 'P_153', 'Sl051': 'P_42', 'Sl082': 'P_82', 'Sl128': 'P_121', 'Sl015': 'P_11', 'Sl139': 'P_135', 'Sl199': 'P_270', 'Sl148': 'P_146', 'Sl170': 'P_171', 'Sl081': 'P_81', 'Sl120': 'P_113', 'Sl066': 'P_61', 'Sl150': 'P_147', 'Sl180': 'P_211', 'Sl086': 'P_87', 'Sl012': 'P_9', 'Sl080': 'P_78', 'Sl087': 'P_88', 'Sl176': 'P_191', 'Sl231': 'P_373', 'Sl166': 'P_165', 'Sl056': 'P_47'}
found NaN, skip...
0      0.001322
1      0.000751
2      0.002639
3      0.008917
4      0.002929
         ...   
237    0.000000
238    0.000000
239    0.000000
240    0.000000
241    0.080703
Name: A, Length: 242, dtype: float64
0      0.146680
1      0.146680
2      0.187488
3      0.101911
4      0.028120
         ...   
237    0.025256
238    0.017546
239    0.013899
240    0.015058
241    0.023757
Name: CPA_fat_free, Length: 242, dtype: float64
Pearson correlation coefficient: -0.0019213837391975734
correlation of P62-group-A and CPA_fat_free visualisation saved at D:/FLINC_dataset/slides/yang_p62\visualization/statistic\corr_P62-group-A-to-CPA_fat_free.png
{'Sl079': 'P_77', 'Sl241': 'HV_40', 'Sl228': 'P_363', 'Sl236': 'P_398', 'Sl074': 'P_67', 'Sl222': 'P_344', 'Sl240': 'HV_19', 'Sl226': 'P_361', 'Sl127': 'P_120', 'Sl233': 'P_381', 'Sl219': 'P_328', 'Sl174': 'P_183', 'Sl167': 'P_166', 'Sl132': 'P_125', 'Sl224': 'P_346', 'Sl215': 'P_318', 'Sl121': 'P_114', 'Sl181': 'P_213', 'Sl085': 'P_87', 'Sl177': 'P_193', 'Sl033': 'P_21', 'Sl193': 'P_245', 'Sl154': 'P_152', 'Sl250': 'HV_72', 'Sl184': 'P_218', 'Sl244': 'HV_48', 'Sl048': 'P_36', 'Sl084': 'P_85', 'Sl041': 'P_32', 'Sl109': 'P_104', 'Sl083': 'P_83', 'Sl179': 'P_203', 'Sl070': 'P_64', 'Sl021': 'P_14', 'Sl042': 'P_32', 'Sl153': 'P_151', 'Sl205': 'P_287', 'Sl009': 'P_7', 'Sl039': 'P_30', 'Sl156': 'P_154', 'Sl151': 'P_148', 'Sl158': 'P_156', 'Sl108': 'P_104', 'Sl168': 'P_167', 'Sl110': 'P_106', 'Sl189': 'P_229', 'Sl006': 'P_5', 'Sl163': 'P_161', 'Sl195': 'P_248', 'Sl091': 'P_90', 'Sl030': 'P_19', 'Sl071': 'P_65', 'Sl046': 'P_35', 'Sl243': 'HV_47', 'Sl061': 'P_55', 'Sl186': 'P_220', 'Sl245': 'HV_55', 'Sl207': 'P_290', 'Sl125': 'P_119', 'Sl149': 'P_146', 'Sl173': 'P_179', 'Sl037': 'P_29', 'Sl069': 'P_64', 'Sl162': 'P_160', 'Sl062': 'P_56', 'Sl050': 'P_40', 'Sl113': 'P_107', 'Sl229': 'P_364', 'Sl122': 'P_117', 'Sl111': 'P_106', 'Sl058': 'P_49', 'Sl025': 'P_16', 'Sl076': 'P_71', 'Sl249': 'HV_70', 'Sl020': 'P_13', 'Sl131': 'P_124', 'Sl210': 'P_303', 'Sl204': 'P_286', 'Sl116': 'P_109', 'Sl200': 'P_271', 'Sl141': 'P_137', 'Sl147': 'P_144', 'Sl230': 'P_372', 'Sl053': 'P_46', 'Sl101': 'P_97', 'Sl187': 'P_221', 'Sl123': 'P_117', 'Sl092': 'P_91', 'Sl005': 'P_5', 'Sl182': 'P_216', 'Sl098': 'P_95', 'Sl144': 'P_141', 'Sl140': 'P_136', 'Sl126': 'P_119', 'Sl209': 'P_297', 'Sl019': 'P_13', 'Sl064': 'P_57', 'Sl093': 'P_91', 'Sl142': 'P_139', 'Sl239': 'P_413', 'Sl172': 'P_173', 'Sl197': 'P_265', 'Sl031': 'P_19', 'Sl213': 'P_315', 'Sl016': 'P_11', 'Sl171': 'P_173', 'Sl201': 'P_272', 'Sl008': 'P_6', 'Sl160': 'P_158', 'Sl468': 'P_318', 'Sl117': 'P_111', 'Sl094': 'P_92', 'Sl188': 'P_227', 'Sl159': 'P_157', 'Sl175': 'P_189', 'Sl220': 'P_330', 'Sl178': 'P_200', 'Sl067': 'P_63', 'Sl124': 'P_118', 'Sl104': 'P_99', 'Sl152': 'P_149', 'Sl227': 'P_362', 'Sl075': 'P_67', 'Sl183': 'P_217', 'Sl102': 'P_97', 'Sl106': 'P_101', 'Sl217': 'P_321', 'Sl090': 'P_90', 'Sl203': 'P_281', 'Sl114': 'P_108', 'Sl001': 'P_2', 'Sl196': 'P_249', 'Sl136': 'P_130', 'Sl112': 'P_107', 'Sl040': 'P_30', 'Sl138': 'P_133', 'Sl026': 'P_17', 'Sl047': 'P_36', 'Sl097': 'P_95', 'Sl211': 'P_308', 'Sl134': 'P_128', 'Sl052': 'P_42', 'Sl077': 'P_72', 'Sl185': 'P_219', 'Sl165': 'P_164', 'Sl003': 'P_3', 'Sl010': 'P_7', 'Sl119': 'P_112', 'Sl115': 'P_109', 'Sl225': 'P_352', 'Sl129': 'P_122', 'Sl107': 'P_101', 'Sl068': 'P_63', 'Sl049': 'P_40', 'Sl248': 'HV_67', 'Sl238': 'P_411', 'Sl078': 'P_72', 'Sl099': 'P_96', 'Sl206': 'P_288', 'Sl035': 'P_24', 'Sl036': 'P_27', 'Sl072': 'P_65', 'Sl118': 'P_111', 'Sl018': 'P_12', 'Sl032': 'P_21', 'Sl202': 'P_273', 'Sl164': 'P_162', 'Sl028': 'P_18', 'Sl007': 'P_6', 'Sl223': 'P_345', 'Sl235': 'P_383', 'Sl212': 'P_314', 'Sl247': 'HV_59', 'Sl216': 'P_319', 'Sl221': 'P_343', 'Sl161': 'P_159', 'Sl027': 'P_17', 'Sl198': 'P_266', 'Sl191': 'P_238', 'Sl024': 'P_15', 'Sl232': 'P_379', 'Sl145': 'P_143', 'Sl013': 'P_10', 'Sl234': 'P_382', 'Sl208': 'P_291', 'Sl034': 'P_24', 'Sl103': 'P_98', 'Sl045': 'P_35', 'Sl017': 'P_12', 'Sl146': 'P_144', 'Sl169': 'P_170', 'Sl095': 'P_93', 'Sl089': 'P_89', 'Sl105': 'P_100', 'Sl237': 'P_401', 'Sl057': 'P_48', 'Sl044': 'P_34', 'Sl137': 'P_132', 'Sl054': 'P_46', 'Sl002': 'P_2', 'Sl194': 'P_246', 'Sl014': 'P_10', 'Sl190': 'P_238', 'Sl242': 'HV_45', 'Sl065': 'P_57', 'Sl135': 'P_129', 'Sl055': 'P_47', 'Sl060': 'P_55', 'Sl214': 'P_316', 'Sl004': 'P_4', 'Sl038': 'P_29', 'Sl096': 'P_94', 'Sl192': 'P_242', 'Sl157': 'P_155', 'Sl100': 'P_96', 'Sl143': 'P_140', 'Sl063': 'P_56', 'Sl023': 'P_15', 'Sl130': 'P_124', 'Sl029': 'P_18', 'Sl218': 'P_322', 'Sl088': 'P_89', 'Sl246': 'HV_57', 'Sl011': 'P_9', 'Sl022': 'P_14', 'Sl043': 'P_34', 'Sl133': 'P_126', 'Sl073': 'P_66', 'Sl059': 'P_49', 'Sl155': 'P_153', 'Sl051': 'P_42', 'Sl082': 'P_82', 'Sl128': 'P_121', 'Sl015': 'P_11', 'Sl139': 'P_135', 'Sl199': 'P_270', 'Sl148': 'P_146', 'Sl170': 'P_171', 'Sl081': 'P_81', 'Sl120': 'P_113', 'Sl066': 'P_61', 'Sl150': 'P_147', 'Sl180': 'P_211', 'Sl086': 'P_87', 'Sl012': 'P_9', 'Sl080': 'P_78', 'Sl087': 'P_88', 'Sl176': 'P_191', 'Sl231': 'P_373', 'Sl166': 'P_165', 'Sl056': 'P_47'}
found NaN, skip...
found NaN, skip...
found NaN, skip...
found NaN, skip...
found NaN, skip...
found NaN, skip...
found NaN, skip...
found NaN, skip...
found NaN, skip...
found NaN, skip...
found NaN, skip...
found NaN, skip...
found NaN, skip...
found NaN, skip...
found NaN, skip...
found NaN, skip...
found NaN, skip...
found NaN, skip...
found NaN, skip...
found NaN, skip...
found NaN, skip...
found NaN, skip...
found NaN, skip...
found NaN, skip...
found NaN, skip...
found NaN, skip...
found NaN, skip...
found NaN, skip...
found NaN, skip...
found NaN, skip...
found NaN, skip...
found NaN, skip...
found NaN, skip...
found NaN, skip...
found NaN, skip...
found NaN, skip...
found NaN, skip...
found NaN, skip...
found NaN, skip...
found NaN, skip...
found NaN, skip...
found NaN, skip...
found NaN, skip...
found NaN, skip...
found NaN, skip...
found NaN, skip...
found NaN, skip...
found NaN, skip...
found NaN, skip...
found NaN, skip...
found NaN, skip...
found NaN, skip...
found NaN, skip...
found NaN, skip...
found NaN, skip...
found NaN, skip...
found NaN, skip...
found NaN, skip...
found NaN, skip...
found NaN, skip...
found NaN, skip...
found NaN, skip...
found NaN, skip...
found NaN, skip...
found NaN, skip...
found NaN, skip...
found NaN, skip...
found NaN, skip...
found NaN, skip...
found NaN, skip...
found NaN, skip...
found NaN, skip...
found NaN, skip...
found NaN, skip...
found NaN, skip...
found NaN, skip...
found NaN, skip...
found NaN, skip...
found NaN, skip...
found NaN, skip...
found NaN, skip...
found NaN, skip...
found NaN, skip...
found NaN, skip...
found NaN, skip...
found NaN, skip...
found NaN, skip...
found NaN, skip...
found NaN, skip...
found NaN, skip...
found NaN, skip...
found NaN, skip...
found NaN, skip...
found NaN, skip...
found NaN, skip...
found NaN, skip...
found NaN, skip...
found NaN, skip...
found NaN, skip...
found NaN, skip...
found NaN, skip...
found NaN, skip...
found NaN, skip...
found NaN, skip...
found NaN, skip...
found NaN, skip...
found NaN, skip...
found NaN, skip...
found NaN, skip...
found NaN, skip...
found NaN, skip...
found NaN, skip...
found NaN, skip...
found NaN, skip...
found NaN, skip...
found NaN, skip...
found NaN, skip...
found NaN, skip...
found NaN, skip...
found NaN, skip...
found NaN, skip...
found NaN, skip...
found NaN, skip...
found NaN, skip...
found NaN, skip...
found NaN, skip...
found NaN, skip...
found NaN, skip...
found NaN, skip...
found NaN, skip...
found NaN, skip...
found NaN, skip...
found NaN, skip...
found NaN, skip...
found NaN, skip...
found NaN, skip...
found NaN, skip...
found NaN, skip...
found NaN, skip...
found NaN, skip...
found NaN, skip...
found NaN, skip...
found NaN, skip...
found NaN, skip...
found NaN, skip...
found NaN, skip...
found NaN, skip...
found NaN, skip...
found NaN, skip...
found NaN, skip...
found NaN, skip...
found NaN, skip...
found NaN, skip...
found NaN, skip...
found NaN, skip...
found NaN, skip...
found NaN, skip...
found NaN, skip...
found NaN, skip...
found NaN, skip...
found NaN, skip...
found NaN, skip...
found NaN, skip...
found NaN, skip...
found NaN, skip...
found NaN, skip...
0     0.017349
1     0.013683
2     0.012473
3     0.022150
4     0.066296
        ...   
72    0.038314
73    0.026185
74    0.014339
75    0.021375
76    0.080703
Name: A, Length: 77, dtype: float64
0     0.126105
1     0.126105
2     0.015208
3     0.067871
4     0.074503
        ...   
72    0.033148
73    0.035566
74    0.048903
75    0.021951
76    0.023757
Name: CPA_fat_free, Length: 77, dtype: float64
Pearson correlation coefficient: -0.004095873610244438
correlation of P62-group-A and CPA_fat_free visualisation saved at D:/FLINC_dataset/slides/yang_p62\visualization/statistic\corr_P62-group-A-to-CPA_fat_free.png
{'Sl079': 'P_77', 'Sl241': 'HV_40', 'Sl228': 'P_363', 'Sl236': 'P_398', 'Sl074': 'P_67', 'Sl222': 'P_344', 'Sl240': 'HV_19', 'Sl226': 'P_361', 'Sl127': 'P_120', 'Sl233': 'P_381', 'Sl219': 'P_328', 'Sl174': 'P_183', 'Sl167': 'P_166', 'Sl132': 'P_125', 'Sl224': 'P_346', 'Sl215': 'P_318', 'Sl121': 'P_114', 'Sl181': 'P_213', 'Sl085': 'P_87', 'Sl177': 'P_193', 'Sl033': 'P_21', 'Sl193': 'P_245', 'Sl154': 'P_152', 'Sl250': 'HV_72', 'Sl184': 'P_218', 'Sl244': 'HV_48', 'Sl048': 'P_36', 'Sl084': 'P_85', 'Sl041': 'P_32', 'Sl109': 'P_104', 'Sl083': 'P_83', 'Sl179': 'P_203', 'Sl070': 'P_64', 'Sl021': 'P_14', 'Sl042': 'P_32', 'Sl153': 'P_151', 'Sl205': 'P_287', 'Sl009': 'P_7', 'Sl039': 'P_30', 'Sl156': 'P_154', 'Sl151': 'P_148', 'Sl158': 'P_156', 'Sl108': 'P_104', 'Sl168': 'P_167', 'Sl110': 'P_106', 'Sl189': 'P_229', 'Sl006': 'P_5', 'Sl163': 'P_161', 'Sl195': 'P_248', 'Sl091': 'P_90', 'Sl030': 'P_19', 'Sl071': 'P_65', 'Sl046': 'P_35', 'Sl243': 'HV_47', 'Sl061': 'P_55', 'Sl186': 'P_220', 'Sl245': 'HV_55', 'Sl207': 'P_290', 'Sl125': 'P_119', 'Sl149': 'P_146', 'Sl173': 'P_179', 'Sl037': 'P_29', 'Sl069': 'P_64', 'Sl162': 'P_160', 'Sl062': 'P_56', 'Sl050': 'P_40', 'Sl113': 'P_107', 'Sl229': 'P_364', 'Sl122': 'P_117', 'Sl111': 'P_106', 'Sl058': 'P_49', 'Sl025': 'P_16', 'Sl076': 'P_71', 'Sl249': 'HV_70', 'Sl020': 'P_13', 'Sl131': 'P_124', 'Sl210': 'P_303', 'Sl204': 'P_286', 'Sl116': 'P_109', 'Sl200': 'P_271', 'Sl141': 'P_137', 'Sl147': 'P_144', 'Sl230': 'P_372', 'Sl053': 'P_46', 'Sl101': 'P_97', 'Sl187': 'P_221', 'Sl123': 'P_117', 'Sl092': 'P_91', 'Sl005': 'P_5', 'Sl182': 'P_216', 'Sl098': 'P_95', 'Sl144': 'P_141', 'Sl140': 'P_136', 'Sl126': 'P_119', 'Sl209': 'P_297', 'Sl019': 'P_13', 'Sl064': 'P_57', 'Sl093': 'P_91', 'Sl142': 'P_139', 'Sl239': 'P_413', 'Sl172': 'P_173', 'Sl197': 'P_265', 'Sl031': 'P_19', 'Sl213': 'P_315', 'Sl016': 'P_11', 'Sl171': 'P_173', 'Sl201': 'P_272', 'Sl008': 'P_6', 'Sl160': 'P_158', 'Sl468': 'P_318', 'Sl117': 'P_111', 'Sl094': 'P_92', 'Sl188': 'P_227', 'Sl159': 'P_157', 'Sl175': 'P_189', 'Sl220': 'P_330', 'Sl178': 'P_200', 'Sl067': 'P_63', 'Sl124': 'P_118', 'Sl104': 'P_99', 'Sl152': 'P_149', 'Sl227': 'P_362', 'Sl075': 'P_67', 'Sl183': 'P_217', 'Sl102': 'P_97', 'Sl106': 'P_101', 'Sl217': 'P_321', 'Sl090': 'P_90', 'Sl203': 'P_281', 'Sl114': 'P_108', 'Sl001': 'P_2', 'Sl196': 'P_249', 'Sl136': 'P_130', 'Sl112': 'P_107', 'Sl040': 'P_30', 'Sl138': 'P_133', 'Sl026': 'P_17', 'Sl047': 'P_36', 'Sl097': 'P_95', 'Sl211': 'P_308', 'Sl134': 'P_128', 'Sl052': 'P_42', 'Sl077': 'P_72', 'Sl185': 'P_219', 'Sl165': 'P_164', 'Sl003': 'P_3', 'Sl010': 'P_7', 'Sl119': 'P_112', 'Sl115': 'P_109', 'Sl225': 'P_352', 'Sl129': 'P_122', 'Sl107': 'P_101', 'Sl068': 'P_63', 'Sl049': 'P_40', 'Sl248': 'HV_67', 'Sl238': 'P_411', 'Sl078': 'P_72', 'Sl099': 'P_96', 'Sl206': 'P_288', 'Sl035': 'P_24', 'Sl036': 'P_27', 'Sl072': 'P_65', 'Sl118': 'P_111', 'Sl018': 'P_12', 'Sl032': 'P_21', 'Sl202': 'P_273', 'Sl164': 'P_162', 'Sl028': 'P_18', 'Sl007': 'P_6', 'Sl223': 'P_345', 'Sl235': 'P_383', 'Sl212': 'P_314', 'Sl247': 'HV_59', 'Sl216': 'P_319', 'Sl221': 'P_343', 'Sl161': 'P_159', 'Sl027': 'P_17', 'Sl198': 'P_266', 'Sl191': 'P_238', 'Sl024': 'P_15', 'Sl232': 'P_379', 'Sl145': 'P_143', 'Sl013': 'P_10', 'Sl234': 'P_382', 'Sl208': 'P_291', 'Sl034': 'P_24', 'Sl103': 'P_98', 'Sl045': 'P_35', 'Sl017': 'P_12', 'Sl146': 'P_144', 'Sl169': 'P_170', 'Sl095': 'P_93', 'Sl089': 'P_89', 'Sl105': 'P_100', 'Sl237': 'P_401', 'Sl057': 'P_48', 'Sl044': 'P_34', 'Sl137': 'P_132', 'Sl054': 'P_46', 'Sl002': 'P_2', 'Sl194': 'P_246', 'Sl014': 'P_10', 'Sl190': 'P_238', 'Sl242': 'HV_45', 'Sl065': 'P_57', 'Sl135': 'P_129', 'Sl055': 'P_47', 'Sl060': 'P_55', 'Sl214': 'P_316', 'Sl004': 'P_4', 'Sl038': 'P_29', 'Sl096': 'P_94', 'Sl192': 'P_242', 'Sl157': 'P_155', 'Sl100': 'P_96', 'Sl143': 'P_140', 'Sl063': 'P_56', 'Sl023': 'P_15', 'Sl130': 'P_124', 'Sl029': 'P_18', 'Sl218': 'P_322', 'Sl088': 'P_89', 'Sl246': 'HV_57', 'Sl011': 'P_9', 'Sl022': 'P_14', 'Sl043': 'P_34', 'Sl133': 'P_126', 'Sl073': 'P_66', 'Sl059': 'P_49', 'Sl155': 'P_153', 'Sl051': 'P_42', 'Sl082': 'P_82', 'Sl128': 'P_121', 'Sl015': 'P_11', 'Sl139': 'P_135', 'Sl199': 'P_270', 'Sl148': 'P_146', 'Sl170': 'P_171', 'Sl081': 'P_81', 'Sl120': 'P_113', 'Sl066': 'P_61', 'Sl150': 'P_147', 'Sl180': 'P_211', 'Sl086': 'P_87', 'Sl012': 'P_9', 'Sl080': 'P_78', 'Sl087': 'P_88', 'Sl176': 'P_191', 'Sl231': 'P_373', 'Sl166': 'P_165', 'Sl056': 'P_47'}
found NaN, skip...
found NaN, skip...
found NaN, skip...
found NaN, skip...
found NaN, skip...
found NaN, skip...
found NaN, skip...
found NaN, skip...
found NaN, skip...
found NaN, skip...
found NaN, skip...
found NaN, skip...
found NaN, skip...
found NaN, skip...
found NaN, skip...
found NaN, skip...
found NaN, skip...
found NaN, skip...
found NaN, skip...
found NaN, skip...
found NaN, skip...
found NaN, skip...
found NaN, skip...
found NaN, skip...
found NaN, skip...
found NaN, skip...
found NaN, skip...
found NaN, skip...
found NaN, skip...
found NaN, skip...
found NaN, skip...
found NaN, skip...
found NaN, skip...
found NaN, skip...
found NaN, skip...
found NaN, skip...
found NaN, skip...
found NaN, skip...
found NaN, skip...
found NaN, skip...
found NaN, skip...
found NaN, skip...
found NaN, skip...
found NaN, skip...
found NaN, skip...
found NaN, skip...
found NaN, skip...
found NaN, skip...
found NaN, skip...
found NaN, skip...
found NaN, skip...
found NaN, skip...
found NaN, skip...
found NaN, skip...
found NaN, skip...
found NaN, skip...
found NaN, skip...
found NaN, skip...
found NaN, skip...
found NaN, skip...
found NaN, skip...
found NaN, skip...
found NaN, skip...
found NaN, skip...
found NaN, skip...
found NaN, skip...
found NaN, skip...
found NaN, skip...
found NaN, skip...
found NaN, skip...
found NaN, skip...
found NaN, skip...
found NaN, skip...
found NaN, skip...
found NaN, skip...
found NaN, skip...
found NaN, skip...
found NaN, skip...
found NaN, skip...
found NaN, skip...
found NaN, skip...
found NaN, skip...
found NaN, skip...
found NaN, skip...
found NaN, skip...
found NaN, skip...
found NaN, skip...
found NaN, skip...
found NaN, skip...
found NaN, skip...
found NaN, skip...
found NaN, skip...
found NaN, skip...
found NaN, skip...
found NaN, skip...
found NaN, skip...
found NaN, skip...
found NaN, skip...
found NaN, skip...
found NaN, skip...
found NaN, skip...
found NaN, skip...
found NaN, skip...
found NaN, skip...
found NaN, skip...
found NaN, skip...
found NaN, skip...
found NaN, skip...
found NaN, skip...
found NaN, skip...
found NaN, skip...
found NaN, skip...
found NaN, skip...
found NaN, skip...
found NaN, skip...
found NaN, skip...
found NaN, skip...
found NaN, skip...
found NaN, skip...
found NaN, skip...
found NaN, skip...
found NaN, skip...
found NaN, skip...
found NaN, skip...
found NaN, skip...
found NaN, skip...
found NaN, skip...
found NaN, skip...
found NaN, skip...
found NaN, skip...
found NaN, skip...
found NaN, skip...
found NaN, skip...
found NaN, skip...
found NaN, skip...
found NaN, skip...
found NaN, skip...
found NaN, skip...
found NaN, skip...
found NaN, skip...
found NaN, skip...
found NaN, skip...
found NaN, skip...
found NaN, skip...
found NaN, skip...
found NaN, skip...
found NaN, skip...
found NaN, skip...
found NaN, skip...
found NaN, skip...
found NaN, skip...
found NaN, skip...
found NaN, skip...
found NaN, skip...
found NaN, skip...
found NaN, skip...
found NaN, skip...
found NaN, skip...
found NaN, skip...
found NaN, skip...
found NaN, skip...
found NaN, skip...
found NaN, skip...
found NaN, skip...
found NaN, skip...
found NaN, skip...
found NaN, skip...
found NaN, skip...
found NaN, skip...
found NaN, skip...
found NaN, skip...
found NaN, skip...
found NaN, skip...
found NaN, skip...
found NaN, skip...
found NaN, skip...
found NaN, skip...
found NaN, skip...
found NaN, skip...
found NaN, skip...
found NaN, skip...
found NaN, skip...
found NaN, skip...
found NaN, skip...
found NaN, skip...
found NaN, skip...
found NaN, skip...
found NaN, skip...
found NaN, skip...
found NaN, skip...
found NaN, skip...
found NaN, skip...
found NaN, skip...
found NaN, skip...
found NaN, skip...
found NaN, skip...
found NaN, skip...
found NaN, skip...
found NaN, skip...
found NaN, skip...
found NaN, skip...
found NaN, skip...
found NaN, skip...
found NaN, skip...
found NaN, skip...
found NaN, skip...
found NaN, skip...
found NaN, skip...
found NaN, skip...
found NaN, skip...
found NaN, skip...
found NaN, skip...
found NaN, skip...
found NaN, skip...
found NaN, skip...
found NaN, skip...
found NaN, skip...
found NaN, skip...
found NaN, skip...
found NaN, skip...
found NaN, skip...
0     0.066296
1     0.060301
2     0.125248
3     0.066785
4     0.074526
5     0.126176
6     0.161277
7     0.065840
8     0.128716
9     0.215166
10    0.069323
11    0.130653
12    0.050379
13    0.090900
14    0.066140
15    0.069503
16    0.069727
17    0.153301
18    0.072392
19    0.155813
20    0.121332
21    0.080703
Name: A, dtype: float64
0     0.074503
1     0.012192
2     0.025621
3     0.222678
4     0.055882
5     0.024408
6     0.092336
7     0.103405
8     0.056445
9     0.043794
10    0.012377
11    0.016300
12    0.033278
13    0.044263
14    0.047233
15    0.049034
16    0.040516
17    0.018932
18    0.181730
19    0.108645
20    0.152626
21    0.023757
Name: CPA_fat_free, dtype: float64
Pearson correlation coefficient: -0.08588972641269263
correlation of P62-group-A and CPA_fat_free visualisation saved at D:/FLINC_dataset/slides/yang_p62\visualization/statistic\corr_P62-group-A-to-CPA_fat_free.png
{'Sl079': 'P_77', 'Sl241': 'HV_40', 'Sl228': 'P_363', 'Sl236': 'P_398', 'Sl074': 'P_67', 'Sl222': 'P_344', 'Sl240': 'HV_19', 'Sl226': 'P_361', 'Sl127': 'P_120', 'Sl233': 'P_381', 'Sl219': 'P_328', 'Sl174': 'P_183', 'Sl167': 'P_166', 'Sl132': 'P_125', 'Sl224': 'P_346', 'Sl215': 'P_318', 'Sl121': 'P_114', 'Sl181': 'P_213', 'Sl085': 'P_87', 'Sl177': 'P_193', 'Sl033': 'P_21', 'Sl193': 'P_245', 'Sl154': 'P_152', 'Sl250': 'HV_72', 'Sl184': 'P_218', 'Sl244': 'HV_48', 'Sl048': 'P_36', 'Sl084': 'P_85', 'Sl041': 'P_32', 'Sl109': 'P_104', 'Sl083': 'P_83', 'Sl179': 'P_203', 'Sl070': 'P_64', 'Sl021': 'P_14', 'Sl042': 'P_32', 'Sl153': 'P_151', 'Sl205': 'P_287', 'Sl009': 'P_7', 'Sl039': 'P_30', 'Sl156': 'P_154', 'Sl151': 'P_148', 'Sl158': 'P_156', 'Sl108': 'P_104', 'Sl168': 'P_167', 'Sl110': 'P_106', 'Sl189': 'P_229', 'Sl006': 'P_5', 'Sl163': 'P_161', 'Sl195': 'P_248', 'Sl091': 'P_90', 'Sl030': 'P_19', 'Sl071': 'P_65', 'Sl046': 'P_35', 'Sl243': 'HV_47', 'Sl061': 'P_55', 'Sl186': 'P_220', 'Sl245': 'HV_55', 'Sl207': 'P_290', 'Sl125': 'P_119', 'Sl149': 'P_146', 'Sl173': 'P_179', 'Sl037': 'P_29', 'Sl069': 'P_64', 'Sl162': 'P_160', 'Sl062': 'P_56', 'Sl050': 'P_40', 'Sl113': 'P_107', 'Sl229': 'P_364', 'Sl122': 'P_117', 'Sl111': 'P_106', 'Sl058': 'P_49', 'Sl025': 'P_16', 'Sl076': 'P_71', 'Sl249': 'HV_70', 'Sl020': 'P_13', 'Sl131': 'P_124', 'Sl210': 'P_303', 'Sl204': 'P_286', 'Sl116': 'P_109', 'Sl200': 'P_271', 'Sl141': 'P_137', 'Sl147': 'P_144', 'Sl230': 'P_372', 'Sl053': 'P_46', 'Sl101': 'P_97', 'Sl187': 'P_221', 'Sl123': 'P_117', 'Sl092': 'P_91', 'Sl005': 'P_5', 'Sl182': 'P_216', 'Sl098': 'P_95', 'Sl144': 'P_141', 'Sl140': 'P_136', 'Sl126': 'P_119', 'Sl209': 'P_297', 'Sl019': 'P_13', 'Sl064': 'P_57', 'Sl093': 'P_91', 'Sl142': 'P_139', 'Sl239': 'P_413', 'Sl172': 'P_173', 'Sl197': 'P_265', 'Sl031': 'P_19', 'Sl213': 'P_315', 'Sl016': 'P_11', 'Sl171': 'P_173', 'Sl201': 'P_272', 'Sl008': 'P_6', 'Sl160': 'P_158', 'Sl468': 'P_318', 'Sl117': 'P_111', 'Sl094': 'P_92', 'Sl188': 'P_227', 'Sl159': 'P_157', 'Sl175': 'P_189', 'Sl220': 'P_330', 'Sl178': 'P_200', 'Sl067': 'P_63', 'Sl124': 'P_118', 'Sl104': 'P_99', 'Sl152': 'P_149', 'Sl227': 'P_362', 'Sl075': 'P_67', 'Sl183': 'P_217', 'Sl102': 'P_97', 'Sl106': 'P_101', 'Sl217': 'P_321', 'Sl090': 'P_90', 'Sl203': 'P_281', 'Sl114': 'P_108', 'Sl001': 'P_2', 'Sl196': 'P_249', 'Sl136': 'P_130', 'Sl112': 'P_107', 'Sl040': 'P_30', 'Sl138': 'P_133', 'Sl026': 'P_17', 'Sl047': 'P_36', 'Sl097': 'P_95', 'Sl211': 'P_308', 'Sl134': 'P_128', 'Sl052': 'P_42', 'Sl077': 'P_72', 'Sl185': 'P_219', 'Sl165': 'P_164', 'Sl003': 'P_3', 'Sl010': 'P_7', 'Sl119': 'P_112', 'Sl115': 'P_109', 'Sl225': 'P_352', 'Sl129': 'P_122', 'Sl107': 'P_101', 'Sl068': 'P_63', 'Sl049': 'P_40', 'Sl248': 'HV_67', 'Sl238': 'P_411', 'Sl078': 'P_72', 'Sl099': 'P_96', 'Sl206': 'P_288', 'Sl035': 'P_24', 'Sl036': 'P_27', 'Sl072': 'P_65', 'Sl118': 'P_111', 'Sl018': 'P_12', 'Sl032': 'P_21', 'Sl202': 'P_273', 'Sl164': 'P_162', 'Sl028': 'P_18', 'Sl007': 'P_6', 'Sl223': 'P_345', 'Sl235': 'P_383', 'Sl212': 'P_314', 'Sl247': 'HV_59', 'Sl216': 'P_319', 'Sl221': 'P_343', 'Sl161': 'P_159', 'Sl027': 'P_17', 'Sl198': 'P_266', 'Sl191': 'P_238', 'Sl024': 'P_15', 'Sl232': 'P_379', 'Sl145': 'P_143', 'Sl013': 'P_10', 'Sl234': 'P_382', 'Sl208': 'P_291', 'Sl034': 'P_24', 'Sl103': 'P_98', 'Sl045': 'P_35', 'Sl017': 'P_12', 'Sl146': 'P_144', 'Sl169': 'P_170', 'Sl095': 'P_93', 'Sl089': 'P_89', 'Sl105': 'P_100', 'Sl237': 'P_401', 'Sl057': 'P_48', 'Sl044': 'P_34', 'Sl137': 'P_132', 'Sl054': 'P_46', 'Sl002': 'P_2', 'Sl194': 'P_246', 'Sl014': 'P_10', 'Sl190': 'P_238', 'Sl242': 'HV_45', 'Sl065': 'P_57', 'Sl135': 'P_129', 'Sl055': 'P_47', 'Sl060': 'P_55', 'Sl214': 'P_316', 'Sl004': 'P_4', 'Sl038': 'P_29', 'Sl096': 'P_94', 'Sl192': 'P_242', 'Sl157': 'P_155', 'Sl100': 'P_96', 'Sl143': 'P_140', 'Sl063': 'P_56', 'Sl023': 'P_15', 'Sl130': 'P_124', 'Sl029': 'P_18', 'Sl218': 'P_322', 'Sl088': 'P_89', 'Sl246': 'HV_57', 'Sl011': 'P_9', 'Sl022': 'P_14', 'Sl043': 'P_34', 'Sl133': 'P_126', 'Sl073': 'P_66', 'Sl059': 'P_49', 'Sl155': 'P_153', 'Sl051': 'P_42', 'Sl082': 'P_82', 'Sl128': 'P_121', 'Sl015': 'P_11', 'Sl139': 'P_135', 'Sl199': 'P_270', 'Sl148': 'P_146', 'Sl170': 'P_171', 'Sl081': 'P_81', 'Sl120': 'P_113', 'Sl066': 'P_61', 'Sl150': 'P_147', 'Sl180': 'P_211', 'Sl086': 'P_87', 'Sl012': 'P_9', 'Sl080': 'P_78', 'Sl087': 'P_88', 'Sl176': 'P_191', 'Sl231': 'P_373', 'Sl166': 'P_165', 'Sl056': 'P_47'}
found NaN, skip...
found NaN, skip...
found NaN, skip...
found NaN, skip...
found NaN, skip...
found NaN, skip...
found NaN, skip...
found NaN, skip...
found NaN, skip...
found NaN, skip...
found NaN, skip...
found NaN, skip...
found NaN, skip...
found NaN, skip...
found NaN, skip...
found NaN, skip...
found NaN, skip...
found NaN, skip...
found NaN, skip...
found NaN, skip...
found NaN, skip...
found NaN, skip...
found NaN, skip...
found NaN, skip...
found NaN, skip...
found NaN, skip...
found NaN, skip...
found NaN, skip...
found NaN, skip...
found NaN, skip...
found NaN, skip...
found NaN, skip...
found NaN, skip...
found NaN, skip...
found NaN, skip...
found NaN, skip...
found NaN, skip...
found NaN, skip...
found NaN, skip...
found NaN, skip...
found NaN, skip...
found NaN, skip...
found NaN, skip...
found NaN, skip...
found NaN, skip...
found NaN, skip...
found NaN, skip...
found NaN, skip...
found NaN, skip...
found NaN, skip...
found NaN, skip...
found NaN, skip...
found NaN, skip...
found NaN, skip...
found NaN, skip...
found NaN, skip...
found NaN, skip...
found NaN, skip...
found NaN, skip...
found NaN, skip...
found NaN, skip...
found NaN, skip...
found NaN, skip...
found NaN, skip...
found NaN, skip...
found NaN, skip...
found NaN, skip...
found NaN, skip...
found NaN, skip...
found NaN, skip...
found NaN, skip...
found NaN, skip...
found NaN, skip...
found NaN, skip...
found NaN, skip...
found NaN, skip...
found NaN, skip...
found NaN, skip...
found NaN, skip...
found NaN, skip...
0      0.076007
1      0.246112
2      0.138153
3      0.125209
4      0.115176
         ...   
158    0.137006
159    0.195909
160    0.489952
161    0.136379
162    0.067718
Name: ballooning_percentage, Length: 163, dtype: float64
0      0.056505
1      0.049414
2      0.000000
3      0.000000
4      0.010340
         ...   
158    0.017455
159    0.000375
160    0.000479
161    0.000000
162    0.004335
Name: 6, Length: 163, dtype: float64
Pearson correlation coefficient: 0.002340388122782533
correlation of ballooning_percentage and Fibrosis-cluster_6 visualisation saved at D:/FLINC_dataset/slides/yang_p62\visualization/statistic\corr_ballooning_percentage-to-Fibrosis-cluster_6.png
{'Sl079': 'P_77', 'Sl241': 'HV_40', 'Sl228': 'P_363', 'Sl236': 'P_398', 'Sl074': 'P_67', 'Sl222': 'P_344', 'Sl240': 'HV_19', 'Sl226': 'P_361', 'Sl127': 'P_120', 'Sl233': 'P_381', 'Sl219': 'P_328', 'Sl174': 'P_183', 'Sl167': 'P_166', 'Sl132': 'P_125', 'Sl224': 'P_346', 'Sl215': 'P_318', 'Sl121': 'P_114', 'Sl181': 'P_213', 'Sl085': 'P_87', 'Sl177': 'P_193', 'Sl033': 'P_21', 'Sl193': 'P_245', 'Sl154': 'P_152', 'Sl250': 'HV_72', 'Sl184': 'P_218', 'Sl244': 'HV_48', 'Sl048': 'P_36', 'Sl084': 'P_85', 'Sl041': 'P_32', 'Sl109': 'P_104', 'Sl083': 'P_83', 'Sl179': 'P_203', 'Sl070': 'P_64', 'Sl021': 'P_14', 'Sl042': 'P_32', 'Sl153': 'P_151', 'Sl205': 'P_287', 'Sl009': 'P_7', 'Sl039': 'P_30', 'Sl156': 'P_154', 'Sl151': 'P_148', 'Sl158': 'P_156', 'Sl108': 'P_104', 'Sl168': 'P_167', 'Sl110': 'P_106', 'Sl189': 'P_229', 'Sl006': 'P_5', 'Sl163': 'P_161', 'Sl195': 'P_248', 'Sl091': 'P_90', 'Sl030': 'P_19', 'Sl071': 'P_65', 'Sl046': 'P_35', 'Sl243': 'HV_47', 'Sl061': 'P_55', 'Sl186': 'P_220', 'Sl245': 'HV_55', 'Sl207': 'P_290', 'Sl125': 'P_119', 'Sl149': 'P_146', 'Sl173': 'P_179', 'Sl037': 'P_29', 'Sl069': 'P_64', 'Sl162': 'P_160', 'Sl062': 'P_56', 'Sl050': 'P_40', 'Sl113': 'P_107', 'Sl229': 'P_364', 'Sl122': 'P_117', 'Sl111': 'P_106', 'Sl058': 'P_49', 'Sl025': 'P_16', 'Sl076': 'P_71', 'Sl249': 'HV_70', 'Sl020': 'P_13', 'Sl131': 'P_124', 'Sl210': 'P_303', 'Sl204': 'P_286', 'Sl116': 'P_109', 'Sl200': 'P_271', 'Sl141': 'P_137', 'Sl147': 'P_144', 'Sl230': 'P_372', 'Sl053': 'P_46', 'Sl101': 'P_97', 'Sl187': 'P_221', 'Sl123': 'P_117', 'Sl092': 'P_91', 'Sl005': 'P_5', 'Sl182': 'P_216', 'Sl098': 'P_95', 'Sl144': 'P_141', 'Sl140': 'P_136', 'Sl126': 'P_119', 'Sl209': 'P_297', 'Sl019': 'P_13', 'Sl064': 'P_57', 'Sl093': 'P_91', 'Sl142': 'P_139', 'Sl239': 'P_413', 'Sl172': 'P_173', 'Sl197': 'P_265', 'Sl031': 'P_19', 'Sl213': 'P_315', 'Sl016': 'P_11', 'Sl171': 'P_173', 'Sl201': 'P_272', 'Sl008': 'P_6', 'Sl160': 'P_158', 'Sl468': 'P_318', 'Sl117': 'P_111', 'Sl094': 'P_92', 'Sl188': 'P_227', 'Sl159': 'P_157', 'Sl175': 'P_189', 'Sl220': 'P_330', 'Sl178': 'P_200', 'Sl067': 'P_63', 'Sl124': 'P_118', 'Sl104': 'P_99', 'Sl152': 'P_149', 'Sl227': 'P_362', 'Sl075': 'P_67', 'Sl183': 'P_217', 'Sl102': 'P_97', 'Sl106': 'P_101', 'Sl217': 'P_321', 'Sl090': 'P_90', 'Sl203': 'P_281', 'Sl114': 'P_108', 'Sl001': 'P_2', 'Sl196': 'P_249', 'Sl136': 'P_130', 'Sl112': 'P_107', 'Sl040': 'P_30', 'Sl138': 'P_133', 'Sl026': 'P_17', 'Sl047': 'P_36', 'Sl097': 'P_95', 'Sl211': 'P_308', 'Sl134': 'P_128', 'Sl052': 'P_42', 'Sl077': 'P_72', 'Sl185': 'P_219', 'Sl165': 'P_164', 'Sl003': 'P_3', 'Sl010': 'P_7', 'Sl119': 'P_112', 'Sl115': 'P_109', 'Sl225': 'P_352', 'Sl129': 'P_122', 'Sl107': 'P_101', 'Sl068': 'P_63', 'Sl049': 'P_40', 'Sl248': 'HV_67', 'Sl238': 'P_411', 'Sl078': 'P_72', 'Sl099': 'P_96', 'Sl206': 'P_288', 'Sl035': 'P_24', 'Sl036': 'P_27', 'Sl072': 'P_65', 'Sl118': 'P_111', 'Sl018': 'P_12', 'Sl032': 'P_21', 'Sl202': 'P_273', 'Sl164': 'P_162', 'Sl028': 'P_18', 'Sl007': 'P_6', 'Sl223': 'P_345', 'Sl235': 'P_383', 'Sl212': 'P_314', 'Sl247': 'HV_59', 'Sl216': 'P_319', 'Sl221': 'P_343', 'Sl161': 'P_159', 'Sl027': 'P_17', 'Sl198': 'P_266', 'Sl191': 'P_238', 'Sl024': 'P_15', 'Sl232': 'P_379', 'Sl145': 'P_143', 'Sl013': 'P_10', 'Sl234': 'P_382', 'Sl208': 'P_291', 'Sl034': 'P_24', 'Sl103': 'P_98', 'Sl045': 'P_35', 'Sl017': 'P_12', 'Sl146': 'P_144', 'Sl169': 'P_170', 'Sl095': 'P_93', 'Sl089': 'P_89', 'Sl105': 'P_100', 'Sl237': 'P_401', 'Sl057': 'P_48', 'Sl044': 'P_34', 'Sl137': 'P_132', 'Sl054': 'P_46', 'Sl002': 'P_2', 'Sl194': 'P_246', 'Sl014': 'P_10', 'Sl190': 'P_238', 'Sl242': 'HV_45', 'Sl065': 'P_57', 'Sl135': 'P_129', 'Sl055': 'P_47', 'Sl060': 'P_55', 'Sl214': 'P_316', 'Sl004': 'P_4', 'Sl038': 'P_29', 'Sl096': 'P_94', 'Sl192': 'P_242', 'Sl157': 'P_155', 'Sl100': 'P_96', 'Sl143': 'P_140', 'Sl063': 'P_56', 'Sl023': 'P_15', 'Sl130': 'P_124', 'Sl029': 'P_18', 'Sl218': 'P_322', 'Sl088': 'P_89', 'Sl246': 'HV_57', 'Sl011': 'P_9', 'Sl022': 'P_14', 'Sl043': 'P_34', 'Sl133': 'P_126', 'Sl073': 'P_66', 'Sl059': 'P_49', 'Sl155': 'P_153', 'Sl051': 'P_42', 'Sl082': 'P_82', 'Sl128': 'P_121', 'Sl015': 'P_11', 'Sl139': 'P_135', 'Sl199': 'P_270', 'Sl148': 'P_146', 'Sl170': 'P_171', 'Sl081': 'P_81', 'Sl120': 'P_113', 'Sl066': 'P_61', 'Sl150': 'P_147', 'Sl180': 'P_211', 'Sl086': 'P_87', 'Sl012': 'P_9', 'Sl080': 'P_78', 'Sl087': 'P_88', 'Sl176': 'P_191', 'Sl231': 'P_373', 'Sl166': 'P_165', 'Sl056': 'P_47'}
found NaN, skip...
0      0.076007
1      0.036005
2      0.039649
3      0.246112
4      0.138153
         ...   
237    0.027059
238    0.004763
239    0.136379
240    0.006832
241    0.067718
Name: ballooning_percentage, Length: 242, dtype: float64
0      0.056505
1      0.056505
2      0.048499
3      0.049414
4      0.000000
         ...   
237    0.000000
238    0.000000
239    0.000000
240    0.000000
241    0.004335
Name: 6, Length: 242, dtype: float64
Pearson correlation coefficient: -0.009734014639706766
correlation of ballooning_percentage and Fibrosis-cluster_6 visualisation saved at D:/FLINC_dataset/slides/yang_p62\visualization/statistic\corr_ballooning_percentage-to-Fibrosis-cluster_6.png
{'Sl079': 'P_77', 'Sl241': 'HV_40', 'Sl228': 'P_363', 'Sl236': 'P_398', 'Sl074': 'P_67', 'Sl222': 'P_344', 'Sl240': 'HV_19', 'Sl226': 'P_361', 'Sl127': 'P_120', 'Sl233': 'P_381', 'Sl219': 'P_328', 'Sl174': 'P_183', 'Sl167': 'P_166', 'Sl132': 'P_125', 'Sl224': 'P_346', 'Sl215': 'P_318', 'Sl121': 'P_114', 'Sl181': 'P_213', 'Sl085': 'P_87', 'Sl177': 'P_193', 'Sl033': 'P_21', 'Sl193': 'P_245', 'Sl154': 'P_152', 'Sl250': 'HV_72', 'Sl184': 'P_218', 'Sl244': 'HV_48', 'Sl048': 'P_36', 'Sl084': 'P_85', 'Sl041': 'P_32', 'Sl109': 'P_104', 'Sl083': 'P_83', 'Sl179': 'P_203', 'Sl070': 'P_64', 'Sl021': 'P_14', 'Sl042': 'P_32', 'Sl153': 'P_151', 'Sl205': 'P_287', 'Sl009': 'P_7', 'Sl039': 'P_30', 'Sl156': 'P_154', 'Sl151': 'P_148', 'Sl158': 'P_156', 'Sl108': 'P_104', 'Sl168': 'P_167', 'Sl110': 'P_106', 'Sl189': 'P_229', 'Sl006': 'P_5', 'Sl163': 'P_161', 'Sl195': 'P_248', 'Sl091': 'P_90', 'Sl030': 'P_19', 'Sl071': 'P_65', 'Sl046': 'P_35', 'Sl243': 'HV_47', 'Sl061': 'P_55', 'Sl186': 'P_220', 'Sl245': 'HV_55', 'Sl207': 'P_290', 'Sl125': 'P_119', 'Sl149': 'P_146', 'Sl173': 'P_179', 'Sl037': 'P_29', 'Sl069': 'P_64', 'Sl162': 'P_160', 'Sl062': 'P_56', 'Sl050': 'P_40', 'Sl113': 'P_107', 'Sl229': 'P_364', 'Sl122': 'P_117', 'Sl111': 'P_106', 'Sl058': 'P_49', 'Sl025': 'P_16', 'Sl076': 'P_71', 'Sl249': 'HV_70', 'Sl020': 'P_13', 'Sl131': 'P_124', 'Sl210': 'P_303', 'Sl204': 'P_286', 'Sl116': 'P_109', 'Sl200': 'P_271', 'Sl141': 'P_137', 'Sl147': 'P_144', 'Sl230': 'P_372', 'Sl053': 'P_46', 'Sl101': 'P_97', 'Sl187': 'P_221', 'Sl123': 'P_117', 'Sl092': 'P_91', 'Sl005': 'P_5', 'Sl182': 'P_216', 'Sl098': 'P_95', 'Sl144': 'P_141', 'Sl140': 'P_136', 'Sl126': 'P_119', 'Sl209': 'P_297', 'Sl019': 'P_13', 'Sl064': 'P_57', 'Sl093': 'P_91', 'Sl142': 'P_139', 'Sl239': 'P_413', 'Sl172': 'P_173', 'Sl197': 'P_265', 'Sl031': 'P_19', 'Sl213': 'P_315', 'Sl016': 'P_11', 'Sl171': 'P_173', 'Sl201': 'P_272', 'Sl008': 'P_6', 'Sl160': 'P_158', 'Sl468': 'P_318', 'Sl117': 'P_111', 'Sl094': 'P_92', 'Sl188': 'P_227', 'Sl159': 'P_157', 'Sl175': 'P_189', 'Sl220': 'P_330', 'Sl178': 'P_200', 'Sl067': 'P_63', 'Sl124': 'P_118', 'Sl104': 'P_99', 'Sl152': 'P_149', 'Sl227': 'P_362', 'Sl075': 'P_67', 'Sl183': 'P_217', 'Sl102': 'P_97', 'Sl106': 'P_101', 'Sl217': 'P_321', 'Sl090': 'P_90', 'Sl203': 'P_281', 'Sl114': 'P_108', 'Sl001': 'P_2', 'Sl196': 'P_249', 'Sl136': 'P_130', 'Sl112': 'P_107', 'Sl040': 'P_30', 'Sl138': 'P_133', 'Sl026': 'P_17', 'Sl047': 'P_36', 'Sl097': 'P_95', 'Sl211': 'P_308', 'Sl134': 'P_128', 'Sl052': 'P_42', 'Sl077': 'P_72', 'Sl185': 'P_219', 'Sl165': 'P_164', 'Sl003': 'P_3', 'Sl010': 'P_7', 'Sl119': 'P_112', 'Sl115': 'P_109', 'Sl225': 'P_352', 'Sl129': 'P_122', 'Sl107': 'P_101', 'Sl068': 'P_63', 'Sl049': 'P_40', 'Sl248': 'HV_67', 'Sl238': 'P_411', 'Sl078': 'P_72', 'Sl099': 'P_96', 'Sl206': 'P_288', 'Sl035': 'P_24', 'Sl036': 'P_27', 'Sl072': 'P_65', 'Sl118': 'P_111', 'Sl018': 'P_12', 'Sl032': 'P_21', 'Sl202': 'P_273', 'Sl164': 'P_162', 'Sl028': 'P_18', 'Sl007': 'P_6', 'Sl223': 'P_345', 'Sl235': 'P_383', 'Sl212': 'P_314', 'Sl247': 'HV_59', 'Sl216': 'P_319', 'Sl221': 'P_343', 'Sl161': 'P_159', 'Sl027': 'P_17', 'Sl198': 'P_266', 'Sl191': 'P_238', 'Sl024': 'P_15', 'Sl232': 'P_379', 'Sl145': 'P_143', 'Sl013': 'P_10', 'Sl234': 'P_382', 'Sl208': 'P_291', 'Sl034': 'P_24', 'Sl103': 'P_98', 'Sl045': 'P_35', 'Sl017': 'P_12', 'Sl146': 'P_144', 'Sl169': 'P_170', 'Sl095': 'P_93', 'Sl089': 'P_89', 'Sl105': 'P_100', 'Sl237': 'P_401', 'Sl057': 'P_48', 'Sl044': 'P_34', 'Sl137': 'P_132', 'Sl054': 'P_46', 'Sl002': 'P_2', 'Sl194': 'P_246', 'Sl014': 'P_10', 'Sl190': 'P_238', 'Sl242': 'HV_45', 'Sl065': 'P_57', 'Sl135': 'P_129', 'Sl055': 'P_47', 'Sl060': 'P_55', 'Sl214': 'P_316', 'Sl004': 'P_4', 'Sl038': 'P_29', 'Sl096': 'P_94', 'Sl192': 'P_242', 'Sl157': 'P_155', 'Sl100': 'P_96', 'Sl143': 'P_140', 'Sl063': 'P_56', 'Sl023': 'P_15', 'Sl130': 'P_124', 'Sl029': 'P_18', 'Sl218': 'P_322', 'Sl088': 'P_89', 'Sl246': 'HV_57', 'Sl011': 'P_9', 'Sl022': 'P_14', 'Sl043': 'P_34', 'Sl133': 'P_126', 'Sl073': 'P_66', 'Sl059': 'P_49', 'Sl155': 'P_153', 'Sl051': 'P_42', 'Sl082': 'P_82', 'Sl128': 'P_121', 'Sl015': 'P_11', 'Sl139': 'P_135', 'Sl199': 'P_270', 'Sl148': 'P_146', 'Sl170': 'P_171', 'Sl081': 'P_81', 'Sl120': 'P_113', 'Sl066': 'P_61', 'Sl150': 'P_147', 'Sl180': 'P_211', 'Sl086': 'P_87', 'Sl012': 'P_9', 'Sl080': 'P_78', 'Sl087': 'P_88', 'Sl176': 'P_191', 'Sl231': 'P_373', 'Sl166': 'P_165', 'Sl056': 'P_47'}
found NaN, skip...
found NaN, skip...
found NaN, skip...
found NaN, skip...
found NaN, skip...
found NaN, skip...
found NaN, skip...
found NaN, skip...
found NaN, skip...
found NaN, skip...
found NaN, skip...
found NaN, skip...
found NaN, skip...
found NaN, skip...
found NaN, skip...
found NaN, skip...
found NaN, skip...
found NaN, skip...
found NaN, skip...
found NaN, skip...
found NaN, skip...
found NaN, skip...
found NaN, skip...
found NaN, skip...
found NaN, skip...
found NaN, skip...
found NaN, skip...
found NaN, skip...
found NaN, skip...
found NaN, skip...
found NaN, skip...
found NaN, skip...
found NaN, skip...
found NaN, skip...
found NaN, skip...
found NaN, skip...
found NaN, skip...
found NaN, skip...
found NaN, skip...
found NaN, skip...
found NaN, skip...
found NaN, skip...
found NaN, skip...
found NaN, skip...
found NaN, skip...
found NaN, skip...
found NaN, skip...
found NaN, skip...
found NaN, skip...
found NaN, skip...
found NaN, skip...
found NaN, skip...
found NaN, skip...
found NaN, skip...
found NaN, skip...
found NaN, skip...
found NaN, skip...
found NaN, skip...
found NaN, skip...
found NaN, skip...
found NaN, skip...
found NaN, skip...
found NaN, skip...
found NaN, skip...
found NaN, skip...
found NaN, skip...
found NaN, skip...
found NaN, skip...
found NaN, skip...
found NaN, skip...
found NaN, skip...
found NaN, skip...
found NaN, skip...
found NaN, skip...
found NaN, skip...
found NaN, skip...
found NaN, skip...
found NaN, skip...
found NaN, skip...
found NaN, skip...
found NaN, skip...
found NaN, skip...
found NaN, skip...
found NaN, skip...
found NaN, skip...
found NaN, skip...
found NaN, skip...
found NaN, skip...
found NaN, skip...
found NaN, skip...
found NaN, skip...
found NaN, skip...
found NaN, skip...
found NaN, skip...
found NaN, skip...
found NaN, skip...
found NaN, skip...
found NaN, skip...
found NaN, skip...
found NaN, skip...
found NaN, skip...
found NaN, skip...
found NaN, skip...
found NaN, skip...
found NaN, skip...
found NaN, skip...
found NaN, skip...
found NaN, skip...
found NaN, skip...
found NaN, skip...
found NaN, skip...
found NaN, skip...
found NaN, skip...
found NaN, skip...
found NaN, skip...
found NaN, skip...
found NaN, skip...
found NaN, skip...
found NaN, skip...
found NaN, skip...
found NaN, skip...
found NaN, skip...
found NaN, skip...
found NaN, skip...
found NaN, skip...
found NaN, skip...
found NaN, skip...
found NaN, skip...
found NaN, skip...
found NaN, skip...
found NaN, skip...
found NaN, skip...
found NaN, skip...
found NaN, skip...
found NaN, skip...
found NaN, skip...
found NaN, skip...
found NaN, skip...
found NaN, skip...
found NaN, skip...
found NaN, skip...
found NaN, skip...
found NaN, skip...
found NaN, skip...
found NaN, skip...
found NaN, skip...
found NaN, skip...
found NaN, skip...
found NaN, skip...
found NaN, skip...
found NaN, skip...
found NaN, skip...
found NaN, skip...
found NaN, skip...
found NaN, skip...
found NaN, skip...
found NaN, skip...
found NaN, skip...
found NaN, skip...
found NaN, skip...
found NaN, skip...
found NaN, skip...
found NaN, skip...
found NaN, skip...
found NaN, skip...
found NaN, skip...
found NaN, skip...
found NaN, skip...
found NaN, skip...
found NaN, skip...
found NaN, skip...
found NaN, skip...
found NaN, skip...
found NaN, skip...
found NaN, skip...
found NaN, skip...
found NaN, skip...
found NaN, skip...
found NaN, skip...
found NaN, skip...
found NaN, skip...
found NaN, skip...
found NaN, skip...
found NaN, skip...
found NaN, skip...
found NaN, skip...
found NaN, skip...
found NaN, skip...
found NaN, skip...
found NaN, skip...
found NaN, skip...
found NaN, skip...
found NaN, skip...
found NaN, skip...
found NaN, skip...
found NaN, skip...
found NaN, skip...
found NaN, skip...
found NaN, skip...
found NaN, skip...
found NaN, skip...
found NaN, skip...
found NaN, skip...
found NaN, skip...
found NaN, skip...
found NaN, skip...
found NaN, skip...
found NaN, skip...
found NaN, skip...
found NaN, skip...
found NaN, skip...
0      0.516344
1      0.573451
2      0.862136
3      0.732240
4      0.578191
5      1.843570
6      0.766815
7      0.512490
8      1.343074
9      1.602657
10     4.386879
11     0.604781
12     0.555965
13     4.739637
14     2.073203
15     6.638422
16     0.536930
17     1.380846
18    12.543771
19     0.874583
20     0.931310
21     0.546178
22     1.471303
23     0.614386
24     0.914699
25     1.326984
26     1.326984
27     1.645815
28     1.387094
29     6.725508
30     3.650291
31     1.211580
Name: ballooning_percentage, dtype: float64
0     0.054602
1     0.054602
2     0.015332
3     0.040404
4     0.000000
5     0.000000
6     0.010753
7     0.001825
8     0.000000
9     0.000000
10    0.157377
11    0.023578
12    0.008699
13    0.004975
14    0.021302
15    0.000327
16    0.042963
17    0.000000
18    0.000000
19    0.000661
20    0.000000
21    0.003540
22    0.000000
23    0.029867
24    0.001629
25    0.000000
26    0.000000
27    0.055480
28    0.001884
29    0.000000
30    0.051348
31    0.006008
Name: 6, dtype: float64
Pearson correlation coefficient: 0.009777359526421232
correlation of ballooning_percentage and Fibrosis-cluster_6 visualisation saved at D:/FLINC_dataset/slides/yang_p62\visualization/statistic\corr_ballooning_percentage-to-Fibrosis-cluster_6.png
