combined DataFrame as:
    slide_id  ballooning_percentage         A  ...       pc2     UMAP_0    UMAP_1
0      Sl001               0.076007  0.001322  ...       NaN        NaN       NaN
1      Sl002               0.036005  0.000751  ... -1.209963  11.085807  7.539909
2      Sl003               0.039649  0.002639  ...  1.218151  16.436110  2.919448
3      Sl004               0.246112  0.008917  ...  0.822442   8.456650  7.237007
4      Sl005               0.138153  0.002929  ... -0.194232  10.768937  7.023759
..       ...                    ...       ...  ...       ...        ...       ...
251    Sl246               0.004763  0.000000  ...  4.469791  14.507718  3.517287
252    Sl247               0.136379  0.000000  ...  0.426966  14.954655  4.903040
253    Sl248               0.002397  0.000000  ...       NaN        NaN       NaN
254    Sl249               0.006832  0.000000  ...  0.685929  16.490976  3.797618
255    Sl250               0.067718  0.000000  ...  0.661376  15.531302  4.110334

[256 rows x 39 columns]
replaced the nick name for some columns
combined DataFrame as:
    slide_id  ballooning_percentage         A  ...       pc2     UMAP_0    UMAP_1
0      Sl001               0.076007  0.001322  ...       NaN        NaN       NaN
1      Sl002               0.036005  0.000751  ... -1.209963  11.085807  7.539909
2      Sl003               0.039649  0.002639  ...  1.218151  16.436110  2.919448
3      Sl004               0.246112  0.008917  ...  0.822442   8.456650  7.237007
4      Sl005               0.138153  0.002929  ... -0.194232  10.768937  7.023759
..       ...                    ...       ...  ...       ...        ...       ...
251    Sl246               0.004763  0.000000  ...  4.469791  14.507718  3.517287
252    Sl247               0.136379  0.000000  ...  0.426966  14.954655  4.903040
253    Sl248               0.002397  0.000000  ...       NaN        NaN       NaN
254    Sl249               0.006832  0.000000  ...  0.685929  16.490976  3.797618
255    Sl250               0.067718  0.000000  ...  0.661376  15.531302  4.110334

[256 rows x 39 columns]
replaced the nick name for some columns
combined DataFrame as:
    slide_id  ballooning_percentage         A  ...       pc2     UMAP_0    UMAP_1
0      Sl001               0.076007  0.001322  ...       NaN        NaN       NaN
1      Sl002               0.036005  0.000751  ... -1.209963  11.085807  7.539909
2      Sl003               0.039649  0.002639  ...  1.218151  16.436110  2.919448
3      Sl004               0.246112  0.008917  ...  0.822442   8.456650  7.237007
4      Sl005               0.138153  0.002929  ... -0.194232  10.768937  7.023759
..       ...                    ...       ...  ...       ...        ...       ...
251    Sl246               0.004763  0.000000  ...  4.469791  14.507718  3.517287
252    Sl247               0.136379  0.000000  ...  0.426966  14.954655  4.903040
253    Sl248               0.002397  0.000000  ...       NaN        NaN       NaN
254    Sl249               0.006832  0.000000  ...  0.685929  16.490976  3.797618
255    Sl250               0.067718  0.000000  ...  0.661376  15.531302  4.110334

[256 rows x 39 columns]
replaced the nick name for some columns
