plot agt distribution higher/lower frac-score for group: 
['0_0_0_0_0_0', '0_0_0_0_0_1', '0_0_0_1_1_0', '0_0_0_1_1_1', '0_0_1_0_0_0', '0_0_1_0_0_1', '0_0_1_0_1_1', '0_1_0_1_0_1', '0_1_0_1_1_0', '0_0_1_1_0_0', '0_0_1_1_1_1', '1_0_0_0_1_0', '1_0_0_1_1_1', '1_0_1_0_0_0', '1_1_0_0_1_0', '3_0_0_0_0_1'] >>>
clst-gp: All or sp-clst corr frac3-score visualisation saved at D:/FLINC_dataset/slides/yang_p62\visualization/statistic\gp-All_dist_h-l-frac3-thd-(0.2, 0.3, 0.5).png
plot agt distribution higher/lower frac-score for group: 
['0_0_0_0_0_0', '0_0_0_0_0_1', '0_0_0_1_1_0', '0_0_0_1_1_1', '0_0_1_0_0_0', '0_0_1_0_0_1', '0_0_1_0_1_1', '0_1_0_1_0_1', '0_1_0_1_1_0', '0_0_1_1_0_0', '0_0_1_1_1_1', '1_0_0_0_1_0', '1_0_0_1_1_1', '1_0_1_0_0_0', '1_1_0_0_1_0', '3_0_0_0_0_1'] >>>
clst-gp: All or sp-clst corr frac3-score visualisation saved at D:/FLINC_dataset/slides/yang_p62\visualization/statistic\gp-All_dist_h-l-frac3-thd-(0.2, 0.3, 0.5).png
plot agt distribution higher/lower frac-score for group: 
['0_0_0_0_0_0', '0_0_0_0_0_1', '0_0_0_1_1_0', '0_0_0_1_1_1', '0_0_1_0_0_0', '0_0_1_0_0_1', '0_0_1_0_1_1', '0_1_0_1_0_1', '0_1_0_1_1_0', '0_0_1_1_0_0', '0_0_1_1_1_1', '1_0_0_0_1_0', '1_0_0_1_1_1', '1_0_1_0_0_0', '1_1_0_0_1_0', '3_0_0_0_0_1'] >>>
clst-gp: All or sp-clst corr frac3-score visualisation saved at D:/FLINC_dataset/slides/yang_p62\visualization/statistic\gp-All_dist_h-l-frac3-thd-(0.2, 0.3, 0.5).png
plot agt distribution higher/lower frac-score for group: 
['0_0_0_0_0_0', '0_0_0_0_0_1', '0_0_0_1_1_0', '0_0_0_1_1_1', '0_0_1_0_0_0', '0_0_1_0_0_1', '0_0_1_0_1_1', '0_1_0_1_0_1', '0_1_0_1_1_0'] >>>
clst-gp: A or sp-clst corr frac3-score visualisation saved at D:/FLINC_dataset/slides/yang_p62\visualization/statistic\gp-A_dist_h-l-frac3-thd-(0.2, 0.3, 0.5).png
plot agt distribution higher/lower frac-score for group: 
['0_0_1_1_0_0', '0_0_1_1_1_1'] >>>
clst-gp: B or sp-clst corr frac3-score visualisation saved at D:/FLINC_dataset/slides/yang_p62\visualization/statistic\gp-B_dist_h-l-frac3-thd-(0.2, 0.3, 0.5).png
plot agt distribution higher/lower frac-score for group: 
['1_0_0_0_1_0', '1_0_0_1_1_1', '1_0_1_0_0_0', '1_1_0_0_1_0'] >>>
clst-gp: C or sp-clst corr frac3-score visualisation saved at D:/FLINC_dataset/slides/yang_p62\visualization/statistic\gp-C_dist_h-l-frac3-thd-(0.2, 0.3, 0.5).png
plot agt distribution higher/lower frac-score for group: 
['3_0_0_0_0_1'] >>>
clst-gp: D or sp-clst corr frac3-score visualisation saved at D:/FLINC_dataset/slides/yang_p62\visualization/statistic\gp-D_dist_h-l-frac3-thd-(0.2, 0.3, 0.5).png
plot agt distribution higher/lower frac-score for group: 
['0_0_0_0_0_0', '0_0_0_0_0_1', '0_0_0_1_1_0', '0_0_0_1_1_1', '0_0_1_0_0_0', '0_0_1_0_0_1', '0_0_1_0_1_1', '0_1_0_1_0_1', '0_1_0_1_1_0'] >>>
clst-gp: A or sp-clst corr frac3-score visualisation saved at D:/FLINC_dataset/slides/yang_p62\visualization/statistic\gp-A_dist_h-l-frac3-thd-(0.2, 0.3, 0.5).png
plot agt distribution higher/lower frac-score for group: 
['0_0_1_1_0_0', '0_0_1_1_1_1'] >>>
clst-gp: B or sp-clst corr frac3-score visualisation saved at D:/FLINC_dataset/slides/yang_p62\visualization/statistic\gp-B_dist_h-l-frac3-thd-(0.2, 0.3, 0.5).png
plot agt distribution higher/lower frac-score for group: 
['1_0_0_0_1_0', '1_0_0_1_1_1', '1_0_1_0_0_0', '1_1_0_0_1_0'] >>>
clst-gp: C or sp-clst corr frac3-score visualisation saved at D:/FLINC_dataset/slides/yang_p62\visualization/statistic\gp-C_dist_h-l-frac3-thd-(0.2, 0.3, 0.5).png
plot agt distribution higher/lower frac-score for group: 
['3_0_0_0_0_1'] >>>
clst-gp: D or sp-clst corr frac3-score visualisation saved at D:/FLINC_dataset/slides/yang_p62\visualization/statistic\gp-D_dist_h-l-frac3-thd-(0.2, 0.3, 0.5).png
plot agt distribution higher/lower frac-score for group: 
['0_0_0_0_0_0', '0_0_0_0_0_1', '0_0_0_1_1_0', '0_0_0_1_1_1', '0_0_1_0_0_0', '0_0_1_0_0_1', '0_0_1_0_1_1', '0_1_0_1_0_1', '0_1_0_1_1_0'] >>>
clst-gp: A or sp-clst corr frac3-score visualisation saved at D:/FLINC_dataset/slides/yang_p62\visualization/statistic\gp-A_dist_h-l-frac3-thd-(0.2, 0.3, 0.5).png
plot agt distribution higher/lower frac-score for group: 
['0_0_1_1_0_0', '0_0_1_1_1_1'] >>>
clst-gp: B or sp-clst corr frac3-score visualisation saved at D:/FLINC_dataset/slides/yang_p62\visualization/statistic\gp-B_dist_h-l-frac3-thd-(0.2, 0.3, 0.5).png
plot agt distribution higher/lower frac-score for group: 
['1_0_0_0_1_0', '1_0_0_1_1_1', '1_0_1_0_0_0', '1_1_0_0_1_0'] >>>
clst-gp: C or sp-clst corr frac3-score visualisation saved at D:/FLINC_dataset/slides/yang_p62\visualization/statistic\gp-C_dist_h-l-frac3-thd-(0.2, 0.3, 0.5).png
plot agt distribution higher/lower frac-score for group: 
['3_0_0_0_0_1'] >>>
clst-gp: D or sp-clst corr frac3-score visualisation saved at D:/FLINC_dataset/slides/yang_p62\visualization/statistic\gp-D_dist_h-l-frac3-thd-(0.2, 0.3, 0.5).png
plot agt distribution higher/lower frac-score for group: 
['0_0_0_0_0_0', '0_0_0_0_0_1', '0_0_0_1_1_0', '0_0_0_1_1_1', '0_0_1_0_0_0', '0_0_1_0_0_1', '0_0_1_0_1_1', '0_1_0_1_0_1', '0_1_0_1_1_0', '0_0_1_1_0_0', '0_0_1_1_1_1', '1_0_0_0_1_0', '1_0_0_1_1_1', '1_0_1_0_0_0', '1_1_0_0_1_0', '3_0_0_0_0_1'] >>>
clst-gp: All or sp-clst corr frac3-score visualisation saved at D:/FLINC_dataset/slides/yang_p62\visualization/statistic\gp-All_dist_h-l-frac3-thd-(0.2, 0.3, 0.5).png
plot agt distribution higher/lower frac-score for group: 
['0_0_0_0_0_0', '0_0_0_0_0_1', '0_0_0_1_1_0', '0_0_0_1_1_1', '0_0_1_0_0_0', '0_0_1_0_0_1', '0_0_1_0_1_1', '0_1_0_1_0_1', '0_1_0_1_1_0', '0_0_1_1_0_0', '0_0_1_1_1_1', '1_0_0_0_1_0', '1_0_0_1_1_1', '1_0_1_0_0_0', '1_1_0_0_1_0', '3_0_0_0_0_1'] >>>
clst-gp: All or sp-clst corr frac3-score visualisation saved at D:/FLINC_dataset/slides/yang_p62\visualization/statistic\gp-All_dist_h-l-frac3-thd-(0.2, 0.3, 0.5).png
plot agt distribution higher/lower frac-score for group: 
['0_0_0_0_0_0', '0_0_0_0_0_1', '0_0_0_1_1_0', '0_0_0_1_1_1', '0_0_1_0_0_0', '0_0_1_0_0_1', '0_0_1_0_1_1', '0_1_0_1_0_1', '0_1_0_1_1_0'] >>>
clst-gp: A or sp-clst corr frac3-score visualisation saved at D:/FLINC_dataset/slides/yang_p62\visualization/statistic\gp-A_dist_h-l-frac3-thd-(0.2, 0.3, 0.5).png
plot agt distribution higher/lower frac-score for group: 
['0_0_1_1_0_0', '0_0_1_1_1_1'] >>>
clst-gp: B or sp-clst corr frac3-score visualisation saved at D:/FLINC_dataset/slides/yang_p62\visualization/statistic\gp-B_dist_h-l-frac3-thd-(0.2, 0.3, 0.5).png
plot agt distribution higher/lower frac-score for group: 
['1_0_0_0_1_0', '1_0_0_1_1_1', '1_0_1_0_0_0', '1_1_0_0_1_0'] >>>
clst-gp: C or sp-clst corr frac3-score visualisation saved at D:/FLINC_dataset/slides/yang_p62\visualization/statistic\gp-C_dist_h-l-frac3-thd-(0.2, 0.3, 0.5).png
plot agt distribution higher/lower frac-score for group: 
['3_0_0_0_0_1'] >>>
clst-gp: D or sp-clst corr frac3-score visualisation saved at D:/FLINC_dataset/slides/yang_p62\visualization/statistic\gp-D_dist_h-l-frac3-thd-(0.2, 0.3, 0.5).png
