automatically find CSV file: P62_ballooning_score_bi.csv
load model from: D:/FLINC_dataset/slides/yang_p62\models\checkpoint_GatedAttPool-g_Pool-0_steatosis_score_bi_[67]2023-11-08.pth
<-- load the tiles' attention score for 6 slides -->
originally attention tiles: 985 in slide: 23910-158_Sl003-C3-P62
fill surrounding tiles: 66 in round: 1
fill surrounding tiles: 31 in round: 2
all/k selection ratio in this slide: (4927 / 1082)
originally attention tiles: 3521 in slide: 23910-158_Sl004-C4-P62
fill surrounding tiles: 279 in round: 1
fill surrounding tiles: 172 in round: 2
all/k selection ratio in this slide: (17606 / 3972)
originally attention tiles: 854 in slide: 23910-158_Sl009-C7-P62
fill surrounding tiles: 39 in round: 1
fill surrounding tiles: 24 in round: 2
all/k selection ratio in this slide: (4271 / 917)
originally attention tiles: 1514 in slide: 23910-158_Sl010-C7-P62
fill surrounding tiles: 88 in round: 1
fill surrounding tiles: 44 in round: 2
all/k selection ratio in this slide: (7571 / 1646)
originally attention tiles: 1320 in slide: 23910-158_Sl014-C10-P62
fill surrounding tiles: 105 in round: 1
fill surrounding tiles: 69 in round: 2
all/k selection ratio in this slide: (6602 / 1494)
originally attention tiles: 333 in slide: 23910-158_Sl019-C13-P62
fill surrounding tiles: 2 in round: 1
fill surrounding tiles: 0 in round: 2
all/k selection ratio in this slide: (1666 / 335)
final highlighted tiles:  1082
generate attention score heatmap (both hard and soft) for slide: 23910-158_Sl003-C3-P62
--- cut left, only keep right part!
added topK attention map numpy info set for slide: 23910-158_Sl003-C3-P62
final highlighted tiles:  3972
generate attention score heatmap (both hard and soft) for slide: 23910-158_Sl004-C4-P62
--- cut left, only keep right part!
added topK attention map numpy info set for slide: 23910-158_Sl004-C4-P62
final highlighted tiles:  917
generate attention score heatmap (both hard and soft) for slide: 23910-158_Sl009-C7-P62
--- cut left, only keep right part!
added topK attention map numpy info set for slide: 23910-158_Sl009-C7-P62
final highlighted tiles:  1646
generate attention score heatmap (both hard and soft) for slide: 23910-158_Sl010-C7-P62
--- cut left, only keep right part!
added topK attention map numpy info set for slide: 23910-158_Sl010-C7-P62
final highlighted tiles:  1494
generate attention score heatmap (both hard and soft) for slide: 23910-158_Sl014-C10-P62
--- cut left, only keep right part!
added topK attention map numpy info set for slide: 23910-158_Sl014-C10-P62
final highlighted tiles:  335
generate attention score heatmap (both hard and soft) for slide: 23910-158_Sl019-C13-P62
--- cut left, only keep right part!
added topK attention map numpy info set for slide: 23910-158_Sl019-C13-P62
Store topK attention map numpy package as: topK_map_GatedAttPool-g_Pool-0_steatosis_score_bi_[67]2023-11-08.pkl
automatically find CSV file: P62_ballooning_score_bi.csv
load model from: D:/FLINC_dataset/slides/yang_p62\models\checkpoint_GatedAttPool-g_Pool-0_lobular_inflammation_score_bi_[159]2023-11-08.pth
<-- load the tiles' attention score for 6 slides -->
originally attention tiles: 985 in slide: 23910-158_Sl003-C3-P62
fill surrounding tiles: 59 in round: 1
fill surrounding tiles: 41 in round: 2
all/k selection ratio in this slide: (4927 / 1085)
originally attention tiles: 3521 in slide: 23910-158_Sl004-C4-P62
fill surrounding tiles: 286 in round: 1
fill surrounding tiles: 172 in round: 2
all/k selection ratio in this slide: (17606 / 3979)
originally attention tiles: 854 in slide: 23910-158_Sl009-C7-P62
fill surrounding tiles: 47 in round: 1
fill surrounding tiles: 30 in round: 2
all/k selection ratio in this slide: (4271 / 931)
originally attention tiles: 1514 in slide: 23910-158_Sl010-C7-P62
fill surrounding tiles: 97 in round: 1
fill surrounding tiles: 68 in round: 2
all/k selection ratio in this slide: (7571 / 1679)
originally attention tiles: 1320 in slide: 23910-158_Sl014-C10-P62
fill surrounding tiles: 93 in round: 1
fill surrounding tiles: 63 in round: 2
all/k selection ratio in this slide: (6602 / 1476)
originally attention tiles: 333 in slide: 23910-158_Sl019-C13-P62
fill surrounding tiles: 6 in round: 1
fill surrounding tiles: 1 in round: 2
all/k selection ratio in this slide: (1666 / 340)
final highlighted tiles:  1085
generate attention score heatmap (both hard and soft) for slide: 23910-158_Sl003-C3-P62
--- cut left, only keep right part!
added topK attention map numpy info set for slide: 23910-158_Sl003-C3-P62
final highlighted tiles:  3979
generate attention score heatmap (both hard and soft) for slide: 23910-158_Sl004-C4-P62
--- cut left, only keep right part!
added topK attention map numpy info set for slide: 23910-158_Sl004-C4-P62
final highlighted tiles:  931
generate attention score heatmap (both hard and soft) for slide: 23910-158_Sl009-C7-P62
--- cut left, only keep right part!
added topK attention map numpy info set for slide: 23910-158_Sl009-C7-P62
final highlighted tiles:  1679
generate attention score heatmap (both hard and soft) for slide: 23910-158_Sl010-C7-P62
--- cut left, only keep right part!
added topK attention map numpy info set for slide: 23910-158_Sl010-C7-P62
final highlighted tiles:  1476
generate attention score heatmap (both hard and soft) for slide: 23910-158_Sl014-C10-P62
--- cut left, only keep right part!
added topK attention map numpy info set for slide: 23910-158_Sl014-C10-P62
final highlighted tiles:  340
generate attention score heatmap (both hard and soft) for slide: 23910-158_Sl019-C13-P62
--- cut left, only keep right part!
added topK attention map numpy info set for slide: 23910-158_Sl019-C13-P62
Store topK attention map numpy package as: topK_map_GatedAttPool-g_Pool-0_lobular_inflammation_score_bi_[159]2023-11-08.pkl
