automatically find CSV file: P62_ballooning_pct_lbl.csv
automatically find CSV file: P62_ballooning_pct_lbl.csv
automatically find CSV file: P62_ballooning_pct_lbl.csv
load model from: D:/FLINC_dataset/slides/yang_p62\models\checkpoint_AttPool-Pool-0_ballooning_pct_lbl_[221]2024-02-14.pth
automatically find CSV file: P62_ballooning_pct_lbl.csv
load model from: D:/FLINC_dataset/slides/yang_p62\models\checkpoint_AttPool-Pool-0_ballooning_pct_lbl_[221]2024-02-14.pth
automatically find CSV file: P62_ballooning_pct_lbl.csv
load model from: D:/FLINC_dataset/slides/yang_p62\models\checkpoint_AttPool-Pool-0_ballooning_pct_lbl_[221]2024-02-14.pth
automatically find CSV file: P62_ballooning_pct_lbl.csv
get the tiles encoding matrix for slide: 23910-158_Sl001-C2-P62
Store slide tiles matrix at: D:/workspace\Novo-path-V10\data/P62_unsupervised/encodes/128-0/train_encode\23910-158_Sl001-C2-P62-(tiles_encode).npy
get the tiles encoding matrix for slide: 23910-158_Sl003-C3-P62
Store slide tiles matrix at: D:/workspace\Novo-path-V10\data/P62_unsupervised/encodes/128-0/train_encode\23910-158_Sl003-C3-P62-(tiles_encode).npy
get the tiles encoding matrix for slide: 23910-158_Sl009-C7-P62
Store slide tiles matrix at: D:/workspace\Novo-path-V10\data/P62_unsupervised/encodes/128-0/train_encode\23910-158_Sl009-C7-P62-(tiles_encode).npy
get the tiles encoding matrix for slide: 23910-158_Sl019-C13-P62
Store slide tiles matrix at: D:/workspace\Novo-path-V10\data/P62_unsupervised/encodes/128-0/train_encode\23910-158_Sl019-C13-P62-(tiles_encode).npy
get the tiles encoding matrix for slide: 23910-158_Sl020-C13-P62
Store slide tiles matrix at: D:/workspace\Novo-path-V10\data/P62_unsupervised/encodes/128-0/train_encode\23910-158_Sl020-C13-P62-(tiles_encode).npy
get the tiles encoding matrix for slide: 23910-158_Sl021-C14-P62
Store slide tiles matrix at: D:/workspace\Novo-path-V10\data/P62_unsupervised/encodes/128-0/train_encode\23910-158_Sl021-C14-P62-(tiles_encode).npy
get the tiles encoding matrix for slide: 23910-158_Sl022-C14-P62
Store slide tiles matrix at: D:/workspace\Novo-path-V10\data/P62_unsupervised/encodes/128-0/train_encode\23910-158_Sl022-C14-P62-(tiles_encode).npy
get the tiles encoding matrix for slide: 23910-158_Sl023-C15-P62
Store slide tiles matrix at: D:/workspace\Novo-path-V10\data/P62_unsupervised/encodes/128-0/train_encode\23910-158_Sl023-C15-P62-(tiles_encode).npy
get the tiles encoding matrix for slide: 23910-158_Sl024-C15-P62
Store slide tiles matrix at: D:/workspace\Novo-path-V10\data/P62_unsupervised/encodes/128-0/train_encode\23910-158_Sl024-C15-P62-(tiles_encode).npy
get the tiles encoding matrix for slide: 23910-158_Sl134-C128-P62
Store slide tiles matrix at: D:/workspace\Novo-path-V10\data/P62_unsupervised/encodes/128-0/train_encode\23910-158_Sl134-C128-P62-(tiles_encode).npy
get the tiles encoding matrix for slide: 23910-158_Sl158-C156-P62
Store slide tiles matrix at: D:/workspace\Novo-path-V10\data/P62_unsupervised/encodes/128-0/train_encode\23910-158_Sl158-C156-P62-(tiles_encode).npy
get the tiles encoding matrix for slide: 23910-158_Sl159-C157-P62
Store slide tiles matrix at: D:/workspace\Novo-path-V10\data/P62_unsupervised/encodes/128-0/train_encode\23910-158_Sl159-C157-P62-(tiles_encode).npy
get the tiles encoding matrix for slide: 23910-158_Sl217-C321-P62
Store slide tiles matrix at: D:/workspace\Novo-path-V10\data/P62_unsupervised/encodes/128-0/train_encode\23910-158_Sl217-C321-P62-(tiles_encode).npy
get the tiles encoding matrix for slide: 23910-158_Sl218-C322-P62
Store slide tiles matrix at: D:/workspace\Novo-path-V10\data/P62_unsupervised/encodes/128-0/train_encode\23910-158_Sl218-C322-P62-(tiles_encode).npy
get the tiles encoding matrix for slide: 23910-158_Sl238-C411-P62
Store slide tiles matrix at: D:/workspace\Novo-path-V10\data/P62_unsupervised/encodes/128-0/train_encode\23910-158_Sl238-C411-P62-(tiles_encode).npy
get the tiles encoding matrix for slide: 23910-158_Sl241-CHV-40-P62
Store slide tiles matrix at: D:/workspace\Novo-path-V10\data/P62_unsupervised/encodes/128-0/train_encode\23910-158_Sl241-CHV-40-P62-(tiles_encode).npy
get the tiles encoding matrix for slide: 23910-158_Sl250-CHV-72-P62
Store slide tiles matrix at: D:/workspace\Novo-path-V10\data/P62_unsupervised/encodes/128-0/train_encode\23910-158_Sl250-CHV-72-P62-(tiles_encode).npy
load model from: D:/FLINC_dataset/slides/yang_p62\models\checkpoint_AttPool-Pool-0_ballooning_pct_lbl_[221]2024-02-14.pth
<-- load the tiles' attention score for 17 slides -->
originally attention tiles: 6 in slide: 23910-158_Sl001-C2-P62
fill surrounding tiles: 0 in round: 1
fill surrounding tiles: 0 in round: 2
fill surrounding tiles: 0 in round: 3
fill surrounding tiles: 0 in round: 4
all/k selection ratio in this slide: (7562 / 6)
originally attention tiles: 1 in slide: 23910-158_Sl003-C3-P62
fill surrounding tiles: 0 in round: 1
fill surrounding tiles: 0 in round: 2
fill surrounding tiles: 0 in round: 3
fill surrounding tiles: 0 in round: 4
all/k selection ratio in this slide: (4927 / 1)
originally attention tiles: 7 in slide: 23910-158_Sl009-C7-P62
fill surrounding tiles: 0 in round: 1
fill surrounding tiles: 0 in round: 2
fill surrounding tiles: 0 in round: 3
fill surrounding tiles: 0 in round: 4
all/k selection ratio in this slide: (4271 / 7)
originally attention tiles: 7 in slide: 23910-158_Sl019-C13-P62
fill surrounding tiles: 0 in round: 1
fill surrounding tiles: 0 in round: 2
fill surrounding tiles: 0 in round: 3
fill surrounding tiles: 0 in round: 4
all/k selection ratio in this slide: (1666 / 7)
originally attention tiles: 28 in slide: 23910-158_Sl020-C13-P62
fill surrounding tiles: 0 in round: 1
fill surrounding tiles: 0 in round: 2
fill surrounding tiles: 0 in round: 3
fill surrounding tiles: 0 in round: 4
all/k selection ratio in this slide: (4400 / 28)
originally attention tiles: 20 in slide: 23910-158_Sl021-C14-P62
fill surrounding tiles: 0 in round: 1
fill surrounding tiles: 0 in round: 2
fill surrounding tiles: 0 in round: 3
fill surrounding tiles: 0 in round: 4
all/k selection ratio in this slide: (9453 / 20)
originally attention tiles: 4 in slide: 23910-158_Sl022-C14-P62
fill surrounding tiles: 0 in round: 1
fill surrounding tiles: 0 in round: 2
fill surrounding tiles: 0 in round: 3
fill surrounding tiles: 0 in round: 4
all/k selection ratio in this slide: (9355 / 4)
originally attention tiles: 1 in slide: 23910-158_Sl023-C15-P62
fill surrounding tiles: 0 in round: 1
fill surrounding tiles: 0 in round: 2
fill surrounding tiles: 0 in round: 3
fill surrounding tiles: 0 in round: 4
all/k selection ratio in this slide: (7435 / 1)
originally attention tiles: 7 in slide: 23910-158_Sl024-C15-P62
fill surrounding tiles: 0 in round: 1
fill surrounding tiles: 0 in round: 2
fill surrounding tiles: 0 in round: 3
fill surrounding tiles: 0 in round: 4
all/k selection ratio in this slide: (2325 / 7)
originally attention tiles: 8 in slide: 23910-158_Sl134-C128-P62
fill surrounding tiles: 0 in round: 1
fill surrounding tiles: 0 in round: 2
fill surrounding tiles: 0 in round: 3
fill surrounding tiles: 0 in round: 4
all/k selection ratio in this slide: (15649 / 8)
originally attention tiles: 2 in slide: 23910-158_Sl158-C156-P62
fill surrounding tiles: 0 in round: 1
fill surrounding tiles: 0 in round: 2
fill surrounding tiles: 0 in round: 3
fill surrounding tiles: 0 in round: 4
all/k selection ratio in this slide: (11203 / 2)
originally attention tiles: 92 in slide: 23910-158_Sl159-C157-P62
fill surrounding tiles: 3 in round: 1
fill surrounding tiles: 3 in round: 2
fill surrounding tiles: 6 in round: 3
fill surrounding tiles: 2 in round: 4
all/k selection ratio in this slide: (48293 / 106)
originally attention tiles: 28 in slide: 23910-158_Sl217-C321-P62
fill surrounding tiles: 1 in round: 1
fill surrounding tiles: 2 in round: 2
fill surrounding tiles: 5 in round: 3
fill surrounding tiles: 1 in round: 4
all/k selection ratio in this slide: (23207 / 37)
originally attention tiles: 3 in slide: 23910-158_Sl218-C322-P62
fill surrounding tiles: 0 in round: 1
fill surrounding tiles: 0 in round: 2
fill surrounding tiles: 0 in round: 3
fill surrounding tiles: 0 in round: 4
all/k selection ratio in this slide: (24836 / 3)
originally attention tiles: 15 in slide: 23910-158_Sl238-C411-P62
fill surrounding tiles: 0 in round: 1
fill surrounding tiles: 0 in round: 2
fill surrounding tiles: 0 in round: 3
fill surrounding tiles: 0 in round: 4
all/k selection ratio in this slide: (32187 / 15)
originally attention tiles: 7 in slide: 23910-158_Sl241-CHV-40-P62
fill surrounding tiles: 0 in round: 1
fill surrounding tiles: 0 in round: 2
fill surrounding tiles: 0 in round: 3
fill surrounding tiles: 0 in round: 4
all/k selection ratio in this slide: (18442 / 7)
final highlighted tiles:  6
generate attention score heatmap (both hard and soft) for slide: 23910-158_Sl001-C2-P62
added topK attention map numpy info set for slide: 23910-158_Sl001-C2-P62
final highlighted tiles:  1
generate attention score heatmap (both hard and soft) for slide: 23910-158_Sl003-C3-P62
added topK attention map numpy info set for slide: 23910-158_Sl003-C3-P62
final highlighted tiles:  7
generate attention score heatmap (both hard and soft) for slide: 23910-158_Sl009-C7-P62
added topK attention map numpy info set for slide: 23910-158_Sl009-C7-P62
final highlighted tiles:  7
generate attention score heatmap (both hard and soft) for slide: 23910-158_Sl019-C13-P62
added topK attention map numpy info set for slide: 23910-158_Sl019-C13-P62
final highlighted tiles:  28
generate attention score heatmap (both hard and soft) for slide: 23910-158_Sl020-C13-P62
added topK attention map numpy info set for slide: 23910-158_Sl020-C13-P62
final highlighted tiles:  20
generate attention score heatmap (both hard and soft) for slide: 23910-158_Sl021-C14-P62
added topK attention map numpy info set for slide: 23910-158_Sl021-C14-P62
final highlighted tiles:  4
generate attention score heatmap (both hard and soft) for slide: 23910-158_Sl022-C14-P62
added topK attention map numpy info set for slide: 23910-158_Sl022-C14-P62
final highlighted tiles:  1
generate attention score heatmap (both hard and soft) for slide: 23910-158_Sl023-C15-P62
added topK attention map numpy info set for slide: 23910-158_Sl023-C15-P62
final highlighted tiles:  7
generate attention score heatmap (both hard and soft) for slide: 23910-158_Sl024-C15-P62
added topK attention map numpy info set for slide: 23910-158_Sl024-C15-P62
final highlighted tiles:  8
generate attention score heatmap (both hard and soft) for slide: 23910-158_Sl134-C128-P62
added topK attention map numpy info set for slide: 23910-158_Sl134-C128-P62
final highlighted tiles:  2
generate attention score heatmap (both hard and soft) for slide: 23910-158_Sl158-C156-P62
added topK attention map numpy info set for slide: 23910-158_Sl158-C156-P62
final highlighted tiles:  106
generate attention score heatmap (both hard and soft) for slide: 23910-158_Sl159-C157-P62
added topK attention map numpy info set for slide: 23910-158_Sl159-C157-P62
final highlighted tiles:  37
generate attention score heatmap (both hard and soft) for slide: 23910-158_Sl217-C321-P62
added topK attention map numpy info set for slide: 23910-158_Sl217-C321-P62
final highlighted tiles:  3
generate attention score heatmap (both hard and soft) for slide: 23910-158_Sl218-C322-P62
added topK attention map numpy info set for slide: 23910-158_Sl218-C322-P62
final highlighted tiles:  15
generate attention score heatmap (both hard and soft) for slide: 23910-158_Sl238-C411-P62
added topK attention map numpy info set for slide: 23910-158_Sl238-C411-P62
final highlighted tiles:  7
generate attention score heatmap (both hard and soft) for slide: 23910-158_Sl241-CHV-40-P62
added topK attention map numpy info set for slide: 23910-158_Sl241-CHV-40-P62
Store topK attention map numpy package as: topK_map_AttPool-Pool-0_ballooning_pct_lbl_[221]2024-02-14.pkl
