automatically find CSV file: P62_ballooning_pct_lbl.csv
load model from: D:/FLINC_dataset/slides/yang_p62\models\checkpoint_AttPool-Pool-0_ballooning_pct_lbl_[114]2024-02-15.pth
<-- load the tiles' attention score for 17 slides -->
[5.1610965e-05 1.5485151e-04 1.9713333e-04 ... 5.7643610e-05 5.1322808e-05
 4.1256655e-05] 7562
all/k selection ratio in this slide: (7562 / 0)
[5.5481476e-05 3.0620664e-05 3.3579330e-05 ... 1.1902453e-04 6.7521054e-05
 1.3132165e-04] 4927
all/k selection ratio in this slide: (4927 / 0)
[5.0914452e-05 1.1163764e-04 6.9745249e-05 ... 6.3493324e-05 3.2836040e-05
 1.3128945e-04] 4271
all/k selection ratio in this slide: (4271 / 0)
[7.1212329e-05 8.9476358e-05 1.2165094e-04 ... 2.5703988e-04 5.2709642e-05
 6.9216221e-05] 1666
all/k selection ratio in this slide: (1666 / 0)
[4.0736766e-05 5.7715122e-05 1.6879784e-04 ... 1.0480714e-04 4.0460107e-04
 7.5538381e-04] 4400
all/k selection ratio in this slide: (4400 / 0)
[2.5453644e-05 1.5678823e-05 5.9294092e-05 ... 2.3959046e-05 4.0288847e-05
 3.3460215e-05] 9453
all/k selection ratio in this slide: (9453 / 0)
[1.56424903e-05 2.72343641e-05 1.35077335e-05 ... 1.76685462e-05
 1.33485109e-05 1.79728977e-05] 9355
all/k selection ratio in this slide: (9355 / 0)
[3.8182581e-05 2.9656348e-05 4.2347478e-05 ... 2.8432243e-05 7.6772987e-05
 4.7447491e-05] 7435
all/k selection ratio in this slide: (7435 / 0)
[6.99507800e-05 1.05195344e-04 1.21513869e-04 ... 2.37573477e-04
 1.99603499e-04 9.96698291e-05] 2325
all/k selection ratio in this slide: (2325 / 0)
[9.1222273e-06 7.4060595e-06 3.5330024e-05 ... 9.1074808e-06 1.3894927e-05
 1.5885385e-05] 15649
all/k selection ratio in this slide: (15649 / 0)
[9.2162736e-06 1.1666772e-05 2.1124364e-05 ... 8.6841337e-06 8.0779701e-06
 1.0842557e-05] 11203
all/k selection ratio in this slide: (11203 / 0)
[4.1723752e-06 1.6148305e-06 8.6123470e-07 ... 6.2225507e-07 5.2027616e-07
 8.5378554e-07] 48293
all/k selection ratio in this slide: (48293 / 0)
[3.3880117e-06 5.4209477e-06 2.2054603e-06 ... 9.9074314e-06 7.8290113e-06
 8.1277049e-06] 23207
all/k selection ratio in this slide: (23207 / 0)
[3.8527155e-06 2.6841139e-05 2.0925580e-05 ... 3.0242218e-06 8.6789969e-06
 5.8696942e-06] 24836
all/k selection ratio in this slide: (24836 / 0)
[8.58979001e-06 1.34562351e-05 1.99593960e-05 ... 1.33186995e-05
 1.31061370e-05 6.45384762e-06] 32187
all/k selection ratio in this slide: (32187 / 0)
[1.5282294e-05 2.2459628e-05 1.7164082e-05 ... 4.8362366e-05 5.1383155e-05
 1.4359748e-05] 18442
all/k selection ratio in this slide: (18442 / 0)
[1.0158918e-05 2.0832720e-05 4.3462514e-06 ... 1.8639075e-05 2.6158941e-05
 7.5566481e-06] 31132
all/k selection ratio in this slide: (31132 / 0)
automatically find CSV file: P62_ballooning_pct_lbl.csv
load model from: D:/FLINC_dataset/slides/yang_p62\models\checkpoint_AttPool-Pool-0_ballooning_pct_lbl_[114]2024-02-15.pth
<-- load the tiles' attention score for 17 slides -->
[0.01118158 0.01969974 0.02318832 ... 0.01167932 0.01115781 0.01032727] 4
originally attention tiles: 2 in slide: 23910-158_Sl001-C2-P62
fill surrounding tiles: 0 in round: 1
fill surrounding tiles: 0 in round: 2
fill surrounding tiles: 0 in round: 3
fill surrounding tiles: 0 in round: 4
all/k selection ratio in this slide: (7562 / 2)
[0.0091195  0.00757954 0.00776281 ... 0.01305554 0.00986526 0.01381726] 11
originally attention tiles: 5 in slide: 23910-158_Sl003-C3-P62
fill surrounding tiles: 0 in round: 1
fill surrounding tiles: 0 in round: 2
fill surrounding tiles: 0 in round: 3
fill surrounding tiles: 0 in round: 4
all/k selection ratio in this slide: (4927 / 5)
[0.01733588 0.02540311 0.0198376  ... 0.01900701 0.01493412 0.0280139 ] 67
originally attention tiles: 14 in slide: 23910-158_Sl009-C7-P62
fill surrounding tiles: 0 in round: 1
fill surrounding tiles: 0 in round: 2
fill surrounding tiles: 0 in round: 3
fill surrounding tiles: 0 in round: 4
all/k selection ratio in this slide: (4271 / 14)
[0.0533964  0.06106215 0.07456643 ... 0.13139169 0.04563048 0.05255859] 1038
originally attention tiles: 229 in slide: 23910-158_Sl019-C13-P62
fill surrounding tiles: 48 in round: 1
fill surrounding tiles: 40 in round: 2
fill surrounding tiles: 34 in round: 3
fill surrounding tiles: 8 in round: 4
all/k selection ratio in this slide: (1666 / 359)
[0.07785489 0.08964368 0.16677311 ... 0.12234166 0.33050132 0.5740646 ] 3819
originally attention tiles: 857 in slide: 23910-158_Sl020-C13-P62
fill surrounding tiles: 395 in round: 1
fill surrounding tiles: 331 in round: 2
fill surrounding tiles: 273 in round: 3
fill surrounding tiles: 68 in round: 4
all/k selection ratio in this slide: (4400 / 1924)
[0.00978113 0.008965   0.01260659 ... 0.00965634 0.01101978 0.01044963] 54
originally attention tiles: 34 in slide: 23910-158_Sl021-C14-P62
fill surrounding tiles: 1 in round: 1
fill surrounding tiles: 2 in round: 2
fill surrounding tiles: 5 in round: 3
fill surrounding tiles: 2 in round: 4
all/k selection ratio in this slide: (9453 / 44)
[0.00347404 0.0038415  0.00340637 ... 0.00353827 0.00340132 0.00354792] 19
originally attention tiles: 11 in slide: 23910-158_Sl022-C14-P62
fill surrounding tiles: 0 in round: 1
fill surrounding tiles: 0 in round: 2
fill surrounding tiles: 0 in round: 3
fill surrounding tiles: 0 in round: 4
all/k selection ratio in this slide: (9355 / 11)
[0.02284468 0.02125547 0.02362098 ... 0.02102731 0.03003757 0.02457157] 38
originally attention tiles: 4 in slide: 23910-158_Sl023-C15-P62
fill surrounding tiles: 0 in round: 1
fill surrounding tiles: 0 in round: 2
fill surrounding tiles: 0 in round: 3
fill surrounding tiles: 0 in round: 4
all/k selection ratio in this slide: (7435 / 4)
[0.02226025 0.02732088 0.029664   ... 0.04632855 0.04087659 0.0265275 ] 104
originally attention tiles: 12 in slide: 23910-158_Sl024-C15-P62
fill surrounding tiles: 0 in round: 1
fill surrounding tiles: 0 in round: 2
fill surrounding tiles: 0 in round: 3
fill surrounding tiles: 0 in round: 4
all/k selection ratio in this slide: (2325 / 12)
[0.00698496 0.00687331 0.00869    ... 0.006984   0.00729547 0.00742496] 50
originally attention tiles: 18 in slide: 23910-158_Sl134-C128-P62
fill surrounding tiles: 0 in round: 1
fill surrounding tiles: 0 in round: 2
fill surrounding tiles: 0 in round: 3
fill surrounding tiles: 0 in round: 4
all/k selection ratio in this slide: (15649 / 18)
[0.00178221 0.0018235  0.00198283 ... 0.00177325 0.00176303 0.00180961] 13
originally attention tiles: 7 in slide: 23910-158_Sl158-C156-P62
fill surrounding tiles: 0 in round: 1
fill surrounding tiles: 0 in round: 2
fill surrounding tiles: 0 in round: 3
fill surrounding tiles: 0 in round: 4
all/k selection ratio in this slide: (11203 / 7)
[0.02085566 0.02034304 0.02019199 ... 0.02014409 0.02012365 0.02019049] 380
originally attention tiles: 83 in slide: 23910-158_Sl159-C157-P62
fill surrounding tiles: 3 in round: 1
fill surrounding tiles: 4 in round: 2
fill surrounding tiles: 8 in round: 3
fill surrounding tiles: 0 in round: 4
all/k selection ratio in this slide: (48293 / 98)
[0.0064441  0.00657108 0.00637024 ... 0.00685131 0.00672149 0.00674015] 124
originally attention tiles: 60 in slide: 23910-158_Sl217-C321-P62
fill surrounding tiles: 14 in round: 1
fill surrounding tiles: 17 in round: 2
fill surrounding tiles: 21 in round: 3
fill surrounding tiles: 8 in round: 4
all/k selection ratio in this slide: (23207 / 120)
[0.00403164 0.00493345 0.00470139 ... 0.00399914 0.00422097 0.00411076] 52
originally attention tiles: 21 in slide: 23910-158_Sl218-C322-P62
fill surrounding tiles: 0 in round: 1
fill surrounding tiles: 0 in round: 2
fill surrounding tiles: 0 in round: 3
fill surrounding tiles: 0 in round: 4
all/k selection ratio in this slide: (24836 / 21)
[0.00541008 0.00565907 0.00599181 ... 0.00565203 0.00564116 0.00530079] 36
originally attention tiles: 14 in slide: 23910-158_Sl238-C411-P62
fill surrounding tiles: 2 in round: 1
fill surrounding tiles: 4 in round: 2
fill surrounding tiles: 4 in round: 3
fill surrounding tiles: 0 in round: 4
all/k selection ratio in this slide: (32187 / 24)
[0.03739005 0.03980678 0.03802368 ... 0.04852871 0.04954586 0.03707941] 285
originally attention tiles: 61 in slide: 23910-158_Sl241-CHV-40-P62
fill surrounding tiles: 3 in round: 1
fill surrounding tiles: 6 in round: 2
fill surrounding tiles: 8 in round: 3
fill surrounding tiles: 2 in round: 4
all/k selection ratio in this slide: (18442 / 80)
[0.13098747 0.14378743 0.12401694 ... 0.14115682 0.1501746  0.12786682] 31132
originally attention tiles: 1935 in slide: 23910-158_Sl250-CHV-72-P62
fill surrounding tiles: 521 in round: 1
fill surrounding tiles: 885 in round: 2
fill surrounding tiles: 1124 in round: 3
fill surrounding tiles: 425 in round: 4
all/k selection ratio in this slide: (31132 / 4890)
final highlighted tiles:  2
generate attention score heatmap (both hard and soft) for slide: 23910-158_Sl001-C2-P62
added topK attention map numpy info set for slide: 23910-158_Sl001-C2-P62
final highlighted tiles:  5
generate attention score heatmap (both hard and soft) for slide: 23910-158_Sl003-C3-P62
added topK attention map numpy info set for slide: 23910-158_Sl003-C3-P62
final highlighted tiles:  14
generate attention score heatmap (both hard and soft) for slide: 23910-158_Sl009-C7-P62
added topK attention map numpy info set for slide: 23910-158_Sl009-C7-P62
final highlighted tiles:  359
generate attention score heatmap (both hard and soft) for slide: 23910-158_Sl019-C13-P62
added topK attention map numpy info set for slide: 23910-158_Sl019-C13-P62
final highlighted tiles:  1924
generate attention score heatmap (both hard and soft) for slide: 23910-158_Sl020-C13-P62
added topK attention map numpy info set for slide: 23910-158_Sl020-C13-P62
final highlighted tiles:  44
generate attention score heatmap (both hard and soft) for slide: 23910-158_Sl021-C14-P62
added topK attention map numpy info set for slide: 23910-158_Sl021-C14-P62
final highlighted tiles:  11
generate attention score heatmap (both hard and soft) for slide: 23910-158_Sl022-C14-P62
added topK attention map numpy info set for slide: 23910-158_Sl022-C14-P62
final highlighted tiles:  4
generate attention score heatmap (both hard and soft) for slide: 23910-158_Sl023-C15-P62
added topK attention map numpy info set for slide: 23910-158_Sl023-C15-P62
final highlighted tiles:  12
generate attention score heatmap (both hard and soft) for slide: 23910-158_Sl024-C15-P62
added topK attention map numpy info set for slide: 23910-158_Sl024-C15-P62
final highlighted tiles:  18
generate attention score heatmap (both hard and soft) for slide: 23910-158_Sl134-C128-P62
added topK attention map numpy info set for slide: 23910-158_Sl134-C128-P62
final highlighted tiles:  7
generate attention score heatmap (both hard and soft) for slide: 23910-158_Sl158-C156-P62
added topK attention map numpy info set for slide: 23910-158_Sl158-C156-P62
final highlighted tiles:  98
generate attention score heatmap (both hard and soft) for slide: 23910-158_Sl159-C157-P62
added topK attention map numpy info set for slide: 23910-158_Sl159-C157-P62
final highlighted tiles:  120
generate attention score heatmap (both hard and soft) for slide: 23910-158_Sl217-C321-P62
added topK attention map numpy info set for slide: 23910-158_Sl217-C321-P62
final highlighted tiles:  21
generate attention score heatmap (both hard and soft) for slide: 23910-158_Sl218-C322-P62
added topK attention map numpy info set for slide: 23910-158_Sl218-C322-P62
final highlighted tiles:  24
generate attention score heatmap (both hard and soft) for slide: 23910-158_Sl238-C411-P62
added topK attention map numpy info set for slide: 23910-158_Sl238-C411-P62
final highlighted tiles:  80
generate attention score heatmap (both hard and soft) for slide: 23910-158_Sl241-CHV-40-P62
added topK attention map numpy info set for slide: 23910-158_Sl241-CHV-40-P62
final highlighted tiles:  4890
generate attention score heatmap (both hard and soft) for slide: 23910-158_Sl250-CHV-72-P62
added topK attention map numpy info set for slide: 23910-158_Sl250-CHV-72-P62
Store topK attention map numpy package as: topK_map_AttPool-Pool-0_ballooning_pct_lbl_[114]2024-02-15.pkl
