load the slide_ids we have, on the running client (PC or servers), got 58 slides...
load the assimilate slide-tiles dictionary, for 58 slides...
checked 3707 tiles for sensitive clusters
checked 4198 tiles assimilated from sensitive clusters.
generate cluster-[1, 2, 5, 6, 7, 8] and the assimilated tiles' spatial map for slide: 23910-158_Sl001-C2-P62
--- cut left, only keep right part!
checked 3281 tiles for sensitive clusters
checked 3012 tiles assimilated from sensitive clusters.
generate cluster-[1, 2, 5, 6, 7, 8] and the assimilated tiles' spatial map for slide: 23910-158_Sl002-C2-P62
--- cut left, only keep right part!
checked 1418 tiles for sensitive clusters
checked 591 tiles assimilated from sensitive clusters.
generate cluster-[1, 2, 5, 6, 7, 8] and the assimilated tiles' spatial map for slide: 23910-158_Sl003-C3-P62
--- cut left, only keep right part!
checked 8781 tiles for sensitive clusters
checked 5259 tiles assimilated from sensitive clusters.
generate cluster-[1, 2, 5, 6, 7, 8] and the assimilated tiles' spatial map for slide: 23910-158_Sl004-C4-P62
--- cut left, only keep right part!
checked 2761 tiles for sensitive clusters
checked 1350 tiles assimilated from sensitive clusters.
generate cluster-[1, 2, 5, 6, 7, 8] and the assimilated tiles' spatial map for slide: 23910-158_Sl005-C5-P62
--- cut left, only keep right part!
checked 2993 tiles for sensitive clusters
checked 978 tiles assimilated from sensitive clusters.
generate cluster-[1, 2, 5, 6, 7, 8] and the assimilated tiles' spatial map for slide: 23910-158_Sl006-C5-P62
--- cut left, only keep right part!
checked 3341 tiles for sensitive clusters
checked 2215 tiles assimilated from sensitive clusters.
generate cluster-[1, 2, 5, 6, 7, 8] and the assimilated tiles' spatial map for slide: 23910-158_Sl007-C6-P62
--- cut left, only keep right part!
checked 1650 tiles for sensitive clusters
checked 2449 tiles assimilated from sensitive clusters.
generate cluster-[1, 2, 5, 6, 7, 8] and the assimilated tiles' spatial map for slide: 23910-158_Sl008-C6-P62
--- cut left, only keep right part!
checked 1912 tiles for sensitive clusters
checked 2377 tiles assimilated from sensitive clusters.
generate cluster-[1, 2, 5, 6, 7, 8] and the assimilated tiles' spatial map for slide: 23910-158_Sl009-C7-P62
--- cut left, only keep right part!
checked 3516 tiles for sensitive clusters
checked 4466 tiles assimilated from sensitive clusters.
generate cluster-[1, 2, 5, 6, 7, 8] and the assimilated tiles' spatial map for slide: 23910-158_Sl010-C7-P62
--- cut left, only keep right part!
checked 4059 tiles for sensitive clusters
checked 3742 tiles assimilated from sensitive clusters.
generate cluster-[1, 2, 5, 6, 7, 8] and the assimilated tiles' spatial map for slide: 23910-158_Sl011-C9-P62
--- cut left, only keep right part!
checked 2754 tiles for sensitive clusters
checked 1957 tiles assimilated from sensitive clusters.
generate cluster-[1, 2, 5, 6, 7, 8] and the assimilated tiles' spatial map for slide: 23910-158_Sl012-C9-P62
--- cut left, only keep right part!
checked 3186 tiles for sensitive clusters
checked 1155 tiles assimilated from sensitive clusters.
generate cluster-[1, 2, 5, 6, 7, 8] and the assimilated tiles' spatial map for slide: 23910-158_Sl013-C10-P62
--- cut left, only keep right part!
checked 884 tiles for sensitive clusters
checked 121 tiles assimilated from sensitive clusters.
generate cluster-[1, 2, 5, 6, 7, 8] and the assimilated tiles' spatial map for slide: 23910-158_Sl014-C10-P62
--- cut left, only keep right part!
checked 3557 tiles for sensitive clusters
checked 4677 tiles assimilated from sensitive clusters.
generate cluster-[1, 2, 5, 6, 7, 8] and the assimilated tiles' spatial map for slide: 23910-158_Sl015-C11-P62
--- cut left, only keep right part!
checked 3875 tiles for sensitive clusters
checked 5437 tiles assimilated from sensitive clusters.
generate cluster-[1, 2, 5, 6, 7, 8] and the assimilated tiles' spatial map for slide: 23910-158_Sl016-C11-P62
--- cut left, only keep right part!
checked 2198 tiles for sensitive clusters
checked 1652 tiles assimilated from sensitive clusters.
generate cluster-[1, 2, 5, 6, 7, 8] and the assimilated tiles' spatial map for slide: 23910-158_Sl017-C12-P62
--- cut left, only keep right part!
checked 633 tiles for sensitive clusters
checked 553 tiles assimilated from sensitive clusters.
generate cluster-[1, 2, 5, 6, 7, 8] and the assimilated tiles' spatial map for slide: 23910-158_Sl018-C12-P62
--- cut left, only keep right part!
checked 516 tiles for sensitive clusters
checked 332 tiles assimilated from sensitive clusters.
generate cluster-[1, 2, 5, 6, 7, 8] and the assimilated tiles' spatial map for slide: 23910-158_Sl019-C13-P62
--- cut left, only keep right part!
checked 1622 tiles for sensitive clusters
checked 1609 tiles assimilated from sensitive clusters.
generate cluster-[1, 2, 5, 6, 7, 8] and the assimilated tiles' spatial map for slide: 23910-158_Sl020-C13-P62
--- cut left, only keep right part!
checked 4181 tiles for sensitive clusters
checked 1575 tiles assimilated from sensitive clusters.
generate cluster-[1, 2, 5, 6, 7, 8] and the assimilated tiles' spatial map for slide: 23910-158_Sl021-C14-P62
--- cut left, only keep right part!
checked 4914 tiles for sensitive clusters
checked 1842 tiles assimilated from sensitive clusters.
generate cluster-[1, 2, 5, 6, 7, 8] and the assimilated tiles' spatial map for slide: 23910-158_Sl022-C14-P62
--- cut left, only keep right part!
checked 3569 tiles for sensitive clusters
checked 3055 tiles assimilated from sensitive clusters.
generate cluster-[1, 2, 5, 6, 7, 8] and the assimilated tiles' spatial map for slide: 23910-158_Sl023-C15-P62
--- cut left, only keep right part!
checked 791 tiles for sensitive clusters
checked 390 tiles assimilated from sensitive clusters.
generate cluster-[1, 2, 5, 6, 7, 8] and the assimilated tiles' spatial map for slide: 23910-158_Sl024-C15-P62
--- cut left, only keep right part!
checked 967 tiles for sensitive clusters
checked 710 tiles assimilated from sensitive clusters.
generate cluster-[1, 2, 5, 6, 7, 8] and the assimilated tiles' spatial map for slide: 23910-158_Sl025-C16-P62
--- cut left, only keep right part!
checked 5204 tiles for sensitive clusters
checked 3255 tiles assimilated from sensitive clusters.
generate cluster-[1, 2, 5, 6, 7, 8] and the assimilated tiles' spatial map for slide: 23910-158_Sl026-C17-P62
--- cut left, only keep right part!
checked 1928 tiles for sensitive clusters
checked 987 tiles assimilated from sensitive clusters.
generate cluster-[1, 2, 5, 6, 7, 8] and the assimilated tiles' spatial map for slide: 23910-158_Sl027-C17-P62
--- cut left, only keep right part!
checked 2086 tiles for sensitive clusters
checked 1282 tiles assimilated from sensitive clusters.
generate cluster-[1, 2, 5, 6, 7, 8] and the assimilated tiles' spatial map for slide: 23910-158_Sl028-C18-P62
--- cut left, only keep right part!
checked 3085 tiles for sensitive clusters
checked 2533 tiles assimilated from sensitive clusters.
generate cluster-[1, 2, 5, 6, 7, 8] and the assimilated tiles' spatial map for slide: 23910-158_Sl029-C18-P62
--- cut left, only keep right part!
checked 3989 tiles for sensitive clusters
checked 3262 tiles assimilated from sensitive clusters.
generate cluster-[1, 2, 5, 6, 7, 8] and the assimilated tiles' spatial map for slide: 23910-158_Sl030-C19-P62
--- cut left, only keep right part!
checked 1600 tiles for sensitive clusters
checked 1750 tiles assimilated from sensitive clusters.
generate cluster-[1, 2, 5, 6, 7, 8] and the assimilated tiles' spatial map for slide: 23910-158_Sl031-C19-P62
--- cut left, only keep right part!
checked 720 tiles for sensitive clusters
checked 357 tiles assimilated from sensitive clusters.
generate cluster-[1, 2, 5, 6, 7, 8] and the assimilated tiles' spatial map for slide: 23910-158_Sl032-C21-P62
--- cut left, only keep right part!
checked 1309 tiles for sensitive clusters
checked 626 tiles assimilated from sensitive clusters.
generate cluster-[1, 2, 5, 6, 7, 8] and the assimilated tiles' spatial map for slide: 23910-158_Sl033-C21-P62
--- cut left, only keep right part!
checked 4907 tiles for sensitive clusters
checked 3110 tiles assimilated from sensitive clusters.
generate cluster-[1, 2, 5, 6, 7, 8] and the assimilated tiles' spatial map for slide: 23910-158_Sl034-C24-P62
--- cut left, only keep right part!
checked 4687 tiles for sensitive clusters
checked 1865 tiles assimilated from sensitive clusters.
generate cluster-[1, 2, 5, 6, 7, 8] and the assimilated tiles' spatial map for slide: 23910-158_Sl035-C24-P62
--- cut left, only keep right part!
checked 2615 tiles for sensitive clusters
checked 434 tiles assimilated from sensitive clusters.
generate cluster-[1, 2, 5, 6, 7, 8] and the assimilated tiles' spatial map for slide: 23910-158_Sl036-C27-P62
--- cut left, only keep right part!
checked 1325 tiles for sensitive clusters
checked 419 tiles assimilated from sensitive clusters.
generate cluster-[1, 2, 5, 6, 7, 8] and the assimilated tiles' spatial map for slide: 23910-158_Sl037-C29-P62
--- cut left, only keep right part!
checked 1032 tiles for sensitive clusters
checked 538 tiles assimilated from sensitive clusters.
generate cluster-[1, 2, 5, 6, 7, 8] and the assimilated tiles' spatial map for slide: 23910-158_Sl038-C29-P62
--- cut left, only keep right part!
checked 1257 tiles for sensitive clusters
checked 568 tiles assimilated from sensitive clusters.
generate cluster-[1, 2, 5, 6, 7, 8] and the assimilated tiles' spatial map for slide: 23910-158_Sl039-C30-P62
--- cut left, only keep right part!
checked 2359 tiles for sensitive clusters
checked 727 tiles assimilated from sensitive clusters.
generate cluster-[1, 2, 5, 6, 7, 8] and the assimilated tiles' spatial map for slide: 23910-158_Sl041-C32-P62
--- cut left, only keep right part!
checked 2328 tiles for sensitive clusters
checked 2015 tiles assimilated from sensitive clusters.
generate cluster-[1, 2, 5, 6, 7, 8] and the assimilated tiles' spatial map for slide: 23910-158_Sl042-C32-P62
--- cut left, only keep right part!
checked 1232 tiles for sensitive clusters
checked 524 tiles assimilated from sensitive clusters.
generate cluster-[1, 2, 5, 6, 7, 8] and the assimilated tiles' spatial map for slide: 23910-158_Sl043-C34-P62
--- cut left, only keep right part!
checked 1146 tiles for sensitive clusters
checked 405 tiles assimilated from sensitive clusters.
generate cluster-[1, 2, 5, 6, 7, 8] and the assimilated tiles' spatial map for slide: 23910-158_Sl044-C34-P62
--- cut left, only keep right part!
checked 611 tiles for sensitive clusters
checked 194 tiles assimilated from sensitive clusters.
generate cluster-[1, 2, 5, 6, 7, 8] and the assimilated tiles' spatial map for slide: 23910-158_Sl045-C35-P62
--- cut left, only keep right part!
checked 1651 tiles for sensitive clusters
checked 838 tiles assimilated from sensitive clusters.
generate cluster-[1, 2, 5, 6, 7, 8] and the assimilated tiles' spatial map for slide: 23910-158_Sl046-C35-P62
--- cut left, only keep right part!
checked 1795 tiles for sensitive clusters
checked 881 tiles assimilated from sensitive clusters.
generate cluster-[1, 2, 5, 6, 7, 8] and the assimilated tiles' spatial map for slide: 23910-158_Sl047-C36-P62
--- cut left, only keep right part!
checked 436 tiles for sensitive clusters
checked 210 tiles assimilated from sensitive clusters.
generate cluster-[1, 2, 5, 6, 7, 8] and the assimilated tiles' spatial map for slide: 23910-158_Sl048-C36-P62
--- cut left, only keep right part!
checked 453 tiles for sensitive clusters
checked 265 tiles assimilated from sensitive clusters.
generate cluster-[1, 2, 5, 6, 7, 8] and the assimilated tiles' spatial map for slide: 23910-158_Sl049-C40-P62
--- cut left, only keep right part!
checked 517 tiles for sensitive clusters
checked 261 tiles assimilated from sensitive clusters.
generate cluster-[1, 2, 5, 6, 7, 8] and the assimilated tiles' spatial map for slide: 23910-158_Sl050-C40-P62
--- cut left, only keep right part!
checked 1604 tiles for sensitive clusters
checked 1791 tiles assimilated from sensitive clusters.
generate cluster-[1, 2, 5, 6, 7, 8] and the assimilated tiles' spatial map for slide: 23910-158_Sl052-C42-P62
--- cut left, only keep right part!
checked 2936 tiles for sensitive clusters
checked 3017 tiles assimilated from sensitive clusters.
generate cluster-[1, 2, 5, 6, 7, 8] and the assimilated tiles' spatial map for slide: 23910-158_Sl053-C46-P62
--- cut left, only keep right part!
checked 4009 tiles for sensitive clusters
checked 3705 tiles assimilated from sensitive clusters.
generate cluster-[1, 2, 5, 6, 7, 8] and the assimilated tiles' spatial map for slide: 23910-158_Sl054-C46-P62
--- cut left, only keep right part!
checked 2455 tiles for sensitive clusters
checked 2336 tiles assimilated from sensitive clusters.
generate cluster-[1, 2, 5, 6, 7, 8] and the assimilated tiles' spatial map for slide: 23910-158_Sl055-C47-P62
--- cut left, only keep right part!
checked 2199 tiles for sensitive clusters
checked 2119 tiles assimilated from sensitive clusters.
generate cluster-[1, 2, 5, 6, 7, 8] and the assimilated tiles' spatial map for slide: 23910-158_Sl056-C47-P62
--- cut left, only keep right part!
checked 5901 tiles for sensitive clusters
checked 6375 tiles assimilated from sensitive clusters.
generate cluster-[1, 2, 5, 6, 7, 8] and the assimilated tiles' spatial map for slide: 23910-158_Sl057-C48-P62
--- cut left, only keep right part!
checked 1839 tiles for sensitive clusters
checked 1801 tiles assimilated from sensitive clusters.
generate cluster-[1, 2, 5, 6, 7, 8] and the assimilated tiles' spatial map for slide: 23910-158_Sl058-C49-P62
--- cut left, only keep right part!
checked 2842 tiles for sensitive clusters
checked 3457 tiles assimilated from sensitive clusters.
generate cluster-[1, 2, 5, 6, 7, 8] and the assimilated tiles' spatial map for slide: 23910-158_Sl059-C49-P62
--- cut left, only keep right part!
checked 4878 tiles for sensitive clusters
checked 5868 tiles assimilated from sensitive clusters.
generate cluster-[1, 2, 5, 6, 7, 8] and the assimilated tiles' spatial map for slide: 23910-158_Sl060-C55-P62
--- cut left, only keep right part!
Store slides' sensitive clusters (and assimilated) spatial maps numpy package as: clst-[1, 2, 5, 6, 7, 8]-a-spat_Kmeans-ResNet18-encode_unsupervised2023-11-06.pkl
