automatically find CSV file: P62_ballooning_score_bi.csv
get the tiles encoding matrix for slide: 23910-158_Sl001-C2-P62
Store slide tiles matrix at: D:/eclipse-workspace\Novo-path-V10\data/P62_unsupervised/encodes/128-0/train_encode\23910-158_Sl001-C2-P62-(tiles_encode).npy
get the tiles encoding matrix for slide: 23910-158_Sl002-C2-P62
Store slide tiles matrix at: D:/eclipse-workspace\Novo-path-V10\data/P62_unsupervised/encodes/128-0/train_encode\23910-158_Sl002-C2-P62-(tiles_encode).npy
get the tiles encoding matrix for slide: 23910-158_Sl003-C3-P62
Store slide tiles matrix at: D:/eclipse-workspace\Novo-path-V10\data/P62_unsupervised/encodes/128-0/train_encode\23910-158_Sl003-C3-P62-(tiles_encode).npy
get the tiles encoding matrix for slide: 23910-158_Sl004-C4-P62
Store slide tiles matrix at: D:/eclipse-workspace\Novo-path-V10\data/P62_unsupervised/encodes/128-0/train_encode\23910-158_Sl004-C4-P62-(tiles_encode).npy
get the tiles encoding matrix for slide: 23910-158_Sl005-C5-P62
Store slide tiles matrix at: D:/eclipse-workspace\Novo-path-V10\data/P62_unsupervised/encodes/128-0/train_encode\23910-158_Sl005-C5-P62-(tiles_encode).npy
get the tiles encoding matrix for slide: 23910-158_Sl006-C5-P62
Store slide tiles matrix at: D:/eclipse-workspace\Novo-path-V10\data/P62_unsupervised/encodes/128-0/train_encode\23910-158_Sl006-C5-P62-(tiles_encode).npy
get the tiles encoding matrix for slide: 23910-158_Sl007-C6-P62
Store slide tiles matrix at: D:/eclipse-workspace\Novo-path-V10\data/P62_unsupervised/encodes/128-0/train_encode\23910-158_Sl007-C6-P62-(tiles_encode).npy
get the tiles encoding matrix for slide: 23910-158_Sl008-C6-P62
Store slide tiles matrix at: D:/eclipse-workspace\Novo-path-V10\data/P62_unsupervised/encodes/128-0/train_encode\23910-158_Sl008-C6-P62-(tiles_encode).npy
get the tiles encoding matrix for slide: 23910-158_Sl009-C7-P62
Store slide tiles matrix at: D:/eclipse-workspace\Novo-path-V10\data/P62_unsupervised/encodes/128-0/train_encode\23910-158_Sl009-C7-P62-(tiles_encode).npy
get the tiles encoding matrix for slide: 23910-158_Sl010-C7-P62
Store slide tiles matrix at: D:/eclipse-workspace\Novo-path-V10\data/P62_unsupervised/encodes/128-0/train_encode\23910-158_Sl010-C7-P62-(tiles_encode).npy
get the tiles encoding matrix for slide: 23910-158_Sl011-C9-P62
Store slide tiles matrix at: D:/eclipse-workspace\Novo-path-V10\data/P62_unsupervised/encodes/128-0/train_encode\23910-158_Sl011-C9-P62-(tiles_encode).npy
get the tiles encoding matrix for slide: 23910-158_Sl012-C9-P62
Store slide tiles matrix at: D:/eclipse-workspace\Novo-path-V10\data/P62_unsupervised/encodes/128-0/train_encode\23910-158_Sl012-C9-P62-(tiles_encode).npy
get the tiles encoding matrix for slide: 23910-158_Sl013-C10-P62
Store slide tiles matrix at: D:/eclipse-workspace\Novo-path-V10\data/P62_unsupervised/encodes/128-0/train_encode\23910-158_Sl013-C10-P62-(tiles_encode).npy
get the tiles encoding matrix for slide: 23910-158_Sl014-C10-P62
Store slide tiles matrix at: D:/eclipse-workspace\Novo-path-V10\data/P62_unsupervised/encodes/128-0/train_encode\23910-158_Sl014-C10-P62-(tiles_encode).npy
get the tiles encoding matrix for slide: 23910-158_Sl015-C11-P62
Store slide tiles matrix at: D:/eclipse-workspace\Novo-path-V10\data/P62_unsupervised/encodes/128-0/train_encode\23910-158_Sl015-C11-P62-(tiles_encode).npy
get the tiles encoding matrix for slide: 23910-158_Sl016-C11-P62
Store slide tiles matrix at: D:/eclipse-workspace\Novo-path-V10\data/P62_unsupervised/encodes/128-0/train_encode\23910-158_Sl016-C11-P62-(tiles_encode).npy
get the tiles encoding matrix for slide: 23910-158_Sl017-C12-P62
Store slide tiles matrix at: D:/eclipse-workspace\Novo-path-V10\data/P62_unsupervised/encodes/128-0/train_encode\23910-158_Sl017-C12-P62-(tiles_encode).npy
get the tiles encoding matrix for slide: 23910-158_Sl018-C12-P62
Store slide tiles matrix at: D:/eclipse-workspace\Novo-path-V10\data/P62_unsupervised/encodes/128-0/train_encode\23910-158_Sl018-C12-P62-(tiles_encode).npy
get the tiles encoding matrix for slide: 23910-158_Sl019-C13-P62
Store slide tiles matrix at: D:/eclipse-workspace\Novo-path-V10\data/P62_unsupervised/encodes/128-0/train_encode\23910-158_Sl019-C13-P62-(tiles_encode).npy
get the tiles encoding matrix for slide: 23910-158_Sl020-C13-P62
Store slide tiles matrix at: D:/eclipse-workspace\Novo-path-V10\data/P62_unsupervised/encodes/128-0/train_encode\23910-158_Sl020-C13-P62-(tiles_encode).npy
get the tiles encoding matrix for slide: 23910-158_Sl021-C14-P62
Store slide tiles matrix at: D:/eclipse-workspace\Novo-path-V10\data/P62_unsupervised/encodes/128-0/train_encode\23910-158_Sl021-C14-P62-(tiles_encode).npy
get the tiles encoding matrix for slide: 23910-158_Sl022-C14-P62
Store slide tiles matrix at: D:/eclipse-workspace\Novo-path-V10\data/P62_unsupervised/encodes/128-0/train_encode\23910-158_Sl022-C14-P62-(tiles_encode).npy
get the tiles encoding matrix for slide: 23910-158_Sl023-C15-P62
Store slide tiles matrix at: D:/eclipse-workspace\Novo-path-V10\data/P62_unsupervised/encodes/128-0/train_encode\23910-158_Sl023-C15-P62-(tiles_encode).npy
get the tiles encoding matrix for slide: 23910-158_Sl024-C15-P62
Store slide tiles matrix at: D:/eclipse-workspace\Novo-path-V10\data/P62_unsupervised/encodes/128-0/train_encode\23910-158_Sl024-C15-P62-(tiles_encode).npy
get the tiles encoding matrix for slide: 23910-158_Sl025-C16-P62
Store slide tiles matrix at: D:/eclipse-workspace\Novo-path-V10\data/P62_unsupervised/encodes/128-0/train_encode\23910-158_Sl025-C16-P62-(tiles_encode).npy
get the tiles encoding matrix for slide: 23910-158_Sl026-C17-P62
Store slide tiles matrix at: D:/eclipse-workspace\Novo-path-V10\data/P62_unsupervised/encodes/128-0/train_encode\23910-158_Sl026-C17-P62-(tiles_encode).npy
get the tiles encoding matrix for slide: 23910-158_Sl027-C17-P62
Store slide tiles matrix at: D:/eclipse-workspace\Novo-path-V10\data/P62_unsupervised/encodes/128-0/train_encode\23910-158_Sl027-C17-P62-(tiles_encode).npy
get the tiles encoding matrix for slide: 23910-158_Sl028-C18-P62
Store slide tiles matrix at: D:/eclipse-workspace\Novo-path-V10\data/P62_unsupervised/encodes/128-0/train_encode\23910-158_Sl028-C18-P62-(tiles_encode).npy
get the tiles encoding matrix for slide: 23910-158_Sl029-C18-P62
Store slide tiles matrix at: D:/eclipse-workspace\Novo-path-V10\data/P62_unsupervised/encodes/128-0/train_encode\23910-158_Sl029-C18-P62-(tiles_encode).npy
get the tiles encoding matrix for slide: 23910-158_Sl030-C19-P62
Store slide tiles matrix at: D:/eclipse-workspace\Novo-path-V10\data/P62_unsupervised/encodes/128-0/train_encode\23910-158_Sl030-C19-P62-(tiles_encode).npy
load model from: D:/FLINC_dataset/slides/yang_p62\models\checkpoint_GatedAttPool-g_Pool-1_ballooning_score_bi_[114]2023-10-20.pth
<-- load the tiles' attention score for 30 slides -->
load model from: D:/FLINC_dataset/slides/yang_p62\models\checkpoint_GatedAttPool-g_Pool-2_ballooning_score_bi_[125]2023-10-20.pth
<-- load the tiles' attention score for 30 slides -->
load model from: D:/FLINC_dataset/slides/yang_p62\models\checkpoint_GatedAttPool-g_Pool-3_ballooning_score_bi_[153]2023-10-20.pth
<-- load the tiles' attention score for 30 slides -->
load model from: D:/FLINC_dataset/slides/yang_p62\models\checkpoint_GatedAttPool-g_Pool-4_ballooning_score_bi_[99]2023-10-20.pth
<-- load the tiles' attention score for 30 slides -->
load model from: D:/FLINC_dataset/slides/yang_p62\models\checkpoint_GatedAttPool-g_Pool-7_ballooning_score_bi_[149]2023-10-22.pth
<-- load the tiles' attention score for 30 slides -->
originally attention tiles: 1890 in slide: 23910-158_Sl001-C2-P62
fill surrounding tiles: 1247 in round: 1
fill surrounding tiles: 472 in round: 2
fill surrounding tiles: 98 in round: 3
all/k selection ratio in this slide: (7562 / 3707)
originally attention tiles: 1789 in slide: 23910-158_Sl002-C2-P62
fill surrounding tiles: 1035 in round: 1
fill surrounding tiles: 382 in round: 2
fill surrounding tiles: 75 in round: 3
all/k selection ratio in this slide: (10649 / 3281)
originally attention tiles: 866 in slide: 23910-158_Sl003-C3-P62
fill surrounding tiles: 409 in round: 1
fill surrounding tiles: 124 in round: 2
fill surrounding tiles: 19 in round: 3
all/k selection ratio in this slide: (4927 / 1418)
originally attention tiles: 4401 in slide: 23910-158_Sl004-C4-P62
fill surrounding tiles: 3014 in round: 1
fill surrounding tiles: 1126 in round: 2
fill surrounding tiles: 240 in round: 3
all/k selection ratio in this slide: (17606 / 8781)
originally attention tiles: 1409 in slide: 23910-158_Sl005-C5-P62
fill surrounding tiles: 899 in round: 1
fill surrounding tiles: 389 in round: 2
fill surrounding tiles: 64 in round: 3
all/k selection ratio in this slide: (7853 / 2761)
originally attention tiles: 1462 in slide: 23910-158_Sl006-C5-P62
fill surrounding tiles: 996 in round: 1
fill surrounding tiles: 442 in round: 2
fill surrounding tiles: 93 in round: 3
all/k selection ratio in this slide: (7256 / 2993)
originally attention tiles: 1901 in slide: 23910-158_Sl007-C6-P62
fill surrounding tiles: 1055 in round: 1
fill surrounding tiles: 335 in round: 2
fill surrounding tiles: 50 in round: 3
all/k selection ratio in this slide: (7606 / 3341)
originally attention tiles: 1156 in slide: 23910-158_Sl008-C6-P62
fill surrounding tiles: 397 in round: 1
fill surrounding tiles: 90 in round: 2
fill surrounding tiles: 7 in round: 3
all/k selection ratio in this slide: (4627 / 1650)
originally attention tiles: 1067 in slide: 23910-158_Sl009-C7-P62
fill surrounding tiles: 605 in round: 1
fill surrounding tiles: 210 in round: 2
fill surrounding tiles: 30 in round: 3
all/k selection ratio in this slide: (4271 / 1912)
originally attention tiles: 1765 in slide: 23910-158_Sl010-C7-P62
fill surrounding tiles: 1181 in round: 1
fill surrounding tiles: 477 in round: 2
fill surrounding tiles: 93 in round: 3
all/k selection ratio in this slide: (7571 / 3516)
originally attention tiles: 1915 in slide: 23910-158_Sl011-C9-P62
fill surrounding tiles: 1431 in round: 1
fill surrounding tiles: 575 in round: 2
fill surrounding tiles: 138 in round: 3
all/k selection ratio in this slide: (7662 / 4059)
originally attention tiles: 1500 in slide: 23910-158_Sl012-C9-P62
fill surrounding tiles: 873 in round: 1
fill surrounding tiles: 317 in round: 2
fill surrounding tiles: 64 in round: 3
all/k selection ratio in this slide: (10507 / 2754)
originally attention tiles: 1591 in slide: 23910-158_Sl013-C10-P62
fill surrounding tiles: 1104 in round: 1
fill surrounding tiles: 414 in round: 2
fill surrounding tiles: 77 in round: 3
all/k selection ratio in this slide: (6366 / 3186)
originally attention tiles: 566 in slide: 23910-158_Sl014-C10-P62
fill surrounding tiles: 230 in round: 1
fill surrounding tiles: 77 in round: 2
fill surrounding tiles: 11 in round: 3
all/k selection ratio in this slide: (6602 / 884)
originally attention tiles: 1747 in slide: 23910-158_Sl015-C11-P62
fill surrounding tiles: 1243 in round: 1
fill surrounding tiles: 472 in round: 2
fill surrounding tiles: 95 in round: 3
all/k selection ratio in this slide: (6991 / 3557)
originally attention tiles: 1992 in slide: 23910-158_Sl016-C11-P62
fill surrounding tiles: 1339 in round: 1
fill surrounding tiles: 456 in round: 2
fill surrounding tiles: 88 in round: 3
all/k selection ratio in this slide: (7970 / 3875)
originally attention tiles: 1181 in slide: 23910-158_Sl017-C12-P62
fill surrounding tiles: 714 in round: 1
fill surrounding tiles: 257 in round: 2
fill surrounding tiles: 46 in round: 3
all/k selection ratio in this slide: (6071 / 2198)
originally attention tiles: 419 in slide: 23910-158_Sl018-C12-P62
fill surrounding tiles: 168 in round: 1
fill surrounding tiles: 38 in round: 2
fill surrounding tiles: 8 in round: 3
all/k selection ratio in this slide: (1679 / 633)
originally attention tiles: 416 in slide: 23910-158_Sl019-C13-P62
fill surrounding tiles: 83 in round: 1
fill surrounding tiles: 15 in round: 2
fill surrounding tiles: 2 in round: 3
all/k selection ratio in this slide: (1666 / 516)
originally attention tiles: 1100 in slide: 23910-158_Sl020-C13-P62
fill surrounding tiles: 430 in round: 1
fill surrounding tiles: 90 in round: 2
fill surrounding tiles: 2 in round: 3
all/k selection ratio in this slide: (4400 / 1622)
originally attention tiles: 2024 in slide: 23910-158_Sl021-C14-P62
fill surrounding tiles: 1416 in round: 1
fill surrounding tiles: 609 in round: 2
fill surrounding tiles: 132 in round: 3
all/k selection ratio in this slide: (9453 / 4181)
originally attention tiles: 2338 in slide: 23910-158_Sl022-C14-P62
fill surrounding tiles: 1667 in round: 1
fill surrounding tiles: 740 in round: 2
fill surrounding tiles: 169 in round: 3
all/k selection ratio in this slide: (9355 / 4914)
originally attention tiles: 1858 in slide: 23910-158_Sl023-C15-P62
fill surrounding tiles: 1183 in round: 1
fill surrounding tiles: 442 in round: 2
fill surrounding tiles: 86 in round: 3
all/k selection ratio in this slide: (7435 / 3569)
originally attention tiles: 462 in slide: 23910-158_Sl024-C15-P62
fill surrounding tiles: 233 in round: 1
fill surrounding tiles: 80 in round: 2
fill surrounding tiles: 16 in round: 3
all/k selection ratio in this slide: (2325 / 791)
originally attention tiles: 808 in slide: 23910-158_Sl025-C16-P62
fill surrounding tiles: 137 in round: 1
fill surrounding tiles: 20 in round: 2
fill surrounding tiles: 2 in round: 3
all/k selection ratio in this slide: (3235 / 967)
originally attention tiles: 2604 in slide: 23910-158_Sl026-C17-P62
fill surrounding tiles: 1797 in round: 1
fill surrounding tiles: 644 in round: 2
fill surrounding tiles: 159 in round: 3
all/k selection ratio in this slide: (10416 / 5204)
originally attention tiles: 1000 in slide: 23910-158_Sl027-C17-P62
fill surrounding tiles: 605 in round: 1
fill surrounding tiles: 275 in round: 2
fill surrounding tiles: 48 in round: 3
all/k selection ratio in this slide: (7551 / 1928)
originally attention tiles: 1025 in slide: 23910-158_Sl028-C18-P62
fill surrounding tiles: 719 in round: 1
fill surrounding tiles: 272 in round: 2
fill surrounding tiles: 70 in round: 3
all/k selection ratio in this slide: (5869 / 2086)
originally attention tiles: 1628 in slide: 23910-158_Sl029-C18-P62
fill surrounding tiles: 1035 in round: 1
fill surrounding tiles: 348 in round: 2
fill surrounding tiles: 74 in round: 3
all/k selection ratio in this slide: (6513 / 3085)
originally attention tiles: 2134 in slide: 23910-158_Sl030-C19-P62
fill surrounding tiles: 1350 in round: 1
fill surrounding tiles: 432 in round: 2
fill surrounding tiles: 73 in round: 3
all/k selection ratio in this slide: (8539 / 3989)
final highlighted tiles:  3707
generate attention score heatmap (both hard and soft) for slide: 23910-158_Sl001-C2-P62
--- cut left, only keep right part!
added topK attention map numpy info set for slide: 23910-158_Sl001-C2-P62
final highlighted tiles:  3281
generate attention score heatmap (both hard and soft) for slide: 23910-158_Sl002-C2-P62
--- cut left, only keep right part!
added topK attention map numpy info set for slide: 23910-158_Sl002-C2-P62
final highlighted tiles:  1418
generate attention score heatmap (both hard and soft) for slide: 23910-158_Sl003-C3-P62
--- cut left, only keep right part!
added topK attention map numpy info set for slide: 23910-158_Sl003-C3-P62
final highlighted tiles:  8781
generate attention score heatmap (both hard and soft) for slide: 23910-158_Sl004-C4-P62
--- cut left, only keep right part!
added topK attention map numpy info set for slide: 23910-158_Sl004-C4-P62
final highlighted tiles:  2761
generate attention score heatmap (both hard and soft) for slide: 23910-158_Sl005-C5-P62
--- cut left, only keep right part!
added topK attention map numpy info set for slide: 23910-158_Sl005-C5-P62
final highlighted tiles:  2993
generate attention score heatmap (both hard and soft) for slide: 23910-158_Sl006-C5-P62
--- cut left, only keep right part!
added topK attention map numpy info set for slide: 23910-158_Sl006-C5-P62
final highlighted tiles:  3341
generate attention score heatmap (both hard and soft) for slide: 23910-158_Sl007-C6-P62
--- cut left, only keep right part!
added topK attention map numpy info set for slide: 23910-158_Sl007-C6-P62
final highlighted tiles:  1650
generate attention score heatmap (both hard and soft) for slide: 23910-158_Sl008-C6-P62
--- cut left, only keep right part!
added topK attention map numpy info set for slide: 23910-158_Sl008-C6-P62
final highlighted tiles:  1912
generate attention score heatmap (both hard and soft) for slide: 23910-158_Sl009-C7-P62
--- cut left, only keep right part!
added topK attention map numpy info set for slide: 23910-158_Sl009-C7-P62
final highlighted tiles:  3516
generate attention score heatmap (both hard and soft) for slide: 23910-158_Sl010-C7-P62
--- cut left, only keep right part!
added topK attention map numpy info set for slide: 23910-158_Sl010-C7-P62
final highlighted tiles:  4059
generate attention score heatmap (both hard and soft) for slide: 23910-158_Sl011-C9-P62
--- cut left, only keep right part!
added topK attention map numpy info set for slide: 23910-158_Sl011-C9-P62
final highlighted tiles:  2754
generate attention score heatmap (both hard and soft) for slide: 23910-158_Sl012-C9-P62
--- cut left, only keep right part!
added topK attention map numpy info set for slide: 23910-158_Sl012-C9-P62
final highlighted tiles:  3186
generate attention score heatmap (both hard and soft) for slide: 23910-158_Sl013-C10-P62
--- cut left, only keep right part!
added topK attention map numpy info set for slide: 23910-158_Sl013-C10-P62
final highlighted tiles:  884
generate attention score heatmap (both hard and soft) for slide: 23910-158_Sl014-C10-P62
--- cut left, only keep right part!
added topK attention map numpy info set for slide: 23910-158_Sl014-C10-P62
final highlighted tiles:  3557
generate attention score heatmap (both hard and soft) for slide: 23910-158_Sl015-C11-P62
--- cut left, only keep right part!
added topK attention map numpy info set for slide: 23910-158_Sl015-C11-P62
final highlighted tiles:  3875
generate attention score heatmap (both hard and soft) for slide: 23910-158_Sl016-C11-P62
--- cut left, only keep right part!
added topK attention map numpy info set for slide: 23910-158_Sl016-C11-P62
final highlighted tiles:  2198
generate attention score heatmap (both hard and soft) for slide: 23910-158_Sl017-C12-P62
--- cut left, only keep right part!
added topK attention map numpy info set for slide: 23910-158_Sl017-C12-P62
final highlighted tiles:  633
generate attention score heatmap (both hard and soft) for slide: 23910-158_Sl018-C12-P62
--- cut left, only keep right part!
added topK attention map numpy info set for slide: 23910-158_Sl018-C12-P62
final highlighted tiles:  516
generate attention score heatmap (both hard and soft) for slide: 23910-158_Sl019-C13-P62
--- cut left, only keep right part!
added topK attention map numpy info set for slide: 23910-158_Sl019-C13-P62
final highlighted tiles:  1622
generate attention score heatmap (both hard and soft) for slide: 23910-158_Sl020-C13-P62
--- cut left, only keep right part!
added topK attention map numpy info set for slide: 23910-158_Sl020-C13-P62
final highlighted tiles:  4181
generate attention score heatmap (both hard and soft) for slide: 23910-158_Sl021-C14-P62
--- cut left, only keep right part!
added topK attention map numpy info set for slide: 23910-158_Sl021-C14-P62
final highlighted tiles:  4914
generate attention score heatmap (both hard and soft) for slide: 23910-158_Sl022-C14-P62
--- cut left, only keep right part!
added topK attention map numpy info set for slide: 23910-158_Sl022-C14-P62
final highlighted tiles:  3569
generate attention score heatmap (both hard and soft) for slide: 23910-158_Sl023-C15-P62
--- cut left, only keep right part!
added topK attention map numpy info set for slide: 23910-158_Sl023-C15-P62
final highlighted tiles:  791
generate attention score heatmap (both hard and soft) for slide: 23910-158_Sl024-C15-P62
--- cut left, only keep right part!
added topK attention map numpy info set for slide: 23910-158_Sl024-C15-P62
final highlighted tiles:  967
generate attention score heatmap (both hard and soft) for slide: 23910-158_Sl025-C16-P62
--- cut left, only keep right part!
added topK attention map numpy info set for slide: 23910-158_Sl025-C16-P62
final highlighted tiles:  5204
generate attention score heatmap (both hard and soft) for slide: 23910-158_Sl026-C17-P62
--- cut left, only keep right part!
added topK attention map numpy info set for slide: 23910-158_Sl026-C17-P62
final highlighted tiles:  1928
generate attention score heatmap (both hard and soft) for slide: 23910-158_Sl027-C17-P62
--- cut left, only keep right part!
added topK attention map numpy info set for slide: 23910-158_Sl027-C17-P62
final highlighted tiles:  2086
generate attention score heatmap (both hard and soft) for slide: 23910-158_Sl028-C18-P62
--- cut left, only keep right part!
added topK attention map numpy info set for slide: 23910-158_Sl028-C18-P62
final highlighted tiles:  3085
generate attention score heatmap (both hard and soft) for slide: 23910-158_Sl029-C18-P62
--- cut left, only keep right part!
added topK attention map numpy info set for slide: 23910-158_Sl029-C18-P62
final highlighted tiles:  3989
generate attention score heatmap (both hard and soft) for slide: 23910-158_Sl030-C19-P62
--- cut left, only keep right part!
added topK attention map numpy info set for slide: 23910-158_Sl030-C19-P62
Store topK attention map numpy package as: topK_map_GatedAttPool-g_Pool-1_ballooning_score_bi_[114]2023-10-20.pkl
