load model from: D:/FLINC_dataset/slides/yang_p62\models\checkpoint_ResNet18-TK_MIL-0_ballooning_score_hv_[10]2023-11-14.pth
with time: 0:04:30.9 sec, load 6 slides' activation
originally attention tiles: 14 in slide: 23910-158_Sl003-C3-P62
fill surrounding tiles: 0 in round: 1
fill surrounding tiles: 0 in round: 2
all/k selection ratio in this slide: (4927 / 14)
originally attention tiles: 360 in slide: 23910-158_Sl004-C4-P62
fill surrounding tiles: 1 in round: 1
fill surrounding tiles: 0 in round: 2
all/k selection ratio in this slide: (17606 / 361)
originally attention tiles: 55 in slide: 23910-158_Sl009-C7-P62
fill surrounding tiles: 0 in round: 1
fill surrounding tiles: 0 in round: 2
all/k selection ratio in this slide: (4271 / 55)
originally attention tiles: 122 in slide: 23910-158_Sl010-C7-P62
fill surrounding tiles: 0 in round: 1
fill surrounding tiles: 0 in round: 2
all/k selection ratio in this slide: (7571 / 122)
originally attention tiles: 127 in slide: 23910-158_Sl014-C10-P62
fill surrounding tiles: 0 in round: 1
fill surrounding tiles: 0 in round: 2
all/k selection ratio in this slide: (6602 / 127)
originally attention tiles: 33 in slide: 23910-158_Sl019-C13-P62
fill surrounding tiles: 0 in round: 1
fill surrounding tiles: 0 in round: 2
all/k selection ratio in this slide: (1666 / 33)
final highlighted tiles:  14
generate attention score heatmap (both hard and soft) for slide: 23910-158_Sl003-C3-P62
added topK activation map numpy info set for slide: 23910-158_Sl003-C3-P62
final highlighted tiles:  361
generate attention score heatmap (both hard and soft) for slide: 23910-158_Sl004-C4-P62
added topK activation map numpy info set for slide: 23910-158_Sl004-C4-P62
final highlighted tiles:  55
generate attention score heatmap (both hard and soft) for slide: 23910-158_Sl009-C7-P62
added topK activation map numpy info set for slide: 23910-158_Sl009-C7-P62
final highlighted tiles:  122
generate attention score heatmap (both hard and soft) for slide: 23910-158_Sl010-C7-P62
added topK activation map numpy info set for slide: 23910-158_Sl010-C7-P62
final highlighted tiles:  127
generate attention score heatmap (both hard and soft) for slide: 23910-158_Sl014-C10-P62
added topK activation map numpy info set for slide: 23910-158_Sl014-C10-P62
final highlighted tiles:  33
generate attention score heatmap (both hard and soft) for slide: 23910-158_Sl019-C13-P62
added topK activation map numpy info set for slide: 23910-158_Sl019-C13-P62
Store topK activation map numpy package as: actK_map_ResNet18-TK_MIL-0_ballooning_score_hv_[10]2023-11-14.pkl
load model from: D:/FLINC_dataset/slides/yang_p62\models\checkpoint_ResNet18-TK_MIL-0_ballooning_score_hv_[5]2023-11-14.pth
with time: 0:04:43.0 sec, load 6 slides' activation
originally attention tiles: 124 in slide: 23910-158_Sl003-C3-P62
fill surrounding tiles: 0 in round: 1
fill surrounding tiles: 0 in round: 2
all/k selection ratio in this slide: (4927 / 124)
originally attention tiles: 1150 in slide: 23910-158_Sl004-C4-P62
fill surrounding tiles: 43 in round: 1
fill surrounding tiles: 4 in round: 2
all/k selection ratio in this slide: (17606 / 1197)
originally attention tiles: 225 in slide: 23910-158_Sl009-C7-P62
fill surrounding tiles: 8 in round: 1
fill surrounding tiles: 0 in round: 2
all/k selection ratio in this slide: (4271 / 233)
originally attention tiles: 446 in slide: 23910-158_Sl010-C7-P62
fill surrounding tiles: 25 in round: 1
fill surrounding tiles: 3 in round: 2
all/k selection ratio in this slide: (7571 / 474)
originally attention tiles: 508 in slide: 23910-158_Sl014-C10-P62
fill surrounding tiles: 16 in round: 1
fill surrounding tiles: 1 in round: 2
all/k selection ratio in this slide: (6602 / 525)
originally attention tiles: 139 in slide: 23910-158_Sl019-C13-P62
fill surrounding tiles: 5 in round: 1
fill surrounding tiles: 1 in round: 2
all/k selection ratio in this slide: (1666 / 145)
final highlighted tiles:  124
generate attention score heatmap (both hard and soft) for slide: 23910-158_Sl003-C3-P62
added topK activation map numpy info set for slide: 23910-158_Sl003-C3-P62
final highlighted tiles:  1197
generate attention score heatmap (both hard and soft) for slide: 23910-158_Sl004-C4-P62
added topK activation map numpy info set for slide: 23910-158_Sl004-C4-P62
final highlighted tiles:  233
generate attention score heatmap (both hard and soft) for slide: 23910-158_Sl009-C7-P62
added topK activation map numpy info set for slide: 23910-158_Sl009-C7-P62
final highlighted tiles:  474
generate attention score heatmap (both hard and soft) for slide: 23910-158_Sl010-C7-P62
added topK activation map numpy info set for slide: 23910-158_Sl010-C7-P62
final highlighted tiles:  525
generate attention score heatmap (both hard and soft) for slide: 23910-158_Sl014-C10-P62
added topK activation map numpy info set for slide: 23910-158_Sl014-C10-P62
final highlighted tiles:  145
generate attention score heatmap (both hard and soft) for slide: 23910-158_Sl019-C13-P62
added topK activation map numpy info set for slide: 23910-158_Sl019-C13-P62
Store topK activation map numpy package as: actK_map_ResNet18-TK_MIL-0_ballooning_score_hv_[5]2023-11-14.pkl
