![Initial Stage] test mode: False
Initializing the training/testing slide matrices..., train slides: 71, test slides: 31, time: 0:00:18.945110
On-standby: g_Pool_-0_ballooning_score_bi algorithm, Network: GatedAttPool, train on -> cuda
automatically find CSV file: HE_ballooning_score_bi.csv
![Training Stage]
In training...epoch [1/300], batch_loss-> 0.6936, train acc-> 0.5352, time: 0:00:15.9 sec
>>> In testing...>>> on attpool -> test acc: 0.4934, test auc: 0.4605
In training...epoch [2/300], batch_loss-> 0.6874, train acc-> 0.6901, time: 0:00:13.7 sec
>>> In testing...>>> on attpool -> test acc: 0.4671, test auc: 0.4737
In training...epoch [3/300], batch_loss-> 0.6844, train acc-> 0.6620, time: 0:00:12.4 sec
>>> In testing...>>> on attpool -> test acc: 0.4671, test auc: 0.4737
In training...epoch [4/300], batch_loss-> 0.6761, train acc-> 0.6620, time: 0:00:12.5 sec
>>> In testing...>>> on attpool -> test acc: 0.4671, test auc: 0.4649
In training...epoch [5/300], batch_loss-> 0.6727, train acc-> 0.5775, time: 0:00:12.3 sec
>>> In testing...>>> on attpool -> test acc: 0.4868, test auc: 0.5088
In training...epoch [6/300], batch_loss-> 0.6656, train acc-> 0.5775, time: 0:00:13.6 sec
>>> In testing...>>> on attpool -> test acc: 0.5658, test auc: 0.5132
In training...epoch [7/300], batch_loss-> 0.6661, train acc-> 0.6479, time: 0:00:11.7 sec
>>> In testing...>>> on attpool -> test acc: 0.4671, test auc: 0.4868
In training...epoch [8/300], batch_loss-> 0.6628, train acc-> 0.6479, time: 0:00:11.9 sec
>>> In testing...>>> on attpool -> test acc: 0.5132, test auc: 0.5088
In training...epoch [9/300], batch_loss-> 0.6450, train acc-> 0.6338, time: 0:00:12.7 sec
>>> In testing...>>> on attpool -> test acc: 0.4868, test auc: 0.5088
In training...epoch [10/300], batch_loss-> 0.6348, train acc-> 0.6901, time: 0:00:12.4 sec
>>> In testing...>>> on attpool -> test acc: 0.5504, test auc: 0.5044
In training...epoch [11/300], batch_loss-> 0.6370, train acc-> 0.6901, time: 0:00:11.6 sec
>>> In testing...>>> on attpool -> test acc: 0.5088, test auc: 0.5044
In training...epoch [12/300], batch_loss-> 0.6465, train acc-> 0.6197, time: 0:00:13.1 sec
>>> In testing...>>> on attpool -> test acc: 0.4868, test auc: 0.5132
In training...epoch [13/300], batch_loss-> 0.6320, train acc-> 0.6761, time: 0:00:11.8 sec
>>> In testing...>>> on attpool -> test acc: 0.5088, test auc: 0.5044
In training...epoch [14/300], batch_loss-> 0.6372, train acc-> 0.6901, time: 0:00:12.6 sec
>>> In testing...>>> on attpool -> test acc: 0.5504, test auc: 0.5132
In training...epoch [15/300], batch_loss-> 0.6325, train acc-> 0.6901, time: 0:00:11.9 sec
>>> In testing...>>> on attpool -> test acc: 0.5504, test auc: 0.5175
In training...epoch [16/300], batch_loss-> 0.6254, train acc-> 0.6479, time: 0:00:13.0 sec
>>> In testing...>>> on attpool -> test acc: 0.5504, test auc: 0.5088
In training...epoch [17/300], batch_loss-> 0.6122, train acc-> 0.7324, time: 0:00:12.6 sec
>>> In testing...>>> on attpool -> test acc: 0.5088, test auc: 0.5175
In training...epoch [18/300], batch_loss-> 0.6225, train acc-> 0.6901, time: 0:00:12.5 sec
>>> In testing...>>> on attpool -> test acc: 0.5504, test auc: 0.5088
In training...epoch [19/300], batch_loss-> 0.6163, train acc-> 0.7183, time: 0:00:12.0 sec
>>> In testing...>>> on attpool -> test acc: 0.5504, test auc: 0.5088
In training...epoch [20/300], batch_loss-> 0.6113, train acc-> 0.6901, time: 0:00:12.4 sec
>>> In testing...>>> on attpool -> test acc: 0.4978, test auc: 0.5088
In training...epoch [21/300], batch_loss-> 0.6146, train acc-> 0.7183, time: 0:00:13.6 sec
>>> In testing...>>> on attpool -> test acc: 0.5504, test auc: 0.5307
In training...epoch [22/300], batch_loss-> 0.6066, train acc-> 0.7183, time: 0:00:12.2 sec
>>> In testing...>>> on attpool -> test acc: 0.4978, test auc: 0.5219
In training...epoch [23/300], batch_loss-> 0.6072, train acc-> 0.7042, time: 0:00:11.9 sec
>>> In testing...>>> on attpool -> test acc: 0.4868, test auc: 0.5351
In training...epoch [24/300], batch_loss-> 0.6063, train acc-> 0.6761, time: 0:00:11.8 sec
>>> In testing...>>> on attpool -> test acc: 0.5351, test auc: 0.5351
In training...epoch [25/300], batch_loss-> 0.6109, train acc-> 0.7042, time: 0:00:12.9 sec
>>> In testing...>>> on attpool -> test acc: 0.5241, test auc: 0.5351
In training...epoch [26/300], batch_loss-> 0.6163, train acc-> 0.7324, time: 0:00:12.0 sec
>>> In testing...>>> on attpool -> test acc: 0.5351, test auc: 0.5307
In training...epoch [27/300], batch_loss-> 0.6113, train acc-> 0.7042, time: 0:00:12.3 sec
>>> In testing...>>> on attpool -> test acc: 0.5439, test auc: 0.5219
In training...epoch [28/300], batch_loss-> 0.5991, train acc-> 0.6620, time: 0:00:13.3 sec
>>> In testing...>>> on attpool -> test acc: 0.5768, test auc: 0.5351
In training...epoch [29/300], batch_loss-> 0.5891, train acc-> 0.7465, time: 0:00:11.9 sec
>>> In testing...>>> on attpool -> test acc: 0.5768, test auc: 0.5307
In training...epoch [30/300], batch_loss-> 0.5897, train acc-> 0.6761, time: 0:00:12.5 sec
>>> In testing...>>> on attpool -> test acc: 0.5132, test auc: 0.5482
In training...epoch [31/300], batch_loss-> 0.5933, train acc-> 0.6901, time: 0:00:12.0 sec
>>> In testing...>>> on attpool -> test acc: 0.5768, test auc: 0.5482
In training...epoch [32/300], batch_loss-> 0.5998, train acc-> 0.7183, time: 0:00:12.4 sec
>>> In testing...>>> on attpool -> test acc: 0.5395, test auc: 0.5526
In training...epoch [33/300], batch_loss-> 0.5748, train acc-> 0.7465, time: 0:00:12.5 sec
>>> In testing...>>> on attpool -> test acc: 0.5921, test auc: 0.5658
In training...epoch [34/300], batch_loss-> 0.5784, train acc-> 0.7465, time: 0:00:12.1 sec
>>> In testing...>>> on attpool -> test acc: 0.5768, test auc: 0.5702
In training...epoch [35/300], batch_loss-> 0.5840, train acc-> 0.7465, time: 0:00:12.3 sec
>>> In testing...>>> on attpool -> test acc: 0.5921, test auc: 0.5702
In training...epoch [36/300], batch_loss-> 0.5758, train acc-> 0.7183, time: 0:00:12.6 sec
>>> In testing...>>> on attpool -> test acc: 0.5921, test auc: 0.5614
In training...epoch [37/300], batch_loss-> 0.5775, train acc-> 0.7465, time: 0:00:12.2 sec
>>> In testing...>>> on attpool -> test acc: 0.5768, test auc: 0.5746
In training...epoch [38/300], batch_loss-> 0.5667, train acc-> 0.7746, time: 0:00:12.1 sec
>>> In testing...>>> on attpool -> test acc: 0.5658, test auc: 0.5570
In training...epoch [39/300], batch_loss-> 0.5652, train acc-> 0.7606, time: 0:00:12.6 sec
>>> In testing...>>> on attpool -> test acc: 0.5658, test auc: 0.5526
In training...epoch [40/300], batch_loss-> 0.5660, train acc-> 0.7606, time: 0:00:12.5 sec
>>> In testing...>>> on attpool -> test acc: 0.5921, test auc: 0.5658
In training...epoch [41/300], batch_loss-> 0.5598, train acc-> 0.7746, time: 0:00:13.3 sec
>>> In testing...>>> on attpool -> test acc: 0.5395, test auc: 0.5614
In training...epoch [42/300], batch_loss-> 0.5519, train acc-> 0.7887, time: 0:00:12.0 sec
>>> In testing...>>> on attpool -> test acc: 0.5921, test auc: 0.5702
In training...epoch [43/300], batch_loss-> 0.5598, train acc-> 0.7746, time: 0:00:13.8 sec
>>> In testing...>>> on attpool -> test acc: 0.5921, test auc: 0.5614
In training...epoch [44/300], batch_loss-> 0.5732, train acc-> 0.7606, time: 0:00:12.4 sec
>>> In testing...>>> on attpool -> test acc: 0.5658, test auc: 0.5789
In training...epoch [45/300], batch_loss-> 0.5667, train acc-> 0.7465, time: 0:00:12.3 sec
>>> In testing...>>> on attpool -> test acc: 0.6184, test auc: 0.5877
In training...epoch [46/300], batch_loss-> 0.5698, train acc-> 0.7183, time: 0:00:13.6 sec
>>> In testing...>>> on attpool -> test acc: 0.6228, test auc: 0.5789
In training...epoch [47/300], batch_loss-> 0.5653, train acc-> 0.7465, time: 0:00:12.9 sec
>>> In testing...>>> on attpool -> test acc: 0.6447, test auc: 0.6184
In training...epoch [48/300], batch_loss-> 0.5299, train acc-> 0.7606, time: 0:00:11.9 sec
>>> In testing...>>> on attpool -> test acc: 0.6228, test auc: 0.5746
In training...epoch [49/300], batch_loss-> 0.5522, train acc-> 0.7606, time: 0:00:11.7 sec
>>> In testing...>>> on attpool -> test acc: 0.6184, test auc: 0.6053
In training...epoch [50/300], batch_loss-> 0.5358, train acc-> 0.7887, time: 0:00:12.3 sec
>>> In testing...>>> on attpool -> test acc: 0.6075, test auc: 0.6009
In training...epoch [51/300], batch_loss-> 0.5354, train acc-> 0.7887, time: 0:00:12.2 sec
>>> In testing...>>> on attpool -> test acc: 0.5921, test auc: 0.6228
In training...epoch [52/300], batch_loss-> 0.5300, train acc-> 0.8028, time: 0:00:11.8 sec
>>> In testing...>>> on attpool -> test acc: 0.6338, test auc: 0.6316
In training...epoch [53/300], batch_loss-> 0.5197, train acc-> 0.7887, time: 0:00:12.3 sec
>>> In testing...>>> on attpool -> test acc: 0.6075, test auc: 0.6272
In training...epoch [54/300], batch_loss-> 0.5210, train acc-> 0.7887, time: 0:00:12.0 sec
>>> In testing...>>> on attpool -> test acc: 0.5921, test auc: 0.6272
In training...epoch [55/300], batch_loss-> 0.5280, train acc-> 0.7887, time: 0:00:12.6 sec
>>> In testing...>>> on attpool -> test acc: 0.6491, test auc: 0.6140
In training...epoch [56/300], batch_loss-> 0.5197, train acc-> 0.7606, time: 0:00:11.7 sec
>>> In testing...>>> on attpool -> test acc: 0.6184, test auc: 0.6447
In training...epoch [57/300], batch_loss-> 0.5129, train acc-> 0.7746, time: 0:00:11.9 sec
>>> In testing...>>> on attpool -> test acc: 0.6491, test auc: 0.6404
In training...epoch [58/300], batch_loss-> 0.5173, train acc-> 0.7887, time: 0:00:12.3 sec
>>> In testing...>>> on attpool -> test acc: 0.7018, test auc: 0.6535
In training...epoch [59/300], batch_loss-> 0.5212, train acc-> 0.7887, time: 0:00:12.0 sec
>>> In testing...>>> on attpool -> test acc: 0.6447, test auc: 0.6667
In training...epoch [60/300], batch_loss-> 0.5289, train acc-> 0.7887, time: 0:00:12.1 sec
>>> In testing...>>> on attpool -> test acc: 0.6601, test auc: 0.6886
In training...epoch [61/300], batch_loss-> 0.5194, train acc-> 0.7606, time: 0:00:12.3 sec
>>> In testing...>>> on attpool -> test acc: 0.6491, test auc: 0.6754
In training...epoch [62/300], batch_loss-> 0.6049, train acc-> 0.7465, time: 0:00:12.0 sec
>>> In testing...>>> on attpool -> test acc: 0.6031, test auc: 0.6930
In training...epoch [63/300], batch_loss-> 0.5233, train acc-> 0.7887, time: 0:00:11.8 sec
>>> In testing...>>> on attpool -> test acc: 0.6491, test auc: 0.6798
In training...epoch [64/300], batch_loss-> 0.5273, train acc-> 0.7465, time: 0:00:12.4 sec
>>> In testing...>>> on attpool -> test acc: 0.6031, test auc: 0.7061
In training...epoch [65/300], batch_loss-> 0.4947, train acc-> 0.8169, time: 0:00:12.3 sec
>>> In testing...>>> on attpool -> test acc: 0.6491, test auc: 0.6930
In training...epoch [66/300], batch_loss-> 0.5126, train acc-> 0.7746, time: 0:00:12.5 sec
>>> In testing...>>> on attpool -> test acc: 0.7018, test auc: 0.7061
In training...epoch [67/300], batch_loss-> 0.4935, train acc-> 0.8028, time: 0:00:13.2 sec
>>> In testing...>>> on attpool -> test acc: 0.7018, test auc: 0.7105
In training...epoch [68/300], batch_loss-> 0.4957, train acc-> 0.7887, time: 0:00:12.1 sec
>>> In testing...>>> on attpool -> test acc: 0.6908, test auc: 0.6974
In training...epoch [69/300], batch_loss-> 0.4839, train acc-> 0.7746, time: 0:00:11.7 sec
>>> In testing...>>> on attpool -> test acc: 0.7281, test auc: 0.7237
In training...epoch [70/300], batch_loss-> 0.4811, train acc-> 0.8028, time: 0:00:12.1 sec
>>> In testing...>>> on attpool -> test acc: 0.7018, test auc: 0.7237
In training...epoch [71/300], batch_loss-> 0.5025, train acc-> 0.7746, time: 0:00:12.0 sec
>>> In testing...>>> on attpool -> test acc: 0.7281, test auc: 0.7237
In training...epoch [72/300], batch_loss-> 0.4912, train acc-> 0.8028, time: 0:00:11.8 sec
>>> In testing...>>> on attpool -> test acc: 0.7281, test auc: 0.7412
In training...epoch [73/300], batch_loss-> 0.4801, train acc-> 0.8169, time: 0:00:12.8 sec
>>> In testing...>>> on attpool -> test acc: 0.7171, test auc: 0.7237
In training...epoch [74/300], batch_loss-> 0.4752, train acc-> 0.8169, time: 0:00:12.0 sec
>>> In testing...>>> on attpool -> test acc: 0.7281, test auc: 0.7544
In training...epoch [75/300], batch_loss-> 0.4795, train acc-> 0.7887, time: 0:00:11.8 sec
>>> In testing...>>> on attpool -> test acc: 0.7018, test auc: 0.7456
In training...epoch [76/300], batch_loss-> 0.4736, train acc-> 0.7887, time: 0:00:12.5 sec
>>> In testing...>>> on attpool -> test acc: 0.7434, test auc: 0.7544
In training...epoch [77/300], batch_loss-> 0.4723, train acc-> 0.8310, time: 0:00:12.4 sec
>>> In testing...>>> on attpool -> test acc: 0.7434, test auc: 0.7456
In training...epoch [78/300], batch_loss-> 0.4650, train acc-> 0.8169, time: 0:00:13.2 sec
>>> In testing...>>> on attpool -> test acc: 0.7281, test auc: 0.7588
In training...epoch [79/300], batch_loss-> 0.4704, train acc-> 0.8169, time: 0:00:12.3 sec
>>> In testing...>>> on attpool -> test acc: 0.7434, test auc: 0.7632
In training...epoch [80/300], batch_loss-> 0.4602, train acc-> 0.7887, time: 0:00:12.6 sec
>>> In testing...>>> on attpool -> test acc: 0.7697, test auc: 0.7851
In training...epoch [81/300], batch_loss-> 0.4577, train acc-> 0.8169, time: 0:00:12.7 sec
>>> In testing...>>> on attpool -> test acc: 0.7697, test auc: 0.7632
In training...epoch [82/300], batch_loss-> 0.4790, train acc-> 0.7606, time: 0:00:12.5 sec
>>> In testing...>>> on attpool -> test acc: 0.7434, test auc: 0.7763
In training...epoch [83/300], batch_loss-> 0.5090, train acc-> 0.7746, time: 0:00:12.7 sec
>>> In testing...>>> on attpool -> test acc: 0.7544, test auc: 0.8114
In training...epoch [84/300], batch_loss-> 0.4677, train acc-> 0.7746, time: 0:00:12.3 sec
>>> In testing...>>> on attpool -> test acc: 0.6908, test auc: 0.7412
In training...epoch [85/300], batch_loss-> 0.4472, train acc-> 0.8451, time: 0:00:13.3 sec
>>> In testing...>>> on attpool -> test acc: 0.7281, test auc: 0.8070
In training...epoch [86/300], batch_loss-> 0.4918, train acc-> 0.8169, time: 0:00:11.6 sec
>>> In testing...>>> on attpool -> test acc: 0.7281, test auc: 0.8070
In training...epoch [87/300], batch_loss-> 0.4584, train acc-> 0.7746, time: 0:00:12.5 sec
>>> In testing...>>> on attpool -> test acc: 0.6535, test auc: 0.7325
In training...epoch [88/300], batch_loss-> 0.4907, train acc-> 0.7887, time: 0:00:12.8 sec
>>> In testing...>>> on attpool -> test acc: 0.7807, test auc: 0.8070
In training...epoch [89/300], batch_loss-> 0.4576, train acc-> 0.8169, time: 0:00:12.6 sec
>>> In testing...>>> on attpool -> test acc: 0.7434, test auc: 0.7632
In training...epoch [90/300], batch_loss-> 0.4482, train acc-> 0.8169, time: 0:00:11.8 sec
>>> In testing...>>> on attpool -> test acc: 0.7697, test auc: 0.7851
In training...epoch [91/300], batch_loss-> 0.4281, train acc-> 0.8310, time: 0:00:12.6 sec
>>> In testing...>>> on attpool -> test acc: 0.7697, test auc: 0.7895
In training...epoch [92/300], batch_loss-> 0.4271, train acc-> 0.8028, time: 0:00:12.3 sec
>>> In testing...>>> on attpool -> test acc: 0.7697, test auc: 0.7763
In training...epoch [93/300], batch_loss-> 0.4266, train acc-> 0.8169, time: 0:00:12.6 sec
>>> In testing...>>> on attpool -> test acc: 0.7697, test auc: 0.7939
In training...epoch [94/300], batch_loss-> 0.4317, train acc-> 0.8169, time: 0:00:13.8 sec
>>> In testing...>>> on attpool -> test acc: 0.7697, test auc: 0.8026
In training...epoch [95/300], batch_loss-> 0.4169, train acc-> 0.8310, time: 0:00:12.9 sec
>>> In testing...>>> on attpool -> test acc: 0.7697, test auc: 0.8026
In training...epoch [96/300], batch_loss-> 0.4356, train acc-> 0.8028, time: 0:00:13.2 sec
>>> In testing...>>> on attpool -> test acc: 0.7697, test auc: 0.8158
In training...epoch [97/300], batch_loss-> 0.4338, train acc-> 0.8028, time: 0:00:13.3 sec
>>> In testing...>>> on attpool -> test acc: 0.7588, test auc: 0.7719
In training...epoch [98/300], batch_loss-> 0.3965, train acc-> 0.8451, time: 0:00:13.1 sec
>>> In testing...>>> on attpool -> test acc: 0.7961, test auc: 0.8289
In training...epoch [99/300], batch_loss-> 0.4030, train acc-> 0.8310, time: 0:00:11.7 sec
>>> In testing...>>> on attpool -> test acc: 0.7588, test auc: 0.7982
In training...epoch [100/300], batch_loss-> 0.4228, train acc-> 0.7746, time: 0:00:12.4 sec
>>> In testing...>>> on attpool -> test acc: 0.7325, test auc: 0.8026
In training...epoch [101/300], batch_loss-> 0.4202, train acc-> 0.8451, time: 0:00:12.8 sec
>>> In testing...>>> on attpool -> test acc: 0.7807, test auc: 0.8114
In training...epoch [102/300], batch_loss-> 0.3748, train acc-> 0.8310, time: 0:00:11.9 sec
>>> In testing...>>> on attpool -> test acc: 0.7061, test auc: 0.7895
In training...epoch [103/300], batch_loss-> 0.3962, train acc-> 0.8169, time: 0:00:12.4 sec
>>> In testing...>>> on attpool -> test acc: 0.7171, test auc: 0.8158
In training...epoch [104/300], batch_loss-> 0.3778, train acc-> 0.8592, time: 0:00:12.6 sec
>>> In testing...>>> on attpool -> test acc: 0.7171, test auc: 0.8114
In training...epoch [105/300], batch_loss-> 0.3790, train acc-> 0.8310, time: 0:00:12.4 sec
>>> In testing...>>> on attpool -> test acc: 0.7215, test auc: 0.7851
In training...epoch [106/300], batch_loss-> 0.3863, train acc-> 0.8310, time: 0:00:13.5 sec
>>> In testing...>>> on attpool -> test acc: 0.7434, test auc: 0.8202
In training...epoch [107/300], batch_loss-> 0.3787, train acc-> 0.8451, time: 0:00:12.3 sec
>>> In testing...>>> on attpool -> test acc: 0.7171, test auc: 0.8070
In training...epoch [108/300], batch_loss-> 0.3395, train acc-> 0.8873, time: 0:00:13.5 sec
>>> In testing...>>> on attpool -> test acc: 0.6908, test auc: 0.8114
In training...epoch [109/300], batch_loss-> 0.3314, train acc-> 0.8873, time: 0:00:12.5 sec
>>> In testing...>>> on attpool -> test acc: 0.6908, test auc: 0.8114
In training...epoch [110/300], batch_loss-> 0.3481, train acc-> 0.8592, time: 0:00:13.0 sec
>>> In testing...>>> on attpool -> test acc: 0.7171, test auc: 0.8158
In training...epoch [111/300], batch_loss-> 0.3521, train acc-> 0.7887, time: 0:00:13.6 sec
>>> In testing...>>> on attpool -> test acc: 0.6689, test auc: 0.7675
In training...epoch [112/300], batch_loss-> 0.3191, train acc-> 0.8451, time: 0:00:12.8 sec
>>> In testing...>>> on attpool -> test acc: 0.6908, test auc: 0.8026
In training...epoch [113/300], batch_loss-> 0.3036, train acc-> 0.8873, time: 0:00:14.2 sec
>>> In testing...>>> on attpool -> test acc: 0.6645, test auc: 0.7851
In training...epoch [114/300], batch_loss-> 0.3108, train acc-> 0.8592, time: 0:00:12.1 sec
>>> In testing...>>> on attpool -> test acc: 0.7061, test auc: 0.7939
In training...epoch [115/300], batch_loss-> 0.3265, train acc-> 0.8592, time: 0:00:12.1 sec
>>> In testing...>>> on attpool -> test acc: 0.6908, test auc: 0.7982
In training...epoch [116/300], batch_loss-> 0.3319, train acc-> 0.8732, time: 0:00:12.1 sec
>>> In testing...>>> on attpool -> test acc: 0.6272, test auc: 0.7632
In training...epoch [117/300], batch_loss-> 0.3130, train acc-> 0.8592, time: 0:00:13.0 sec
>>> In testing...>>> on attpool -> test acc: 0.7171, test auc: 0.8070
In training...epoch [118/300], batch_loss-> 0.3125, train acc-> 0.8732, time: 0:00:12.5 sec
>>> In testing...>>> on attpool -> test acc: 0.6908, test auc: 0.8114
In training...epoch [119/300], batch_loss-> 0.3322, train acc-> 0.8732, time: 0:00:12.8 sec
>>> In testing...>>> on attpool -> test acc: 0.6952, test auc: 0.7763
In training...epoch [120/300], batch_loss-> 0.2996, train acc-> 0.8732, time: 0:00:11.6 sec
>>> In testing...store the milestone point</data/slides/yang_he_ball/models/checkpoint_GatedAttPool-g_Pool_-0_ballooning_score_bi_[120]2023-09-25.pth>, >>> on attpool -> test acc: 0.7588, test auc: 0.8202
[0.7631578947368421, 0.8070175438596492, 0.8114035087719298, 0.7763157894736842, 0.8201754385964912]
### final evaluation on attpool -> average test auc: 0.7956
