![Initial Stage] test mode: False
Initializing the training/testing slide matrices..., train slides: 48, test slides: 22, time: 0:29:25.023068
On-standby: g_Pool-0_lobular_inflammation_score_bi algorithm, Network: GatedAttPool, train on -> cuda
automatically find CSV file: P62_lobular_inflammation_score_bi.csv
![Training Stage]
In training...epoch [1/200], batch_loss-> 0.7009, train acc-> 0.3958, time: 0:00:10.8 sec
>>> In testing...>>> on attpool -> test acc: 0.5000, test auc: 0.4643
In training...epoch [2/200], batch_loss-> 0.6953, train acc-> 0.5000, time: 0:00:06.6 sec
>>> In testing...>>> on attpool -> test acc: 0.5000, test auc: 0.4732
In training...epoch [3/200], batch_loss-> 0.6905, train acc-> 0.5833, time: 0:00:06.6 sec
>>> In testing...>>> on attpool -> test acc: 0.5000, test auc: 0.5000
In training...epoch [4/200], batch_loss-> 0.6880, train acc-> 0.5833, time: 0:00:06.2 sec
>>> In testing...>>> on attpool -> test acc: 0.5000, test auc: 0.5268
In training...epoch [5/200], batch_loss-> 0.6831, train acc-> 0.5833, time: 0:00:06.5 sec
>>> In testing...>>> on attpool -> test acc: 0.5000, test auc: 0.5446
In training...epoch [6/200], batch_loss-> 0.6790, train acc-> 0.5833, time: 0:00:06.6 sec
>>> In testing...>>> on attpool -> test acc: 0.5000, test auc: 0.5625
In training...epoch [7/200], batch_loss-> 0.6772, train acc-> 0.6042, time: 0:00:06.0 sec
>>> In testing...>>> on attpool -> test acc: 0.5000, test auc: 0.5625
In training...epoch [8/200], batch_loss-> 0.6754, train acc-> 0.5625, time: 0:00:06.1 sec
>>> In testing...>>> on attpool -> test acc: 0.5000, test auc: 0.5893
In training...epoch [9/200], batch_loss-> 0.6711, train acc-> 0.5833, time: 0:00:05.6 sec
>>> In testing...>>> on attpool -> test acc: 0.5000, test auc: 0.6161
In training...epoch [10/200], batch_loss-> 0.6696, train acc-> 0.6042, time: 0:00:06.1 sec
>>> In testing...>>> on attpool -> test acc: 0.5000, test auc: 0.6429
In training...epoch [11/200], batch_loss-> 0.6698, train acc-> 0.6042, time: 0:00:06.1 sec
>>> In testing...>>> on attpool -> test acc: 0.5000, test auc: 0.6518
In training...epoch [12/200], batch_loss-> 0.6636, train acc-> 0.5625, time: 0:00:05.6 sec
>>> In testing...>>> on attpool -> test acc: 0.5000, test auc: 0.6696
In training...epoch [13/200], batch_loss-> 0.6637, train acc-> 0.5625, time: 0:00:05.7 sec
>>> In testing...>>> on attpool -> test acc: 0.5000, test auc: 0.6786
In training...epoch [14/200], batch_loss-> 0.6595, train acc-> 0.5625, time: 0:00:05.6 sec
>>> In testing...>>> on attpool -> test acc: 0.5000, test auc: 0.7054
In training...epoch [15/200], batch_loss-> 0.6615, train acc-> 0.6042, time: 0:00:05.8 sec
>>> In testing...>>> on attpool -> test acc: 0.5000, test auc: 0.7143
In training...epoch [16/200], batch_loss-> 0.6566, train acc-> 0.6042, time: 0:00:06.1 sec
>>> In testing...>>> on attpool -> test acc: 0.5625, test auc: 0.7500
In training...epoch [17/200], batch_loss-> 0.6557, train acc-> 0.5625, time: 0:00:05.5 sec
>>> In testing...>>> on attpool -> test acc: 0.6250, test auc: 0.7589
In training...epoch [18/200], batch_loss-> 0.6557, train acc-> 0.6667, time: 0:00:05.6 sec
>>> In testing...>>> on attpool -> test acc: 0.6875, test auc: 0.7589
In training...epoch [19/200], batch_loss-> 0.6505, train acc-> 0.6042, time: 0:00:05.5 sec
>>> In testing...>>> on attpool -> test acc: 0.7500, test auc: 0.7679
In training...epoch [20/200], batch_loss-> 0.6496, train acc-> 0.6458, time: 0:00:06.3 sec
>>> In testing...>>> on attpool -> test acc: 0.7500, test auc: 0.7679
In training...epoch [21/200], batch_loss-> 0.6473, train acc-> 0.5625, time: 0:00:06.0 sec
>>> In testing...>>> on attpool -> test acc: 0.8125, test auc: 0.7679
In training...epoch [22/200], batch_loss-> 0.6451, train acc-> 0.5833, time: 0:00:06.2 sec
>>> In testing...>>> on attpool -> test acc: 0.7411, test auc: 0.7768
In training...epoch [23/200], batch_loss-> 0.6470, train acc-> 0.6250, time: 0:00:06.6 sec
>>> In testing...>>> on attpool -> test acc: 0.7411, test auc: 0.7768
In training...epoch [24/200], batch_loss-> 0.6430, train acc-> 0.6250, time: 0:00:06.6 sec
>>> In testing...>>> on attpool -> test acc: 0.7411, test auc: 0.7679
In training...epoch [25/200], batch_loss-> 0.6424, train acc-> 0.5625, time: 0:00:06.3 sec
>>> In testing...>>> on attpool -> test acc: 0.7411, test auc: 0.7679
In training...epoch [26/200], batch_loss-> 0.6382, train acc-> 0.6250, time: 0:00:05.6 sec
>>> In testing...>>> on attpool -> test acc: 0.7411, test auc: 0.7768
In training...epoch [27/200], batch_loss-> 0.6374, train acc-> 0.5833, time: 0:00:06.0 sec
>>> In testing...>>> on attpool -> test acc: 0.7411, test auc: 0.7679
In training...epoch [28/200], batch_loss-> 0.6358, train acc-> 0.6667, time: 0:00:07.1 sec
>>> In testing...>>> on attpool -> test acc: 0.7054, test auc: 0.7679
In training...epoch [29/200], batch_loss-> 0.6344, train acc-> 0.5833, time: 0:00:06.9 sec
>>> In testing...>>> on attpool -> test acc: 0.7054, test auc: 0.7589
In training...epoch [30/200], batch_loss-> 0.6347, train acc-> 0.6458, time: 0:00:06.1 sec
>>> In testing...>>> on attpool -> test acc: 0.7054, test auc: 0.7589
In training...epoch [31/200], batch_loss-> 0.6376, train acc-> 0.6250, time: 0:00:06.4 sec
>>> In testing...>>> on attpool -> test acc: 0.7054, test auc: 0.7589
In training...epoch [32/200], batch_loss-> 0.6312, train acc-> 0.6250, time: 0:00:05.8 sec
>>> In testing...>>> on attpool -> test acc: 0.7054, test auc: 0.7589
In training...epoch [33/200], batch_loss-> 0.6264, train acc-> 0.6042, time: 0:00:06.5 sec
>>> In testing...>>> on attpool -> test acc: 0.7054, test auc: 0.7589
In training...epoch [34/200], batch_loss-> 0.6282, train acc-> 0.6042, time: 0:00:06.4 sec
>>> In testing...>>> on attpool -> test acc: 0.7054, test auc: 0.7589
In training...epoch [35/200], batch_loss-> 0.6293, train acc-> 0.6250, time: 0:00:06.2 sec
>>> In testing...>>> on attpool -> test acc: 0.7054, test auc: 0.7589
In training...epoch [36/200], batch_loss-> 0.6219, train acc-> 0.6458, time: 0:00:06.4 sec
>>> In testing...>>> on attpool -> test acc: 0.7054, test auc: 0.7589
In training...epoch [37/200], batch_loss-> 0.6240, train acc-> 0.6250, time: 0:00:06.1 sec
>>> In testing...>>> on attpool -> test acc: 0.6696, test auc: 0.7768
In training...epoch [38/200], batch_loss-> 0.6236, train acc-> 0.6250, time: 0:00:05.9 sec
>>> In testing...>>> on attpool -> test acc: 0.6696, test auc: 0.7857
In training...epoch [39/200], batch_loss-> 0.6249, train acc-> 0.6250, time: 0:00:05.5 sec
>>> In testing...>>> on attpool -> test acc: 0.6696, test auc: 0.7768
In training...epoch [40/200], batch_loss-> 0.6175, train acc-> 0.6667, time: 0:00:05.8 sec
>>> In testing...>>> on attpool -> test acc: 0.6696, test auc: 0.7768
In training...epoch [41/200], batch_loss-> 0.6252, train acc-> 0.6250, time: 0:00:05.7 sec
>>> In testing...>>> on attpool -> test acc: 0.6339, test auc: 0.7857
In training...epoch [42/200], batch_loss-> 0.6214, train acc-> 0.6458, time: 0:00:05.9 sec
>>> In testing...>>> on attpool -> test acc: 0.6339, test auc: 0.7857
In training...epoch [43/200], batch_loss-> 0.6185, train acc-> 0.6250, time: 0:00:05.5 sec
>>> In testing...>>> on attpool -> test acc: 0.6964, test auc: 0.7946
In training...epoch [44/200], batch_loss-> 0.6161, train acc-> 0.6458, time: 0:00:06.0 sec
>>> In testing...>>> on attpool -> test acc: 0.6607, test auc: 0.8036
In training...epoch [45/200], batch_loss-> 0.6115, train acc-> 0.5833, time: 0:00:05.4 sec
>>> In testing...>>> on attpool -> test acc: 0.6607, test auc: 0.8036
In training...epoch [46/200], batch_loss-> 0.6091, train acc-> 0.6042, time: 0:00:05.5 sec
>>> In testing...>>> on attpool -> test acc: 0.6607, test auc: 0.8036
In training...epoch [47/200], batch_loss-> 0.6259, train acc-> 0.6250, time: 0:00:05.8 sec
>>> In testing...>>> on attpool -> test acc: 0.6607, test auc: 0.8036
In training...epoch [48/200], batch_loss-> 0.6183, train acc-> 0.6042, time: 0:00:06.7 sec
>>> In testing...>>> on attpool -> test acc: 0.6607, test auc: 0.8036
In training...epoch [49/200], batch_loss-> 0.6151, train acc-> 0.6250, time: 0:00:05.5 sec
>>> In testing...>>> on attpool -> test acc: 0.6250, test auc: 0.8036
In training...epoch [50/200], batch_loss-> 0.6285, train acc-> 0.6042, time: 0:00:06.4 sec
>>> In testing...>>> on attpool -> test acc: 0.6250, test auc: 0.8036
In training...epoch [51/200], batch_loss-> 0.6081, train acc-> 0.6250, time: 0:00:07.2 sec
>>> In testing...>>> on attpool -> test acc: 0.6250, test auc: 0.8036
In training...epoch [52/200], batch_loss-> 0.6108, train acc-> 0.5625, time: 0:00:06.3 sec
>>> In testing...>>> on attpool -> test acc: 0.6250, test auc: 0.8036
In training...epoch [53/200], batch_loss-> 0.6085, train acc-> 0.5833, time: 0:00:06.5 sec
>>> In testing...>>> on attpool -> test acc: 0.6250, test auc: 0.8036
In training...epoch [54/200], batch_loss-> 0.6032, train acc-> 0.6458, time: 0:00:06.2 sec
>>> In testing...>>> on attpool -> test acc: 0.6250, test auc: 0.8036
In training...epoch [55/200], batch_loss-> 0.6145, train acc-> 0.5833, time: 0:00:05.6 sec
>>> In testing...>>> on attpool -> test acc: 0.6250, test auc: 0.8036
In training...epoch [56/200], batch_loss-> 0.6058, train acc-> 0.6250, time: 0:00:06.1 sec
>>> In testing...>>> on attpool -> test acc: 0.6250, test auc: 0.8036
In training...epoch [57/200], batch_loss-> 0.6102, train acc-> 0.6042, time: 0:00:06.2 sec
>>> In testing...>>> on attpool -> test acc: 0.6250, test auc: 0.8125
In training...epoch [58/200], batch_loss-> 0.6056, train acc-> 0.6250, time: 0:00:06.0 sec
>>> In testing...>>> on attpool -> test acc: 0.6250, test auc: 0.8125
In training...epoch [59/200], batch_loss-> 0.6038, train acc-> 0.6250, time: 0:00:06.5 sec
>>> In testing...>>> on attpool -> test acc: 0.6250, test auc: 0.8125
In training...epoch [60/200], batch_loss-> 0.6060, train acc-> 0.6250, time: 0:00:06.2 sec
>>> In testing...>>> on attpool -> test acc: 0.6250, test auc: 0.8125
In training...epoch [61/200], batch_loss-> 0.6030, train acc-> 0.6042, time: 0:00:06.0 sec
>>> In testing...>>> on attpool -> test acc: 0.6250, test auc: 0.8125
In training...epoch [62/200], batch_loss-> 0.5953, train acc-> 0.6250, time: 0:00:06.5 sec
>>> In testing...>>> on attpool -> test acc: 0.6250, test auc: 0.8125
In training...epoch [63/200], batch_loss-> 0.5969, train acc-> 0.6042, time: 0:00:06.1 sec
>>> In testing...>>> on attpool -> test acc: 0.6250, test auc: 0.8125
In training...epoch [64/200], batch_loss-> 0.6005, train acc-> 0.6042, time: 0:00:06.5 sec
>>> In testing...>>> on attpool -> test acc: 0.6250, test auc: 0.8125
In training...epoch [65/200], batch_loss-> 0.6000, train acc-> 0.6458, time: 0:00:06.8 sec
>>> In testing...>>> on attpool -> test acc: 0.6250, test auc: 0.8125
In training...epoch [66/200], batch_loss-> 0.6001, train acc-> 0.6250, time: 0:00:06.2 sec
>>> In testing...>>> on attpool -> test acc: 0.6250, test auc: 0.8125
In training...epoch [67/200], batch_loss-> 0.6008, train acc-> 0.5625, time: 0:00:05.9 sec
>>> In testing...>>> on attpool -> test acc: 0.6250, test auc: 0.8125
In training...epoch [68/200], batch_loss-> 0.5890, train acc-> 0.6042, time: 0:00:06.7 sec
>>> In testing...>>> on attpool -> test acc: 0.6250, test auc: 0.8125
In training...epoch [69/200], batch_loss-> 0.6025, train acc-> 0.6042, time: 0:00:06.0 sec
>>> In testing...>>> on attpool -> test acc: 0.6250, test auc: 0.8125
In training...epoch [70/200], batch_loss-> 0.5928, train acc-> 0.5833, time: 0:00:06.9 sec
>>> In testing...>>> on attpool -> test acc: 0.6250, test auc: 0.8125
In training...epoch [71/200], batch_loss-> 0.6090, train acc-> 0.6250, time: 0:00:06.4 sec
>>> In testing...>>> on attpool -> test acc: 0.6250, test auc: 0.8125
In training...epoch [72/200], batch_loss-> 0.5944, train acc-> 0.6042, time: 0:00:06.4 sec
>>> In testing...>>> on attpool -> test acc: 0.6250, test auc: 0.8125
In training...epoch [73/200], batch_loss-> 0.5904, train acc-> 0.6042, time: 0:00:06.6 sec
>>> In testing...>>> on attpool -> test acc: 0.6250, test auc: 0.8125
In training...epoch [74/200], batch_loss-> 0.5984, train acc-> 0.6042, time: 0:00:06.6 sec
>>> In testing...>>> on attpool -> test acc: 0.6250, test auc: 0.8036
In training...epoch [75/200], batch_loss-> 0.5839, train acc-> 0.6250, time: 0:00:07.0 sec
>>> In testing...>>> on attpool -> test acc: 0.6250, test auc: 0.8036
In training...epoch [76/200], batch_loss-> 0.5850, train acc-> 0.6250, time: 0:00:06.5 sec
>>> In testing...>>> on attpool -> test acc: 0.6250, test auc: 0.8036
In training...epoch [77/200], batch_loss-> 0.5792, train acc-> 0.6250, time: 0:00:06.4 sec
>>> In testing...>>> on attpool -> test acc: 0.6250, test auc: 0.8036
In training...epoch [78/200], batch_loss-> 0.5869, train acc-> 0.5417, time: 0:00:06.4 sec
>>> In testing...>>> on attpool -> test acc: 0.6250, test auc: 0.8036
In training...epoch [79/200], batch_loss-> 0.5864, train acc-> 0.6250, time: 0:00:06.0 sec
>>> In testing...>>> on attpool -> test acc: 0.6250, test auc: 0.8036
In training...epoch [80/200], batch_loss-> 0.5789, train acc-> 0.6250, time: 0:00:06.5 sec
>>> In testing...>>> on attpool -> test acc: 0.5893, test auc: 0.8036
In training...epoch [81/200], batch_loss-> 0.5874, train acc-> 0.6042, time: 0:00:06.4 sec
>>> In testing...>>> on attpool -> test acc: 0.5893, test auc: 0.8036
In training...epoch [82/200], batch_loss-> 0.5787, train acc-> 0.6458, time: 0:00:06.2 sec
>>> In testing...>>> on attpool -> test acc: 0.5893, test auc: 0.8036
In training...epoch [83/200], batch_loss-> 0.5781, train acc-> 0.6042, time: 0:00:06.7 sec
>>> In testing...>>> on attpool -> test acc: 0.5536, test auc: 0.8036
In training...epoch [84/200], batch_loss-> 0.5975, train acc-> 0.6042, time: 0:00:06.0 sec
>>> In testing...>>> on attpool -> test acc: 0.5536, test auc: 0.8036
In training...epoch [85/200], batch_loss-> 0.5824, train acc-> 0.6042, time: 0:00:06.6 sec
>>> In testing...>>> on attpool -> test acc: 0.5536, test auc: 0.8036
In training...epoch [86/200], batch_loss-> 0.5902, train acc-> 0.6250, time: 0:00:05.8 sec
>>> In testing...>>> on attpool -> test acc: 0.5536, test auc: 0.8036
In training...epoch [87/200], batch_loss-> 0.5841, train acc-> 0.6042, time: 0:00:06.4 sec
>>> In testing...>>> on attpool -> test acc: 0.5536, test auc: 0.8036
In training...epoch [88/200], batch_loss-> 0.5932, train acc-> 0.5833, time: 0:00:05.7 sec
>>> In testing...>>> on attpool -> test acc: 0.5536, test auc: 0.8036
In training...epoch [89/200], batch_loss-> 0.5743, train acc-> 0.6042, time: 0:00:07.1 sec
>>> In testing...>>> on attpool -> test acc: 0.5536, test auc: 0.8036
In training...epoch [90/200], batch_loss-> 0.5733, train acc-> 0.6250, time: 0:00:05.9 sec
>>> In testing...>>> on attpool -> test acc: 0.5536, test auc: 0.8036
In training...epoch [91/200], batch_loss-> 0.5796, train acc-> 0.6250, time: 0:00:06.3 sec
>>> In testing...>>> on attpool -> test acc: 0.5536, test auc: 0.8036
In training...epoch [92/200], batch_loss-> 0.5777, train acc-> 0.5833, time: 0:00:07.3 sec
>>> In testing...>>> on attpool -> test acc: 0.5536, test auc: 0.7946
In training...epoch [93/200], batch_loss-> 0.5716, train acc-> 0.5833, time: 0:00:06.4 sec
>>> In testing...>>> on attpool -> test acc: 0.5536, test auc: 0.7946
In training...epoch [94/200], batch_loss-> 0.5796, train acc-> 0.6458, time: 0:00:07.0 sec
>>> In testing...>>> on attpool -> test acc: 0.5536, test auc: 0.7946
In training...epoch [95/200], batch_loss-> 0.5790, train acc-> 0.6250, time: 0:00:06.5 sec
>>> In testing...>>> on attpool -> test acc: 0.5536, test auc: 0.7946
In training...epoch [96/200], batch_loss-> 0.5658, train acc-> 0.6458, time: 0:00:07.3 sec
>>> In testing...>>> on attpool -> test acc: 0.5536, test auc: 0.7946
In training...epoch [97/200], batch_loss-> 0.5712, train acc-> 0.6458, time: 0:00:06.9 sec
>>> In testing...>>> on attpool -> test acc: 0.5536, test auc: 0.7946
In training...epoch [98/200], batch_loss-> 0.5737, train acc-> 0.6250, time: 0:00:06.2 sec
>>> In testing...>>> on attpool -> test acc: 0.5536, test auc: 0.7946
In training...epoch [99/200], batch_loss-> 0.5651, train acc-> 0.6667, time: 0:00:06.7 sec
>>> In testing...>>> on attpool -> test acc: 0.5536, test auc: 0.7946
In training...epoch [100/200], batch_loss-> 0.5693, train acc-> 0.6250, time: 0:00:05.9 sec
>>> In testing...>>> on attpool -> test acc: 0.5536, test auc: 0.7946
In training...epoch [101/200], batch_loss-> 0.5747, train acc-> 0.6458, time: 0:00:06.1 sec
>>> In testing...>>> on attpool -> test acc: 0.5536, test auc: 0.7946
In training...epoch [102/200], batch_loss-> 0.5633, train acc-> 0.6250, time: 0:00:05.8 sec
>>> In testing...>>> on attpool -> test acc: 0.5536, test auc: 0.7946
In training...epoch [103/200], batch_loss-> 0.5670, train acc-> 0.6250, time: 0:00:06.5 sec
>>> In testing...>>> on attpool -> test acc: 0.5536, test auc: 0.7857
In training...epoch [104/200], batch_loss-> 0.5644, train acc-> 0.6250, time: 0:00:07.0 sec
>>> In testing...>>> on attpool -> test acc: 0.5536, test auc: 0.7946
In training...epoch [105/200], batch_loss-> 0.5722, train acc-> 0.6250, time: 0:00:06.8 sec
>>> In testing...>>> on attpool -> test acc: 0.5536, test auc: 0.7857
In training...epoch [106/200], batch_loss-> 0.5681, train acc-> 0.6458, time: 0:00:06.7 sec
>>> In testing...>>> on attpool -> test acc: 0.5536, test auc: 0.7857
In training...epoch [107/200], batch_loss-> 0.5642, train acc-> 0.6042, time: 0:00:06.0 sec
>>> In testing...>>> on attpool -> test acc: 0.5536, test auc: 0.7857
In training...epoch [108/200], batch_loss-> 0.5732, train acc-> 0.6250, time: 0:00:06.6 sec
>>> In testing...>>> on attpool -> test acc: 0.5536, test auc: 0.7857
In training...epoch [109/200], batch_loss-> 0.5589, train acc-> 0.6250, time: 0:00:06.7 sec
>>> In testing...>>> on attpool -> test acc: 0.5536, test auc: 0.7857
In training...epoch [110/200], batch_loss-> 0.5701, train acc-> 0.6250, time: 0:00:07.0 sec
>>> In testing...>>> on attpool -> test acc: 0.5536, test auc: 0.7857
In training...epoch [111/200], batch_loss-> 0.5582, train acc-> 0.6250, time: 0:00:06.8 sec
>>> In testing...>>> on attpool -> test acc: 0.5536, test auc: 0.7857
In training...epoch [112/200], batch_loss-> 0.5729, train acc-> 0.6458, time: 0:00:06.7 sec
>>> In testing...>>> on attpool -> test acc: 0.5536, test auc: 0.7857
In training...epoch [113/200], batch_loss-> 0.5645, train acc-> 0.6458, time: 0:00:06.7 sec
>>> In testing...>>> on attpool -> test acc: 0.5536, test auc: 0.7857
In training...epoch [114/200], batch_loss-> 0.5581, train acc-> 0.6250, time: 0:00:06.4 sec
>>> In testing...>>> on attpool -> test acc: 0.5536, test auc: 0.7857
In training...epoch [115/200], batch_loss-> 0.5523, train acc-> 0.6250, time: 0:00:06.5 sec
>>> In testing...>>> on attpool -> test acc: 0.5536, test auc: 0.7857
In training...epoch [116/200], batch_loss-> 0.5533, train acc-> 0.6250, time: 0:00:06.8 sec
>>> In testing...>>> on attpool -> test acc: 0.5536, test auc: 0.7857
In training...epoch [117/200], batch_loss-> 0.5502, train acc-> 0.6667, time: 0:00:06.1 sec
>>> In testing...>>> on attpool -> test acc: 0.5536, test auc: 0.7857
In training...epoch [118/200], batch_loss-> 0.5837, train acc-> 0.6042, time: 0:00:06.3 sec
>>> In testing...>>> on attpool -> test acc: 0.5536, test auc: 0.7857
In training...epoch [119/200], batch_loss-> 0.5495, train acc-> 0.6458, time: 0:00:05.9 sec
>>> In testing...>>> on attpool -> test acc: 0.5536, test auc: 0.7857
In training...epoch [120/200], batch_loss-> 0.5491, train acc-> 0.6458, time: 0:00:06.1 sec
>>> In testing...>>> on attpool -> test acc: 0.5536, test auc: 0.7857
In training...epoch [121/200], batch_loss-> 0.5593, train acc-> 0.6458, time: 0:00:06.1 sec
>>> In testing...>>> on attpool -> test acc: 0.5536, test auc: 0.7857
In training...epoch [122/200], batch_loss-> 0.5555, train acc-> 0.6250, time: 0:00:06.6 sec
>>> In testing...>>> on attpool -> test acc: 0.5536, test auc: 0.7857
In training...epoch [123/200], batch_loss-> 0.5782, train acc-> 0.6042, time: 0:00:05.8 sec
>>> In testing...>>> on attpool -> test acc: 0.5893, test auc: 0.7857
In training...epoch [124/200], batch_loss-> 0.5472, train acc-> 0.6458, time: 0:00:05.7 sec
>>> In testing...>>> on attpool -> test acc: 0.5893, test auc: 0.7857
In training...epoch [125/200], batch_loss-> 0.5502, train acc-> 0.6667, time: 0:00:06.5 sec
>>> In testing...>>> on attpool -> test acc: 0.5536, test auc: 0.7857
In training...epoch [126/200], batch_loss-> 0.5446, train acc-> 0.6667, time: 0:00:06.8 sec
>>> In testing...>>> on attpool -> test acc: 0.5536, test auc: 0.7946
In training...epoch [127/200], batch_loss-> 0.5411, train acc-> 0.6667, time: 0:00:06.6 sec
>>> In testing...>>> on attpool -> test acc: 0.5536, test auc: 0.7946
In training...epoch [128/200], batch_loss-> 0.5595, train acc-> 0.6458, time: 0:00:07.9 sec
>>> In testing...>>> on attpool -> test acc: 0.5536, test auc: 0.7946
In training...epoch [129/200], batch_loss-> 0.5463, train acc-> 0.6667, time: 0:00:06.4 sec
>>> In testing...>>> on attpool -> test acc: 0.5536, test auc: 0.7946
In training...epoch [130/200], batch_loss-> 0.5453, train acc-> 0.6667, time: 0:00:06.1 sec
>>> In testing...>>> on attpool -> test acc: 0.5536, test auc: 0.7946
In training...epoch [131/200], batch_loss-> 0.5535, train acc-> 0.6667, time: 0:00:06.2 sec
>>> In testing...>>> on attpool -> test acc: 0.5536, test auc: 0.7946
In training...epoch [132/200], batch_loss-> 0.5407, train acc-> 0.6667, time: 0:00:06.3 sec
>>> In testing...>>> on attpool -> test acc: 0.5536, test auc: 0.7946
In training...epoch [133/200], batch_loss-> 0.5415, train acc-> 0.7083, time: 0:00:06.2 sec
>>> In testing...>>> on attpool -> test acc: 0.5536, test auc: 0.7946
In training...epoch [134/200], batch_loss-> 0.5516, train acc-> 0.6875, time: 0:00:06.1 sec
>>> In testing...>>> on attpool -> test acc: 0.5536, test auc: 0.7946
In training...epoch [135/200], batch_loss-> 0.5445, train acc-> 0.6667, time: 0:00:06.4 sec
>>> In testing...>>> on attpool -> test acc: 0.5536, test auc: 0.7946
In training...epoch [136/200], batch_loss-> 0.5357, train acc-> 0.6667, time: 0:00:06.7 sec
>>> In testing...>>> on attpool -> test acc: 0.5536, test auc: 0.7946
In training...epoch [137/200], batch_loss-> 0.5419, train acc-> 0.6667, time: 0:00:07.7 sec
>>> In testing...>>> on attpool -> test acc: 0.5893, test auc: 0.7946
In training...epoch [138/200], batch_loss-> 0.5442, train acc-> 0.6875, time: 0:00:06.2 sec
>>> In testing...>>> on attpool -> test acc: 0.5893, test auc: 0.7946
In training...epoch [139/200], batch_loss-> 0.5361, train acc-> 0.6667, time: 0:00:06.1 sec
>>> In testing...>>> on attpool -> test acc: 0.5893, test auc: 0.7946
In training...epoch [140/200], batch_loss-> 0.5364, train acc-> 0.6667, time: 0:00:06.8 sec
>>> In testing...>>> on attpool -> test acc: 0.5893, test auc: 0.7946
In training...epoch [141/200], batch_loss-> 0.5394, train acc-> 0.6458, time: 0:00:06.5 sec
>>> In testing...>>> on attpool -> test acc: 0.5893, test auc: 0.7946
In training...epoch [142/200], batch_loss-> 0.5312, train acc-> 0.6667, time: 0:00:06.5 sec
>>> In testing...>>> on attpool -> test acc: 0.5893, test auc: 0.7768
In training...epoch [143/200], batch_loss-> 0.5443, train acc-> 0.6667, time: 0:00:06.0 sec
>>> In testing...>>> on attpool -> test acc: 0.5893, test auc: 0.7768
In training...epoch [144/200], batch_loss-> 0.5465, train acc-> 0.6875, time: 0:00:06.7 sec
>>> In testing...>>> on attpool -> test acc: 0.5536, test auc: 0.7768
In training...epoch [145/200], batch_loss-> 0.5406, train acc-> 0.6458, time: 0:00:06.7 sec
>>> In testing...>>> on attpool -> test acc: 0.5893, test auc: 0.7768
In training...epoch [146/200], batch_loss-> 0.5320, train acc-> 0.6667, time: 0:00:06.9 sec
>>> In testing...>>> on attpool -> test acc: 0.5536, test auc: 0.7768
In training...epoch [147/200], batch_loss-> 0.5492, train acc-> 0.6667, time: 0:00:06.4 sec
>>> In testing...>>> on attpool -> test acc: 0.5893, test auc: 0.7768
In training...epoch [148/200], batch_loss-> 0.5379, train acc-> 0.6667, time: 0:00:06.6 sec
>>> In testing...>>> on attpool -> test acc: 0.5536, test auc: 0.7768
In training...epoch [149/200], batch_loss-> 0.5469, train acc-> 0.6875, time: 0:00:06.8 sec
>>> In testing...>>> on attpool -> test acc: 0.5536, test auc: 0.7768
In training...epoch [150/200], batch_loss-> 0.5448, train acc-> 0.6667, time: 0:00:06.0 sec
>>> In testing...>>> on attpool -> test acc: 0.5536, test auc: 0.7768
In training...epoch [151/200], batch_loss-> 0.5508, train acc-> 0.6667, time: 0:00:06.2 sec
>>> In testing...>>> on attpool -> test acc: 0.5893, test auc: 0.7768
In training...epoch [152/200], batch_loss-> 0.5210, train acc-> 0.7083, time: 0:00:05.8 sec
>>> In testing...>>> on attpool -> test acc: 0.5893, test auc: 0.7768
In training...epoch [153/200], batch_loss-> 0.5282, train acc-> 0.6875, time: 0:00:06.3 sec
>>> In testing...>>> on attpool -> test acc: 0.5893, test auc: 0.7768
In training...epoch [154/200], batch_loss-> 0.5632, train acc-> 0.6667, time: 0:00:06.5 sec
>>> In testing...>>> on attpool -> test acc: 0.5893, test auc: 0.7768
In training...epoch [155/200], batch_loss-> 0.5241, train acc-> 0.6667, time: 0:00:06.7 sec
>>> In testing...>>> on attpool -> test acc: 0.5536, test auc: 0.7768
In training...epoch [156/200], batch_loss-> 0.5205, train acc-> 0.7083, time: 0:00:07.0 sec
>>> In testing...>>> on attpool -> test acc: 0.6518, test auc: 0.7857
In training...epoch [157/200], batch_loss-> 0.5438, train acc-> 0.6667, time: 0:00:06.0 sec
>>> In testing...>>> on attpool -> test acc: 0.5893, test auc: 0.7768
In training...epoch [158/200], batch_loss-> 0.5248, train acc-> 0.6875, time: 0:00:06.2 sec
>>> In testing...>>> on attpool -> test acc: 0.5893, test auc: 0.7679
In training...epoch [159/200], batch_loss-> 0.5198, train acc-> 0.7083, time: 0:00:06.4 sec
>>> In testing...store the milestone point</data/slides/yang_p62/models/checkpoint_GatedAttPool-g_Pool-0_lobular_inflammation_score_bi_[159]2023-11-08.pth>, >>> on attpool -> test acc: 0.5893, test auc: 0.7768
[0.7767857142857142]
### final evaluation on attpool -> average test auc: 0.7768
